app;cpufreq;Parallelitätsgrad;Dauer; power;leistung
gen/tasktypes/m4x4smul_SIMD.sh 1;5052;63772420;1m4x4smul_SIMD;3000;1;5052;63772420;12623.2gen/tasktypes/m4x4smul_SIMD.sh 1;5028;64561602;1m4x4smul_SIMD;3000;1;5028;64561602;12840.4gen/tasktypes/m4x4smul_SIMD.sh 1;5036;65085893;1m4x4smul_SIMD;3000;1;5036;65085893;12924.1
gen/tasktypes/v1x4smul_SIMD.sh 1;5024;62825889;1v1x4smul_SIMD;3000;1;5024;62825889;12505.2gen/tasktypes/v1x4smul_SIMD.sh 1;5024;63866047;1v1x4smul_SIMD;3000;1;5024;63866047;12712.2gen/tasktypes/v1x4smul_SIMD.sh 1;5023;64065998;1v1x4smul_SIMD;3000;1;5023;64065998;12754.5
gen/tasktypes/dmul64_SIMD.sh 1;5022;63428671;1dmul64_SIMD;3000;1;5022;63428671;12630.2gen/tasktypes/dmul64_SIMD.sh 1;5019;63561056;1dmul64_SIMD;3000;1;5019;63561056;12664.1gen/tasktypes/dmul64_SIMD.sh 1;5020;63545675;1dmul64_SIMD;3000;1;5020;63545675;12658.5
gen/tasktypes/smul32_SIMD.sh 1;5026;65988173;1smul32_SIMD;3000;1;5026;65988173;13129.4gen/tasktypes/smul32_SIMD.sh 1;5020;66532484;1smul32_SIMD;3000;1;5020;66532484;13253.5gen/tasktypes/smul32_SIMD.sh 1;5032;65830581;1smul32_SIMD;3000;1;5032;65830581;13082.4
gen/tasktypes/dsub64_SIMD.sh 1;5029;63669575;1dsub64_SIMD;3000;1;5029;63669575;12660.5gen/tasktypes/dsub64_SIMD.sh 1;5028;63693441;1dsub64_SIMD;3000;1;5028;63693441;12667.7gen/tasktypes/dsub64_SIMD.sh 1;5024;63832112;1dsub64_SIMD;3000;1;5024;63832112;12705.4
gen/tasktypes/dmem64_SIMD.sh 1;5023;60667386;1dmem64_SIMD;3000;1;5023;60667386;12077.9gen/tasktypes/dmem64_SIMD.sh 1;5028;60581143;1dmem64_SIMD;3000;1;5028;60581143;12048.8gen/tasktypes/dmem64_SIMD.sh 1;5027;60140716;1dmem64_SIMD;3000;1;5027;60140716;11963.5
gen/tasktypes/vmov_SIMD.sh 1;5024;55011395;1vmov_SIMD;3000;1;5024;55011395;10949.7gen/tasktypes/vmov_SIMD.sh 1;5021;55116924;1vmov_SIMD;3000;1;5021;55116924;10977.3gen/tasktypes/vmov_SIMD.sh 1;5027;54587080;1vmov_SIMD;3000;1;5027;54587080;10858.8
gen/tasktypes/vconvert_SIMD.sh 1;5025;52004444;1vconvert_SIMD;3000;1;5025;52004444;10349.1gen/tasktypes/vconvert_SIMD.sh 1;5021;51639333;1vconvert_SIMD;3000;1;5021;51639333;10284.7gen/tasktypes/vconvert_SIMD.sh 1;5021;51277518;1vconvert_SIMD;3000;1;5021;51277518;10212.6
gen/tasktypes/m4x4smul.sh 1;5038;76008045;1m4x4smul;3000;1;5038;76008045;15086.9gen/tasktypes/m4x4smul.sh 1;5035;76213306;1m4x4smul;3000;1;5035;76213306;15136.7gen/tasktypes/m4x4smul.sh 1;5036;76411059;1m4x4smul;3000;1;5036;76411059;15173
gen/tasktypes/dmul.sh 1;5038;56335549;1dmul;3000;1;5038;56335549;11182.1gen/tasktypes/dmul.sh 1;5032;56367227;1dmul;3000;1;5032;56367227;11201.8gen/tasktypes/dmul.sh 1;5029;56324014;1dmul;3000;1;5029;56324014;11199.8
gen/tasktypes/dadd.sh 1;5031;59548065;1dadd;3000;1;5031;59548065;11836.2gen/tasktypes/dadd.sh 1;5023;59640106;1dadd;3000;1;5023;59640106;11873.4gen/tasktypes/dadd.sh 1;5026;59444855;1dadd;3000;1;5026;59444855;11827.5
gen/tasktypes/iadd.sh 1;5027;59593353;1iadd;3000;1;5027;59593353;11854.7gen/tasktypes/iadd.sh 1;5027;59615448;1iadd;3000;1;5027;59615448;11859.1gen/tasktypes/iadd.sh 1;5027;59762725;1iadd;3000;1;5027;59762725;11888.3
gen/tasktypes/imul.sh 1;5026;56917701;1imul;3000;1;5026;56917701;11324.7gen/tasktypes/imul.sh 1;5020;56988990;1imul;3000;1;5020;56988990;11352.4gen/tasktypes/imul.sh 1;5021;56942237;1imul;3000;1;5021;56942237;11340.8
gen/tasktypes/icompare.sh 1;5028;70471499;1icompare;3000;1;5028;70471499;14015.8gen/tasktypes/icompare.sh 1;5026;70529360;1icompare;3000;1;5026;70529360;14032.9gen/tasktypes/icompare.sh 1;5022;70693972;1icompare;3000;1;5022;70693972;14076.9
gen/tasktypes/logic.sh 1;5027;50492364;1logic;3000;1;5027;50492364;10044.2gen/tasktypes/logic.sh 1;5037;49476497;1logic;3000;1;5037;49476497;9822.61gen/tasktypes/logic.sh 1;5030;49541377;1logic;3000;1;5030;49541377;9849.18
gen/tasktypes/branch.sh 1;5019;56383400;1branch;3000;1;5019;56383400;11234gen/tasktypes/branch.sh 1;5018;56577797;1branch;3000;1;5018;56577797;11275gen/tasktypes/branch.sh 1;5019;56556252;1branch;3000;1;5019;56556252;11268.4
gen/tasktypes/imem.sh 1;5024;58314853;1imem;3000;1;5024;58314853;11607.3gen/tasktypes/imem.sh 1;5023;58474094;1imem;3000;1;5023;58474094;11641.3gen/tasktypes/imem.sh 1;5026;58217319;1imem;3000;1;5026;58217319;11583.2
gen/tasktypes/dmem.sh 1;5032;18083267;1dmem;3000;1;5032;18083267;3593.65gen/tasktypes/dmem.sh 1;5037;17836380;1dmem;3000;1;5037;17836380;3541.07gen/tasktypes/dmem.sh 1;5037;17759415;1dmem;3000;1;5037;17759415;3525.79
gen/tasktypes/imov.sh 1;5030;50389459;1imov;3000;1;5030;50389459;10017.8gen/tasktypes/imov.sh 1;5025;50866020;1imov;3000;1;5025;50866020;10122.6gen/tasktypes/imov.sh 1;5027;51636648;1imov;3000;1;5027;51636648;10271.9
gen/tasktypes/shift.sh 1;5023;53779891;1shift;3000;1;5023;53779891;10706.7gen/tasktypes/shift.sh 1;5025;53800766;1shift;3000;1;5025;53800766;10706.6gen/tasktypes/shift.sh 1;5023;53761093;1shift;3000;1;5023;53761093;10703
gen/tasktypes/bitbyte.sh 1;5024;66024734;1bitbyte;3000;1;5024;66024734;13141.9gen/tasktypes/bitbyte.sh 1;5023;66111281;1bitbyte;3000;1;5023;66111281;13161.7gen/tasktypes/bitbyte.sh 1;5019;66346266;1bitbyte;3000;1;5019;66346266;13219
gen/tasktypes/nop.sh 1;5020;56842384;1nop;3000;1;5020;56842384;11323.2gen/tasktypes/nop.sh 1;5022;56276955;1nop;3000;1;5022;56276955;11206.1gen/tasktypes/nop.sh 1;5022;56322854;1nop;3000;1;5022;56322854;11215.2
gen/tasktypes/ssub32_SIMD.sh 1;5026;66588331;1ssub32_SIMD;3000;1;5026;66588331;13248.8gen/tasktypes/ssub32_SIMD.sh 1;5025;66559705;1ssub32_SIMD;3000;1;5025;66559705;13245.7gen/tasktypes/ssub32_SIMD.sh 1;5023;66718885;1ssub32_SIMD;3000;1;5023;66718885;13282.7
gen/tasktypes/m4x4smul_SIMD.sh 2;5027;108607693;1m4x4smul_SIMD;3000;2;5027;108607693;21604.9gen/tasktypes/m4x4smul_SIMD.sh 2;5039;109204554;1m4x4smul_SIMD;3000;2;5039;109204554;21671.9gen/tasktypes/m4x4smul_SIMD.sh 2;5035;110474205;1m4x4smul_SIMD;3000;2;5035;110474205;21941.3
gen/tasktypes/v1x4smul_SIMD.sh 2;5017;106398043;1v1x4smul_SIMD;3000;2;5017;106398043;21207.5gen/tasktypes/v1x4smul_SIMD.sh 2;5019;106777497;1v1x4smul_SIMD;3000;2;5019;106777497;21274.7gen/tasktypes/v1x4smul_SIMD.sh 2;5024;107759002;1v1x4smul_SIMD;3000;2;5024;107759002;21448.8
gen/tasktypes/dmul64_SIMD.sh 2;5023;107302521;1dmul64_SIMD;3000;2;5023;107302521;21362.2gen/tasktypes/dmul64_SIMD.sh 2;5022;108208097;1dmul64_SIMD;3000;2;5022;108208097;21546.8gen/tasktypes/dmul64_SIMD.sh 2;5023;109397059;1dmul64_SIMD;3000;2;5023;109397059;21779.2
gen/tasktypes/smul32_SIMD.sh 2;5029;115151316;1smul32_SIMD;3000;2;5029;115151316;22897.5gen/tasktypes/smul32_SIMD.sh 2;5029;115180796;1smul32_SIMD;3000;2;5029;115180796;22903.3gen/tasktypes/smul32_SIMD.sh 2;5029;94371951;1smul32_SIMD;3000;2;5029;94371951;18765.6
gen/tasktypes/dsub64_SIMD.sh 2;5036;110857260;1dsub64_SIMD;3000;2;5036;110857260;22013gen/tasktypes/dsub64_SIMD.sh 2;5029;111072836;1dsub64_SIMD;3000;2;5029;111072836;22086.5gen/tasktypes/dsub64_SIMD.sh 2;5029;111066671;1dsub64_SIMD;3000;2;5029;111066671;22085.2
gen/tasktypes/dmem64_SIMD.sh 2;5024;105197790;1dmem64_SIMD;3000;2;5024;105197790;20939.1gen/tasktypes/dmem64_SIMD.sh 2;5028;104599525;1dmem64_SIMD;3000;2;5028;104599525;20803.4gen/tasktypes/dmem64_SIMD.sh 2;5024;105302953;1dmem64_SIMD;3000;2;5024;105302953;20960
gen/tasktypes/vmov_SIMD.sh 2;5028;92839789;1vmov_SIMD;3000;2;5028;92839789;18464.6gen/tasktypes/vmov_SIMD.sh 2;5035;92677192;1vmov_SIMD;3000;2;5035;92677192;18406.6gen/tasktypes/vmov_SIMD.sh 2;5031;92502937;1vmov_SIMD;3000;2;5031;92502937;18386.6
gen/tasktypes/vconvert_SIMD.sh 2;5027;86335717;1vconvert_SIMD;3000;2;5027;86335717;17174.4gen/tasktypes/vconvert_SIMD.sh 2;5026;86273338;1vconvert_SIMD;3000;2;5026;86273338;17165.4gen/tasktypes/vconvert_SIMD.sh 2;5022;85858972;1vconvert_SIMD;3000;2;5022;85858972;17096.6
gen/tasktypes/m4x4smul.sh 2;5036;126093915;1m4x4smul;3000;2;5036;126093915;25038.5gen/tasktypes/m4x4smul.sh 2;5032;119316773;1m4x4smul;3000;2;5032;119316773;23711.6gen/tasktypes/m4x4smul.sh 2;5041;117410527;1m4x4smul;3000;2;5041;117410527;23291.1
gen/tasktypes/dmul.sh 2;5033;96310056;1dmul;3000;2;5033;96310056;19135.7gen/tasktypes/dmul.sh 2;5035;95929686;1dmul;3000;2;5035;95929686;19052.6gen/tasktypes/dmul.sh 2;5033;95182007;1dmul;3000;2;5033;95182007;18911.6
gen/tasktypes/dadd.sh 2;5033;102672955;1dadd;3000;2;5033;102672955;20400gen/tasktypes/dadd.sh 2