app;cpufreq;Parallelitätsgrad;Dauer; power;leistung
gen/tasktypes/m4x4smul_SIMD.sh 1;5051;66387220;13143
m4x4smul_SIMD;800;1,5051;66387220;13143.000000
gen/tasktypes/m4x4smul_SIMD.sh 1;5037;67669444;13434
m4x4smul_SIMD;800;1,5037;67669444;13434.000000
gen/tasktypes/m4x4smul_SIMD.sh 1;5033;68035471;13517
m4x4smul_SIMD;800;1,5033;68035471;13517.000000

gen/tasktypes/v1x4smul_SIMD.sh 1;5027;64621905;12854
v1x4smul_SIMD;800;1,5027;64621905;12854.000000
gen/tasktypes/v1x4smul_SIMD.sh 1;5027;64659136;12862
v1x4smul_SIMD;800;1,5027;64659136;12862.000000
gen/tasktypes/v1x4smul_SIMD.sh 1;5023;64765948;12893
v1x4smul_SIMD;800;1,5023;64765948;12893.000000

gen/tasktypes/dmul64_SIMD.sh 1;5025;64063556;12748
dmul64_SIMD;800;1,5025;64063556;12748.000000
gen/tasktypes/dmul64_SIMD.sh 1;5024;64184895;12775
dmul64_SIMD;800;1,5024;64184895;12775.000000
gen/tasktypes/dmul64_SIMD.sh 1;5029;63509420;12628
dmul64_SIMD;800;1,5029;63509420;12628.000000

gen/tasktypes/smul32_SIMD.sh 1;5030;66733533;13267
smul32_SIMD;800;1,5030;66733533;13267.000000
gen/tasktypes/smul32_SIMD.sh 1;5022;66739942;13289
smul32_SIMD;800;1,5022;66739942;13289.000000
gen/tasktypes/smul32_SIMD.sh 1;5031;66560499;13230
smul32_SIMD;800;1,5031;66560499;13230.000000

gen/tasktypes/dsub64_SIMD.sh 1;5026;64761797;12885
dsub64_SIMD;800;1,5026;64761797;12885.000000
gen/tasktypes/dsub64_SIMD.sh 1;5028;64430682;12814
dsub64_SIMD;800;1,5028;64430682;12814.000000
gen/tasktypes/dsub64_SIMD.sh 1;5024;64536700;12845
dsub64_SIMD;800;1,5024;64536700;12845.000000

gen/tasktypes/dmem64_SIMD.sh 1;5020;61409328;12232
dmem64_SIMD;800;1,5020;61409328;12232.000000
gen/tasktypes/dmem64_SIMD.sh 1;5023;61381069;12220
dmem64_SIMD;800;1,5023;61381069;12220.000000
gen/tasktypes/dmem64_SIMD.sh 1;5020;61362148;12223
dmem64_SIMD;800;1,5020;61362148;12223.000000

gen/tasktypes/vmov_SIMD.sh 1;5021;55407573;11035
vmov_SIMD;800;1,5021;55407573;11035.000000
gen/tasktypes/vmov_SIMD.sh 1;5027;55234417;10987
vmov_SIMD;800;1,5027;55234417;10987.000000
gen/tasktypes/vmov_SIMD.sh 1;5023;55080670;10965
vmov_SIMD;800;1,5023;55080670;10965.000000

gen/tasktypes/vconvert_SIMD.sh 1;5023;51588613;10270
vconvert_SIMD;800;1,5023;51588613;10270.000000
gen/tasktypes/vconvert_SIMD.sh 1;5023;50804497;10114
vconvert_SIMD;800;1,5023;50804497;10114.000000
gen/tasktypes/vconvert_SIMD.sh 1;5019;50940605;10149
vconvert_SIMD;800;1,5019;50940605;10149.000000

gen/tasktypes/m4x4smul.sh 1;5030;78324141;15571
m4x4smul;800;1,5030;78324141;15571.000000
gen/tasktypes/m4x4smul.sh 1;5045;78295210;15519
m4x4smul;800;1,5045;78295210;15519.000000
gen/tasktypes/m4x4smul.sh 1;5044;78686078;15599
m4x4smul;800;1,5044;78686078;15599.000000

gen/tasktypes/dmul.sh 1;5040;56478188;11205
dmul;800;1,5040;56478188;11205.000000
gen/tasktypes/dmul.sh 1;5034;56244913;11173
dmul;800;1,5034;56244913;11173.000000
gen/tasktypes/dmul.sh 1;5031;56278359;11186
dmul;800;1,5031;56278359;11186.000000

gen/tasktypes/dadd.sh 1;5033;59477814;11817
dadd;800;1,5033;59477814;11817.000000
gen/tasktypes/dadd.sh 1;5033;59460419;11814
dadd;800;1,5033;59460419;11814.000000
gen/tasktypes/dadd.sh 1;5031;59322846;11791
dadd;800;1,5031;59322846;11791.000000

gen/tasktypes/iadd.sh 1;5023;59804718;11906
iadd;800;1,5023;59804718;11906.000000
gen/tasktypes/iadd.sh 1;5023;59398590;11825
iadd;800;1,5023;59398590;11825.000000
gen/tasktypes/iadd.sh 1;5025;59609589;11862
iadd;800;1,5025;59609589;11862.000000

gen/tasktypes/imul.sh 1;5026;56929420;11326
imul;800;1,5026;56929420;11326.000000
gen/tasktypes/imul.sh 1;5020;56957435;11346
imul;800;1,5020;56957435;11346.000000
gen/tasktypes/imul.sh 1;5022;56911414;11332
imul;800;1,5022;56911414;11332.000000

gen/tasktypes/icompare.sh 1;5026;70548953;14036
icompare;800;1,5026;70548953;14036.000000
gen/tasktypes/icompare.sh 1;5024;70608340;14054
icompare;800;1,5024;70608340;14054.000000
gen/tasktypes/icompare.sh 1;5022;70708437;14079
icompare;800;1,5022;70708437;14079.000000

gen/tasktypes/logic.sh 1;5024;49344905;9821
logic;800;1,5024;49344905;9821.000000
gen/tasktypes/logic.sh 1;5028;49090633;9763
logic;800;1,5028;49090633;9763.000000
gen/tasktypes/logic.sh 1;5029;49035397;9750
logic;800;1,5029;49035397;9750.000000

gen/tasktypes/branch.sh 1;5029;56334206;11201
branch;800;1,5029;56334206;11201.000000
gen/tasktypes/branch.sh 1;5025;56359170;11215
branch;800;1,5025;56359170;11215.000000
gen/tasktypes/branch.sh 1;5023;56441689;11236
branch;800;1,5023;56441689;11236.000000

gen/tasktypes/imem.sh 1;5026;57043860;11349
imem;800;1,5026;57043860;11349.000000
gen/tasktypes/imem.sh 1;5024;58334201;11611
imem;800;1,5024;58334201;11611.000000
gen/tasktypes/imem.sh 1;5024;56917823;11329
imem;800;1,5024;56917823;11329.000000

gen/tasktypes/dmem.sh 1;5037;21737494;4315
dmem;800;1,5037;21737494;4315.000000
gen/tasktypes/dmem.sh 1;5038;22018499;4370
dmem;800;1,5038;22018499;4370.000000
gen/tasktypes/dmem.sh 1;5038;22005376;4367
dmem;800;1,5038;22005376;4367.000000

gen/tasktypes/imov.sh 1;5029;50506585;10043
imov;800;1,5029;50506585;10043.000000
gen/tasktypes/imov.sh 1;5015;50893485;10148
imov;800;1,5015;50893485;10148.000000
gen/tasktypes/imov.sh 1;5016;51621694;10291
imov;800;1,5016;51621694;10291.000000

gen/tasktypes/shift.sh 1;5025;53784347;10703
shift;800;1,5025;53784347;10703.000000
gen/tasktypes/shift.sh 1;5020;53886886;10734
shift;800;1,5020;53886886;10734.000000
gen/tasktypes/shift.sh 1;5023;53963485;10743
shift;800;1,5023;53963485;10743.000000

gen/tasktypes/bitbyte.sh 1;5027;66037551;13136
bitbyte;800;1,5027;66037551;13136.000000
gen/tasktypes/bitbyte.sh 1;5024;66186049;13173
bitbyte;800;1,5024;66186049;13173.000000
gen/tasktypes/bitbyte.sh 1;5024;66068801;13150
bitbyte;800;1,5024;66068801;13150.000000

gen/tasktypes/nop.sh 1;5022;56812110;11312
nop;800;1,5022;56812110;11312.000000
gen/tasktypes/nop.sh 1;5019;56285134;11214
nop;800;1,5019;56285134;11214.000000
gen/tasktypes/nop.sh 1;5025;55606791;11066
nop;800;1,5025;55606791;11066.000000

gen/tasktypes/ssub32_SIMD.sh 1;5028;66275465;13181
ssub32_SIMD;800;1,5028;66275465;13181.000000
gen/tasktypes/ssub32_SIMD.sh 1;5024;66188917;13174
ssub32_SIMD;800;1,5024;66188917;13174.000000
gen/tasktypes/ssub32_SIMD.sh 1;5019;66582654;13266
ssub32_SIMD;800;1,5019;66582654;13266.000000

gen/tasktypes/m4x4smul_SIMD.sh 2;5024;109843591;21863
m4x4smul_SIMD;800;2,5024;109843591;21863.000000
gen/tasktypes/m4x4smul_SIMD.sh 2;5027;111055868;22091
m4x4smul_SIMD;800;2,5027;111055868;22091.000000
gen/tasktypes/m4x4smul_SIMD.sh 2;5042;111523701;22118
m4x4smul_SIMD;800;2,5042;111523701;22118.000000

gen/tasktypes/v1x4smul_SIMD.sh 2;5026;106042026;21098
v1x4smul_SIMD;800;2,5026;106042026;21098.000000
gen/tasktypes/v1x4smul_SIMD.sh 2;5021;107896513;21489
v1x4smul_SIMD;800;2,5021;107896513;21489.000000
gen/tasktypes/v1x4smul_SIMD.sh 2;5017;107935637;21513
v1x4smul_SIMD;800;2,5017;107935637;21513.000000

gen/tasktypes/dmul64_SIMD.sh 2;5021;107270966;21364
dmul64_SIMD;800;2,5021;107270966;21364.000000
gen/tasktypes/dmul64_SIMD.sh 2;5031;107123078;21292
dmul64_SIMD;800;2,5031;107123078;21292.000000
gen/tasktypes/dmul64_SIMD.sh 2;5029;107770720;21429
dmul64_SIMD;800;2,5029;107770720;21429.000000

gen/tasktypes/smul32_SIMD.sh 2;5035;114695995;22779
smul32_SIMD;800;2,5035;114695995;22779.000000
gen/tasktypes/smul32_SIMD.sh 2;5031;93605657;18605
smul32_SIMD;800;2,5031;93605657;18605.000000
gen/tasktypes/smul32_SIMD.sh 2;5027;90052198;17913
smul32_SIMD;800;2,5027;90052198;17913.000000

gen/tasktypes/dsub64_SIMD.sh 2;5032;109903405;21840
dsub64_SIMD;800;2,5032;109903405;21840.000000
gen/tasktypes/dsub64_SIMD.sh 2;5033;110346946;21924
dsub64_SIMD;800;2,5033;110346946;21924.000000
gen/tasktypes/dsub64_SIMD.sh 2;5037;110274437;21892
dsub64_SIMD;800;2,5037;110274437;21892.000000

gen/tasktypes/dmem64_SIMD.sh 2;5029;103697916;20619
dmem64_SIMD;800;2,5029;103697916;20619.000000
gen/tasktypes/dmem64_SIMD.sh 2;5026;103996804;20691
dmem64_SIMD;800;2,5026;103996804;20691.000000
gen/tasktypes/dmem64_SIMD.sh 2;5026;103759256;20644
dmem64_SIMD;800;2,5026;103759256;20644.000000

gen/tasktypes/vmov_SIMD.sh 2;5020;93073614;18540
vmov_SIMD;800;2,5020;93073614;18540.000000
gen/tasktypes/vmov_SIMD.sh 2;5022;92056222;18330
vmov_SIMD;800;2,5022;92056222;18330.000000
gen/tasktypes/vmov_SIMD.sh 2;5025;91735910;18255
vmov_SIMD;800;2,5025;91735910;18255.000000

gen/tasktypes/vconvert_SIMD.sh 2;5026;85433436;16998
vconvert_SIMD;800;2,5026;85433436;16998.000000
gen/tasktypes/vconvert_SIMD.sh 2;5026;85365382;16984
vconvert_SIMD;800;2,5026;85365382;16984.000000
gen/tasktypes/vconvert_SIMD.sh 2;5020;85344569;17000
vconvert_SIMD;800;2,5020;85344569;17000.000000

gen/tasktypes/m4x4smul.sh 2;5035;130650667;25948
m4x4smul;800;2,5035;130650667;25948.000000
gen/tasktypes/m4x4smul.sh 2;5043;123559621;24501
m4x4smul;800;2,5043;123559621;24501.000000
gen/tasktypes/m4x4smul.sh 2;5049;120367368;23839
m4x4smul;800;2,5049;120367368;23839.000000

gen/tasktypes/dmul.sh 2;5038;94966676;18850
dmul;800;2,5038;94966676;18850.000000
gen/tasktypes/dmul.sh 2;5048;94546511;18729
dmul;800;2,5048;94546511;18729.000000
gen/tasktypes/dmul.sh 2;5036;94268008;18718
dmul;800;2,5036;94268008;18718.000000

gen/tasktypes/dadd.sh 2;5033;101113388;20090
dadd;800;2,5033;101113388;20090.000000
gen/tasktypes/dadd.sh 2;5031;101757002;20225
dadd;800;2,5031;101757002;20225.000000
gen/tasktypes/dadd.sh 2;5038;101760359;20198
dadd;800;2,5038;101760359;20198.000000

gen/tasktypes/iadd.sh 2;5036;102128400;20279
iadd;800;2,5036;102128400;20279.000000
gen/tasktypes/iadd.sh 2;5034;102159773;20293
iadd;800;2,5034;102159773;20293.000000
gen/tasktypes/iadd.sh 2;5036;102167219;20287
iadd;800;2,5036;102167219;20287.000000

gen/tasktypes/imul.sh 2;5040;97689508;19382
imul;800;2,5040;97689508;19382.000000
gen/tasktypes/imul.sh 2;5026;97917779;19482
imul;800;2,5026;97917779;19482.000000
gen/tasktypes/imul.sh 2;5034;97860956;19439
imul;800;2,5034;97860956;19439.000000

gen/tasktypes/icompare.sh 2;5029;114749035;22817
icompare;800;2,5029;114749035;22817.000000
gen/tasktypes/icompare.sh 2;5028;112512041;22377
icompare;800;2,5028;112512041;22377.000000
gen/tasktypes/icompare.sh 2;5020;111293355;22169
icompare;800;2,5020;111293355;22169.000000

gen/tasktypes/logic.sh 2;5037;82745211;16427
logic;800;2,5037;82745211;16427.000000
gen/tasktypes/logic.sh 2;5051;82188266;16271
logic;800;2,5051;82188266;16271.000000
gen/tasktypes/logic.sh 2;5030;82168430;16335
logic;800;2,5030;82168430;16335.000000

gen/tasktypes/branch.sh 2;5029;95366638;18963
branch;800;2,5029;95366638;18963.000000
gen/tasktypes/branch.sh 2;5018;95719848;19075
branch;800;2,5018;95719848;19075.000000
gen/tasktypes/branch.sh 2;5019;95923399;19112
branch;800;2,5019;95923399;19112.000000

gen/tasktypes/imem.sh 2;5020;98668265;19655
imem;800;2,5020;98668265;19655.000000
gen/tasktypes/imem.sh 2;5022;98988517;19710
imem;800;2,5022;98988517;19710.000000
gen/tasktypes/imem.sh 2;5025;97941033;19490
imem;800;2,5025;97941033;19490.000000

gen/tasktypes/dmem.sh 2;5035;43891794;8717
dmem;800;2,5035;43891794;8717.000000
gen/tasktypes/dmem.sh 2;5042;46315555;9185
dmem;800;2,5042;46315555;9185.000000
gen/tasktypes/dmem.sh 2;5044;39414511;7814
dmem;800;2,5044;39414511;7814.000000

gen/tasktypes/imov.sh 2;5034;83267915;16541
imov;800;2,5034;83267915;16541.000000
gen/tasktypes/imov.sh 2;5022;84681973;16862
imov;800;2,5022;84681973;16862.000000
gen/tasktypes/imov.sh 2;5027;84833279;16875
imov;800;2,5027;84833279;16875.000000

gen/tasktypes/shift.sh 2;5028;88256488;17553
shift;800;2,5028;88256488;17553.000000
gen/tasktypes/shift.sh 2;5024;88357623;17587
shift;800;2,5024;88357623;17587.000000
gen/tasktypes/shift.sh 2;5019;88525469;17638
shift;800;2,5019;88525469;17638.000000

gen/tasktypes/bitbyte.sh 2;5022;113864027;22673
bitbyte;800;2,5022;113864027;22673.000000
gen/tasktypes/bitbyte.sh 2;5024;110983480;22090
bitbyte;800;2,5024;110983480;22090.000000
gen/tasktypes/bitbyte.sh 2;5023;108633267;21627
bitbyte;800;2,5023;108633267;21627.000000

gen/tasktypes/nop.sh 2;5023;94776735;18868
nop;800;2,5023;94776735;18868.000000
gen/tasktypes/nop.sh 2;5021;94534365;18827
nop;800;2,5021;94534365;18827.000000
gen/tasktypes/nop.sh 2;5018;94671083;18866
nop;800;2,5018;94671083;18866.000000

gen/tasktypes/ssub32_SIMD.sh 2;5022;117028570;23303
ssub32_SIMD;800;2,5022;117028570;23303.000000
gen/tasktypes/ssub32_SIMD.sh 2;5028;117176214;23304
ssub32_SIMD;800;2,5028;117176214;23304.000000
gen/tasktypes/ssub32_SIMD.sh 2;5029;115566232;22979
ssub32_SIMD;800;2,5029;115566232;22979.000000

gen/tasktypes/m4x4smul_SIMD.sh 3;5039;137111038;27209
m4x4smul_SIMD;800;3,5039;137111038;27209.000000
gen/tasktypes/m4x4smul_SIMD.sh 3;5045;130957429;25957
m4x4smul_SIMD;800;3,5045;130957429;25957.000000
gen/tasktypes/m4x4smul_SIMD.sh 3;5041;127838234;25359
m4x4smul_SIMD;800;3,5041;127838234;25359.000000

gen/tasktypes/v1x4smul_SIMD.sh 3;5030;125575972;24965
v1x4smul_SIMD;800;3,5030;125575972;24965.000000
gen/tasktypes/v1x4smul_SIMD.sh 3;5034;124416857;24715
v1x4smul_SIMD;800;3,5034;124416857;24715.000000
gen/tasktypes/v1x4smul_SIMD.sh 3;5027;123853198;24637
v1x4smul_SIMD;800;3,5027;123853198;24637.000000

gen/tasktypes/dmul64_SIMD.sh 3;5024;118077518;23502
dmul64_SIMD;800;3,5024;118077518;23502.000000
gen/tasktypes/dmul64_SIMD.sh 3;5029;117956607;23455
dmul64_SIMD;800;3,5029;117956607;23455.000000
gen/tasktypes/dmul64_SIMD.sh 3;5038;117491581;23321
dmul64_SIMD;800;3,5038;117491581;23321.000000

gen/tasktypes/smul32_SIMD.sh 3;5033;118839417;23612
smul32_SIMD;800;3,5033;118839417;23612.000000
gen/tasktypes/smul32_SIMD.sh 3;5035;118721864;23579
smul32_SIMD;800;3,5035;118721864;23579.000000
gen/tasktypes/smul32_SIMD.sh 3;5034;118695558;23578
smul32_SIMD;800;3,5034;118695558;23578.000000

gen/tasktypes/dsub64_SIMD.sh 3;5043;116425606;23086
dsub64_SIMD;800;3,5043;116425606;23086.000000
gen/tasktypes/dsub64_SIMD.sh 3;5019;117557316;23422
dsub64_SIMD;800;3,5019;117557316;23422.000000
gen/tasktypes/dsub64_SIMD.sh 3;5025;117157476;23314
dsub64_SIMD;800;3,5025;117157476;23314.000000

gen/tasktypes/dmem64_SIMD.sh 3;5036;116778693;23188
dmem64_SIMD;800;3,5036;116778693;23188.000000
gen/tasktypes/dmem64_SIMD.sh 3;5028;117007696;23271
dmem64_SIMD;800;3,5028;117007696;23271.000000
gen/tasktypes/dmem64_SIMD.sh 3;5023;117635258;23419
dmem64_SIMD;800;3,5023;117635258;23419.000000

gen/tasktypes/vmov_SIMD.sh 3;5036;109591517;21761
vmov_SIMD;800;3,5036;109591517;21761.000000
gen/tasktypes/vmov_SIMD.sh 3;5036;109254664;21694
vmov_SIMD;800;3,5036;109254664;21694.000000
gen/tasktypes/vmov_SIMD.sh 3;5036;109320949;21707
vmov_SIMD;800;3,5036;109320949;21707.000000

gen/tasktypes/vconvert_SIMD.sh 3;5036;101294113;20114
vconvert_SIMD;800;3,5036;101294113;20114.000000
gen/tasktypes/vconvert_SIMD.sh 3;5034;100948533;20053
vconvert_SIMD;800;3,5034;100948533;20053.000000
gen/tasktypes/vconvert_SIMD.sh 3;5022;102096968;20329
vconvert_SIMD;800;3,5022;102096968;20329.000000

gen/tasktypes/m4x4smul.sh 3;5051;129023474;25544
m4x4smul;800;3,5051;129023474;25544.000000
gen/tasktypes/m4x4smul.sh 3;5042;124240526;24641
m4x4smul;800;3,5042;124240526;24641.000000
gen/tasktypes/m4x4smul.sh 3;5025;123288198;24534
m4x4smul;800;3,5025;123288198;24534.000000

gen/tasktypes/dmul.sh 3;5028;114608899;22794
dmul;800;3,5028;114608899;22794.000000
gen/tasktypes/dmul.sh 3;5043;114573681;22719
dmul;800;3,5043;114573681;22719.000000
gen/tasktypes/dmul.sh 3;5036;112545305;22348
dmul;800;3,5036;112545305;22348.000000

gen/tasktypes/dadd.sh 3;5045;122163933;24214
dadd;800;3,5045;122163933;24214.000000
gen/tasktypes/dadd.sh 3;5030;122244682;24303
dadd;800;3,5030;122244682;24303.000000
gen/tasktypes/dadd.sh 3;5046;119495239;23681
dadd;800;3,5046;119495239;23681.000000

gen/tasktypes/iadd.sh 3;5039;113448440;22514
iadd;800;3,5039;113448440;22514.000000
gen/tasktypes/iadd.sh 3;5040;113489150;22517
iadd;800;3,5040;113489150;22517.000000
gen/tasktypes/iadd.sh 3;5033;113015458;22454
iadd;800;3,5033;113015458;22454.000000

gen/tasktypes/imul.sh 3;5040;113921461;22603
imul;800;3,5040;113921461;22603.000000
gen/tasktypes/imul.sh 3;5024;114674756;22825
imul;800;3,5024;114674756;22825.000000
gen/tasktypes/imul.sh 3;5026;114257214;22733
imul;800;3,5026;114257214;22733.000000

gen/tasktypes/icompare.sh 3;5030;113619460;22588
icompare;800;3,5030;113619460;22588.000000
gen/tasktypes/icompare.sh 3;5022;114247083;22749
icompare;800;3,5022;114247083;22749.000000
gen/tasktypes/icompare.sh 3;5030;112070330;22280
icompare;800;3,5030;112070330;22280.000000

gen/tasktypes/logic.sh 3;5037;97963250;19448
logic;800;3,5037;97963250;19448.000000
gen/tasktypes/logic.sh 3;5030;96321531;19149
logic;800;3,5030;96321531;19149.000000
gen/tasktypes/logic.sh 3;5050;96515317;19111
logic;800;3,5050;96515317;19111.000000

gen/tasktypes/branch.sh 3;5027;111983417;22276
branch;800;3,5027;111983417;22276.000000
gen/tasktypes/branch.sh 3;5020;114476819;22804
branch;800;3,5020;114476819;22804.000000
gen/tasktypes/branch.sh 3;5040;113035477;22427
branch;800;3,5040;113035477;22427.000000

gen/tasktypes/imem.sh 3;5045;116374153;23067
imem;800;3,5045;116374153;23067.000000
gen/tasktypes/imem.sh 3;5028;116987616;23267
imem;800;3,5028;116987616;23267.000000
gen/tasktypes/imem.sh 3;5019;119563353;23822
imem;800;3,5019;119563353;23822.000000

gen/tasktypes/dmem.sh 3;5032;133801110;26590
dmem;800;3,5032;133801110;26590.000000
gen/tasktypes/dmem.sh 3;5044;79859110;15832
dmem;800;3,5044;79859110;15832.000000
gen/tasktypes/dmem.sh 3;5051;76312915;15108
dmem;800;3,5051;76312915;15108.000000

gen/tasktypes/imov.sh 3;5030;100790270;20037
imov;800;3,5030;100790270;20037.000000
gen/tasktypes/imov.sh 3;5030;101228012;20124
imov;800;3,5030;101228012;20124.000000
gen/tasktypes/imov.sh 3;5053;90161634;17843
imov;800;3,5053;90161634;17843.000000

gen/tasktypes/shift.sh 3;5043;104783973;20778
shift;800;3,5043;104783973;20778.000000
gen/tasktypes/shift.sh 3;5030;104809791;20836
shift;800;3,5030;104809791;20836.000000
gen/tasktypes/shift.sh 3;5043;105019873;20824
shift;800;3,5043;105019873;20824.000000

gen/tasktypes/bitbyte.sh 3;5030;117857242;23430
bitbyte;800;3,5030;117857242;23430.000000
gen/tasktypes/bitbyte.sh 3;5031;116393074;23135
bitbyte;800;3,5031;116393074;23135.000000
gen/tasktypes/bitbyte.sh 3;5033;114280408;22706
bitbyte;800;3,5033;114280408;22706.000000

gen/tasktypes/nop.sh 3;5026;113528701;22588
nop;800;3,5026;113528701;22588.000000
gen/tasktypes/nop.sh 3;5018;113544388;22627
nop;800;3,5018;113544388;22627.000000
gen/tasktypes/nop.sh 3;5028;112715837;22417
nop;800;3,5028;112715837;22417.000000

gen/tasktypes/ssub32_SIMD.sh 3;5022;119641662;23823
ssub32_SIMD;800;3,5022;119641662;23823.000000
gen/tasktypes/ssub32_SIMD.sh 3;5036;117519901;23335
ssub32_SIMD;800;3,5036;117519901;23335.000000
gen/tasktypes/ssub32_SIMD.sh 3;5032;115410532;22935
ssub32_SIMD;800;3,5032;115410532;22935.000000

gen/tasktypes/m4x4smul_SIMD.sh 4;5034;122593070;24353
m4x4smul_SIMD;800;4,5034;122593070;24353.000000
gen/tasktypes/m4x4smul_SIMD.sh 4;5042;139001963;27568
m4x4smul_SIMD;800;4,5042;139001963;27568.000000
gen/tasktypes/m4x4smul_SIMD.sh 4;5018;134456748;26794
m4x4smul_SIMD;800;4,5018;134456748;26794.000000

gen/tasktypes/v1x4smul_SIMD.sh 4;5018;132030973;26311
v1x4smul_SIMD;800;4,5018;132030973;26311.000000
gen/tasktypes/v1x4smul_SIMD.sh 4;5033;129872043;25804
v1x4smul_SIMD;800;4,5033;129872043;25804.000000
gen/tasktypes/v1x4smul_SIMD.sh 4;5042;128969091;25578
v1x4smul_SIMD;800;4,5042;128969091;25578.000000

gen/tasktypes/dmul64_SIMD.sh 4;5038;122914236;24397
dmul64_SIMD;800;4,5038;122914236;24397.000000
gen/tasktypes/dmul64_SIMD.sh 4;5036;122828726;24390
dmul64_SIMD;800;4,5036;122828726;24390.000000
gen/tasktypes/dmul64_SIMD.sh 4;5036;122979482;24420
dmul64_SIMD;800;4,5036;122979482;24420.000000

gen/tasktypes/smul32_SIMD.sh 4;5038;124878953;24787
smul32_SIMD;800;4,5038;124878953;24787.000000
gen/tasktypes/smul32_SIMD.sh 4;5049;123269765;24414
smul32_SIMD;800;4,5049;123269765;24414.000000
gen/tasktypes/smul32_SIMD.sh 4;5043;123610401;24511
smul32_SIMD;800;4,5043;123610401;24511.000000

gen/tasktypes/dsub64_SIMD.sh 4;5050;121256098;24011
dsub64_SIMD;800;4,5050;121256098;24011.000000
gen/tasktypes/dsub64_SIMD.sh 4;5033;123222768;24482
dsub64_SIMD;800;4,5033;123222768;24482.000000
gen/tasktypes/dsub64_SIMD.sh 4;5031;123222951;24492
dsub64_SIMD;800;4,5031;123222951;24492.000000

gen/tasktypes/dmem64_SIMD.sh 4;5018;123267201;24565
dmem64_SIMD;800;4,5018;123267201;24565.000000
gen/tasktypes/dmem64_SIMD.sh 4;5020;122099541;24322
dmem64_SIMD;800;4,5020;122099541;24322.000000
gen/tasktypes/dmem64_SIMD.sh 4;5022;122451652;24383
dmem64_SIMD;800;4,5022;122451652;24383.000000

gen/tasktypes/vmov_SIMD.sh 4;5039;127260600;25255
vmov_SIMD;800;4,5039;127260600;25255.000000
gen/tasktypes/vmov_SIMD.sh 4;5035;126050764;25034
vmov_SIMD;800;4,5035;126050764;25034.000000
gen/tasktypes/vmov_SIMD.sh 4;5034;125625411;24955
vmov_SIMD;800;4,5034;125625411;24955.000000

gen/tasktypes/vconvert_SIMD.sh 4;5036;122817374;24387
vconvert_SIMD;800;4,5036;122817374;24387.000000
gen/tasktypes/vconvert_SIMD.sh 4;5051;121348200;24024
vconvert_SIMD;800;4,5051;121348200;24024.000000
gen/tasktypes/vconvert_SIMD.sh 4;5036;109523828;21748
vconvert_SIMD;800;4,5036;109523828;21748.000000

gen/tasktypes/m4x4smul.sh 4;5056;127477762;25213
m4x4smul;800;4,5056;127477762;25213.000000
gen/tasktypes/m4x4smul.sh 4;5042;124941331;24780
m4x4smul;800;4,5042;124941331;24780.000000
gen/tasktypes/m4x4smul.sh 4;5032;125734359;24986
m4x4smul;800;4,5032;125734359;24986.000000

gen/tasktypes/dmul.sh 4;5055;115501718;22849
dmul;800;4,5055;115501718;22849.000000
gen/tasktypes/dmul.sh 4;5049;124484667;24655
dmul;800;4,5049;124484667;24655.000000
gen/tasktypes/dmul.sh 4;5053;124753709;24689
dmul;800;4,5053;124753709;24689.000000

gen/tasktypes/dadd.sh 4;5050;115113108;22794
dadd;800;4,5050;115113108;22794.000000
gen/tasktypes/dadd.sh 4;5031;126723309;25188
dadd;800;4,5031;126723309;25188.000000
gen/tasktypes/dadd.sh 4;5030;126258282;25101
dadd;800;4,5030;126258282;25101.000000

gen/tasktypes/iadd.sh 4;5035;119356384;23705
iadd;800;4,5035;119356384;23705.000000
gen/tasktypes/iadd.sh 4;5035;120084897;23850
iadd;800;4,5035;120084897;23850.000000
gen/tasktypes/iadd.sh 4;5041;120578182;23919
iadd;800;4,5041;120578182;23919.000000

gen/tasktypes/imul.sh 4;5027;119161133;23704
imul;800;4,5027;119161133;23704.000000
gen/tasktypes/imul.sh 4;5035;119036438;23641
imul;800;4,5035;119036438;23641.000000
gen/tasktypes/imul.sh 4;5033;119905699;23823
imul;800;4,5033;119905699;23823.000000

gen/tasktypes/icompare.sh 4;5038;119609313;23741
icompare;800;4,5038;119609313;23741.000000
gen/tasktypes/icompare.sh 4;5030;119649169;23787
icompare;800;4,5030;119649169;23787.000000
gen/tasktypes/icompare.sh 4;5034;120076475;23853
icompare;800;4,5034;120076475;23853.000000

gen/tasktypes/logic.sh 4;5036;128060768;25429
logic;800;4,5036;128060768;25429.000000
gen/tasktypes/logic.sh 4;5054;125049790;24742
logic;800;4,5054;125049790;24742.000000
gen/tasktypes/logic.sh 4;5043;116487189;23098
logic;800;4,5043;116487189;23098.000000

gen/tasktypes/branch.sh 4;5042;121241816;24046
branch;800;4,5042;121241816;24046.000000
gen/tasktypes/branch.sh 4;5029;122124077;24283
branch;800;4,5029;122124077;24283.000000
gen/tasktypes/branch.sh 4;5043;104222450;20666
branch;800;4,5043;104222450;20666.000000

gen/tasktypes/imem.sh 4;5032;127575602;25352
imem;800;4,5032;127575602;25352.000000
gen/tasktypes/imem.sh 4;5020;125156356;24931
imem;800;4,5020;125156356;24931.000000
gen/tasktypes/imem.sh 4;5018;124616136;24833
imem;800;4,5018;124616136;24833.000000

gen/tasktypes/dmem.sh 4;5038;126756694;25160
dmem;800;4,5038;126756694;25160.000000
gen/tasktypes/dmem.sh 4;5055;82018344;16225
dmem;800;4,5055;82018344;16225.000000
gen/tasktypes/dmem.sh 4;5052;112790788;22325
dmem;800;4,5052;112790788;22325.000000

gen/tasktypes/imov.sh 4;5036;128547096;25525
imov;800;4,5036;128547096;25525.000000
gen/tasktypes/imov.sh 4;5033;126109846;25056
imov;800;4,5033;126109846;25056.000000
gen/tasktypes/imov.sh 4;5039;125523299;24910
imov;800;4,5039;125523299;24910.000000

gen/tasktypes/shift.sh 4;5028;120144529;23895
shift;800;4,5028;120144529;23895.000000
gen/tasktypes/shift.sh 4;5021;121594537;24217
shift;800;4,5021;121594537;24217.000000
gen/tasktypes/shift.sh 4;5036;121053035;24037
shift;800;4,5036;121053035;24037.000000

gen/tasktypes/bitbyte.sh 4;5037;115285044;22887
bitbyte;800;4,5037;115285044;22887.000000
gen/tasktypes/bitbyte.sh 4;5030;116340645;23129
bitbyte;800;4,5030;116340645;23129.000000
gen/tasktypes/bitbyte.sh 4;5051;115555307;22877
bitbyte;800;4,5051;115555307;22877.000000

gen/tasktypes/nop.sh 4;5036;131081695;26028
nop;800;4,5036;131081695;26028.000000
gen/tasktypes/nop.sh 4;5037;126955486;25204
nop;800;4,5037;126955486;25204.000000
gen/tasktypes/nop.sh 4;5029;125667708;24988
nop;800;4,5029;125667708;24988.000000

gen/tasktypes/ssub32_SIMD.sh 4;5020;121057857;24115
ssub32_SIMD;800;4,5020;121057857;24115.000000
gen/tasktypes/ssub32_SIMD.sh 4;5047;115080943;22801
ssub32_SIMD;800;4,5047;115080943;22801.000000
gen/tasktypes/ssub32_SIMD.sh 4;5033;121346552;24110
ssub32_SIMD;800;4,5033;121346552;24110.000000

gen/tasktypes/m4x4smul_SIMD.sh 1;5035;65338394;12976
m4x4smul_SIMD;1200;1,5035;65338394;12976.000000
gen/tasktypes/m4x4smul_SIMD.sh 1;5032;71673767;14243
m4x4smul_SIMD;1200;1,5032;71673767;14243.000000
gen/tasktypes/m4x4smul_SIMD.sh 1;5030;74845999;14879
m4x4smul_SIMD;1200;1,5030;74845999;14879.000000

gen/tasktypes/v1x4smul_SIMD.sh 1;5028;71554932;14231
v1x4smul_SIMD;1200;1,5028;71554932;14231.000000
gen/tasktypes/v1x4smul_SIMD.sh 1;5023;71260682;14186
v1x4smul_SIMD;1200;1,5023;71260682;14186.000000
gen/tasktypes/v1x4smul_SIMD.sh 1;5024;69918583;13916
v1x4smul_SIMD;1200;1,5024;69918583;13916.000000

gen/tasktypes/dmul64_SIMD.sh 1;5026;68856636;13700
dmul64_SIMD;1200;1,5026;68856636;13700.000000
gen/tasktypes/dmul64_SIMD.sh 1;5025;68614998;13654
dmul64_SIMD;1200;1,5025;68614998;13654.000000
gen/tasktypes/dmul64_SIMD.sh 1;5025;68469002;13625
dmul64_SIMD;1200;1,5025;68469002;13625.000000

gen/tasktypes/smul32_SIMD.sh 1;5025;71614379;14251
smul32_SIMD;1200;1,5025;71614379;14251.000000
gen/tasktypes/smul32_SIMD.sh 1;5024;71371522;14206
smul32_SIMD;1200;1,5024;71371522;14206.000000
gen/tasktypes/smul32_SIMD.sh 1;5025;71590943;14246
smul32_SIMD;1200;1,5025;71590943;14246.000000

gen/tasktypes/dsub64_SIMD.sh 1;5025;68583992;13648
dsub64_SIMD;1200;1,5025;68583992;13648.000000
gen/tasktypes/dsub64_SIMD.sh 1;5024;68556099;13645
dsub64_SIMD;1200;1,5024;68556099;13645.000000
gen/tasktypes/dsub64_SIMD.sh 1;5024;68424020;13619
dsub64_SIMD;1200;1,5024;68424020;13619.000000

gen/tasktypes/dmem64_SIMD.sh 1;5028;64791705;12886
dmem64_SIMD;1200;1,5028;64791705;12886.000000
gen/tasktypes/dmem64_SIMD.sh 1;5026;63617941;12657
dmem64_SIMD;1200;1,5026;63617941;12657.000000
gen/tasktypes/dmem64_SIMD.sh 1;5019;63721639;12696
dmem64_SIMD;1200;1,5019;63721639;12696.000000

gen/tasktypes/vmov_SIMD.sh 1;5020;57635899;11481
vmov_SIMD;1200;1,5020;57635899;11481.000000
gen/tasktypes/vmov_SIMD.sh 1;5024;57549535;11454
vmov_SIMD;1200;1,5024;57549535;11454.000000
gen/tasktypes/vmov_SIMD.sh 1;5027;57395910;11417
vmov_SIMD;1200;1,5027;57395910;11417.000000

gen/tasktypes/vconvert_SIMD.sh 1;5023;54158248;10782
vconvert_SIMD;1200;1,5023;54158248;10782.000000
gen/tasktypes/vconvert_SIMD.sh 1;5023;54125045;10775
vconvert_SIMD;1200;1,5023;54125045;10775.000000
gen/tasktypes/vconvert_SIMD.sh 1;5025;54082198;10762
vconvert_SIMD;1200;1,5025;54082198;10762.000000

gen/tasktypes/m4x4smul.sh 1;5035;82046298;16295
m4x4smul;1200;1,5035;82046298;16295.000000
gen/tasktypes/m4x4smul.sh 1;5034;82594149;16407
m4x4smul;1200;1,5034;82594149;16407.000000
gen/tasktypes/m4x4smul.sh 1;5031;83485015;16594
m4x4smul;1200;1,5031;83485015;16594.000000

gen/tasktypes/dmul.sh 1;5033;59323395;11786
dmul;1200;1,5033;59323395;11786.000000
gen/tasktypes/dmul.sh 1;5032;58933565;11711
dmul;1200;1,5032;58933565;11711.000000
gen/tasktypes/dmul.sh 1;5029;59035677;11739
dmul;1200;1,5029;59035677;11739.000000

gen/tasktypes/dadd.sh 1;5037;62196496;12347
dadd;1200;1,5037;62196496;12347.000000
gen/tasktypes/dadd.sh 1;5033;62150170;12348
dadd;1200;1,5033;62150170;12348.000000
gen/tasktypes/dadd.sh 1;5033;62129541;12344
dadd;1200;1,5033;62129541;12344.000000

gen/tasktypes/iadd.sh 1;5030;61787317;12283
iadd;1200;1,5030;61787317;12283.000000
gen/tasktypes/iadd.sh 1;5027;61853601;12304
iadd;1200;1,5027;61853601;12304.000000
gen/tasktypes/iadd.sh 1;5033;61882166;12295
iadd;1200;1,5033;61882166;12295.000000

gen/tasktypes/imul.sh 1;5027;60286101;11992
imul;1200;1,5027;60286101;11992.000000
gen/tasktypes/imul.sh 1;5027;60315519;11998
imul;1200;1,5027;60315519;11998.000000
gen/tasktypes/imul.sh 1;5035;59945770;11905
imul;1200;1,5035;59945770;11905.000000

gen/tasktypes/icompare.sh 1;5027;73644708;14649
icompare;1200;1,5027;73644708;14649.000000
gen/tasktypes/icompare.sh 1;5023;74138421;14759
icompare;1200;1,5023;74138421;14759.000000
gen/tasktypes/icompare.sh 1;5025;74115349;14749
icompare;1200;1,5025;74115349;14749.000000

gen/tasktypes/logic.sh 1;5030;52200978;10377
logic;1200;1,5030;52200978;10377.000000
gen/tasktypes/logic.sh 1;5035;51048026;10138
logic;1200;1,5035;51048026;10138.000000
gen/tasktypes/logic.sh 1;5041;50710442;10059
logic;1200;1,5041;50710442;10059.000000

gen/tasktypes/branch.sh 1;5028;58143589;11563
branch;1200;1,5028;58143589;11563.000000
gen/tasktypes/branch.sh 1;5018;58428379;11643
branch;1200;1,5018;58428379;11643.000000
gen/tasktypes/branch.sh 1;5019;58441500;11644
branch;1200;1,5019;58441500;11644.000000

gen/tasktypes/imem.sh 1;5023;59929900;11931
imem;1200;1,5023;59929900;11931.000000
gen/tasktypes/imem.sh 1;5025;59646331;11869
imem;1200;1,5025;59646331;11869.000000
gen/tasktypes/imem.sh 1;5023;59600006;11865
imem;1200;1,5023;59600006;11865.000000

gen/tasktypes/dmem.sh 1;5034;21891424;4348
dmem;1200;1,5034;21891424;4348.000000
gen/tasktypes/dmem.sh 1;5042;21857000;4334
dmem;1200;1,5042;21857000;4334.000000
gen/tasktypes/dmem.sh 1;5044;21960515;4353
dmem;1200;1,5044;21960515;4353.000000

gen/tasktypes/imov.sh 1;5028;51654958;10273
imov;1200;1,5028;51654958;10273.000000
gen/tasktypes/imov.sh 1;5022;52366748;10427
imov;1200;1,5022;52366748;10427.000000
gen/tasktypes/imov.sh 1;5019;52486194;10457
imov;1200;1,5019;52486194;10457.000000

gen/tasktypes/shift.sh 1;5020;53931014;10743
shift;1200;1,5020;53931014;10743.000000
gen/tasktypes/shift.sh 1;5024;53762191;10701
shift;1200;1,5024;53762191;10701.000000
gen/tasktypes/shift.sh 1;5018;54045455;10770
shift;1200;1,5018;54045455;10770.000000

gen/tasktypes/bitbyte.sh 1;5019;66334547;13216
bitbyte;1200;1,5019;66334547;13216.000000
gen/tasktypes/bitbyte.sh 1;5024;66395155;13215
bitbyte;1200;1,5024;66395155;13215.000000
gen/tasktypes/bitbyte.sh 1;5024;66310926;13198
bitbyte;1200;1,5024;66310926;13198.000000

gen/tasktypes/nop.sh 1;5021;56891273;11330
nop;1200;1,5021;56891273;11330.000000
gen/tasktypes/nop.sh 1;5020;56951575;11344
nop;1200;1,5020;56951575;11344.000000
gen/tasktypes/nop.sh 1;5022;56968727;11343
nop;1200;1,5022;56968727;11343.000000

gen/tasktypes/ssub32_SIMD.sh 1;5020;67957101;13537
ssub32_SIMD;1200;1,5020;67957101;13537.000000
gen/tasktypes/ssub32_SIMD.sh 1;5019;68089731;13566
ssub32_SIMD;1200;1,5019;68089731;13566.000000
gen/tasktypes/ssub32_SIMD.sh 1;5021;67998971;13542
ssub32_SIMD;1200;1,5021;67998971;13542.000000

gen/tasktypes/m4x4smul_SIMD.sh 2;5025;111324544;22154
m4x4smul_SIMD;1200;2,5025;111324544;22154.000000
gen/tasktypes/m4x4smul_SIMD.sh 2;5033;113665969;22584
m4x4smul_SIMD;1200;2,5033;113665969;22584.000000
gen/tasktypes/m4x4smul_SIMD.sh 2;5034;114726024;22790
m4x4smul_SIMD;1200;2,5034;114726024;22790.000000

gen/tasktypes/v1x4smul_SIMD.sh 2;5026;108808010;21649
v1x4smul_SIMD;1200;2,5026;108808010;21649.000000
gen/tasktypes/v1x4smul_SIMD.sh 2;5018;110006371;21922
v1x4smul_SIMD;1200;2,5018;110006371;21922.000000
gen/tasktypes/v1x4smul_SIMD.sh 2;5020;110534934;22018
v1x4smul_SIMD;1200;2,5020;110534934;22018.000000

gen/tasktypes/dmul64_SIMD.sh 2;5021;109428614;21794
dmul64_SIMD;1200;2,5021;109428614;21794.000000
gen/tasktypes/dmul64_SIMD.sh 2;5024;109700403;21835
dmul64_SIMD;1200;2,5024;109700403;21835.000000
gen/tasktypes/dmul64_SIMD.sh 2;5023;110615745;22021
dmul64_SIMD;1200;2,5023;110615745;22021.000000

gen/tasktypes/smul32_SIMD.sh 2;5024;116439460;23176
smul32_SIMD;1200;2,5024;116439460;23176.000000
gen/tasktypes/smul32_SIMD.sh 2;5026;116268807;23133
smul32_SIMD;1200;2,5026;116268807;23133.000000
gen/tasktypes/smul32_SIMD.sh 2;5027;115257395;22927
smul32_SIMD;1200;2,5027;115257395;22927.000000

gen/tasktypes/dsub64_SIMD.sh 2;5032;112149127;22287
dsub64_SIMD;1200;2,5032;112149127;22287.000000
gen/tasktypes/dsub64_SIMD.sh 2;5029;111895588;22250
dsub64_SIMD;1200;2,5029;111895588;22250.000000
gen/tasktypes/dsub64_SIMD.sh 2;5027;111781453;22236
dsub64_SIMD;1200;2,5027;111781453;22236.000000

gen/tasktypes/dmem64_SIMD.sh 2;5027;105450963;20976
dmem64_SIMD;1200;2,5027;105450963;20976.000000
gen/tasktypes/dmem64_SIMD.sh 2;5023;105458958;20995
dmem64_SIMD;1200;2,5023;105458958;20995.000000
gen/tasktypes/dmem64_SIMD.sh 2;5023;105659275;21035
dmem64_SIMD;1200;2,5023;105659275;21035.000000

gen/tasktypes/vmov_SIMD.sh 2;5023;94191958;18752
vmov_SIMD;1200;2,5023;94191958;18752.000000
gen/tasktypes/vmov_SIMD.sh 2;5026;93222235;18547
vmov_SIMD;1200;2,5026;93222235;18547.000000
gen/tasktypes/vmov_SIMD.sh 2;5026;93003547;18504
vmov_SIMD;1200;2,5026;93003547;18504.000000

gen/tasktypes/vconvert_SIMD.sh 2;5025;86819297;17277
vconvert_SIMD;1200;2,5025;86819297;17277.000000
gen/tasktypes/vconvert_SIMD.sh 2;5028;86810446;17265
vconvert_SIMD;1200;2,5028;86810446;17265.000000
gen/tasktypes/vconvert_SIMD.sh 2;5029;86580101;17216
vconvert_SIMD;1200;2,5029;86580101;17216.000000

gen/tasktypes/m4x4smul.sh 2;5039;124776109;24762
m4x4smul;1200;2,5039;124776109;24762.000000
gen/tasktypes/m4x4smul.sh 2;5035;118591676;23553
m4x4smul;1200;2,5035;118591676;23553.000000
gen/tasktypes/m4x4smul.sh 2;5041;116768073;23163
m4x4smul;1200;2,5041;116768073;23163.000000

gen/tasktypes/dmul.sh 2;5041;96624143;19167
dmul;1200;2,5041;96624143;19167.000000
gen/tasktypes/dmul.sh 2;5033;96174741;19108
dmul;1200;2,5033;96174741;19108.000000
gen/tasktypes/dmul.sh 2;5041;95272461;18899
dmul;1200;2,5041;95272461;18899.000000

gen/tasktypes/dadd.sh 2;5041;102898358;20412
dadd;1200;2,5041;102898358;20412.000000
gen/tasktypes/dadd.sh 2;5050;102805950;20357
dadd;1200;2,5050;102805950;20357.000000
gen/tasktypes/dadd.sh 2;5035;103192424;20495
dadd;1200;2,5035;103192424;20495.000000

gen/tasktypes/iadd.sh 2;5026;102955242;20484
iadd;1200;2,5026;102955242;20484.000000
gen/tasktypes/iadd.sh 2;5031;103075420;20488
iadd;1200;2,5031;103075420;20488.000000
gen/tasktypes/iadd.sh 2;5028;103123272;20509
iadd;1200;2,5028;103123272;20509.000000

gen/tasktypes/imul.sh 2;5025;99405202;19782
imul;1200;2,5025;99405202;19782.000000
gen/tasktypes/imul.sh 2;5031;99445607;19766
imul;1200;2,5031;99445607;19766.000000
gen/tasktypes/imul.sh 2;5029;99361257;19757
imul;1200;2,5029;99361257;19757.000000

gen/tasktypes/icompare.sh 2;5027;109861779;21854
icompare;1200;2,5027;109861779;21854.000000
gen/tasktypes/icompare.sh 2;5028;108863857;21651
icompare;1200;2,5028;108863857;21651.000000
gen/tasktypes/icompare.sh 2;5028;107608672;21401
icompare;1200;2,5028;107608672;21401.000000

gen/tasktypes/logic.sh 2;5043;83694122;16596
logic;1200;2,5043;83694122;16596.000000
gen/tasktypes/logic.sh 2;5036;82472994;16376
logic;1200;2,5036;82472994;16376.000000
gen/tasktypes/logic.sh 2;5040;82241672;16317
logic;1200;2,5040;82241672;16317.000000

gen/tasktypes/branch.sh 2;5026;95546264;19010
branch;1200;2,5026;95546264;19010.000000
gen/tasktypes/branch.sh 2;5021;97396479;19397
branch;1200;2,5021;97396479;19397.000000
gen/tasktypes/branch.sh 2;5017;97156855;19365
branch;1200;2,5017;97156855;19365.000000

gen/tasktypes/imem.sh 2;5021;100489611;20013
imem;1200;2,5021;100489611;20013.000000
gen/tasktypes/imem.sh 2;5024;100783800;20060
imem;1200;2,5024;100783800;20060.000000
gen/tasktypes/imem.sh 2;5026;100510607;19998
imem;1200;2,5026;100510607;19998.000000

gen/tasktypes/dmem.sh 2;5038;41486100;8234
dmem;1200;2,5038;41486100;8234.000000
gen/tasktypes/dmem.sh 2;5043;35851226;7109
dmem;1200;2,5043;35851226;7109.000000
gen/tasktypes/dmem.sh 2;5046;59416596;11774
dmem;1200;2,5046;59416596;11774.000000

gen/tasktypes/imov.sh 2;5035;84332304;16749
imov;1200;2,5035;84332304;16749.000000
gen/tasktypes/imov.sh 2;5030;84637296;16826
imov;1200;2,5030;84637296;16826.000000
gen/tasktypes/imov.sh 2;5028;85634973;17031
imov;1200;2,5028;85634973;17031.000000

gen/tasktypes/shift.sh 2;5024;88334552;17582
shift;1200;2,5024;88334552;17582.000000
gen/tasktypes/shift.sh 2;5025;88534808;17618
shift;1200;2,5025;88534808;17618.000000
gen/tasktypes/shift.sh 2;5027;88529924;17610
shift;1200;2,5027;88529924;17610.000000

gen/tasktypes/bitbyte.sh 2;5022;112392656;22380
bitbyte;1200;2,5022;112392656;22380.000000
gen/tasktypes/bitbyte.sh 2;5024;109056117;21707
bitbyte;1200;2,5024;109056117;21707.000000
gen/tasktypes/bitbyte.sh 2;5027;107350799;21354
bitbyte;1200;2,5027;107350799;21354.000000

gen/tasktypes/nop.sh 2;5024;94782106;18865
nop;1200;2,5024;94782106;18865.000000
gen/tasktypes/nop.sh 2;5023;94521975;18817
nop;1200;2,5023;94521975;18817.000000
gen/tasktypes/nop.sh 2;5022;94581484;18833
nop;1200;2,5022;94581484;18833.000000

gen/tasktypes/ssub32_SIMD.sh 2;5028;117666569;23402
ssub32_SIMD;1200;2,5028;117666569;23402.000000
gen/tasktypes/ssub32_SIMD.sh 2;5029;115487009;22964
ssub32_SIMD;1200;2,5029;115487009;22964.000000
gen/tasktypes/ssub32_SIMD.sh 2;5023;113225357;22541
ssub32_SIMD;1200;2,5023;113225357;22541.000000

gen/tasktypes/m4x4smul_SIMD.sh 3;5026;134904745;26841
m4x4smul_SIMD;1200;3,5026;134904745;26841.000000
gen/tasktypes/m4x4smul_SIMD.sh 3;5038;128379127;25482
m4x4smul_SIMD;1200;3,5038;128379127;25482.000000
gen/tasktypes/m4x4smul_SIMD.sh 3;5042;125210189;24833
m4x4smul_SIMD;1200;3,5042;125210189;24833.000000

gen/tasktypes/v1x4smul_SIMD.sh 3;5026;123686146;24609
v1x4smul_SIMD;1200;3,5026;123686146;24609.000000
gen/tasktypes/v1x4smul_SIMD.sh 3;5018;123569752;24625
v1x4smul_SIMD;1200;3,5018;123569752;24625.000000
gen/tasktypes/v1x4smul_SIMD.sh 3;5031;122124748;24274
v1x4smul_SIMD;1200;3,5031;122124748;24274.000000

gen/tasktypes/dmul64_SIMD.sh 3;5033;114851391;22819
dmul64_SIMD;1200;3,5033;114851391;22819.000000
gen/tasktypes/dmul64_SIMD.sh 3;5039;115854806;22991
dmul64_SIMD;1200;3,5039;115854806;22991.000000
gen/tasktypes/dmul64_SIMD.sh 3;5042;107234101;21268
dmul64_SIMD;1200;3,5042;107234101;21268.000000

gen/tasktypes/smul32_SIMD.sh 3;5038;118145755;23450
smul32_SIMD;1200;3,5038;118145755;23450.000000
gen/tasktypes/smul32_SIMD.sh 3;5038;117247442;23272
smul32_SIMD;1200;3,5038;117247442;23272.000000
gen/tasktypes/smul32_SIMD.sh 3;5037;117258489;23279
smul32_SIMD;1200;3,5037;117258489;23279.000000

gen/tasktypes/dsub64_SIMD.sh 3;5037;115720102;22974
dsub64_SIMD;1200;3,5037;115720102;22974.000000
gen/tasktypes/dsub64_SIMD.sh 3;5037;115764718;22982
dsub64_SIMD;1200;3,5037;115764718;22982.000000
gen/tasktypes/dsub64_SIMD.sh 3;5031;115831735;23023
dsub64_SIMD;1200;3,5031;115831735;23023.000000

gen/tasktypes/dmem64_SIMD.sh 3;5019;116317512;23175
dmem64_SIMD;1200;3,5019;116317512;23175.000000
gen/tasktypes/dmem64_SIMD.sh 3;5023;115794076;23052
dmem64_SIMD;1200;3,5023;115794076;23052.000000
gen/tasktypes/dmem64_SIMD.sh 3;5031;114106641;22680
dmem64_SIMD;1200;3,5031;114106641;22680.000000

gen/tasktypes/vmov_SIMD.sh 3;5046;109831140;21765
vmov_SIMD;1200;3,5046;109831140;21765.000000
gen/tasktypes/vmov_SIMD.sh 3;5052;109067164;21588
vmov_SIMD;1200;3,5052;109067164;21588.000000
gen/tasktypes/vmov_SIMD.sh 3;5034;108766628;21606
vmov_SIMD;1200;3,5034;108766628;21606.000000

gen/tasktypes/vconvert_SIMD.sh 3;5033;101763045;20219
vconvert_SIMD;1200;3,5033;101763045;20219.000000
gen/tasktypes/vconvert_SIMD.sh 3;5052;101398483;20070
vconvert_SIMD;1200;3,5052;101398483;20070.000000
gen/tasktypes/vconvert_SIMD.sh 3;5030;100502367;19980
vconvert_SIMD;1200;3,5030;100502367;19980.000000

gen/tasktypes/m4x4smul.sh 3;5051;126462018;25037
m4x4smul;1200;3,5051;126462018;25037.000000
gen/tasktypes/m4x4smul.sh 3;5055;122344535;24202
m4x4smul;1200;3,5055;122344535;24202.000000
gen/tasktypes/m4x4smul.sh 3;5037;120122007;23847
m4x4smul;1200;3,5037;120122007;23847.000000

gen/tasktypes/dmul.sh 3;5033;114139967;22678
dmul;1200;3,5033;114139967;22678.000000
gen/tasktypes/dmul.sh 3;5053;114370190;22634
dmul;1200;3,5053;114370190;22634.000000
gen/tasktypes/dmul.sh 3;5040;112929277;22406
dmul;1200;3,5040;112929277;22406.000000

gen/tasktypes/dadd.sh 3;5039;119661498;23747
dadd;1200;3,5039;119661498;23747.000000
gen/tasktypes/dadd.sh 3;5047;118886659;23555
dadd;1200;3,5047;118886659;23555.000000
gen/tasktypes/dadd.sh 3;5044;118636659;23520
dadd;1200;3,5044;118636659;23520.000000

gen/tasktypes/iadd.sh 3;5035;112532488;22350
iadd;1200;3,5035;112532488;22350.000000
gen/tasktypes/iadd.sh 3;5039;113185806;22461
iadd;1200;3,5039;113185806;22461.000000
gen/tasktypes/iadd.sh 3;5042;112459063;22304
iadd;1200;3,5042;112459063;22304.000000

gen/tasktypes/imul.sh 3;5035;111979571;22240
imul;1200;3,5035;111979571;22240.000000
gen/tasktypes/imul.sh 3;5039;112695512;22364
imul;1200;3,5039;112695512;22364.000000
gen/tasktypes/imul.sh 3;5025;113298538;22546
imul;1200;3,5025;113298538;22546.000000

gen/tasktypes/icompare.sh 3;5037;113245926;22482
icompare;1200;3,5037;113245926;22482.000000
gen/tasktypes/icompare.sh 3;5034;112355669;22319
icompare;1200;3,5034;112355669;22319.000000
gen/tasktypes/icompare.sh 3;5020;113605849;22630
icompare;1200;3,5020;113605849;22630.000000

gen/tasktypes/logic.sh 3;5043;97586176;19350
logic;1200;3,5043;97586176;19350.000000
gen/tasktypes/logic.sh 3;5043;96234678;19082
logic;1200;3,5043;96234678;19082.000000
gen/tasktypes/logic.sh 3;5055;96269346;19044
logic;1200;3,5055;96269346;19044.000000

gen/tasktypes/branch.sh 3;5028;112452166;22365
branch;1200;3,5028;112452166;22365.000000
gen/tasktypes/branch.sh 3;5021;114653026;22834
branch;1200;3,5021;114653026;22834.000000
gen/tasktypes/branch.sh 3;5042;113506667;22512
branch;1200;3,5042;113506667;22512.000000

gen/tasktypes/imem.sh 3;5033;117581913;23362
imem;1200;3,5033;117581913;23362.000000
gen/tasktypes/imem.sh 3;5032;118717775;23592
imem;1200;3,5032;118717775;23592.000000
gen/tasktypes/imem.sh 3;5031;115940072;23045
imem;1200;3,5031;115940072;23045.000000

gen/tasktypes/dmem.sh 3;5056;68279733;13504
dmem;1200;3,5056;68279733;13504.000000
gen/tasktypes/dmem.sh 3;5050;70144962;13890
dmem;1200;3,5050;70144962;13890.000000
gen/tasktypes/dmem.sh 3;5048;71099122;14084
dmem;1200;3,5048;71099122;14084.000000

gen/tasktypes/imov.sh 3;5036;99523793;19762
imov;1200;3,5036;99523793;19762.000000
gen/tasktypes/imov.sh 3;5029;100393542;19962
imov;1200;3,5029;100393542;19962.000000
gen/tasktypes/imov.sh 3;5033;101718123;20210
imov;1200;3,5033;101718123;20210.000000

gen/tasktypes/shift.sh 3;5031;104220253;20715
shift;1200;3,5031;104220253;20715.000000
gen/tasktypes/shift.sh 3;5021;106203891;21151
shift;1200;3,5021;106203891;21151.000000
gen/tasktypes/shift.sh 3;5043;104991675;20819
shift;1200;3,5043;104991675;20819.000000

gen/tasktypes/bitbyte.sh 3;5039;118206973;23458
bitbyte;1200;3,5039;118206973;23458.000000
gen/tasktypes/bitbyte.sh 3;5034;115895882;23022
bitbyte;1200;3,5034;115895882;23022.000000
gen/tasktypes/bitbyte.sh 3;5034;114228956;22691
bitbyte;1200;3,5034;114228956;22691.000000

gen/tasktypes/nop.sh 3;5027;113451004;22568
nop;1200;3,5027;113451004;22568.000000
gen/tasktypes/nop.sh 3;5032;111854267;22228
nop;1200;3,5032;111854267;22228.000000
gen/tasktypes/nop.sh 3;5029;112299457;22330
nop;1200;3,5029;112299457;22330.000000

gen/tasktypes/ssub32_SIMD.sh 3;5037;120714108;23965
ssub32_SIMD;1200;3,5037;120714108;23965.000000
gen/tasktypes/ssub32_SIMD.sh 3;5033;118317263;23508
ssub32_SIMD;1200;3,5033;118317263;23508.000000
gen/tasktypes/ssub32_SIMD.sh 3;5036;117269475;23286
ssub32_SIMD;1200;3,5036;117269475;23286.000000

gen/tasktypes/m4x4smul_SIMD.sh 4;5046;137884169;27325
m4x4smul_SIMD;1200;4,5046;137884169;27325.000000
gen/tasktypes/m4x4smul_SIMD.sh 4;5037;135783954;26957
m4x4smul_SIMD;1200;4,5037;135783954;26957.000000
gen/tasktypes/m4x4smul_SIMD.sh 4;5042;132724392;26323
m4x4smul_SIMD;1200;4,5042;132724392;26323.000000

gen/tasktypes/v1x4smul_SIMD.sh 4;5018;131335479;26172
v1x4smul_SIMD;1200;4,5018;131335479;26172.000000
gen/tasktypes/v1x4smul_SIMD.sh 4;5031;129749058;25789
v1x4smul_SIMD;1200;4,5031;129749058;25789.000000
gen/tasktypes/v1x4smul_SIMD.sh 4;5032;128251625;25487
v1x4smul_SIMD;1200;4,5032;128251625;25487.000000

gen/tasktypes/dmul64_SIMD.sh 4;5036;122407890;24306
dmul64_SIMD;1200;4,5036;122407890;24306.000000
gen/tasktypes/dmul64_SIMD.sh 4;5028;122149711;24293
dmul64_SIMD;1200;4,5028;122149711;24293.000000
gen/tasktypes/dmul64_SIMD.sh 4;5021;122850637;24467
dmul64_SIMD;1200;4,5021;122850637;24467.000000

gen/tasktypes/smul32_SIMD.sh 4;5043;123912647;24571
smul32_SIMD;1200;4,5043;123912647;24571.000000
gen/tasktypes/smul32_SIMD.sh 4;5036;123868030;24596
smul32_SIMD;1200;4,5036;123868030;24596.000000
gen/tasktypes/smul32_SIMD.sh 4;5029;124082629;24673
smul32_SIMD;1200;4,5029;124082629;24673.000000

gen/tasktypes/dsub64_SIMD.sh 4;5031;121997612;24249
dsub64_SIMD;1200;4,5031;121997612;24249.000000
gen/tasktypes/dsub64_SIMD.sh 4;5036;122035943;24232
dsub64_SIMD;1200;4,5036;122035943;24232.000000
gen/tasktypes/dsub64_SIMD.sh 4;5033;121606867;24161
dsub64_SIMD;1200;4,5033;121606867;24161.000000

gen/tasktypes/dmem64_SIMD.sh 4;5032;121432978;24132
dmem64_SIMD;1200;4,5032;121432978;24132.000000
gen/tasktypes/dmem64_SIMD.sh 4;5045;122142510;24210
dmem64_SIMD;1200;4,5045;122142510;24210.000000
gen/tasktypes/dmem64_SIMD.sh 4;5045;122145439;24211
dmem64_SIMD;1200;4,5045;122145439;24211.000000

gen/tasktypes/vmov_SIMD.sh 4;5041;125178817;24832
vmov_SIMD;1200;4,5041;125178817;24832.000000
gen/tasktypes/vmov_SIMD.sh 4;5020;127289957;25356
vmov_SIMD;1200;4,5020;127289957;25356.000000
gen/tasktypes/vmov_SIMD.sh 4;5020;125925581;25084
vmov_SIMD;1200;4,5020;125925581;25084.000000

gen/tasktypes/vconvert_SIMD.sh 4;5040;122030083;24212
vconvert_SIMD;1200;4,5040;122030083;24212.000000
gen/tasktypes/vconvert_SIMD.sh 4;5030;123223196;24497
vconvert_SIMD;1200;4,5030;123223196;24497.000000
gen/tasktypes/vconvert_SIMD.sh 4;5035;123225698;24473
vconvert_SIMD;1200;4,5035;123225698;24473.000000

gen/tasktypes/m4x4smul.sh 4;5043;121247187;24042
m4x4smul;1200;4,5043;121247187;24042.000000
gen/tasktypes/m4x4smul.sh 4;5052;123116323;24369
m4x4smul;1200;4,5052;123116323;24369.000000
gen/tasktypes/m4x4smul.sh 4;5038;122875357;24389
m4x4smul;1200;4,5038;122875357;24389.000000

gen/tasktypes/dmul.sh 4;5054;122168694;24172
dmul;1200;4,5054;122168694;24172.000000
gen/tasktypes/dmul.sh 4;5032;123526357;24548
dmul;1200;4,5032;123526357;24548.000000
gen/tasktypes/dmul.sh 4;5039;123372976;24483
dmul;1200;4,5039;123372976;24483.000000

gen/tasktypes/dadd.sh 4;5036;123094961;24443
dadd;1200;4,5036;123094961;24443.000000
gen/tasktypes/dadd.sh 4;5039;123575185;24523
dadd;1200;4,5039;123575185;24523.000000
gen/tasktypes/dadd.sh 4;5043;123438771;24477
dadd;1200;4,5043;123438771;24477.000000

gen/tasktypes/iadd.sh 4;5059;115554575;22841
iadd;1200;4,5059;115554575;22841.000000
gen/tasktypes/iadd.sh 4;5046;118998902;23582
iadd;1200;4,5046;118998902;23582.000000
gen/tasktypes/iadd.sh 4;5027;121288447;24127
iadd;1200;4,5027;121288447;24127.000000

gen/tasktypes/imul.sh 4;5040;118453494;23502
imul;1200;4,5040;118453494;23502.000000
gen/tasktypes/imul.sh 4;5027;119179443;23707
imul;1200;4,5027;119179443;23707.000000
gen/tasktypes/imul.sh 4;5033;101703536;20207
imul;1200;4,5033;101703536;20207.000000

gen/tasktypes/icompare.sh 4;5020;124501024;24801
icompare;1200;4,5020;124501024;24801.000000
gen/tasktypes/icompare.sh 4;5022;121642206;24221
icompare;1200;4,5022;121642206;24221.000000
gen/tasktypes/icompare.sh 4;5040;117458561;23305
icompare;1200;4,5040;117458561;23305.000000

gen/tasktypes/logic.sh 4;5039;126863749;25176
logic;1200;4,5039;126863749;25176.000000
gen/tasktypes/logic.sh 4;5036;126549298;25128
logic;1200;4,5036;126549298;25128.000000
gen/tasktypes/logic.sh 4;5032;107290497;21321
logic;1200;4,5032;107290497;21321.000000

gen/tasktypes/branch.sh 4;5028;122742179;24411
branch;1200;4,5028;122742179;24411.000000
gen/tasktypes/branch.sh 4;5028;104768287;20836
branch;1200;4,5028;104768287;20836.000000
gen/tasktypes/branch.sh 4;5044;125672652;24915
branch;1200;4,5044;125672652;24915.000000

gen/tasktypes/imem.sh 4;5043;107199799;21257
imem;1200;4,5043;107199799;21257.000000
gen/tasktypes/imem.sh 4;5025;128734777;25618
imem;1200;4,5025;128734777;25618.000000
gen/tasktypes/imem.sh 4;5029;125727706;25000
imem;1200;4,5029;125727706;25000.000000

gen/tasktypes/dmem.sh 4;5044;108009001;21413
dmem;1200;4,5044;108009001;21413.000000
gen/tasktypes/dmem.sh 4;5043;134868613;26743
dmem;1200;4,5043;134868613;26743.000000
gen/tasktypes/dmem.sh 4;5049;105012305;20798
dmem;1200;4,5049;105012305;20798.000000

gen/tasktypes/imov.sh 4;5036;126222516;25064
imov;1200;4,5036;126222516;25064.000000
gen/tasktypes/imov.sh 4;5035;124769089;24780
imov;1200;4,5035;124769089;24780.000000
gen/tasktypes/imov.sh 4;5036;123486500;24520
imov;1200;4,5036;123486500;24520.000000

gen/tasktypes/shift.sh 4;5031;119830992;23818
shift;1200;4,5031;119830992;23818.000000
gen/tasktypes/shift.sh 4;5045;120227292;23830
shift;1200;4,5045;120227292;23830.000000
gen/tasktypes/shift.sh 4;5031;120152280;23882
shift;1200;4,5031;120152280;23882.000000

gen/tasktypes/bitbyte.sh 4;5039;114435376;22709
bitbyte;1200;4,5039;114435376;22709.000000
gen/tasktypes/bitbyte.sh 4;5034;115448740;22933
bitbyte;1200;4,5034;115448740;22933.000000
gen/tasktypes/bitbyte.sh 4;5038;99470998;19744
bitbyte;1200;4,5038;99470998;19744.000000

gen/tasktypes/nop.sh 4;5028;132613980;26375
nop;1200;4,5028;132613980;26375.000000
gen/tasktypes/nop.sh 4;5041;129246801;25639
nop;1200;4,5041;129246801;25639.000000
gen/tasktypes/nop.sh 4;5029;126534283;25160
nop;1200;4,5029;126534283;25160.000000

gen/tasktypes/ssub32_SIMD.sh 4;5035;121153865;24062
ssub32_SIMD;1200;4,5035;121153865;24062.000000
gen/tasktypes/ssub32_SIMD.sh 4;5027;120959468;24061
ssub32_SIMD;1200;4,5027;120959468;24061.000000
gen/tasktypes/ssub32_SIMD.sh 4;5027;121157099;24101
ssub32_SIMD;1200;4,5027;121157099;24101.000000

gen/tasktypes/m4x4smul_SIMD.sh 1;5024;64979753;12933
m4x4smul_SIMD;1400;1,5024;64979753;12933.000000
gen/tasktypes/m4x4smul_SIMD.sh 1;5030;71110536;14137
m4x4smul_SIMD;1400;1,5030;71110536;14137.000000
gen/tasktypes/m4x4smul_SIMD.sh 1;5030;74563530;14823
m4x4smul_SIMD;1400;1,5030;74563530;14823.000000

gen/tasktypes/v1x4smul_SIMD.sh 1;5023;71851134;14304
v1x4smul_SIMD;1400;1,5023;71851134;14304.000000
gen/tasktypes/v1x4smul_SIMD.sh 1;5021;71480530;14236
v1x4smul_SIMD;1400;1,5021;71480530;14236.000000
gen/tasktypes/v1x4smul_SIMD.sh 1;5019;70393008;14025
v1x4smul_SIMD;1400;1,5019;70393008;14025.000000

gen/tasktypes/dmul64_SIMD.sh 1;5025;68889899;13709
dmul64_SIMD;1400;1,5025;68889899;13709.000000
gen/tasktypes/dmul64_SIMD.sh 1;5028;68568916;13637
dmul64_SIMD;1400;1,5028;68568916;13637.000000
gen/tasktypes/dmul64_SIMD.sh 1;5026;68539009;13636
dmul64_SIMD;1400;1,5026;68539009;13636.000000

gen/tasktypes/smul32_SIMD.sh 1;5025;71441163;14217
smul32_SIMD;1400;1,5025;71441163;14217.000000
gen/tasktypes/smul32_SIMD.sh 1;5023;71623840;14259
smul32_SIMD;1400;1,5023;71623840;14259.000000
gen/tasktypes/smul32_SIMD.sh 1;5025;71580383;14244
smul32_SIMD;1400;1,5025;71580383;14244.000000

gen/tasktypes/dsub64_SIMD.sh 1;5024;68511666;13636
dsub64_SIMD;1400;1,5024;68511666;13636.000000
gen/tasktypes/dsub64_SIMD.sh 1;5026;68483894;13625
dsub64_SIMD;1400;1,5026;68483894;13625.000000
gen/tasktypes/dsub64_SIMD.sh 1;5028;68387398;13601
dsub64_SIMD;1400;1,5028;68387398;13601.000000

gen/tasktypes/dmem64_SIMD.sh 1;5025;65189653;12973
dmem64_SIMD;1400;1,5025;65189653;12973.000000
gen/tasktypes/dmem64_SIMD.sh 1;5024;64379352;12814
dmem64_SIMD;1400;1,5024;64379352;12814.000000
gen/tasktypes/dmem64_SIMD.sh 1;5020;63709554;12691
dmem64_SIMD;1400;1,5020;63709554;12691.000000

gen/tasktypes/vmov_SIMD.sh 1;5019;57680700;11492
vmov_SIMD;1400;1,5019;57680700;11492.000000
gen/tasktypes/vmov_SIMD.sh 1;5021;57613439;11474
vmov_SIMD;1400;1,5021;57613439;11474.000000
gen/tasktypes/vmov_SIMD.sh 1;5031;57298437;11389
vmov_SIMD;1400;1,5031;57298437;11389.000000

gen/tasktypes/vconvert_SIMD.sh 1;5027;54551496;10851
vconvert_SIMD;1400;1,5027;54551496;10851.000000
gen/tasktypes/vconvert_SIMD.sh 1;5020;54314436;10819
vconvert_SIMD;1400;1,5020;54314436;10819.000000
gen/tasktypes/vconvert_SIMD.sh 1;5021;54145674;10783
vconvert_SIMD;1400;1,5021;54145674;10783.000000

gen/tasktypes/m4x4smul.sh 1;5041;81945774;16255
m4x4smul;1400;1,5041;81945774;16255.000000
gen/tasktypes/m4x4smul.sh 1;5038;83073457;16489
m4x4smul;1400;1,5038;83073457;16489.000000
gen/tasktypes/m4x4smul.sh 1;5034;83507660;16588
m4x4smul;1400;1,5034;83507660;16588.000000

gen/tasktypes/dmul.sh 1;5030;59575470;11844
dmul;1400;1,5030;59575470;11844.000000
gen/tasktypes/dmul.sh 1;5031;59056062;11738
dmul;1400;1,5031;59056062;11738.000000
gen/tasktypes/dmul.sh 1;5030;59141023;11757
dmul;1400;1,5030;59141023;11757.000000

gen/tasktypes/dadd.sh 1;5037;62321251;12372
dadd;1400;1,5037;62321251;12372.000000
gen/tasktypes/dadd.sh 1;5034;62701194;12455
dadd;1400;1,5034;62701194;12455.000000
gen/tasktypes/dadd.sh 1;5037;62356469;12379
dadd;1400;1,5037;62356469;12379.000000

gen/tasktypes/iadd.sh 1;5033;61655726;12250
iadd;1400;1,5033;61655726;12250.000000
gen/tasktypes/iadd.sh 1;5028;61924219;12315
iadd;1400;1,5028;61924219;12315.000000
gen/tasktypes/iadd.sh 1;5034;61682826;12253
iadd;1400;1,5034;61682826;12253.000000

gen/tasktypes/imul.sh 1;5028;60433316;12019
imul;1400;1,5028;60433316;12019.000000
gen/tasktypes/imul.sh 1;5027;60366972;12008
imul;1400;1,5027;60366972;12008.000000
gen/tasktypes/imul.sh 1;5026;60415922;12020
imul;1400;1,5026;60415922;12020.000000

gen/tasktypes/icompare.sh 1;5025;73913690;14709
icompare;1400;1,5025;73913690;14709.000000
gen/tasktypes/icompare.sh 1;5023;74276299;14787
icompare;1400;1,5023;74276299;14787.000000
gen/tasktypes/icompare.sh 1;5025;74198236;14765
icompare;1400;1,5025;74198236;14765.000000

gen/tasktypes/logic.sh 1;5035;52588732;10444
logic;1400;1,5035;52588732;10444.000000
gen/tasktypes/logic.sh 1;5043;51903065;10292
logic;1400;1,5043;51903065;10292.000000
gen/tasktypes/logic.sh 1;5043;50789482;10071
logic;1400;1,5043;50789482;10071.000000

gen/tasktypes/branch.sh 1;5029;58152256;11563
branch;1400;1,5029;58152256;11563.000000
gen/tasktypes/branch.sh 1;5025;58457370;11633
branch;1400;1,5025;58457370;11633.000000
gen/tasktypes/branch.sh 1;5021;58472811;11645
branch;1400;1,5021;58472811;11645.000000

gen/tasktypes/imem.sh 1;5019;60288176;12011
imem;1400;1,5019;60288176;12011.000000
gen/tasktypes/imem.sh 1;5020;60292692;12010
imem;1400;1,5020;60292692;12010.000000
gen/tasktypes/imem.sh 1;5023;60254790;11995
imem;1400;1,5023;60254790;11995.000000

gen/tasktypes/dmem.sh 1;5032;23050234;4580
dmem;1400;1,5032;23050234;4580.000000
gen/tasktypes/dmem.sh 1;5031;21765081;4326
dmem;1400;1,5031;21765081;4326.000000
gen/tasktypes/dmem.sh 1;5043;21700812;4303
dmem;1400;1,5043;21700812;4303.000000

gen/tasktypes/imov.sh 1;5030;51329397;10204
imov;1400;1,5030;51329397;10204.000000
gen/tasktypes/imov.sh 1;5026;52178883;10381
imov;1400;1,5026;52178883;10381.000000
gen/tasktypes/imov.sh 1;5027;52168263;10377
imov;1400;1,5027;52168263;10377.000000

gen/tasktypes/shift.sh 1;5023;53876693;10725
shift;1400;1,5023;53876693;10725.000000
gen/tasktypes/shift.sh 1;5025;53691879;10684
shift;1400;1,5025;53691879;10684.000000
gen/tasktypes/shift.sh 1;5021;53899947;10734
shift;1400;1,5021;53899947;10734.000000

gen/tasktypes/bitbyte.sh 1;5024;66110060;13158
bitbyte;1400;1,5024;66110060;13158.000000
gen/tasktypes/bitbyte.sh 1;5019;66379530;13225
bitbyte;1400;1,5019;66379530;13225.000000
gen/tasktypes/bitbyte.sh 1;5020;66408338;13228
bitbyte;1400;1,5020;66408338;13228.000000

gen/tasktypes/nop.sh 1;5019;56935646;11344
nop;1400;1,5019;56935646;11344.000000
gen/tasktypes/nop.sh 1;5023;56743995;11296
nop;1400;1,5023;56743995;11296.000000
gen/tasktypes/nop.sh 1;5021;56873329;11327
nop;1400;1,5021;56873329;11327.000000

gen/tasktypes/ssub32_SIMD.sh 1;5019;67855051;13519
ssub32_SIMD;1400;1,5019;67855051;13519.000000
gen/tasktypes/ssub32_SIMD.sh 1;5020;68012094;13548
ssub32_SIMD;1400;1,5020;68012094;13548.000000
gen/tasktypes/ssub32_SIMD.sh 1;5020;68045236;13554
ssub32_SIMD;1400;1,5020;68045236;13554.000000

gen/tasktypes/m4x4smul_SIMD.sh 2;5024;111706867;22234
m4x4smul_SIMD;1400;2,5024;111706867;22234.000000
gen/tasktypes/m4x4smul_SIMD.sh 2;5030;114182752;22700
m4x4smul_SIMD;1400;2,5030;114182752;22700.000000
gen/tasktypes/m4x4smul_SIMD.sh 2;5035;113840834;22609
m4x4smul_SIMD;1400;2,5035;113840834;22609.000000

gen/tasktypes/v1x4smul_SIMD.sh 2;5027;108616604;21606
v1x4smul_SIMD;1400;2,5027;108616604;21606.000000
gen/tasktypes/v1x4smul_SIMD.sh 2;5025;109691247;21829
v1x4smul_SIMD;1400;2,5025;109691247;21829.000000
gen/tasktypes/v1x4smul_SIMD.sh 2;5023;110913169;22081
v1x4smul_SIMD;1400;2,5023;110913169;22081.000000

gen/tasktypes/dmul64_SIMD.sh 2;5025;109391444;21769
dmul64_SIMD;1400;2,5025;109391444;21769.000000
gen/tasktypes/dmul64_SIMD.sh 2;5028;109790307;21835
dmul64_SIMD;1400;2,5028;109790307;21835.000000
gen/tasktypes/dmul64_SIMD.sh 2;5032;110180321;21895
dmul64_SIMD;1400;2,5032;110180321;21895.000000

gen/tasktypes/smul32_SIMD.sh 2;5029;116627509;23190
smul32_SIMD;1400;2,5029;116627509;23190.000000
gen/tasktypes/smul32_SIMD.sh 2;5028;116538336;23177
smul32_SIMD;1400;2,5028;116538336;23177.000000
gen/tasktypes/smul32_SIMD.sh 2;5031;115300669;22918
smul32_SIMD;1400;2,5031;115300669;22918.000000

gen/tasktypes/dsub64_SIMD.sh 2;5028;112443011;22363
dsub64_SIMD;1400;2,5028;112443011;22363.000000
gen/tasktypes/dsub64_SIMD.sh 2;5035;112076251;22259
dsub64_SIMD;1400;2,5035;112076251;22259.000000
gen/tasktypes/dsub64_SIMD.sh 2;5029;111695759;22210
dsub64_SIMD;1400;2,5029;111695759;22210.000000

gen/tasktypes/dmem64_SIMD.sh 2;5030;105464085;20967
dmem64_SIMD;1400;2,5030;105464085;20967.000000
gen/tasktypes/dmem64_SIMD.sh 2;5027;105421788;20971
dmem64_SIMD;1400;2,5027;105421788;20971.000000
gen/tasktypes/dmem64_SIMD.sh 2;5026;105624852;21015
dmem64_SIMD;1400;2,5026;105624852;21015.000000

gen/tasktypes/vmov_SIMD.sh 2;5028;94230288;18741
vmov_SIMD;1400;2,5028;94230288;18741.000000
gen/tasktypes/vmov_SIMD.sh 2;5035;93038824;18478
vmov_SIMD;1400;2,5035;93038824;18478.000000
gen/tasktypes/vmov_SIMD.sh 2;5030;92798529;18449
vmov_SIMD;1400;2,5030;92798529;18449.000000

gen/tasktypes/vconvert_SIMD.sh 2;5028;86895651;17282
vconvert_SIMD;1400;2,5028;86895651;17282.000000
gen/tasktypes/vconvert_SIMD.sh 2;5027;86798240;17266
vconvert_SIMD;1400;2,5027;86798240;17266.000000
gen/tasktypes/vconvert_SIMD.sh 2;5023;86926352;17305
vconvert_SIMD;1400;2,5023;86926352;17305.000000

gen/tasktypes/m4x4smul.sh 2;5041;124010058;24600
m4x4smul;1400;2,5041;124010058;24600.000000
gen/tasktypes/m4x4smul.sh 2;5040;117911685;23395
m4x4smul;1400;2,5040;117911685;23395.000000
gen/tasktypes/m4x4smul.sh 2;5040;115747018;22965
m4x4smul;1400;2,5040;115747018;22965.000000

gen/tasktypes/dmul.sh 2;5035;96764401;19218
dmul;1400;2,5035;96764401;19218.000000
gen/tasktypes/dmul.sh 2;5035;96551450;19176
dmul;1400;2,5035;96551450;19176.000000
gen/tasktypes/dmul.sh 2;5039;96083921;19068
dmul;1400;2,5039;96083921;19068.000000

gen/tasktypes/dadd.sh 2;5049;102928509;20385
dadd;1400;2,5049;102928509;20385.000000
gen/tasktypes/dadd.sh 2;5048;103072246;20418
dadd;1400;2,5048;103072246;20418.000000
gen/tasktypes/dadd.sh 2;5039;103370890;20514
dadd;1400;2,5039;103370890;20514.000000

gen/tasktypes/iadd.sh 2;5038;102782330;20401
iadd;1400;2,5038;102782330;20401.000000
gen/tasktypes/iadd.sh 2;5036;103035564;20459
iadd;1400;2,5036;103035564;20459.000000
gen/tasktypes/iadd.sh 2;5028;103277385;20540
iadd;1400;2,5028;103277385;20540.000000

gen/tasktypes/imul.sh 2;5036;99218801;19701
imul;1400;2,5036;99218801;19701.000000
gen/tasktypes/imul.sh 2;5037;99279531;19710
imul;1400;2,5037;99279531;19710.000000
gen/tasktypes/imul.sh 2;5043;98881949;19607
imul;1400;2,5043;98881949;19607.000000

gen/tasktypes/icompare.sh 2;5031;109691125;21803
icompare;1400;2,5031;109691125;21803.000000
gen/tasktypes/icompare.sh 2;5026;108330778;21554
icompare;1400;2,5026;108330778;21554.000000
gen/tasktypes/icompare.sh 2;5025;107481964;21389
icompare;1400;2,5025;107481964;21389.000000

gen/tasktypes/logic.sh 2;5045;83902068;16630
logic;1400;2,5045;83902068;16630.000000
gen/tasktypes/logic.sh 2;5050;82392733;16315
logic;1400;2,5050;82392733;16315.000000
gen/tasktypes/logic.sh 2;5051;82110385;16256
logic;1400;2,5051;82110385;16256.000000

gen/tasktypes/branch.sh 2;5029;96974362;19283
branch;1400;2,5029;96974362;19283.000000
gen/tasktypes/branch.sh 2;5025;97406061;19384
branch;1400;2,5025;97406061;19384.000000
gen/tasktypes/branch.sh 2;5023;97704584;19451
branch;1400;2,5023;97704584;19451.000000

gen/tasktypes/imem.sh 2;5024;100674181;20038
imem;1400;2,5024;100674181;20038.000000
gen/tasktypes/imem.sh 2;5026;100803819;20056
imem;1400;2,5026;100803819;20056.000000
gen/tasktypes/imem.sh 2;5023;100801927;20068
imem;1400;2,5023;100801927;20068.000000

gen/tasktypes/dmem.sh 2;5038;35581513;7062
dmem;1400;2,5038;35581513;7062.000000
gen/tasktypes/dmem.sh 2;5047;38004297;7530
dmem;1400;2,5047;38004297;7530.000000
gen/tasktypes/dmem.sh 2;5040;57991123;11506
dmem;1400;2,5040;57991123;11506.000000

gen/tasktypes/imov.sh 2;5029;84456144;16793
imov;1400;2,5029;84456144;16793.000000
gen/tasktypes/imov.sh 2;5031;84851529;16865
imov;1400;2,5031;84851529;16865.000000
gen/tasktypes/imov.sh 2;5025;85790125;17072
imov;1400;2,5025;85790125;17072.000000

gen/tasktypes/shift.sh 2;5025;88469927;17605
shift;1400;2,5025;88469927;17605.000000
gen/tasktypes/shift.sh 2;5023;88676409;17654
shift;1400;2,5023;88676409;17654.000000
gen/tasktypes/shift.sh 2;5019;89593887;17850
shift;1400;2,5019;89593887;17850.000000

gen/tasktypes/bitbyte.sh 2;5019;112016803;22318
bitbyte;1400;2,5019;112016803;22318.000000
gen/tasktypes/bitbyte.sh 2;5023;108068205;21514
bitbyte;1400;2,5023;108068205;21514.000000
gen/tasktypes/bitbyte.sh 2;5031;106682955;21205
bitbyte;1400;2,5031;106682955;21205.000000

gen/tasktypes/nop.sh 2;5026;95451538;18991
nop;1400;2,5026;95451538;18991.000000
gen/tasktypes/nop.sh 2;5021;94804627;18881
nop;1400;2,5021;94804627;18881.000000
gen/tasktypes/nop.sh 2;5028;94348575;18764
nop;1400;2,5028;94348575;18764.000000

gen/tasktypes/ssub32_SIMD.sh 2;5033;117080023;23262
ssub32_SIMD;1400;2,5033;117080023;23262.000000
gen/tasktypes/ssub32_SIMD.sh 2;5033;115351023;22918
ssub32_SIMD;1400;2,5033;115351023;22918.000000
gen/tasktypes/ssub32_SIMD.sh 2;5037;113105545;22454
ssub32_SIMD;1400;2,5037;113105545;22454.000000

gen/tasktypes/m4x4smul_SIMD.sh 3;5037;134717245;26745
m4x4smul_SIMD;1400;3,5037;134717245;26745.000000
gen/tasktypes/m4x4smul_SIMD.sh 3;5042;127287210;25245
m4x4smul_SIMD;1400;3,5042;127287210;25245.000000
gen/tasktypes/m4x4smul_SIMD.sh 3;5037;125645064;24944
m4x4smul_SIMD;1400;3,5037;125645064;24944.000000

gen/tasktypes/v1x4smul_SIMD.sh 3;5030;124575426;24766
v1x4smul_SIMD;1400;3,5030;124575426;24766.000000
gen/tasktypes/v1x4smul_SIMD.sh 3;5021;122732473;24443
v1x4smul_SIMD;1400;3,5021;122732473;24443.000000
gen/tasktypes/v1x4smul_SIMD.sh 3;5042;120913081;23981
v1x4smul_SIMD;1400;3,5042;120913081;23981.000000

gen/tasktypes/dmul64_SIMD.sh 3;5036;115401743;22915
dmul64_SIMD;1400;3,5036;115401743;22915.000000
gen/tasktypes/dmul64_SIMD.sh 3;5024;116486457;23185
dmul64_SIMD;1400;3,5024;116486457;23185.000000
gen/tasktypes/dmul64_SIMD.sh 3;5049;98623466;19533
dmul64_SIMD;1400;3,5049;98623466;19533.000000

gen/tasktypes/smul32_SIMD.sh 3;5029;120754757;24011
smul32_SIMD;1400;3,5029;120754757;24011.000000
gen/tasktypes/smul32_SIMD.sh 3;5042;117698978;23343
smul32_SIMD;1400;3,5042;117698978;23343.000000
gen/tasktypes/smul32_SIMD.sh 3;5032;117193670;23289
smul32_SIMD;1400;3,5032;117193670;23289.000000

gen/tasktypes/dsub64_SIMD.sh 3;5021;116572150;23216
dsub64_SIMD;1400;3,5021;116572150;23216.000000
gen/tasktypes/dsub64_SIMD.sh 3;5033;111312154;22116
dsub64_SIMD;1400;3,5033;111312154;22116.000000
gen/tasktypes/dsub64_SIMD.sh 3;5024;116572090;23203
dsub64_SIMD;1400;3,5024;116572090;23203.000000

gen/tasktypes/dmem64_SIMD.sh 3;5042;114929089;22794
dmem64_SIMD;1400;3,5042;114929089;22794.000000
gen/tasktypes/dmem64_SIMD.sh 3;5031;115236399;22905
dmem64_SIMD;1400;3,5031;115236399;22905.000000
gen/tasktypes/dmem64_SIMD.sh 3;5020;115659860;23039
dmem64_SIMD;1400;3,5020;115659860;23039.000000

gen/tasktypes/vmov_SIMD.sh 3;5018;111019247;22124
vmov_SIMD;1400;3,5018;111019247;22124.000000
gen/tasktypes/vmov_SIMD.sh 3;5029;110140648;21901
vmov_SIMD;1400;3,5029;110140648;21901.000000
gen/tasktypes/vmov_SIMD.sh 3;5046;109219508;21644
vmov_SIMD;1400;3,5046;109219508;21644.000000

gen/tasktypes/vconvert_SIMD.sh 3;5035;101267502;20112
vconvert_SIMD;1400;3,5035;101267502;20112.000000
gen/tasktypes/vconvert_SIMD.sh 3;5035;100955797;20050
vconvert_SIMD;1400;3,5035;100955797;20050.000000
gen/tasktypes/vconvert_SIMD.sh 3;5053;101118394;20011
vconvert_SIMD;1400;3,5053;101118394;20011.000000

gen/tasktypes/m4x4smul.sh 3;5043;126020185;24989
m4x4smul;1400;3,5043;126020185;24989.000000
gen/tasktypes/m4x4smul.sh 3;5058;118889771;23505
m4x4smul;1400;3,5058;118889771;23505.000000
gen/tasktypes/m4x4smul.sh 3;5041;120743343;23952
m4x4smul;1400;3,5041;120743343;23952.000000

gen/tasktypes/dmul.sh 3;5049;113847487;22548
dmul;1400;3,5049;113847487;22548.000000
gen/tasktypes/dmul.sh 3;5033;113720046;22594
dmul;1400;3,5033;113720046;22594.000000
gen/tasktypes/dmul.sh 3;5050;114146986;22603
dmul;1400;3,5050;114146986;22603.000000

gen/tasktypes/dadd.sh 3;5044;119150391;23622
dadd;1400;3,5044;119150391;23622.000000
gen/tasktypes/dadd.sh 3;5040;117867069;23386
dadd;1400;3,5040;117867069;23386.000000
gen/tasktypes/dadd.sh 3;5040;118118838;23436
dadd;1400;3,5040;118118838;23436.000000

gen/tasktypes/iadd.sh 3;5043;112030719;22215
iadd;1400;3,5043;112030719;22215.000000
gen/tasktypes/iadd.sh 3;5036;112357928;22310
iadd;1400;3,5036;112357928;22310.000000
gen/tasktypes/iadd.sh 3;5036;113095536;22457
iadd;1400;3,5036;113095536;22457.000000

gen/tasktypes/imul.sh 3;5040;111975482;22217
imul;1400;3,5040;111975482;22217.000000
gen/tasktypes/imul.sh 3;5025;112915422;22470
imul;1400;3,5025;112915422;22470.000000
gen/tasktypes/imul.sh 3;5043;98704764;19572
imul;1400;3,5043;98704764;19572.000000

gen/tasktypes/icompare.sh 3;5047;114730358;22732
icompare;1400;3,5047;114730358;22732.000000
gen/tasktypes/icompare.sh 3;5021;114827404;22869
icompare;1400;3,5021;114827404;22869.000000
gen/tasktypes/icompare.sh 3;5022;114222181;22744
icompare;1400;3,5022;114222181;22744.000000

gen/tasktypes/logic.sh 3;5053;97176510;19231
logic;1400;3,5053;97176510;19231.000000
gen/tasktypes/logic.sh 3;5043;95981688;19032
logic;1400;3,5043;95981688;19032.000000
gen/tasktypes/logic.sh 3;5055;96156797;19022
logic;1400;3,5055;96156797;19022.000000

gen/tasktypes/branch.sh 3;5028;112479754;22370
branch;1400;3,5028;112479754;22370.000000
gen/tasktypes/branch.sh 3;5021;114617139;22827
branch;1400;3,5021;114617139;22827.000000
gen/tasktypes/branch.sh 3;5033;113481949;22547
branch;1400;3,5033;113481949;22547.000000

gen/tasktypes/imem.sh 3;5031;118110904;23476
imem;1400;3,5031;118110904;23476.000000
gen/tasktypes/imem.sh 3;5043;118585268;23514
imem;1400;3,5043;118585268;23514.000000
gen/tasktypes/imem.sh 3;5023;119489502;23788
imem;1400;3,5023;119489502;23788.000000

gen/tasktypes/dmem.sh 3;5050;72778256;14411
dmem;1400;3,5050;72778256;14411.000000
gen/tasktypes/dmem.sh 3;5043;66969983;13279
dmem;1400;3,5043;66969983;13279.000000
gen/tasktypes/dmem.sh 3;5051;73024166;14457
dmem;1400;3,5051;73024166;14457.000000

gen/tasktypes/imov.sh 3;5035;99972217;19855
imov;1400;3,5035;99972217;19855.000000
gen/tasktypes/imov.sh 3;5036;100329577;19922
imov;1400;3,5036;100329577;19922.000000
gen/tasktypes/imov.sh 3;5036;100588976;19973
imov;1400;3,5036;100588976;19973.000000

gen/tasktypes/shift.sh 3;5028;104703346;20824
shift;1400;3,5028;104703346;20824.000000
gen/tasktypes/shift.sh 3;5022;106343966;21175
shift;1400;3,5022;106343966;21175.000000
gen/tasktypes/shift.sh 3;5044;104484840;20714
shift;1400;3,5044;104484840;20714.000000

gen/tasktypes/bitbyte.sh 3;5036;118178592;23466
bitbyte;1400;3,5036;118178592;23466.000000
gen/tasktypes/bitbyte.sh 3;5030;115817758;23025
bitbyte;1400;3,5030;115817758;23025.000000
gen/tasktypes/bitbyte.sh 3;5022;114747570;22848
bitbyte;1400;3,5022;114747570;22848.000000

gen/tasktypes/nop.sh 3;5021;113443618;22593
nop;1400;3,5021;113443618;22593.000000
gen/tasktypes/nop.sh 3;5031;112266009;22314
nop;1400;3,5031;112266009;22314.000000
gen/tasktypes/nop.sh 3;5044;112044574;22213
nop;1400;3,5044;112044574;22213.000000

gen/tasktypes/ssub32_SIMD.sh 3;5051;119334289;23625
ssub32_SIMD;1400;3,5051;119334289;23625.000000
gen/tasktypes/ssub32_SIMD.sh 3;5047;117495183;23280
ssub32_SIMD;1400;3,5047;117495183;23280.000000
gen/tasktypes/ssub32_SIMD.sh 3;5037;116460762;23121
ssub32_SIMD;1400;3,5037;116460762;23121.000000

gen/tasktypes/m4x4smul_SIMD.sh 4;5041;141357487;28041
m4x4smul_SIMD;1400;4,5041;141357487;28041.000000
gen/tasktypes/m4x4smul_SIMD.sh 4;5045;135368184;26832
m4x4smul_SIMD;1400;4,5045;135368184;26832.000000
gen/tasktypes/m4x4smul_SIMD.sh 4;5049;129731174;25694
m4x4smul_SIMD;1400;4,5049;129731174;25694.000000

gen/tasktypes/v1x4smul_SIMD.sh 4;5024;130339571;25943
v1x4smul_SIMD;1400;4,5024;130339571;25943.000000
gen/tasktypes/v1x4smul_SIMD.sh 4;5033;129542576;25738
v1x4smul_SIMD;1400;4,5033;129542576;25738.000000
gen/tasktypes/v1x4smul_SIMD.sh 4;5028;126966716;25251
v1x4smul_SIMD;1400;4,5028;126966716;25251.000000

gen/tasktypes/dmul64_SIMD.sh 4;5026;113935744;22669
dmul64_SIMD;1400;4,5026;113935744;22669.000000
gen/tasktypes/dmul64_SIMD.sh 4;5022;123972094;24685
dmul64_SIMD;1400;4,5022;123972094;24685.000000
gen/tasktypes/dmul64_SIMD.sh 4;5038;123251882;24464
dmul64_SIMD;1400;4,5038;123251882;24464.000000

gen/tasktypes/smul32_SIMD.sh 4;5051;105481664;20883
smul32_SIMD;1400;4,5051;105481664;20883.000000
gen/tasktypes/smul32_SIMD.sh 4;5047;127463602;25255
smul32_SIMD;1400;4,5047;127463602;25255.000000
gen/tasktypes/smul32_SIMD.sh 4;5036;125712264;24962
smul32_SIMD;1400;4,5036;125712264;24962.000000

gen/tasktypes/dsub64_SIMD.sh 4;5036;123618580;24546
dsub64_SIMD;1400;4,5036;123618580;24546.000000
gen/tasktypes/dsub64_SIMD.sh 4;5026;123592884;24590
dsub64_SIMD;1400;4,5026;123592884;24590.000000
gen/tasktypes/dsub64_SIMD.sh 4;5039;122672782;24344
dsub64_SIMD;1400;4,5039;122672782;24344.000000

gen/tasktypes/dmem64_SIMD.sh 4;5040;122104851;24227
dmem64_SIMD;1400;4,5040;122104851;24227.000000
gen/tasktypes/dmem64_SIMD.sh 4;5046;121951653;24167
dmem64_SIMD;1400;4,5046;121951653;24167.000000
gen/tasktypes/dmem64_SIMD.sh 4;5046;122150138;24207
dmem64_SIMD;1400;4,5046;122150138;24207.000000

gen/tasktypes/vmov_SIMD.sh 4;5036;127258585;25269
vmov_SIMD;1400;4,5036;127258585;25269.000000
gen/tasktypes/vmov_SIMD.sh 4;5034;126069136;25043
vmov_SIMD;1400;4,5034;126069136;25043.000000
gen/tasktypes/vmov_SIMD.sh 4;5037;125929549;25000
vmov_SIMD;1400;4,5037;125929549;25000.000000

gen/tasktypes/vconvert_SIMD.sh 4;5054;122156853;24170
vconvert_SIMD;1400;4,5054;122156853;24170.000000
gen/tasktypes/vconvert_SIMD.sh 4;5024;123361135;24554
vconvert_SIMD;1400;4,5024;123361135;24554.000000
gen/tasktypes/vconvert_SIMD.sh 4;5037;117647709;23356
vconvert_SIMD;1400;4,5037;117647709;23356.000000

gen/tasktypes/m4x4smul.sh 4;5056;124533861;24630
m4x4smul;1400;4,5056;124533861;24630.000000
gen/tasktypes/m4x4smul.sh 4;5061;120334409;23776
m4x4smul;1400;4,5061;120334409;23776.000000
gen/tasktypes/m4x4smul.sh 4;5042;123978320;24589
m4x4smul;1400;4,5042;123978320;24589.000000

gen/tasktypes/dmul.sh 4;5033;124688218;24774
dmul;1400;4,5033;124688218;24774.000000
gen/tasktypes/dmul.sh 4;5039;123407888;24490
dmul;1400;4,5039;123407888;24490.000000
gen/tasktypes/dmul.sh 4;5046;123418325;24458
dmul;1400;4,5046;123418325;24458.000000

gen/tasktypes/dadd.sh 4;5050;124145068;24583
dadd;1400;4,5050;124145068;24583.000000
gen/tasktypes/dadd.sh 4;5058;123290639;24375
dadd;1400;4,5058;123290639;24375.000000
gen/tasktypes/dadd.sh 4;5040;123594777;24522
dadd;1400;4,5040;123594777;24522.000000

gen/tasktypes/iadd.sh 4;5036;100696886;19995
iadd;1400;4,5036;100696886;19995.000000
gen/tasktypes/iadd.sh 4;5041;123035207;24406
iadd;1400;4,5041;123035207;24406.000000
gen/tasktypes/iadd.sh 4;5041;111705158;22159
iadd;1400;4,5041;111705158;22159.000000

gen/tasktypes/imul.sh 4;5043;118089176;23416
imul;1400;4,5043;118089176;23416.000000
gen/tasktypes/imul.sh 4;5043;120853023;23964
imul;1400;4,5043;120853023;23964.000000
gen/tasktypes/imul.sh 4;5043;120281370;23851
imul;1400;4,5043;120281370;23851.000000

gen/tasktypes/icompare.sh 4;5053;120224362;23792
icompare;1400;4,5053;120224362;23792.000000
gen/tasktypes/icompare.sh 4;5050;119530028;23669
icompare;1400;4,5050;119530028;23669.000000
gen/tasktypes/icompare.sh 4;5038;119596984;23738
icompare;1400;4,5038;119596984;23738.000000

gen/tasktypes/logic.sh 4;5061;126897503;25073
logic;1400;4,5061;126897503;25073.000000
gen/tasktypes/logic.sh 4;5035;126124006;25049
logic;1400;4,5035;126124006;25049.000000
gen/tasktypes/logic.sh 4;5057;100195056;19813
logic;1400;4,5057;100195056;19813.000000

gen/tasktypes/branch.sh 4;5031;106694978;21207
branch;1400;4,5031;106694978;21207.000000
gen/tasktypes/branch.sh 4;5043;127160930;25215
branch;1400;4,5043;127160930;25215.000000
gen/tasktypes/branch.sh 4;5018;125066819;24923
branch;1400;4,5018;125066819;24923.000000

gen/tasktypes/imem.sh 4;5032;126558209;25150
imem;1400;4,5032;126558209;25150.000000
gen/tasktypes/imem.sh 4;5034;124600206;24751
imem;1400;4,5034;124600206;24751.000000
gen/tasktypes/imem.sh 4;5021;124045581;24705
imem;1400;4,5021;124045581;24705.000000

gen/tasktypes/dmem.sh 4;5043;133749841;26521
dmem;1400;4,5043;133749841;26521.000000
gen/tasktypes/dmem.sh 4;5048;105501805;20899
dmem;1400;4,5048;105501805;20899.000000
gen/tasktypes/dmem.sh 4;5046;96373533;19098
dmem;1400;4,5046;96373533;19098.000000

gen/tasktypes/imov.sh 4;5036;126713970;25161
imov;1400;4,5036;126713970;25161.000000
gen/tasktypes/imov.sh 4;5030;124199084;24691
imov;1400;4,5030;124199084;24691.000000
gen/tasktypes/imov.sh 4;5039;121812676;24173
imov;1400;4,5039;121812676;24173.000000

gen/tasktypes/shift.sh 4;5043;118956971;23588
shift;1400;4,5043;118956971;23588.000000
gen/tasktypes/shift.sh 4;5031;119829893;23818
shift;1400;4,5031;119829893;23818.000000
gen/tasktypes/shift.sh 4;5031;119797545;23811
shift;1400;4,5031;119797545;23811.000000

gen/tasktypes/bitbyte.sh 4;5056;114652904;22676
bitbyte;1400;4,5056;114652904;22676.000000
gen/tasktypes/bitbyte.sh 4;5031;115538827;22965
bitbyte;1400;4,5031;115538827;22965.000000
gen/tasktypes/bitbyte.sh 4;5040;115454966;22907
bitbyte;1400;4,5040;115454966;22907.000000

gen/tasktypes/nop.sh 4;5029;128635718;25578
nop;1400;4,5029;128635718;25578.000000
gen/tasktypes/nop.sh 4;5046;126490643;25067
nop;1400;4,5046;126490643;25067.000000
gen/tasktypes/nop.sh 4;5046;124813279;24735
nop;1400;4,5046;124813279;24735.000000

gen/tasktypes/ssub32_SIMD.sh 4;5037;119888975;23801
ssub32_SIMD;1400;4,5037;119888975;23801.000000
gen/tasktypes/ssub32_SIMD.sh 4;5036;120307004;23889
ssub32_SIMD;1400;4,5036;120307004;23889.000000
gen/tasktypes/ssub32_SIMD.sh 4;5036;120085569;23845
ssub32_SIMD;1400;4,5036;120085569;23845.000000

gen/tasktypes/m4x4smul_SIMD.sh 1;5038;63991780;12701
m4x4smul_SIMD;1800;1,5038;63991780;12701.000000
gen/tasktypes/m4x4smul_SIMD.sh 1;5036;70527834;14004
m4x4smul_SIMD;1800;1,5036;70527834;14004.000000
gen/tasktypes/m4x4smul_SIMD.sh 1;5029;74167351;14747
m4x4smul_SIMD;1800;1,5029;74167351;14747.000000

gen/tasktypes/v1x4smul_SIMD.sh 1;5022;71610107;14259
v1x4smul_SIMD;1800;1,5022;71610107;14259.000000
gen/tasktypes/v1x4smul_SIMD.sh 1;5020;71657104;14274
v1x4smul_SIMD;1800;1,5020;71657104;14274.000000
gen/tasktypes/v1x4smul_SIMD.sh 1;5023;71145021;14163
v1x4smul_SIMD;1800;1,5023;71145021;14163.000000

gen/tasktypes/dmul64_SIMD.sh 1;5025;69859990;13902
dmul64_SIMD;1800;1,5025;69859990;13902.000000
gen/tasktypes/dmul64_SIMD.sh 1;5027;68704169;13667
dmul64_SIMD;1800;1,5027;68704169;13667.000000
gen/tasktypes/dmul64_SIMD.sh 1;5025;68636909;13659
dmul64_SIMD;1800;1,5025;68636909;13659.000000

gen/tasktypes/smul32_SIMD.sh 1;5026;71681335;14262
smul32_SIMD;1800;1,5026;71681335;14262.000000
gen/tasktypes/smul32_SIMD.sh 1;5026;60857327;12108
smul32_SIMD;1800;1,5026;60857327;12108.000000
gen/tasktypes/smul32_SIMD.sh 1;5024;71553345;14242
smul32_SIMD;1800;1,5024;71553345;14242.000000

gen/tasktypes/dsub64_SIMD.sh 1;5026;68539986;13637
dsub64_SIMD;1800;1,5026;68539986;13637.000000
gen/tasktypes/dsub64_SIMD.sh 1;5023;68520027;13641
dsub64_SIMD;1800;1,5023;68520027;13641.000000
gen/tasktypes/dsub64_SIMD.sh 1;5026;68448616;13618
dsub64_SIMD;1800;1,5026;68448616;13618.000000

gen/tasktypes/dmem64_SIMD.sh 1;5024;65227982;12983
dmem64_SIMD;1800;1,5024;65227982;12983.000000
gen/tasktypes/dmem64_SIMD.sh 1;5024;65279069;12993
dmem64_SIMD;1800;1,5024;65279069;12993.000000
gen/tasktypes/dmem64_SIMD.sh 1;5024;63626119;12664
dmem64_SIMD;1800;1,5024;63626119;12664.000000

gen/tasktypes/vmov_SIMD.sh 1;5022;57743077;11498
vmov_SIMD;1800;1,5022;57743077;11498.000000
gen/tasktypes/vmov_SIMD.sh 1;5026;57418188;11424
vmov_SIMD;1800;1,5026;57418188;11424.000000
gen/tasktypes/vmov_SIMD.sh 1;5025;57417822;11426
vmov_SIMD;1800;1,5025;57417822;11426.000000

gen/tasktypes/vconvert_SIMD.sh 1;5023;54324202;10815
vconvert_SIMD;1800;1,5023;54324202;10815.000000
gen/tasktypes/vconvert_SIMD.sh 1;5023;54165511;10783
vconvert_SIMD;1800;1,5023;54165511;10783.000000
gen/tasktypes/vconvert_SIMD.sh 1;5025;54271590;10800
vconvert_SIMD;1800;1,5025;54271590;10800.000000

gen/tasktypes/m4x4smul.sh 1;5038;81809422;16238
m4x4smul;1800;1,5038;81809422;16238.000000
gen/tasktypes/m4x4smul.sh 1;5034;83271576;16541
m4x4smul;1800;1,5034;83271576;16541.000000
gen/tasktypes/m4x4smul.sh 1;5042;83582794;16577
m4x4smul;1800;1,5042;83582794;16577.000000

gen/tasktypes/dmul.sh 1;5033;59503571;11822
dmul;1800;1,5033;59503571;11822.000000
gen/tasktypes/dmul.sh 1;5033;59163362;11755
dmul;1800;1,5033;59163362;11755.000000
gen/tasktypes/dmul.sh 1;5033;59096712;11741
dmul;1800;1,5033;59096712;11741.000000

gen/tasktypes/dadd.sh 1;5034;62432274;12402
dadd;1800;1,5034;62432274;12402.000000
gen/tasktypes/dadd.sh 1;5034;62355614;12386
dadd;1800;1,5034;62355614;12386.000000
gen/tasktypes/dadd.sh 1;5033;62330224;12384
dadd;1800;1,5033;62330224;12384.000000

gen/tasktypes/iadd.sh 1;5029;61725367;12273
iadd;1800;1,5029;61725367;12273.000000
gen/tasktypes/iadd.sh 1;5027;61857874;12305
iadd;1800;1,5027;61857874;12305.000000
gen/tasktypes/iadd.sh 1;5027;61978784;12329
iadd;1800;1,5027;61978784;12329.000000

gen/tasktypes/imul.sh 1;5027;60179106;11971
imul;1800;1,5027;60179106;11971.000000
gen/tasktypes/imul.sh 1;5028;60431547;12019
imul;1800;1,5028;60431547;12019.000000
gen/tasktypes/imul.sh 1;5030;60344389;11996
imul;1800;1,5030;60344389;11996.000000

gen/tasktypes/icompare.sh 1;5027;73898981;14700
icompare;1800;1,5027;73898981;14700.000000
gen/tasktypes/icompare.sh 1;5023;74232049;14778
icompare;1800;1,5023;74232049;14778.000000
gen/tasktypes/icompare.sh 1;5024;74294000;14787
icompare;1800;1,5024;74294000;14787.000000

gen/tasktypes/logic.sh 1;5032;52696764;10472
logic;1800;1,5032;52696764;10472.000000
gen/tasktypes/logic.sh 1;5041;51878041;10291
logic;1800;1,5041;51878041;10291.000000
gen/tasktypes/logic.sh 1;5046;51201590;10146
logic;1800;1,5046;51201590;10146.000000

gen/tasktypes/branch.sh 1;5027;58280918;11593
branch;1800;1,5027;58280918;11593.000000
gen/tasktypes/branch.sh 1;5024;58571322;11658
branch;1800;1,5024;58571322;11658.000000
gen/tasktypes/branch.sh 1;5022;58424533;11633
branch;1800;1,5022;58424533;11633.000000

gen/tasktypes/imem.sh 1;5018;60215178;11999
imem;1800;1,5018;60215178;11999.000000
gen/tasktypes/imem.sh 1;5020;60274687;12006
imem;1800;1,5020;60274687;12006.000000
gen/tasktypes/imem.sh 1;5024;60169280;11976
imem;1800;1,5024;60169280;11976.000000

gen/tasktypes/dmem.sh 1;5038;22439762;4454
dmem;1800;1,5038;22439762;4454.000000
gen/tasktypes/dmem.sh 1;5041;21961797;4356
dmem;1800;1,5041;21961797;4356.000000
gen/tasktypes/dmem.sh 1;5044;21627447;4287
dmem;1800;1,5044;21627447;4287.000000

gen/tasktypes/imov.sh 1;5032;51711355;10276
imov;1800;1,5032;51711355;10276.000000
gen/tasktypes/imov.sh 1;5023;52242359;10400
imov;1800;1,5023;52242359;10400.000000
gen/tasktypes/imov.sh 1;5025;52376269;10423
imov;1800;1,5025;52376269;10423.000000

gen/tasktypes/shift.sh 1;5027;53758285;10693
shift;1800;1,5027;53758285;10693.000000
gen/tasktypes/shift.sh 1;5030;53708054;10677
shift;1800;1,5030;53708054;10677.000000
gen/tasktypes/shift.sh 1;5026;53778183;10699
shift;1800;1,5026;53778183;10699.000000

gen/tasktypes/bitbyte.sh 1;5024;66233168;13183
bitbyte;1800;1,5024;66233168;13183.000000
gen/tasktypes/bitbyte.sh 1;5025;66570692;13247
bitbyte;1800;1,5025;66570692;13247.000000
gen/tasktypes/bitbyte.sh 1;5026;66802991;13291
bitbyte;1800;1,5026;66802991;13291.000000

gen/tasktypes/nop.sh 1;5023;56929724;11333
nop;1800;1,5023;56929724;11333.000000
gen/tasktypes/nop.sh 1;5021;56896339;11331
nop;1800;1,5021;56896339;11331.000000
gen/tasktypes/nop.sh 1;5020;57019080;11358
nop;1800;1,5020;57019080;11358.000000

gen/tasktypes/ssub32_SIMD.sh 1;5026;67891794;13508
ssub32_SIMD;1800;1,5026;67891794;13508.000000
gen/tasktypes/ssub32_SIMD.sh 1;5026;67870737;13503
ssub32_SIMD;1800;1,5026;67870737;13503.000000
gen/tasktypes/ssub32_SIMD.sh 1;5028;67902230;13504
ssub32_SIMD;1800;1,5028;67902230;13504.000000

gen/tasktypes/m4x4smul_SIMD.sh 2;5034;112199115;22288
m4x4smul_SIMD;1800;2,5034;112199115;22288.000000
gen/tasktypes/m4x4smul_SIMD.sh 2;5035;114138257;22668
m4x4smul_SIMD;1800;2,5035;114138257;22668.000000
gen/tasktypes/m4x4smul_SIMD.sh 2;5036;115229380;22881
m4x4smul_SIMD;1800;2,5036;115229380;22881.000000

gen/tasktypes/v1x4smul_SIMD.sh 2;5025;109664575;21823
v1x4smul_SIMD;1800;2,5025;109664575;21823.000000
gen/tasktypes/v1x4smul_SIMD.sh 2;5023;110577475;22014
v1x4smul_SIMD;1800;2,5023;110577475;22014.000000
gen/tasktypes/v1x4smul_SIMD.sh 2;5018;111591389;22238
v1x4smul_SIMD;1800;2,5018;111591389;22238.000000

gen/tasktypes/dmul64_SIMD.sh 2;5022;110220482;21947
dmul64_SIMD;1800;2,5022;110220482;21947.000000
gen/tasktypes/dmul64_SIMD.sh 2;5025;110730795;22035
dmul64_SIMD;1800;2,5025;110730795;22035.000000
gen/tasktypes/dmul64_SIMD.sh 2;5028;110693930;22015
dmul64_SIMD;1800;2,5028;110693930;22015.000000

gen/tasktypes/smul32_SIMD.sh 2;5028;116639655;23198
smul32_SIMD;1800;2,5028;116639655;23198.000000
gen/tasktypes/smul32_SIMD.sh 2;5024;115480478;22985
smul32_SIMD;1800;2,5024;115480478;22985.000000
gen/tasktypes/smul32_SIMD.sh 2;5029;113761610;22621
smul32_SIMD;1800;2,5029;113761610;22621.000000

gen/tasktypes/dsub64_SIMD.sh 2;5029;111336507;22138
dsub64_SIMD;1800;2,5029;111336507;22138.000000
gen/tasktypes/dsub64_SIMD.sh 2;5029;110813559;22034
dsub64_SIMD;1800;2,5029;110813559;22034.000000
gen/tasktypes/dsub64_SIMD.sh 2;5024;110311363;21956
dsub64_SIMD;1800;2,5024;110311363;21956.000000

gen/tasktypes/dmem64_SIMD.sh 2;5027;105691502;21024
dmem64_SIMD;1800;2,5027;105691502;21024.000000
gen/tasktypes/dmem64_SIMD.sh 2;5028;105556431;20993
dmem64_SIMD;1800;2,5028;105556431;20993.000000
gen/tasktypes/dmem64_SIMD.sh 2;5027;105476049;20981
dmem64_SIMD;1800;2,5027;105476049;20981.000000

gen/tasktypes/vmov_SIMD.sh 2;5028;94711306;18836
vmov_SIMD;1800;2,5028;94711306;18836.000000
gen/tasktypes/vmov_SIMD.sh 2;5025;93866581;18679
vmov_SIMD;1800;2,5025;93866581;18679.000000
gen/tasktypes/vmov_SIMD.sh 2;5028;93534672;18602
vmov_SIMD;1800;2,5028;93534672;18602.000000

gen/tasktypes/vconvert_SIMD.sh 2;5030;86899680;17276
vconvert_SIMD;1800;2,5030;86899680;17276.000000
gen/tasktypes/vconvert_SIMD.sh 2;5029;86788779;17257
vconvert_SIMD;1800;2,5029;86788779;17257.000000
gen/tasktypes/vconvert_SIMD.sh 2;5035;86533409;17186
vconvert_SIMD;1800;2,5035;86533409;17186.000000

gen/tasktypes/m4x4smul.sh 2;5038;123385854;24491
m4x4smul;1800;2,5038;123385854;24491.000000
gen/tasktypes/m4x4smul.sh 2;5050;117816898;23330
m4x4smul;1800;2,5050;117816898;23330.000000
gen/tasktypes/m4x4smul.sh 2;5042;115225047;22853
m4x4smul;1800;2,5042;115225047;22853.000000

gen/tasktypes/dmul.sh 2;5033;97012630;19275
dmul;1800;2,5033;97012630;19275.000000
gen/tasktypes/dmul.sh 2;5030;96614804;19207
dmul;1800;2,5030;96614804;19207.000000
gen/tasktypes/dmul.sh 2;5038;96384458;19131
dmul;1800;2,5038;96384458;19131.000000

gen/tasktypes/dadd.sh 2;5038;103460062;20535
dadd;1800;2,5038;103460062;20535.000000
gen/tasktypes/dadd.sh 2;5035;103524576;20560
dadd;1800;2,5035;103524576;20560.000000
gen/tasktypes/dadd.sh 2;5044;103496683;20518
dadd;1800;2,5044;103496683;20518.000000

gen/tasktypes/iadd.sh 2;5042;102863445;20401
iadd;1800;2,5042;102863445;20401.000000
gen/tasktypes/iadd.sh 2;5033;103354472;20535
iadd;1800;2,5033;103354472;20535.000000
gen/tasktypes/iadd.sh 2;5037;103652933;20578
iadd;1800;2,5037;103652933;20578.000000

gen/tasktypes/imul.sh 2;5032;99155753;19705
imul;1800;2,5032;99155753;19705.000000
gen/tasktypes/imul.sh 2;5030;99373708;19756
imul;1800;2,5030;99373708;19756.000000
gen/tasktypes/imul.sh 2;5030;99299611;19741
imul;1800;2,5030;99299611;19741.000000

gen/tasktypes/icompare.sh 2;5029;108374051;21549
icompare;1800;2,5029;108374051;21549.000000
gen/tasktypes/icompare.sh 2;5029;106736055;21224
icompare;1800;2,5029;106736055;21224.000000
gen/tasktypes/icompare.sh 2;5032;105751011;21015
icompare;1800;2,5032;105751011;21015.000000

gen/tasktypes/logic.sh 2;5038;83922453;16657
logic;1800;2,5038;83922453;16657.000000
gen/tasktypes/logic.sh 2;5041;82854769;16436
logic;1800;2,5041;82854769;16436.000000
gen/tasktypes/logic.sh 2;5040;82304111;16330
logic;1800;2,5040;82304111;16330.000000

gen/tasktypes/branch.sh 2;5030;97070735;19298
branch;1800;2,5030;97070735;19298.000000
gen/tasktypes/branch.sh 2;5024;97509577;19408
branch;1800;2,5024;97509577;19408.000000
gen/tasktypes/branch.sh 2;5022;97760858;19466
branch;1800;2,5022;97760858;19466.000000

gen/tasktypes/imem.sh 2;5020;100680895;20055
imem;1800;2,5020;100680895;20055.000000
gen/tasktypes/imem.sh 2;5024;100969224;20097
imem;1800;2,5024;100969224;20097.000000
gen/tasktypes/imem.sh 2;5023;99842945;19877
imem;1800;2,5023;99842945;19877.000000

gen/tasktypes/dmem.sh 2;5041;37183925;7376
dmem;1800;2,5041;37183925;7376.000000
gen/tasktypes/dmem.sh 2;5044;58710482;11639
dmem;1800;2,5044;58710482;11639.000000
gen/tasktypes/dmem.sh 2;5036;29267503;5811
dmem;1800;2,5036;29267503;5811.000000

gen/tasktypes/imov.sh 2;5028;84587247;16823
imov;1800;2,5028;84587247;16823.000000
gen/tasktypes/imov.sh 2;5024;84880764;16895
imov;1800;2,5024;84880764;16895.000000
gen/tasktypes/imov.sh 2;5022;85433375;17011
imov;1800;2,5022;85433375;17011.000000

gen/tasktypes/shift.sh 2;5027;88258869;17556
shift;1800;2,5027;88258869;17556.000000
gen/tasktypes/shift.sh 2;5025;88558245;17623
shift;1800;2,5025;88558245;17623.000000
gen/tasktypes/shift.sh 2;5023;88991899;17716
shift;1800;2,5023;88991899;17716.000000

gen/tasktypes/bitbyte.sh 2;5022;112266131;22354
bitbyte;1800;2,5022;112266131;22354.000000
gen/tasktypes/bitbyte.sh 2;5019;108567959;21631
bitbyte;1800;2,5019;108567959;21631.000000
gen/tasktypes/bitbyte.sh 2;5019;106836213;21286
bitbyte;1800;2,5019;106836213;21286.000000

gen/tasktypes/nop.sh 2;5019;96248411;19176
nop;1800;2,5019;96248411;19176.000000
gen/tasktypes/nop.sh 2;5021;95287354;18977
nop;1800;2,5021;95287354;18977.000000
gen/tasktypes/nop.sh 2;5020;94901369;18904
nop;1800;2,5020;94901369;18904.000000

gen/tasktypes/ssub32_SIMD.sh 2;5023;117288701;23350
ssub32_SIMD;1800;2,5023;117288701;23350.000000
gen/tasktypes/ssub32_SIMD.sh 2;5024;114450208;22780
ssub32_SIMD;1800;2,5024;114450208;22780.000000
gen/tasktypes/ssub32_SIMD.sh 2;5025;112274188;22343
ssub32_SIMD;1800;2,5025;112274188;22343.000000

gen/tasktypes/m4x4smul_SIMD.sh 3;5048;134193382;26583
m4x4smul_SIMD;1800;3,5048;134193382;26583.000000
gen/tasktypes/m4x4smul_SIMD.sh 3;5043;127022380;25187
m4x4smul_SIMD;1800;3,5043;127022380;25187.000000
gen/tasktypes/m4x4smul_SIMD.sh 3;5039;125126816;24831
m4x4smul_SIMD;1800;3,5039;125126816;24831.000000

gen/tasktypes/v1x4smul_SIMD.sh 3;5026;122479850;24369
v1x4smul_SIMD;1800;3,5026;122479850;24369.000000
gen/tasktypes/v1x4smul_SIMD.sh 3;5030;121788567;24212
v1x4smul_SIMD;1800;3,5030;121788567;24212.000000
gen/tasktypes/v1x4smul_SIMD.sh 3;5027;120754269;24021
v1x4smul_SIMD;1800;3,5027;120754269;24021.000000

gen/tasktypes/dmul64_SIMD.sh 3;5021;115330515;22969
dmul64_SIMD;1800;3,5021;115330515;22969.000000
gen/tasktypes/dmul64_SIMD.sh 3;5042;114768200;22762
dmul64_SIMD;1800;3,5042;114768200;22762.000000
gen/tasktypes/dmul64_SIMD.sh 3;5037;114866466;22804
dmul64_SIMD;1800;3,5037;114866466;22804.000000

gen/tasktypes/smul32_SIMD.sh 3;5031;105915561;21052
smul32_SIMD;1800;3,5031;105915561;21052.000000
gen/tasktypes/smul32_SIMD.sh 3;5051;117682682;23298
smul32_SIMD;1800;3,5051;117682682;23298.000000
gen/tasktypes/smul32_SIMD.sh 3;5027;117059820;23286
smul32_SIMD;1800;3,5027;117059820;23286.000000

gen/tasktypes/dsub64_SIMD.sh 3;5024;115805062;23050
dsub64_SIMD;1800;3,5024;115805062;23050.000000
gen/tasktypes/dsub64_SIMD.sh 3;5038;115006724;22827
dsub64_SIMD;1800;3,5038;115006724;22827.000000
gen/tasktypes/dsub64_SIMD.sh 3;5048;114127455;22608
dsub64_SIMD;1800;3,5048;114127455;22608.000000

gen/tasktypes/dmem64_SIMD.sh 3;5033;114361646;22722
dmem64_SIMD;1800;3,5033;114361646;22722.000000
gen/tasktypes/dmem64_SIMD.sh 3;5036;114642957;22764
dmem64_SIMD;1800;3,5036;114642957;22764.000000
gen/tasktypes/dmem64_SIMD.sh 3;5034;114634106;22771
dmem64_SIMD;1800;3,5034;114634106;22771.000000

gen/tasktypes/vmov_SIMD.sh 3;5035;109847741;21816
vmov_SIMD;1800;3,5035;109847741;21816.000000
gen/tasktypes/vmov_SIMD.sh 3;5034;109433680;21738
vmov_SIMD;1800;3,5034;109433680;21738.000000