app;cpufreq;Parallelitätsgrad;Dauer; power;leistung
gen/tasktypes/m4x4smul_SIMD.sh 1;5059;64780718;12805
m4x4smul_SIMD;2400;1,5059;64780718;12805.000000
gen/tasktypes/m4x4smul_SIMD.sh 1;5037;65877151;13078
m4x4smul_SIMD;2400;1,5037;65877151;13078.000000
gen/tasktypes/m4x4smul_SIMD.sh 1;5030;66687695;13257
m4x4smul_SIMD;2400;1,5030;66687695;13257.000000

gen/tasktypes/v1x4smul_SIMD.sh 1;5026;64579852;12849
v1x4smul_SIMD;2400;1,5026;64579852;12849.000000
gen/tasktypes/v1x4smul_SIMD.sh 1;5019;63931843;12737
v1x4smul_SIMD;2400;1,5019;63931843;12737.000000
gen/tasktypes/v1x4smul_SIMD.sh 1;5025;64634966;12862
v1x4smul_SIMD;2400;1,5025;64634966;12862.000000

gen/tasktypes/dmul64_SIMD.sh 1;5028;63719625;12672
dmul64_SIMD;2400;1,5028;63719625;12672.000000
gen/tasktypes/dmul64_SIMD.sh 1;5025;63675984;12671
dmul64_SIMD;2400;1,5025;63675984;12671.000000
gen/tasktypes/dmul64_SIMD.sh 1;5025;63702351;12677
dmul64_SIMD;2400;1,5025;63702351;12677.000000

gen/tasktypes/smul32_SIMD.sh 1;5025;66900341;13313
smul32_SIMD;2400;1,5025;66900341;13313.000000
gen/tasktypes/smul32_SIMD.sh 1;5023;54634198;10876
smul32_SIMD;2400;1,5023;54634198;10876.000000
gen/tasktypes/smul32_SIMD.sh 1;5024;66334486;13203
smul32_SIMD;2400;1,5024;66334486;13203.000000

gen/tasktypes/dsub64_SIMD.sh 1;5024;64605303;12859
dsub64_SIMD;2400;1,5024;64605303;12859.000000
gen/tasktypes/dsub64_SIMD.sh 1;5028;64610430;12850
dsub64_SIMD;2400;1,5028;64610430;12850.000000
gen/tasktypes/dsub64_SIMD.sh 1;5027;64469379;12824
dsub64_SIMD;2400;1,5027;64469379;12824.000000

gen/tasktypes/dmem64_SIMD.sh 1;5023;61041592;12152
dmem64_SIMD;2400;1,5023;61041592;12152.000000
gen/tasktypes/dmem64_SIMD.sh 1;5024;60941738;12130
dmem64_SIMD;2400;1,5024;60941738;12130.000000
gen/tasktypes/dmem64_SIMD.sh 1;5027;60647672;12064
dmem64_SIMD;2400;1,5027;60647672;12064.000000

gen/tasktypes/vmov_SIMD.sh 1;5022;55329143;11017
vmov_SIMD;2400;1,5022;55329143;11017.000000
gen/tasktypes/vmov_SIMD.sh 1;5023;55314006;11012
vmov_SIMD;2400;1,5023;55314006;11012.000000
gen/tasktypes/vmov_SIMD.sh 1;5026;55054608;10953
vmov_SIMD;2400;1,5026;55054608;10953.000000

gen/tasktypes/vconvert_SIMD.sh 1;5028;52286610;10399
vconvert_SIMD;2400;1,5028;52286610;10399.000000
gen/tasktypes/vconvert_SIMD.sh 1;5025;51251395;10199
vconvert_SIMD;2400;1,5025;51251395;10199.000000
gen/tasktypes/vconvert_SIMD.sh 1;5023;50737663;10101
vconvert_SIMD;2400;1,5023;50737663;10101.000000

gen/tasktypes/m4x4smul.sh 1;5033;76522632;15204
m4x4smul;2400;1,5033;76522632;15204.000000
gen/tasktypes/m4x4smul.sh 1;5031;76403857;15186
m4x4smul;2400;1,5031;76403857;15186.000000
gen/tasktypes/m4x4smul.sh 1;5039;76608630;15203
m4x4smul;2400;1,5039;76608630;15203.000000

gen/tasktypes/dmul.sh 1;5037;56444191;11205
dmul;2400;1,5037;56444191;11205.000000
gen/tasktypes/dmul.sh 1;5027;56317421;11202
dmul;2400;1,5027;56317421;11202.000000
gen/tasktypes/dmul.sh 1;5030;56152322;11163
dmul;2400;1,5030;56152322;11163.000000

gen/tasktypes/dadd.sh 1;5032;59499298;11824
dadd;2400;1,5032;59499298;11824.000000
gen/tasktypes/dadd.sh 1;5025;59599579;11860
dadd;2400;1,5025;59599579;11860.000000
gen/tasktypes/dadd.sh 1;5027;59661347;11868
dadd;2400;1,5027;59661347;11868.000000

gen/tasktypes/iadd.sh 1;5026;59749053;11887
iadd;2400;1,5026;59749053;11887.000000
gen/tasktypes/iadd.sh 1;5033;59568512;11835
iadd;2400;1,5033;59568512;11835.000000
gen/tasktypes/iadd.sh 1;5027;59718048;11879
iadd;2400;1,5027;59718048;11879.000000

gen/tasktypes/imul.sh 1;5027;56934730;11325
imul;2400;1,5027;56934730;11325.000000
gen/tasktypes/imul.sh 1;5026;56826393;11306
imul;2400;1,5026;56826393;11306.000000
gen/tasktypes/imul.sh 1;5026;56790504;11299
imul;2400;1,5026;56790504;11299.000000

gen/tasktypes/icompare.sh 1;5025;70541385;14038
icompare;2400;1,5025;70541385;14038.000000
gen/tasktypes/icompare.sh 1;5027;70485843;14021
icompare;2400;1,5027;70485843;14021.000000
gen/tasktypes/icompare.sh 1;5027;70548281;14033
icompare;2400;1,5027;70548281;14033.000000

gen/tasktypes/logic.sh 1;5031;50076287;9953
logic;2400;1,5031;50076287;9953.000000
gen/tasktypes/logic.sh 1;5029;49089962;9761
logic;2400;1,5029;49089962;9761.000000
gen/tasktypes/logic.sh 1;5027;49013546;9750
logic;2400;1,5027;49013546;9750.000000

gen/tasktypes/branch.sh 1;5024;56408119;11227
branch;2400;1,5024;56408119;11227.000000
gen/tasktypes/branch.sh 1;5024;56238564;11193
branch;2400;1,5024;56238564;11193.000000
gen/tasktypes/branch.sh 1;5026;56328835;11207
branch;2400;1,5026;56328835;11207.000000

gen/tasktypes/imem.sh 1;5025;58191501;11580
imem;2400;1,5025;58191501;11580.000000
gen/tasktypes/imem.sh 1;5025;58237033;11589
imem;2400;1,5025;58237033;11589.000000
gen/tasktypes/imem.sh 1;5023;58412631;11629
imem;2400;1,5023;58412631;11629.000000

gen/tasktypes/dmem.sh 1;5029;22163335;4407
dmem;2400;1,5029;22163335;4407.000000
gen/tasktypes/dmem.sh 1;5024;22772402;4532
dmem;2400;1,5024;22772402;4532.000000
gen/tasktypes/dmem.sh 1;5030;21798223;4333
dmem;2400;1,5030;21798223;4333.000000

gen/tasktypes/imov.sh 1;5029;50522027;10046
imov;2400;1,5029;50522027;10046.000000
gen/tasktypes/imov.sh 1;5026;50707939;10089
imov;2400;1,5026;50707939;10089.000000
gen/tasktypes/imov.sh 1;5024;52016835;10353
imov;2400;1,5024;52016835;10353.000000

gen/tasktypes/shift.sh 1;5024;53836044;10715
shift;2400;1,5024;53836044;10715.000000
gen/tasktypes/shift.sh 1;5023;53821701;10715
shift;2400;1,5023;53821701;10715.000000
gen/tasktypes/shift.sh 1;5025;53768539;10700
shift;2400;1,5025;53768539;10700.000000

gen/tasktypes/bitbyte.sh 1;5025;66090773;13152
bitbyte;2400;1,5025;66090773;13152.000000
gen/tasktypes/bitbyte.sh 1;5026;66025771;13136
bitbyte;2400;1,5026;66025771;13136.000000
gen/tasktypes/bitbyte.sh 1;5023;66168593;13173
bitbyte;2400;1,5023;66168593;13173.000000

gen/tasktypes/nop.sh 1;5021;56849952;11322
nop;2400;1,5021;56849952;11322.000000
gen/tasktypes/nop.sh 1;5019;56846839;11326
nop;2400;1,5019;56846839;11326.000000
gen/tasktypes/nop.sh 1;5023;56664894;11281
nop;2400;1,5023;56664894;11281.000000

gen/tasktypes/ssub32_SIMD.sh 1;5025;66571546;13248
ssub32_SIMD;2400;1,5025;66571546;13248.000000
gen/tasktypes/ssub32_SIMD.sh 1;5025;66719433;13277
ssub32_SIMD;2400;1,5025;66719433;13277.000000
gen/tasktypes/ssub32_SIMD.sh 1;5026;67046215;13339
ssub32_SIMD;2400;1,5026;67046215;13339.000000

gen/tasktypes/m4x4smul_SIMD.sh 2;5031;108132047;21493
m4x4smul_SIMD;2400;2,5031;108132047;21493.000000
gen/tasktypes/m4x4smul_SIMD.sh 2;5037;108580227;21556
m4x4smul_SIMD;2400;2,5037;108580227;21556.000000
gen/tasktypes/m4x4smul_SIMD.sh 2;5038;109834253;21801
m4x4smul_SIMD;2400;2,5038;109834253;21801.000000

gen/tasktypes/v1x4smul_SIMD.sh 2;5026;106290865;21148
v1x4smul_SIMD;2400;2,5026;106290865;21148.000000
gen/tasktypes/v1x4smul_SIMD.sh 2;5023;107547760;21411
v1x4smul_SIMD;2400;2,5023;107547760;21411.000000
gen/tasktypes/v1x4smul_SIMD.sh 2;5022;107784697;21462
v1x4smul_SIMD;2400;2,5022;107784697;21462.000000

gen/tasktypes/dmul64_SIMD.sh 2;5023;107203888;21342
dmul64_SIMD;2400;2,5023;107203888;21342.000000
gen/tasktypes/dmul64_SIMD.sh 2;5025;107321869;21357
dmul64_SIMD;2400;2,5025;107321869;21357.000000
gen/tasktypes/dmul64_SIMD.sh 2;5029;108090849;21493
dmul64_SIMD;2400;2,5029;108090849;21493.000000

gen/tasktypes/smul32_SIMD.sh 2;5026;115268687;22934
smul32_SIMD;2400;2,5026;115268687;22934.000000
gen/tasktypes/smul32_SIMD.sh 2;5025;115726388;23030
smul32_SIMD;2400;2,5025;115726388;23030.000000
gen/tasktypes/smul32_SIMD.sh 2;5028;115754465;23021
smul32_SIMD;2400;2,5028;115754465;23021.000000

gen/tasktypes/dsub64_SIMD.sh 2;5025;111421345;22173
dsub64_SIMD;2400;2,5025;111421345;22173.000000
gen/tasktypes/dsub64_SIMD.sh 2;5027;111876239;22255
dsub64_SIMD;2400;2,5027;111876239;22255.000000
gen/tasktypes/dsub64_SIMD.sh 2;5021;111854633;22277
dsub64_SIMD;2400;2,5021;111854633;22277.000000

gen/tasktypes/dmem64_SIMD.sh 2;5024;105505284;21000
dmem64_SIMD;2400;2,5024;105505284;21000.000000
gen/tasktypes/dmem64_SIMD.sh 2;5023;105521031;21007
dmem64_SIMD;2400;2,5023;105521031;21007.000000
gen/tasktypes/dmem64_SIMD.sh 2;5025;105074011;20910
dmem64_SIMD;2400;2,5025;105074011;20910.000000

gen/tasktypes/vmov_SIMD.sh 2;5023;92880499;18491
vmov_SIMD;2400;2,5023;92880499;18491.000000
gen/tasktypes/vmov_SIMD.sh 2;5026;92735053;18451
vmov_SIMD;2400;2,5026;92735053;18451.000000
gen/tasktypes/vmov_SIMD.sh 2;5026;92768073;18457
vmov_SIMD;2400;2,5026;92768073;18457.000000

gen/tasktypes/vconvert_SIMD.sh 2;5026;86612510;17232
vconvert_SIMD;2400;2,5026;86612510;17232.000000
gen/tasktypes/vconvert_SIMD.sh 2;5034;85897729;17063
vconvert_SIMD;2400;2,5034;85897729;17063.000000
gen/tasktypes/vconvert_SIMD.sh 2;5024;85688563;17055
vconvert_SIMD;2400;2,5024;85688563;17055.000000

gen/tasktypes/m4x4smul.sh 2;5025;128015663;25475
m4x4smul;2400;2,5025;128015663;25475.000000
gen/tasktypes/m4x4smul.sh 2;5040;122205742;24247
m4x4smul;2400;2,5040;122205742;24247.000000
gen/tasktypes/m4x4smul.sh 2;5030;118800172;23618
m4x4smul;2400;2,5030;118800172;23618.000000

gen/tasktypes/dmul.sh 2;5028;96449216;19182
dmul;2400;2,5028;96449216;19182.000000
gen/tasktypes/dmul.sh 2;5032;95290771;18936
dmul;2400;2,5032;95290771;18936.000000
gen/tasktypes/dmul.sh 2;5033;94728273;18821
dmul;2400;2,5033;94728273;18821.000000

gen/tasktypes/dadd.sh 2;5033;102412824;20348
dadd;2400;2,5033;102412824;20348.000000
gen/tasktypes/dadd.sh 2;5032;102484601;20366
dadd;2400;2,5032;102484601;20366.000000
gen/tasktypes/dadd.sh 2;5040;102469831;20331
dadd;2400;2,5040;102469831;20331.000000

gen/tasktypes/iadd.sh 2;5029;102262434;20334
iadd;2400;2,5029;102262434;20334.000000
gen/tasktypes/iadd.sh 2;5029;102194623;20321
iadd;2400;2,5029;102194623;20321.000000
gen/tasktypes/iadd.sh 2;5028;102420758;20370
iadd;2400;2,5028;102420758;20370.000000

gen/tasktypes/imul.sh 2;5029;99237722;19733
imul;2400;2,5029;99237722;19733.000000
gen/tasktypes/imul.sh 2;5026;99270742;19751
imul;2400;2,5026;99270742;19751.000000
gen/tasktypes/imul.sh 2;5028;98825309;19654
imul;2400;2,5028;98825309;19654.000000

gen/tasktypes/icompare.sh 2;5027;111622029;22204
icompare;2400;2,5027;111622029;22204.000000
gen/tasktypes/icompare.sh 2;5026;110304649;21946
icompare;2400;2,5026;110304649;21946.000000
gen/tasktypes/icompare.sh 2;5032;108782437;21618
icompare;2400;2,5032;108782437;21618.000000

gen/tasktypes/logic.sh 2;5028;82768831;16461
logic;2400;2,5028;82768831;16461.000000
gen/tasktypes/logic.sh 2;5035;82339694;16353
logic;2400;2,5035;82339694;16353.000000
gen/tasktypes/logic.sh 2;5039;82259982;16324
logic;2400;2,5039;82259982;16324.000000

gen/tasktypes/branch.sh 2;5026;95406799;18982
branch;2400;2,5026;95406799;18982.000000
gen/tasktypes/branch.sh 2;5019;96004699;19128
branch;2400;2,5019;96004699;19128.000000
gen/tasktypes/branch.sh 2;5020;96047239;19132
branch;2400;2,5020;96047239;19132.000000

gen/tasktypes/imem.sh 2;5019;97684320;19462
imem;2400;2,5019;97684320;19462.000000
gen/tasktypes/imem.sh 2;5021;97628412;19444
imem;2400;2,5021;97628412;19444.000000
gen/tasktypes/imem.sh 2;5024;97373225;19381
imem;2400;2,5024;97373225;19381.000000

gen/tasktypes/dmem.sh 2;5038;49776301;9880
dmem;2400;2,5038;49776301;9880.000000
gen/tasktypes/dmem.sh 2;5041;51989613;10313
dmem;2400;2,5041;51989613;10313.000000
gen/tasktypes/dmem.sh 2;5039;46274113;9183
dmem;2400;2,5039;46274113;9183.000000

gen/tasktypes/imov.sh 2;5034;84346220;16755
imov;2400;2,5034;84346220;16755.000000
gen/tasktypes/imov.sh 2;5027;84785062;16865
imov;2400;2,5027;84785062;16865.000000
gen/tasktypes/imov.sh 2;5030;84766811;16852
imov;2400;2,5030;84766811;16852.000000

gen/tasktypes/shift.sh 2;5026;88189837;17546
shift;2400;2,5026;88189837;17546.000000
gen/tasktypes/shift.sh 2;5023;88395465;17598
shift;2400;2,5023;88395465;17598.000000
gen/tasktypes/shift.sh 2;5025;88406207;17593
shift;2400;2,5025;88406207;17593.000000

gen/tasktypes/bitbyte.sh 2;5026;113299514;22542
bitbyte;2400;2,5026;113299514;22542.000000
gen/tasktypes/bitbyte.sh 2;5025;109702844;21831
bitbyte;2400;2,5025;109702844;21831.000000
gen/tasktypes/bitbyte.sh 2;5028;108191617;21517
bitbyte;2400;2,5028;108191617;21517.000000

gen/tasktypes/nop.sh 2;5028;94455203;18785
nop;2400;2,5028;94455203;18785.000000
gen/tasktypes/nop.sh 2;5022;94451235;18807
nop;2400;2,5022;94451235;18807.000000
gen/tasktypes/nop.sh 2;5020;94706239;18865
nop;2400;2,5020;94706239;18865.000000

gen/tasktypes/ssub32_SIMD.sh 2;5028;117109869;23291
ssub32_SIMD;2400;2,5028;117109869;23291.000000
gen/tasktypes/ssub32_SIMD.sh 2;5025;116480049;23180
ssub32_SIMD;2400;2,5025;116480049;23180.000000
gen/tasktypes/ssub32_SIMD.sh 2;5024;114787304;22847
ssub32_SIMD;2400;2,5024;114787304;22847.000000

gen/tasktypes/m4x4smul_SIMD.sh 3;5031;136336260;27099
m4x4smul_SIMD;2400;3,5031;136336260;27099.000000
gen/tasktypes/m4x4smul_SIMD.sh 3;5036;129605686;25735
m4x4smul_SIMD;2400;3,5036;129605686;25735.000000
gen/tasktypes/m4x4smul_SIMD.sh 3;5038;126609722;25130
m4x4smul_SIMD;2400;3,5038;126609722;25130.000000

gen/tasktypes/v1x4smul_SIMD.sh 3;5027;123416555;24550
v1x4smul_SIMD;2400;3,5027;123416555;24550.000000
gen/tasktypes/v1x4smul_SIMD.sh 3;5029;123048330;24467
v1x4smul_SIMD;2400;3,5029;123048330;24467.000000
gen/tasktypes/v1x4smul_SIMD.sh 3;5028;121679681;24200
v1x4smul_SIMD;2400;3,5028;121679681;24200.000000

gen/tasktypes/dmul64_SIMD.sh 3;5035;116158699;23070
dmul64_SIMD;2400;3,5035;116158699;23070.000000
gen/tasktypes/dmul64_SIMD.sh 3;5020;116844488;23275
dmul64_SIMD;2400;3,5020;116844488;23275.000000
gen/tasktypes/dmul64_SIMD.sh 3;5022;116598091;23217
dmul64_SIMD;2400;3,5022;116598091;23217.000000

gen/tasktypes/smul32_SIMD.sh 3;5032;106467867;21158
smul32_SIMD;2400;3,5032;106467867;21158.000000
gen/tasktypes/smul32_SIMD.sh 3;5035;118882080;23611
smul32_SIMD;2400;3,5035;118882080;23611.000000
gen/tasktypes/smul32_SIMD.sh 3;5031;118181338;23490
smul32_SIMD;2400;3,5031;118181338;23490.000000

gen/tasktypes/dsub64_SIMD.sh 3;5036;116849859;23202
dsub64_SIMD;2400;3,5036;116849859;23202.000000
gen/tasktypes/dsub64_SIMD.sh 3;5029;116513191;23168
dsub64_SIMD;2400;3,5029;116513191;23168.000000
gen/tasktypes/dsub64_SIMD.sh 3;5022;117074529;23312
dsub64_SIMD;2400;3,5022;117074529;23312.000000

gen/tasktypes/dmem64_SIMD.sh 3;5028;115949655;23060
dmem64_SIMD;2400;3,5028;115949655;23060.000000
gen/tasktypes/dmem64_SIMD.sh 3;5022;115977609;23093
dmem64_SIMD;2400;3,5022;115977609;23093.000000
gen/tasktypes/dmem64_SIMD.sh 3;5030;115457773;22953
dmem64_SIMD;2400;3,5030;115457773;22953.000000

gen/tasktypes/vmov_SIMD.sh 3;5031;109381617;21741
vmov_SIMD;2400;3,5031;109381617;21741.000000
gen/tasktypes/vmov_SIMD.sh 3;5035;109346399;21717
vmov_SIMD;2400;3,5035;109346399;21717.000000
gen/tasktypes/vmov_SIMD.sh 3;5029;109066188;21687
vmov_SIMD;2400;3,5029;109066188;21687.000000

gen/tasktypes/vconvert_SIMD.sh 3;5031;102758343;20425
vconvert_SIMD;2400;3,5031;102758343;20425.000000
gen/tasktypes/vconvert_SIMD.sh 3;5035;101216843;20102
vconvert_SIMD;2400;3,5035;101216843;20102.000000
gen/tasktypes/vconvert_SIMD.sh 3;5035;100737841;20007
vconvert_SIMD;2400;3,5035;100737841;20007.000000

gen/tasktypes/m4x4smul.sh 3;5033;127043193;25242
m4x4smul;2400;3,5033;127043193;25242.000000
gen/tasktypes/m4x4smul.sh 3;5031;124480883;24742
m4x4smul;2400;3,5031;124480883;24742.000000
gen/tasktypes/m4x4smul.sh 3;5033;117606205;23367
m4x4smul;2400;3,5033;117606205;23367.000000

gen/tasktypes/dmul.sh 3;5042;113643630;22539
dmul;2400;3,5042;113643630;22539.000000
gen/tasktypes/dmul.sh 3;5039;112962357;22417
dmul;2400;3,5039;112962357;22417.000000
gen/tasktypes/dmul.sh 3;5047;112191364;22229
dmul;2400;3,5047;112191364;22229.000000

gen/tasktypes/dadd.sh 3;5044;120374447;23864
dadd;2400;3,5044;120374447;23864.000000
gen/tasktypes/dadd.sh 3;5029;120506954;23962
dadd;2400;3,5029;120506954;23962.000000
gen/tasktypes/dadd.sh 3;5030;119304260;23718
dadd;2400;3,5030;119304260;23718.000000

gen/tasktypes/iadd.sh 3;5042;111657124;22145
iadd;2400;3,5042;111657124;22145.000000
gen/tasktypes/iadd.sh 3;5037;112552202;22345
iadd;2400;3,5037;112552202;22345.000000
gen/tasktypes/iadd.sh 3;5041;112497210;22316
iadd;2400;3,5041;112497210;22316.000000

gen/tasktypes/imul.sh 3;5039;112447710;22315
imul;2400;3,5039;112447710;22315.000000
gen/tasktypes/imul.sh 3;5042;112875382;22387
imul;2400;3,5042;112875382;22387.000000
gen/tasktypes/imul.sh 3;5034;112780045;22403
imul;2400;3,5034;112780045;22403.000000

gen/tasktypes/icompare.sh 3;5021;113096451;22524
icompare;2400;3,5021;113096451;22524.000000
gen/tasktypes/icompare.sh 3;5023;113107804;22517
icompare;2400;3,5023;113107804;22517.000000
gen/tasktypes/icompare.sh 3;5039;112563798;22338
icompare;2400;3,5039;112563798;22338.000000

gen/tasktypes/logic.sh 3;5035;96480100;19161
logic;2400;3,5035;96480100;19161.000000
gen/tasktypes/logic.sh 3;5043;96500120;19135
logic;2400;3,5043;96500120;19135.000000
gen/tasktypes/logic.sh 3;5039;96345823;19120
logic;2400;3,5039;96345823;19120.000000

gen/tasktypes/branch.sh 3;5029;112172870;22305
branch;2400;3,5029;112172870;22305.000000
gen/tasktypes/branch.sh 3;5028;113073624;22488
branch;2400;3,5028;113073624;22488.000000
gen/tasktypes/branch.sh 3;5028;114411206;22754
branch;2400;3,5028;114411206;22754.000000

gen/tasktypes/imem.sh 3;5034;115288890;22902
imem;2400;3,5034;115288890;22902.000000
gen/tasktypes/imem.sh 3;5034;116463691;23135
imem;2400;3,5034;116463691;23135.000000
gen/tasktypes/imem.sh 3;5031;116442756;23145
imem;2400;3,5031;116442756;23145.000000

gen/tasktypes/dmem.sh 3;5040;72261961;14337
dmem;2400;3,5040;72261961;14337.000000
gen/tasktypes/dmem.sh 3;5039;73665583;14619
dmem;2400;3,5039;73665583;14619.000000
gen/tasktypes/dmem.sh 3;5036;71636108;14224
dmem;2400;3,5036;71636108;14224.000000

gen/tasktypes/imov.sh 3;5030;100167469;19914
imov;2400;3,5030;100167469;19914.000000
gen/tasktypes/imov.sh 3;5023;101617598;20230
imov;2400;3,5023;101617598;20230.000000
gen/tasktypes/imov.sh 3;5035;100454149;19951
imov;2400;3,5035;100454149;19951.000000

gen/tasktypes/shift.sh 3;5030;104659644;20807
shift;2400;3,5030;104659644;20807.000000
gen/tasktypes/shift.sh 3;5028;104924170;20867
shift;2400;3,5028;104924170;20867.000000
gen/tasktypes/shift.sh 3;5030;105028967;20880
shift;2400;3,5030;105028967;20880.000000

gen/tasktypes/bitbyte.sh 3;5035;119260193;23686
bitbyte;2400;3,5035;119260193;23686.000000
gen/tasktypes/bitbyte.sh 3;5033;115916391;23031
bitbyte;2400;3,5033;115916391;23031.000000
gen/tasktypes/bitbyte.sh 3;5023;114934459;22881
bitbyte;2400;3,5023;114934459;22881.000000

gen/tasktypes/nop.sh 3;5031;112222064;22306
nop;2400;3,5031;112222064;22306.000000
gen/tasktypes/nop.sh 3;5026;112104999;22305
nop;2400;3,5026;112104999;22305.000000
gen/tasktypes/nop.sh 3;5021;113452773;22595
nop;2400;3,5021;113452773;22595.000000

gen/tasktypes/ssub32_SIMD.sh 3;5032;119591674;23766
ssub32_SIMD;2400;3,5032;119591674;23766.000000
gen/tasktypes/ssub32_SIMD.sh 3;5031;118146121;23483
ssub32_SIMD;2400;3,5031;118146121;23483.000000
gen/tasktypes/ssub32_SIMD.sh 3;5019;117586064;23428
ssub32_SIMD;2400;3,5019;117586064;23428.000000

gen/tasktypes/m4x4smul_SIMD.sh 4;5023;141439945;28158
m4x4smul_SIMD;2400;4,5023;141439945;28158.000000
gen/tasktypes/m4x4smul_SIMD.sh 4;5029;136458818;27134
m4x4smul_SIMD;2400;4,5029;136458818;27134.000000
gen/tasktypes/m4x4smul_SIMD.sh 4;5043;129252049;25629
m4x4smul_SIMD;2400;4,5043;129252049;25629.000000

gen/tasktypes/v1x4smul_SIMD.sh 4;5031;130103854;25860
v1x4smul_SIMD;2400;4,5031;130103854;25860.000000
gen/tasktypes/v1x4smul_SIMD.sh 4;5026;128405616;25548
v1x4smul_SIMD;2400;4,5026;128405616;25548.000000
gen/tasktypes/v1x4smul_SIMD.sh 4;5031;128067421;25455
v1x4smul_SIMD;2400;4,5031;128067421;25455.000000

gen/tasktypes/dmul64_SIMD.sh 4;5030;123024526;24458
dmul64_SIMD;2400;4,5030;123024526;24458.000000
gen/tasktypes/dmul64_SIMD.sh 4;5033;122843008;24407
dmul64_SIMD;2400;4,5033;122843008;24407.000000
gen/tasktypes/dmul64_SIMD.sh 4;5022;115642099;23027
dmul64_SIMD;2400;4,5022;115642099;23027.000000

gen/tasktypes/smul32_SIMD.sh 4;5035;125026779;24831
smul32_SIMD;2400;4,5035;125026779;24831.000000
gen/tasktypes/smul32_SIMD.sh 4;5024;124698229;24820
smul32_SIMD;2400;4,5024;124698229;24820.000000
gen/tasktypes/smul32_SIMD.sh 4;5032;123962024;24634
smul32_SIMD;2400;4,5032;123962024;24634.000000

gen/tasktypes/dsub64_SIMD.sh 4;5035;122410941;24312
dsub64_SIMD;2400;4,5035;122410941;24312.000000
gen/tasktypes/dsub64_SIMD.sh 4;5020;124088733;24718
dsub64_SIMD;2400;4,5020;124088733;24718.000000
gen/tasktypes/dsub64_SIMD.sh 4;5032;122748343;24393
dsub64_SIMD;2400;4,5032;122748343;24393.000000

gen/tasktypes/dmem64_SIMD.sh 4;5033;122155571;24270
dmem64_SIMD;2400;4,5033;122155571;24270.000000
gen/tasktypes/dmem64_SIMD.sh 4;5032;122717521;24387
dmem64_SIMD;2400;4,5032;122717521;24387.000000
gen/tasktypes/dmem64_SIMD.sh 4;5023;122349662;24357
dmem64_SIMD;2400;4,5023;122349662;24357.000000

gen/tasktypes/vmov_SIMD.sh 4;5029;126993815;25252
vmov_SIMD;2400;4,5029;126993815;25252.000000
gen/tasktypes/vmov_SIMD.sh 4;5029;126575238;25169
vmov_SIMD;2400;4,5029;126575238;25169.000000
gen/tasktypes/vmov_SIMD.sh 4;5019;126011885;25106
vmov_SIMD;2400;4,5019;126011885;25106.000000

gen/tasktypes/vconvert_SIMD.sh 4;5028;122833304;24429
vconvert_SIMD;2400;4,5028;122833304;24429.000000
gen/tasktypes/vconvert_SIMD.sh 4;5032;121582818;24161
vconvert_SIMD;2400;4,5032;121582818;24161.000000
gen/tasktypes/vconvert_SIMD.sh 4;5030;122647452;24383
vconvert_SIMD;2400;4,5030;122647452;24383.000000

gen/tasktypes/m4x4smul.sh 4;5039;124529161;24713
m4x4smul;2400;4,5039;124529161;24713.000000
gen/tasktypes/m4x4smul.sh 4;5040;124912583;24784
m4x4smul;2400;4,5040;124912583;24784.000000
gen/tasktypes/m4x4smul.sh 4;5039;123216481;24452
m4x4smul;2400;4,5039;123216481;24452.000000

gen/tasktypes/dmul.sh 4;5031;122071831;24263
dmul;2400;4,5031;122071831;24263.000000
gen/tasktypes/dmul.sh 4;5037;121927544;24206
dmul;2400;4,5037;121927544;24206.000000
gen/tasktypes/dmul.sh 4;5029;122319450;24322
dmul;2400;4,5029;122319450;24322.000000

gen/tasktypes/dadd.sh 4;5048;124221667;24608
dadd;2400;4,5048;124221667;24608.000000
gen/tasktypes/dadd.sh 4;5037;123796741;24577
dadd;2400;4,5037;123796741;24577.000000
gen/tasktypes/dadd.sh 4;5046;123349050;24444
dadd;2400;4,5046;123349050;24444.000000

gen/tasktypes/iadd.sh 4;5033;118513063;23547
iadd;2400;4,5033;118513063;23547.000000
gen/tasktypes/iadd.sh 4;5025;119740904;23829
iadd;2400;4,5025;119740904;23829.000000
gen/tasktypes/iadd.sh 4;5034;119829406;23804
iadd;2400;4,5034;119829406;23804.000000

gen/tasktypes/imul.sh 4;5035;116639961;23165
imul;2400;4,5035;116639961;23165.000000
gen/tasktypes/imul.sh 4;5035;119201355;23674
imul;2400;4,5035;119201355;23674.000000
gen/tasktypes/imul.sh 4;5040;119184998;23647
imul;2400;4,5040;119184998;23647.000000

gen/tasktypes/icompare.sh 4;5021;120251584;23949
icompare;2400;4,5021;120251584;23949.000000
gen/tasktypes/icompare.sh 4;5029;116578193;23181
icompare;2400;4,5029;116578193;23181.000000
gen/tasktypes/icompare.sh 4;5020;119703307;23845
icompare;2400;4,5020;119703307;23845.000000

gen/tasktypes/logic.sh 4;5039;126318890;25068
logic;2400;4,5039;126318890;25068.000000
gen/tasktypes/logic.sh 4;5034;125332870;24897
logic;2400;4,5034;125332870;24897.000000
gen/tasktypes/logic.sh 4;5036;124730638;24767
logic;2400;4,5036;124730638;24767.000000

gen/tasktypes/branch.sh 4;5021;119821166;23864
branch;2400;4,5021;119821166;23864.000000
gen/tasktypes/branch.sh 4;5024;121338374;24151
branch;2400;4,5024;121338374;24151.000000
gen/tasktypes/branch.sh 4;5027;120904903;24051
branch;2400;4,5027;120904903;24051.000000

gen/tasktypes/imem.sh 4;5026;124492724;24769
imem;2400;4,5026;124492724;24769.000000
gen/tasktypes/imem.sh 4;5028;121759942;24216
imem;2400;4,5028;121759942;24216.000000
gen/tasktypes/imem.sh 4;5022;119420166;23779
imem;2400;4,5022;119420166;23779.000000

gen/tasktypes/dmem.sh 4;5038;96951961;19244
dmem;2400;4,5038;96951961;19244.000000
gen/tasktypes/dmem.sh 4;5043;144940058;28740
dmem;2400;4,5043;144940058;28740.000000
gen/tasktypes/dmem.sh 4;5045;137329543;27220
dmem;2400;4,5045;137329543;27220.000000

gen/tasktypes/imov.sh 4;5034;116478095;23138
imov;2400;4,5034;116478095;23138.000000
gen/tasktypes/imov.sh 4;5032;112127521;22282
imov;2400;4,5032;112127521;22282.000000
gen/tasktypes/imov.sh 4;5030;120700253;23996
imov;2400;4,5030;120700253;23996.000000

gen/tasktypes/shift.sh 4;5028;116875311;23244
shift;2400;4,5028;116875311;23244.000000
gen/tasktypes/shift.sh 4;5020;117905277;23487
shift;2400;4,5020;117905277;23487.000000
gen/tasktypes/shift.sh 4;5018;117876346;23490
shift;2400;4,5018;117876346;23490.000000

gen/tasktypes/bitbyte.sh 4;5023;113492263;22594
bitbyte;2400;4,5023;113492263;22594.000000
gen/tasktypes/bitbyte.sh 4;5032;113992323;22653
bitbyte;2400;4,5032;113992323;22653.000000
gen/tasktypes/bitbyte.sh 4;5035;115870187;23012
bitbyte;2400;4,5035;115870187;23012.000000

gen/tasktypes/nop.sh 4;5027;128007851;25464
nop;2400;4,5027;128007851;25464.000000
gen/tasktypes/nop.sh 4;5019;125225754;24950
nop;2400;4,5019;125225754;24950.000000
gen/tasktypes/nop.sh 4;5027;122546073;24377
nop;2400;4,5027;122546073;24377.000000

gen/tasktypes/ssub32_SIMD.sh 4;5035;118330874;23501
ssub32_SIMD;2400;4,5035;118330874;23501.000000
gen/tasktypes/ssub32_SIMD.sh 4;5036;118837830;23597
ssub32_SIMD;2400;4,5036;118837830;23597.000000
gen/tasktypes/ssub32_SIMD.sh 4;5032;120141111;23875
ssub32_SIMD;2400;4,5032;120141111;23875.000000

gen/tasktypes/m4x4smul_SIMD.sh 1;5035;64656511;12841
m4x4smul_SIMD;2200;1,5035;64656511;12841.000000
gen/tasktypes/m4x4smul_SIMD.sh 1;5024;70776797;14087
m4x4smul_SIMD;2200;1,5024;70776797;14087.000000
gen/tasktypes/m4x4smul_SIMD.sh 1;5030;74052850;14722
m4x4smul_SIMD;2200;1,5030;74052850;14722.000000

gen/tasktypes/v1x4smul_SIMD.sh 1;5023;71738891;14282
v1x4smul_SIMD;2200;1,5023;71738891;14282.000000
gen/tasktypes/v1x4smul_SIMD.sh 1;5020;71682861;14279
v1x4smul_SIMD;2200;1,5020;71682861;14279.000000
gen/tasktypes/v1x4smul_SIMD.sh 1;5024;71086732;14149
v1x4smul_SIMD;2200;1,5024;71086732;14149.000000

gen/tasktypes/dmul64_SIMD.sh 1;5025;69822759;13895
dmul64_SIMD;2200;1,5025;69822759;13895.000000
gen/tasktypes/dmul64_SIMD.sh 1;5024;68705940;13675
dmul64_SIMD;2200;1,5024;68705940;13675.000000
gen/tasktypes/dmul64_SIMD.sh 1;5027;68503914;13627
dmul64_SIMD;2200;1,5027;68503914;13627.000000

gen/tasktypes/smul32_SIMD.sh 1;5024;67421702;13419
smul32_SIMD;2200;1,5024;67421702;13419.000000
gen/tasktypes/smul32_SIMD.sh 1;5023;62261681;12395
smul32_SIMD;2200;1,5023;62261681;12395.000000
gen/tasktypes/smul32_SIMD.sh 1;5026;71435486;14213
smul32_SIMD;2200;1,5026;71435486;14213.000000

gen/tasktypes/dsub64_SIMD.sh 1;5025;68425484;13617
dsub64_SIMD;2200;1,5025;68425484;13617.000000
gen/tasktypes/dsub64_SIMD.sh 1;5023;68698494;13676
dsub64_SIMD;2200;1,5023;68698494;13676.000000
gen/tasktypes/dsub64_SIMD.sh 1;5023;68559578;13649
dsub64_SIMD;2200;1,5023;68559578;13649.000000

gen/tasktypes/dmem64_SIMD.sh 1;5026;65185014;12969
dmem64_SIMD;2200;1,5026;65185014;12969.000000
gen/tasktypes/dmem64_SIMD.sh 1;5028;64586932;12845
dmem64_SIMD;2200;1,5028;64586932;12845.000000
gen/tasktypes/dmem64_SIMD.sh 1;5023;63833271;12708
dmem64_SIMD;2200;1,5023;63833271;12708.000000

gen/tasktypes/vmov_SIMD.sh 1;5024;57597508;11464
vmov_SIMD;2200;1,5024;57597508;11464.000000
gen/tasktypes/vmov_SIMD.sh 1;5027;57618810;11461
vmov_SIMD;2200;1,5027;57618810;11461.000000
gen/tasktypes/vmov_SIMD.sh 1;5023;57550085;11457
vmov_SIMD;2200;1,5023;57550085;11457.000000

gen/tasktypes/vconvert_SIMD.sh 1;5024;54294966;10807
vconvert_SIMD;2200;1,5024;54294966;10807.000000
gen/tasktypes/vconvert_SIMD.sh 1;5025;54143904;10774
vconvert_SIMD;2200;1,5025;54143904;10774.000000
gen/tasktypes/vconvert_SIMD.sh 1;5027;54031722;10748
vconvert_SIMD;2200;1,5027;54031722;10748.000000

gen/tasktypes/m4x4smul.sh 1;5027;79754617;15865
m4x4smul;2200;1,5027;79754617;15865.000000
gen/tasktypes/m4x4smul.sh 1;5035;80133523;15915
m4x4smul;2200;1,5035;80133523;15915.000000
gen/tasktypes/m4x4smul.sh 1;5037;80538552;15989
m4x4smul;2200;1,5037;80538552;15989.000000

gen/tasktypes/dmul.sh 1;5033;59256806;11773
dmul;2200;1,5033;59256806;11773.000000
gen/tasktypes/dmul.sh 1;5033;59017793;11726
dmul;2200;1,5033;59017793;11726.000000
gen/tasktypes/dmul.sh 1;5038;58764131;11664
dmul;2200;1,5038;58764131;11664.000000

gen/tasktypes/dadd.sh 1;5031;61987756;12321
dadd;2200;1,5031;61987756;12321.000000
gen/tasktypes/dadd.sh 1;5030;62170434;12359
dadd;2200;1,5030;62170434;12359.000000
gen/tasktypes/dadd.sh 1;5033;61955225;12309
dadd;2200;1,5033;61955225;12309.000000

gen/tasktypes/iadd.sh 1;5031;61824488;12288
iadd;2200;1,5031;61824488;12288.000000
gen/tasktypes/iadd.sh 1;5030;61920129;12310
iadd;2200;1,5030;61920129;12310.000000
gen/tasktypes/iadd.sh 1;5034;61759058;12268
iadd;2200;1,5034;61759058;12268.000000

gen/tasktypes/imul.sh 1;5030;60231657;11974
imul;2200;1,5030;60231657;11974.000000
gen/tasktypes/imul.sh 1;5030;60118315;11951
imul;2200;1,5030;60118315;11951.000000
gen/tasktypes/imul.sh 1;5029;60040984;11938
imul;2200;1,5029;60040984;11938.000000

gen/tasktypes/icompare.sh 1;5024;73648799;14659
icompare;2200;1,5024;73648799;14659.000000
gen/tasktypes/icompare.sh 1;5024;74207696;14770
icompare;2200;1,5024;74207696;14770.000000
gen/tasktypes/icompare.sh 1;5025;74343376;14794
icompare;2200;1,5025;74343376;14794.000000

gen/tasktypes/logic.sh 1;5035;52484606;10423
logic;2200;1,5035;52484606;10423.000000
gen/tasktypes/logic.sh 1;5035;51294669;10187
logic;2200;1,5035;51294669;10187.000000
gen/tasktypes/logic.sh 1;5036;50883415;10103
logic;2200;1,5036;50883415;10103.000000

gen/tasktypes/branch.sh 1;5026;58212620;11582
branch;2200;1,5026;58212620;11582.000000
gen/tasktypes/branch.sh 1;5022;58484713;11645
branch;2200;1,5022;58484713;11645.000000
gen/tasktypes/branch.sh 1;5020;58533785;11660
branch;2200;1,5020;58533785;11660.000000

gen/tasktypes/imem.sh 1;5024;60130218;11968
imem;2200;1,5024;60130218;11968.000000
gen/tasktypes/imem.sh 1;5023;60264982;11997
imem;2200;1,5023;60264982;11997.000000
gen/tasktypes/imem.sh 1;5026;60104826;11958
imem;2200;1,5026;60104826;11958.000000

gen/tasktypes/dmem.sh 1;5033;22162479;4403
dmem;2200;1,5033;22162479;4403.000000
gen/tasktypes/dmem.sh 1;5036;21804204;4329
dmem;2200;1,5036;21804204;4329.000000
gen/tasktypes/dmem.sh 1;5035;21549505;4279
dmem;2200;1,5035;21549505;4279.000000

gen/tasktypes/imov.sh 1;5028;51863881;10315
imov;2200;1,5028;51863881;10315.000000
gen/tasktypes/imov.sh 1;5024;52251270;10400
imov;2200;1,5024;52251270;10400.000000
gen/tasktypes/imov.sh 1;5024;52314686;10412
imov;2200;1,5024;52314686;10412.000000

gen/tasktypes/shift.sh 1;5023;53752487;10701
shift;2200;1,5023;53752487;10701.000000
gen/tasktypes/shift.sh 1;5021;53828841;10720
shift;2200;1,5021;53828841;10720.000000
gen/tasktypes/shift.sh 1;5020;53918319;10740
shift;2200;1,5020;53918319;10740.000000

gen/tasktypes/bitbyte.sh 1;5025;66120925;13158
bitbyte;2200;1,5025;66120925;13158.000000
gen/tasktypes/bitbyte.sh 1;5024;66210463;13178
bitbyte;2200;1,5024;66210463;13178.000000
gen/tasktypes/bitbyte.sh 1;5024;66354567;13207
bitbyte;2200;1,5024;66354567;13207.000000

gen/tasktypes/nop.sh 1;5024;56778908;11301
nop;2200;1,5024;56778908;11301.000000
gen/tasktypes/nop.sh 1;5022;56948829;11339
nop;2200;1,5022;56948829;11339.000000
gen/tasktypes/nop.sh 1;5020;56914039;11337
nop;2200;1,5020;56914039;11337.000000

gen/tasktypes/ssub32_SIMD.sh 1;5025;67820444;13496
ssub32_SIMD;2200;1,5025;67820444;13496.000000
gen/tasktypes/ssub32_SIMD.sh 1;5025;67837533;13500
ssub32_SIMD;2200;1,5025;67837533;13500.000000
gen/tasktypes/ssub32_SIMD.sh 1;5023;67913705;13520
ssub32_SIMD;2200;1,5023;67913705;13520.000000

gen/tasktypes/m4x4smul_SIMD.sh 2;5033;110410728;21937
m4x4smul_SIMD;2200;2,5033;110410728;21937.000000
gen/tasktypes/m4x4smul_SIMD.sh 2;5032;112469560;22350
m4x4smul_SIMD;2200;2,5032;112469560;22350.000000
gen/tasktypes/m4x4smul_SIMD.sh 2;5031;113236526;22507
m4x4smul_SIMD;2200;2,5031;113236526;22507.000000

gen/tasktypes/v1x4smul_SIMD.sh 2;5022;109279628;21760
v1x4smul_SIMD;2200;2,5022;109279628;21760.000000
gen/tasktypes/v1x4smul_SIMD.sh 2;5019;110091332;21934
v1x4smul_SIMD;2200;2,5019;110091332;21934.000000
gen/tasktypes/v1x4smul_SIMD.sh 2;5020;111029379;22117
v1x4smul_SIMD;2200;2,5020;111029379;22117.000000

gen/tasktypes/dmul64_SIMD.sh 2;5023;109953942;21890
dmul64_SIMD;2200;2,5023;109953942;21890.000000
gen/tasktypes/dmul64_SIMD.sh 2;5036;109752344;21793
dmul64_SIMD;2200;2,5036;109752344;21793.000000
gen/tasktypes/dmul64_SIMD.sh 2;5025;110027368;21895
dmul64_SIMD;2200;2,5025;110027368;21895.000000

gen/tasktypes/smul32_SIMD.sh 2;5026;116744696;23228
smul32_SIMD;2200;2,5026;116744696;23228.000000
gen/tasktypes/smul32_SIMD.sh 2;5025;115453013;22975
smul32_SIMD;2200;2,5025;115453013;22975.000000
gen/tasktypes/smul32_SIMD.sh 2;5028;93135992;18523
smul32_SIMD;2200;2,5028;93135992;18523.000000

gen/tasktypes/dsub64_SIMD.sh 2;5026;112182452;22320
dsub64_SIMD;2200;2,5026;112182452;22320.000000
gen/tasktypes/dsub64_SIMD.sh 2;5027;112372149;22353
dsub64_SIMD;2200;2,5027;112372149;22353.000000
gen/tasktypes/dsub64_SIMD.sh 2;5027;112188556;22317
dsub64_SIMD;2200;2,5027;112188556;22317.000000

gen/tasktypes/dmem64_SIMD.sh 2;5030;105273839;20929
dmem64_SIMD;2200;2,5030;105273839;20929.000000
gen/tasktypes/dmem64_SIMD.sh 2;5026;105616917;21014
dmem64_SIMD;2200;2,5026;105616917;21014.000000
gen/tasktypes/dmem64_SIMD.sh 2;5023;105568028;21016
dmem64_SIMD;2200;2,5023;105568028;21016.000000

gen/tasktypes/vmov_SIMD.sh 2;5028;94255130;18746
vmov_SIMD;2200;2,5028;94255130;18746.000000
gen/tasktypes/vmov_SIMD.sh 2;5027;93736332;18646
vmov_SIMD;2200;2,5027;93736332;18646.000000
gen/tasktypes/vmov_SIMD.sh 2;5025;92997626;18506
vmov_SIMD;2200;2,5025;92997626;18506.000000

gen/tasktypes/vconvert_SIMD.sh 2;5025;86994651;17312
vconvert_SIMD;2200;2,5025;86994651;17312.000000
gen/tasktypes/vconvert_SIMD.sh 2;5027;86742209;17255
vconvert_SIMD;2200;2,5027;86742209;17255.000000
gen/tasktypes/vconvert_SIMD.sh 2;5031;86727805;17238
vconvert_SIMD;2200;2,5031;86727805;17238.000000

gen/tasktypes/m4x4smul.sh 2;5040;124681321;24738
m4x4smul;2200;2,5040;124681321;24738.000000
gen/tasktypes/m4x4smul.sh 2;5037;119306946;23686
m4x4smul;2200;2,5037;119306946;23686.000000
gen/tasktypes/m4x4smul.sh 2;5037;116103768;23050
m4x4smul;2200;2,5037;116103768;23050.000000

gen/tasktypes/dmul.sh 2;5034;96964046;19261
dmul;2200;2,5034;96964046;19261.000000
gen/tasktypes/dmul.sh 2;5039;96519223;19154
dmul;2200;2,5039;96519223;19154.000000
gen/tasktypes/dmul.sh 2;5038;96283872;19111
dmul;2200;2,5038;96283872;19111.000000

gen/tasktypes/dadd.sh 2;5040;103515360;20538
dadd;2200;2,5040;103515360;20538.000000
gen/tasktypes/dadd.sh 2;5038;103214518;20487
dadd;2200;2,5038;103214518;20487.000000
gen/tasktypes/dadd.sh 2;5041;103441447;20520
dadd;2200;2,5041;103441447;20520.000000

gen/tasktypes/iadd.sh 2;5040;103270122;20490
iadd;2200;2,5040;103270122;20490.000000
gen/tasktypes/iadd.sh 2;5042;103111492;20450
iadd;2200;2,5042;103111492;20450.000000
gen/tasktypes/iadd.sh 2;5038;103429728;20529
iadd;2200;2,5038;103429728;20529.000000

gen/tasktypes/imul.sh 2;5029;99310720;19747
imul;2200;2,5029;99310720;19747.000000
gen/tasktypes/imul.sh 2;5034;99471303;19759
imul;2200;2,5034;99471303;19759.000000
gen/tasktypes/imul.sh 2;5030;99242726;19730
imul;2200;2,5030;99242726;19730.000000

gen/tasktypes/icompare.sh 2;5030;108692227;21608
icompare;2200;2,5030;108692227;21608.000000
gen/tasktypes/icompare.sh 2;5028;107314484;21343
icompare;2200;2,5028;107314484;21343.000000
gen/tasktypes/icompare.sh 2;5034;106187106;21093
icompare;2200;2,5034;106187106;21093.000000

gen/tasktypes/logic.sh 2;5032;83996977;16692
logic;2200;2,5032;83996977;16692.000000
gen/tasktypes/logic.sh 2;5040;82891329;16446
logic;2200;2,5040;82891329;16446.000000
gen/tasktypes/logic.sh 2;5036;82399935;16362
logic;2200;2,5036;82399935;16362.000000

gen/tasktypes/branch.sh 2;5026;96528744;19205
branch;2200;2,5026;96528744;19205.000000
gen/tasktypes/branch.sh 2;5022;97806635;19475
branch;2200;2,5022;97806635;19475.000000
gen/tasktypes/branch.sh 2;5024;97666620;19440
branch;2200;2,5024;97666620;19440.000000

gen/tasktypes/imem.sh 2;5024;99331472;19771
imem;2200;2,5024;99331472;19771.000000
gen/tasktypes/imem.sh 2;5029;99321095;19749
imem;2200;2,5029;99321095;19749.000000
gen/tasktypes/imem.sh 2;5031;98914298;19660
imem;2200;2,5031;98914298;19660.000000

gen/tasktypes/dmem.sh 2;5039;43161389;8565
dmem;2200;2,5039;43161389;8565.000000
gen/tasktypes/dmem.sh 2;5042;39365561;7807
dmem;2200;2,5042;39365561;7807.000000
gen/tasktypes/dmem.sh 2;5044;58957369;11688
dmem;2200;2,5044;58957369;11688.000000

gen/tasktypes/imov.sh 2;5027;84738369;16856
imov;2200;2,5027;84738369;16856.000000
gen/tasktypes/imov.sh 2;5026;85865198;17084
imov;2200;2,5026;85865198;17084.000000
gen/tasktypes/imov.sh 2;5024;86540122;17225
imov;2200;2,5024;86540122;17225.000000

gen/tasktypes/shift.sh 2;5022;88474566;17617
shift;2200;2,5022;88474566;17617.000000
gen/tasktypes/shift.sh 2;5025;88488848;17609
shift;2200;2,5025;88488848;17609.000000
gen/tasktypes/shift.sh 2;5025;88976091;17706
shift;2200;2,5025;88976091;17706.000000

gen/tasktypes/bitbyte.sh 2;5024;110784324;22051
bitbyte;2200;2,5024;110784324;22051.000000
gen/tasktypes/bitbyte.sh 2;5020;107693694;21452
bitbyte;2200;2,5020;107693694;21452.000000
gen/tasktypes/bitbyte.sh 2;5024;105880832;21075
bitbyte;2200;2,5024;105880832;21075.000000

gen/tasktypes/nop.sh 2;5024;96023680;19112
nop;2200;2,5024;96023680;19112.000000
gen/tasktypes/nop.sh 2;5021;95930845;19105
nop;2200;2,5021;95930845;19105.000000
gen/tasktypes/nop.sh 2;5017;95112061;18957
nop;2200;2,5017;95112061;18957.000000

gen/tasktypes/ssub32_SIMD.sh 2;5027;116268379;23128
ssub32_SIMD;2200;2,5027;116268379;23128.000000
gen/tasktypes/ssub32_SIMD.sh 2;5029;113663345;22601
ssub32_SIMD;2200;2,5029;113663345;22601.000000
gen/tasktypes/ssub32_SIMD.sh 2;5031;111099203;22082
ssub32_SIMD;2200;2,5031;111099203;22082.000000

gen/tasktypes/m4x4smul_SIMD.sh 3;5035;133645715;26543
m4x4smul_SIMD;2200;3,5035;133645715;26543.000000
gen/tasktypes/m4x4smul_SIMD.sh 3;5036;126876812;25193
m4x4smul_SIMD;2200;3,5036;126876812;25193.000000
gen/tasktypes/m4x4smul_SIMD.sh 3;5036;124666856;24755
m4x4smul_SIMD;2200;3,5036;124666856;24755.000000

gen/tasktypes/v1x4smul_SIMD.sh 3;5030;122862966;24426
v1x4smul_SIMD;2200;3,5030;122862966;24426.000000
gen/tasktypes/v1x4smul_SIMD.sh 3;5027;120406979;23952
v1x4smul_SIMD;2200;3,5027;120406979;23952.000000
gen/tasktypes/v1x4smul_SIMD.sh 3;5028;120889278;24043
v1x4smul_SIMD;2200;3,5028;120889278;24043.000000

gen/tasktypes/dmul64_SIMD.sh 3;5021;115770883;23057
dmul64_SIMD;2200;3,5021;115770883;23057.000000
gen/tasktypes/dmul64_SIMD.sh 3;5021;115218333;22947
dmul64_SIMD;2200;3,5021;115218333;22947.000000
gen/tasktypes/dmul64_SIMD.sh 3;5033;114883862;22826
dmul64_SIMD;2200;3,5033;114883862;22826.000000

gen/tasktypes/smul32_SIMD.sh 3;5036;115775460;22989
smul32_SIMD;2200;3,5036;115775460;22989.000000
gen/tasktypes/smul32_SIMD.sh 3;5021;116055855;23114
smul32_SIMD;2200;3,5021;116055855;23114.000000
gen/tasktypes/smul32_SIMD.sh 3;5037;115505869;22931
smul32_SIMD;2200;3,5037;115505869;22931.000000

gen/tasktypes/dsub64_SIMD.sh 3;5032;113279617;22511
dsub64_SIMD;2200;3,5032;113279617;22511.000000
gen/tasktypes/dsub64_SIMD.sh 3;5037;114038709;22640
dsub64_SIMD;2200;3,5037;114038709;22640.000000
gen/tasktypes/dsub64_SIMD.sh 3;5035;114455579;22731
dsub64_SIMD;2200;3,5035;114455579;22731.000000

gen/tasktypes/dmem64_SIMD.sh 3;5030;114235120;22710
dmem64_SIMD;2200;3,5030;114235120;22710.000000
gen/tasktypes/dmem64_SIMD.sh 3;5022;114624219;22824
dmem64_SIMD;2200;3,5022;114624219;22824.000000
gen/tasktypes/dmem64_SIMD.sh 3;5028;114026625;22678
dmem64_SIMD;2200;3,5028;114026625;22678.000000

gen/tasktypes/vmov_SIMD.sh 3;5029;110141869;21901
vmov_SIMD;2200;3,5029;110141869;21901.000000
gen/tasktypes/vmov_SIMD.sh 3;5026;110589255;22003
vmov_SIMD;2200;3,5026;110589255;22003.000000
gen/tasktypes/vmov_SIMD.sh 3;5030;109470301;21763
vmov_SIMD;2200;3,5030;109470301;21763.000000

gen/tasktypes/vconvert_SIMD.sh 3;5029;102063765;20295
vconvert_SIMD;2200;3,5029;102063765;20295.000000
gen/tasktypes/vconvert_SIMD.sh 3;5021;103256999;20565
vconvert_SIMD;2200;3,5021;103256999;20565.000000
gen/tasktypes/vconvert_SIMD.sh 3;5030;102728985;20423
vconvert_SIMD;2200;3,5030;102728985;20423.000000

gen/tasktypes/m4x4smul.sh 3;5040;125540694;24908
m4x4smul;2200;3,5040;125540694;24908.000000
gen/tasktypes/m4x4smul.sh 3;5038;121010493;24019
m4x4smul;2200;3,5038;121010493;24019.000000
gen/tasktypes/m4x4smul.sh 3;5036;120112058;23850
m4x4smul;2200;3,5036;120112058;23850.000000

gen/tasktypes/dmul.sh 3;5030;115953927;23052
dmul;2200;3,5030;115953927;23052.000000
gen/tasktypes/dmul.sh 3;5048;114366650;22655
dmul;2200;3,5048;114366650;22655.000000
gen/tasktypes/dmul.sh 3;5037;113977430;22628
dmul;2200;3,5037;113977430;22628.000000

gen/tasktypes/dadd.sh 3;5022;118026248;23501
dadd;2200;3,5022;118026248;23501.000000
gen/tasktypes/dadd.sh 3;5030;117159673;23292
dadd;2200;3,5030;117159673;23292.000000
gen/tasktypes/dadd.sh 3;5043;115692758;22941
dadd;2200;3,5043;115692758;22941.000000

gen/tasktypes/iadd.sh 3;5031;108451138;21556
iadd;2200;3,5031;108451138;21556.000000
gen/tasktypes/iadd.sh 3;5037;111352132;22106
iadd;2200;3,5037;111352132;22106.000000
gen/tasktypes/iadd.sh 3;5021;112865373;22478
iadd;2200;3,5021;112865373;22478.000000

gen/tasktypes/imul.sh 3;5026;110789023;22043
imul;2200;3,5026;110789023;22043.000000
gen/tasktypes/imul.sh 3;5043;110959005;22002
imul;2200;3,5043;110959005;22002.000000
gen/tasktypes/imul.sh 3;5040;111084859;22040
imul;2200;3,5040;111084859;22040.000000

gen/tasktypes/icompare.sh 3;5031;112360491;22333
icompare;2200;3,5031;112360491;22333.000000
gen/tasktypes/icompare.sh 3;5020;112174700;22345
icompare;2200;3,5020;112174700;22345.000000
gen/tasktypes/icompare.sh 3;5035;111443074;22133
icompare;2200;3,5035;111443074;22133.000000

gen/tasktypes/logic.sh 3;5032;98920462;19658
logic;2200;3,5032;98920462;19658.000000
gen/tasktypes/logic.sh 3;5047;96385007;19097
logic;2200;3,5047;96385007;19097.000000
gen/tasktypes/logic.sh 3;5047;96349057;19090
logic;2200;3,5047;96349057;19090.000000

gen/tasktypes/branch.sh 3;5042;113060318;22423
branch;2200;3,5042;113060318;22423.000000
gen/tasktypes/branch.sh 3;5028;114172377;22707
branch;2200;3,5028;114172377;22707.000000
gen/tasktypes/branch.sh 3;5028;114725048;22817
branch;2200;3,5028;114725048;22817.000000

gen/tasktypes/imem.sh 3;5028;118484011;23564
imem;2200;3,5028;118484011;23564.000000
gen/tasktypes/imem.sh 3;5033;117094610;23265
imem;2200;3,5033;117094610;23265.000000
gen/tasktypes/imem.sh 3;5029;116979253;23260
imem;2200;3,5029;116979253;23260.000000

gen/tasktypes/dmem.sh 3;5042;103681009;20563
dmem;2200;3,5042;103681009;20563.000000
gen/tasktypes/dmem.sh 3;5039;79604410;15797
dmem;2200;3,5039;79604410;15797.000000
gen/tasktypes/dmem.sh 3;5040;81844212;16238
dmem;2200;3,5040;81844212;16238.000000

gen/tasktypes/imov.sh 3;5032;101160813;20103
imov;2200;3,5032;101160813;20103.000000
gen/tasktypes/imov.sh 3;5035;101619918;20182
imov;2200;3,5035;101619918;20182.000000
gen/tasktypes/imov.sh 3;5037;101594710;20169
imov;2200;3,5037;101594710;20169.000000

gen/tasktypes/shift.sh 3;5028;105293249;20941
shift;2200;3,5028;105293249;20941.000000
gen/tasktypes/shift.sh 3;5030;105279638;20930
shift;2200;3,5030;105279638;20930.000000
gen/tasktypes/shift.sh 3;5032;104940527;20854
shift;2200;3,5032;104940527;20854.000000

gen/tasktypes/bitbyte.sh 3;5031;113649917;22589
bitbyte;2200;3,5031;113649917;22589.000000
gen/tasktypes/bitbyte.sh 3;5024;113116410;22515
bitbyte;2200;3,5024;113116410;22515.000000
gen/tasktypes/bitbyte.sh 3;5033;111214742;22097
bitbyte;2200;3,5033;111214742;22097.000000

gen/tasktypes/nop.sh 3;5019;113535965;22621
nop;2200;3,5019;113535965;22621.000000
gen/tasktypes/nop.sh 3;5021;113589003;22622
nop;2200;3,5021;113589003;22622.000000
gen/tasktypes/nop.sh 3;5041;112691667;22355
nop;2200;3,5041;112691667;22355.000000

gen/tasktypes/ssub32_SIMD.sh 3;5037;116671760;23162
ssub32_SIMD;2200;3,5037;116671760;23162.000000
gen/tasktypes/ssub32_SIMD.sh 3;5030;115651315;22992
ssub32_SIMD;2200;3,5030;115651315;22992.000000
gen/tasktypes/ssub32_SIMD.sh 3;5021;116511604;23204
ssub32_SIMD;2200;3,5021;116511604;23204.000000

gen/tasktypes/m4x4smul_SIMD.sh 4;5034;139921517;27795
m4x4smul_SIMD;2200;4,5034;139921517;27795.000000
gen/tasktypes/m4x4smul_SIMD.sh 4;5028;134562888;26762
m4x4smul_SIMD;2200;4,5028;134562888;26762.000000
gen/tasktypes/m4x4smul_SIMD.sh 4;5041;125805953;24956
m4x4smul_SIMD;2200;4,5041;125805953;24956.000000

gen/tasktypes/v1x4smul_SIMD.sh 4;5024;128498877;25577
v1x4smul_SIMD;2200;4,5024;128498877;25577.000000
gen/tasktypes/v1x4smul_SIMD.sh 4;5026;126396466;25148
v1x4smul_SIMD;2200;4,5026;126396466;25148.000000
gen/tasktypes/v1x4smul_SIMD.sh 4;5023;126054304;25095
v1x4smul_SIMD;2200;4,5023;126054304;25095.000000

gen/tasktypes/dmul64_SIMD.sh 4;5023;121826592;24253
dmul64_SIMD;2200;4,5023;121826592;24253.000000
gen/tasktypes/dmul64_SIMD.sh 4;5031;121789056;24207
dmul64_SIMD;2200;4,5031;121789056;24207.000000
gen/tasktypes/dmul64_SIMD.sh 4;5037;120772884;23977
dmul64_SIMD;2200;4,5037;120772884;23977.000000

gen/tasktypes/smul32_SIMD.sh 4;5032;119797057;23807
smul32_SIMD;2200;4,5032;119797057;23807.000000
gen/tasktypes/smul32_SIMD.sh 4;5032;118999757;23648
smul32_SIMD;2200;4,5032;118999757;23648.000000
gen/tasktypes/smul32_SIMD.sh 4;5039;123180287;24445
smul32_SIMD;2200;4,5039;123180287;24445.000000

gen/tasktypes/dsub64_SIMD.sh 4;5022;117851933;23467
dsub64_SIMD;2200;4,5022;117851933;23467.000000
gen/tasktypes/dsub64_SIMD.sh 4;5019;121681573;24244
dsub64_SIMD;2200;4,5019;121681573;24244.000000
gen/tasktypes/dsub64_SIMD.sh 4;5020;121918084;24286
dsub64_SIMD;2200;4,5020;121918084;24286.000000

gen/tasktypes/dmem64_SIMD.sh 4;5030;121982110;24250
dmem64_SIMD;2200;4,5030;121982110;24250.000000
gen/tasktypes/dmem64_SIMD.sh 4;5028;120782527;24021
dmem64_SIMD;2200;4,5028;120782527;24021.000000
gen/tasktypes/dmem64_SIMD.sh 4;5027;121449945;24159
dmem64_SIMD;2200;4,5027;121449945;24159.000000

gen/tasktypes/vmov_SIMD.sh 4;5023;123936817;24673
vmov_SIMD;2200;4,5023;123936817;24673.000000
gen/tasktypes/vmov_SIMD.sh 4;5023;126630718;25210
vmov_SIMD;2200;4,5023;126630718;25210.000000
gen/tasktypes/vmov_SIMD.sh 4;5033;125213364;24878
vmov_SIMD;2200;4,5033;125213364;24878.000000

gen/tasktypes/vconvert_SIMD.sh 4;5031;122784720;24405
vconvert_SIMD;2200;4,5031;122784720;24405.000000
gen/tasktypes/vconvert_SIMD.sh 4;5031;122427299;24334
vconvert_SIMD;2200;4,5031;122427299;24334.000000
gen/tasktypes/vconvert_SIMD.sh 4;5034;122941763;24422
vconvert_SIMD;2200;4,5034;122941763;24422.000000

gen/tasktypes/m4x4smul.sh 4;5040;123267689;24457
m4x4smul;2200;4,5040;123267689;24457.000000
gen/tasktypes/m4x4smul.sh 4;5033;123322621;24502
m4x4smul;2200;4,5033;123322621;24502.000000
gen/tasktypes/m4x4smul.sh 4;5041;122712576;24342
m4x4smul;2200;4,5041;122712576;24342.000000

gen/tasktypes/dmul.sh 4;5038;121838799;24183
dmul;2200;4,5038;121838799;24183.000000
gen/tasktypes/dmul.sh 4;5038;122379020;24291
dmul;2200;4,5038;122379020;24291.000000
gen/tasktypes/dmul.sh 4;5030;122042779;24262
dmul;2200;4,5030;122042779;24262.000000

gen/tasktypes/dadd.sh 4;5030;120213864;23899
dadd;2200;4,5030;120213864;23899.000000
gen/tasktypes/dadd.sh 4;5039;123129689;24435
dadd;2200;4,5039;123129689;24435.000000
gen/tasktypes/dadd.sh 4;5038;123011525;24416
dadd;2200;4,5038;123011525;24416.000000

gen/tasktypes/iadd.sh 4;5032;117636723;23377
iadd;2200;4,5032;117636723;23377.000000
gen/tasktypes/iadd.sh 4;5022;118979431;23691
iadd;2200;4,5022;118979431;23691.000000
gen/tasktypes/iadd.sh 4;5040;119886961;23787
iadd;2200;4,5040;119886961;23787.000000

gen/tasktypes/imul.sh 4;5036;117915469;23414
imul;2200;4,5036;117915469;23414.000000
gen/tasktypes/imul.sh 4;5033;117810489;23407
imul;2200;4,5033;117810489;23407.000000
gen/tasktypes/imul.sh 4;5021;118556154;23612
imul;2200;4,5021;118556154;23612.000000

gen/tasktypes/icompare.sh 4;5030;118539492;23566
icompare;2200;4,5030;118539492;23566.000000
gen/tasktypes/icompare.sh 4;5024;118813478;23649
icompare;2200;4,5024;118813478;23649.000000
gen/tasktypes/icompare.sh 4;5035;118584474;23552
icompare;2200;4,5035;118584474;23552.000000

gen/tasktypes/logic.sh 4;5048;123870960;24538
logic;2200;4,5048;123870960;24538.000000
gen/tasktypes/logic.sh 4;5027;122313591;24331
logic;2200;4,5027;122313591;24331.000000
gen/tasktypes/logic.sh 4;5029;120507076;23962
logic;2200;4,5029;120507076;23962.000000

gen/tasktypes/branch.sh 4;5029;120199156;23901
branch;2200;4,5029;120199156;23901.000000
gen/tasktypes/branch.sh 4;5018;120777461;24068
branch;2200;4,5018;120777461;24068.000000
gen/tasktypes/branch.sh 4;5030;120596188;23975
branch;2200;4,5030;120596188;23975.000000

gen/tasktypes/imem.sh 4;5028;120702572;24006
imem;2200;4,5028;120702572;24006.000000
gen/tasktypes/imem.sh 4;5033;123498830;24537
imem;2200;4,5033;123498830;24537.000000
gen/tasktypes/imem.sh 4;5029;122381034;24335
imem;2200;4,5029;122381034;24335.000000

gen/tasktypes/dmem.sh 4;5040;139701974;27718
dmem;2200;4,5040;139701974;27718.000000
gen/tasktypes/dmem.sh 4;5043;132915736;26356
dmem;2200;4,5043;132915736;26356.000000
gen/tasktypes/dmem.sh 4;5044;122753836;24336
dmem;2200;4,5044;122753836;24336.000000

gen/tasktypes/imov.sh 4;5033;113461257;22543
imov;2200;4,5033;113461257;22543.000000
gen/tasktypes/imov.sh 4;5028;117873172;23443
imov;2200;4,5028;117873172;23443.000000
gen/tasktypes/imov.sh 4;5022;118876222;23671
imov;2200;4,5022;118876222;23671.000000

gen/tasktypes/shift.sh 4;5030;115137584;22890
shift;2200;4,5030;115137584;22890.000000
gen/tasktypes/shift.sh 4;5027;116276130;23130
shift;2200;4,5027;116276130;23130.000000
gen/tasktypes/shift.sh 4;5033;117160894;23278
shift;2200;4,5033;117160894;23278.000000

gen/tasktypes/bitbyte.sh 4;5035;112943253;22431
bitbyte;2200;4,5035;112943253;22431.000000
gen/tasktypes/bitbyte.sh 4;5030;114097181;22683
bitbyte;2200;4,5030;114097181;22683.000000
gen/tasktypes/bitbyte.sh 4;5019;115445078;23001
bitbyte;2200;4,5019;115445078;23001.000000

gen/tasktypes/nop.sh 4;5023;127087809;25301
nop;2200;4,5023;127087809;25301.000000
gen/tasktypes/nop.sh 4;5027;124240526;24714
nop;2200;4,5027;124240526;24714.000000
gen/tasktypes/nop.sh 4;5027;123931446;24653
nop;2200;4,5027;123931446;24653.000000

gen/tasktypes/ssub32_SIMD.sh 4;5030;118260256;23510
ssub32_SIMD;2200;4,5030;118260256;23510.000000
gen/tasktypes/ssub32_SIMD.sh 4;5031;119044190;23662
ssub32_SIMD;2200;4,5031;119044190;23662.000000
gen/tasktypes/ssub32_SIMD.sh 4;5035;118328310;23501
ssub32_SIMD;2200;4,5035;118328310;23501.000000

