app;cpufreq;Parallelitätsgrad;Dauer; power;leistung
gen/tasktypes/m4x4smul_SIMD.sh 1;5043;66393446;13165
m4x4smul_SIMD;2400;1,5043;66393446;13165.000000
gen/tasktypes/m4x4smul_SIMD.sh 1;5037;66564771;13215
m4x4smul_SIMD;2400;1,5037;66564771;13215.000000
gen/tasktypes/m4x4smul_SIMD.sh 1;5032;68008187;13515
m4x4smul_SIMD;2400;1,5032;68008187;13515.000000

gen/tasktypes/v1x4smul_SIMD.sh 1;5024;64659136;12870
v1x4smul_SIMD;2400;1,5024;64659136;12870.000000
gen/tasktypes/v1x4smul_SIMD.sh 1;5021;64806169;12907
v1x4smul_SIMD;2400;1,5021;64806169;12907.000000
gen/tasktypes/v1x4smul_SIMD.sh 1;5020;64904863;12929
v1x4smul_SIMD;2400;1,5020;64904863;12929.000000

gen/tasktypes/dmul64_SIMD.sh 1;5027;64334796;12797
dmul64_SIMD;2400;1,5027;64334796;12797.000000
gen/tasktypes/dmul64_SIMD.sh 1;5019;63628255;12677
dmul64_SIMD;2400;1,5019;63628255;12677.000000
gen/tasktypes/dmul64_SIMD.sh 1;5021;63593343;12665
dmul64_SIMD;2400;1,5021;63593343;12665.000000

gen/tasktypes/smul32_SIMD.sh 1;5026;66605054;13252
smul32_SIMD;2400;1,5026;66605054;13252.000000
gen/tasktypes/smul32_SIMD.sh 1;5026;66506422;13232
smul32_SIMD;2400;1,5026;66506422;13232.000000
gen/tasktypes/smul32_SIMD.sh 1;5023;66504590;13240
smul32_SIMD;2400;1,5023;66504590;13240.000000

gen/tasktypes/dsub64_SIMD.sh 1;5027;64501727;12831
dsub64_SIMD;2400;1,5027;64501727;12831.000000
gen/tasktypes/dsub64_SIMD.sh 1;5025;64012836;12738
dsub64_SIMD;2400;1,5025;64012836;12738.000000
gen/tasktypes/dsub64_SIMD.sh 1;5024;64182148;12775
dsub64_SIMD;2400;1,5024;64182148;12775.000000

gen/tasktypes/dmem64_SIMD.sh 1;5023;60678434;12080
dmem64_SIMD;2400;1,5023;60678434;12080.000000
gen/tasktypes/dmem64_SIMD.sh 1;5024;60716031;12085
dmem64_SIMD;2400;1,5024;60716031;12085.000000
gen/tasktypes/dmem64_SIMD.sh 1;5027;60510587;12037
dmem64_SIMD;2400;1,5027;60510587;12037.000000

gen/tasktypes/vmov_SIMD.sh 1;5025;55196087;10984
vmov_SIMD;2400;1,5025;55196087;10984.000000
gen/tasktypes/vmov_SIMD.sh 1;5026;55089764;10960
vmov_SIMD;2400;1,5026;55089764;10960.000000
gen/tasktypes/vmov_SIMD.sh 1;5028;54868390;10912
vmov_SIMD;2400;1,5028;54868390;10912.000000

gen/tasktypes/vconvert_SIMD.sh 1;5024;51554617;10261
vconvert_SIMD;2400;1,5024;51554617;10261.000000
gen/tasktypes/vconvert_SIMD.sh 1;5019;50786613;10118
vconvert_SIMD;2400;1,5019;50786613;10118.000000
gen/tasktypes/vconvert_SIMD.sh 1;5019;50890189;10139
vconvert_SIMD;2400;1,5019;50890189;10139.000000

gen/tasktypes/m4x4smul.sh 1;5028;78345930;15581
m4x4smul;2400;1,5028;78345930;15581.000000
gen/tasktypes/m4x4smul.sh 1;5046;78244063;15506
m4x4smul;2400;1,5046;78244063;15506.000000
gen/tasktypes/m4x4smul.sh 1;5036;78343366;15556
m4x4smul;2400;1,5036;78343366;15556.000000

gen/tasktypes/dmul.sh 1;5034;56416359;11207
dmul;2400;1,5034;56416359;11207.000000
gen/tasktypes/dmul.sh 1;5033;56249062;11176
dmul;2400;1,5033;56249062;11176.000000
gen/tasktypes/dmul.sh 1;5033;56221902;11170
dmul;2400;1,5033;56221902;11170.000000

gen/tasktypes/dadd.sh 1;5033;59431122;11808
dadd;2400;1,5033;59431122;11808.000000
gen/tasktypes/dadd.sh 1;5031;59397125;11806
dadd;2400;1,5031;59397125;11806.000000
gen/tasktypes/dadd.sh 1;5032;59488434;11822
dadd;2400;1,5032;59488434;11822.000000

gen/tasktypes/iadd.sh 1;5029;59403900;11812
iadd;2400;1,5029;59403900;11812.000000
gen/tasktypes/iadd.sh 1;5026;59449494;11828
iadd;2400;1,5026;59449494;11828.000000
gen/tasktypes/iadd.sh 1;5026;59352875;11809
iadd;2400;1,5026;59352875;11809.000000

gen/tasktypes/imul.sh 1;5028;56821205;11300
imul;2400;1,5028;56821205;11300.000000
gen/tasktypes/imul.sh 1;5027;56809486;11300
imul;2400;1,5027;56809486;11300.000000
gen/tasktypes/imul.sh 1;5027;56894203;11317
imul;2400;1,5027;56894203;11317.000000

gen/tasktypes/icompare.sh 1;5026;70456607;14018
icompare;2400;1,5026;70456607;14018.000000
gen/tasktypes/icompare.sh 1;5027;70586489;14041
icompare;2400;1,5027;70586489;14041.000000
gen/tasktypes/icompare.sh 1;5023;70697328;14074
icompare;2400;1,5023;70697328;14074.000000

gen/tasktypes/logic.sh 1;5027;49339962;9814
logic;2400;1,5027;49339962;9814.000000
gen/tasktypes/logic.sh 1;5036;49044430;9738
logic;2400;1,5036;49044430;9738.000000
gen/tasktypes/logic.sh 1;5032;48986080;9734
logic;2400;1,5032;48986080;9734.000000

gen/tasktypes/branch.sh 1;5023;56483681;11245
branch;2400;1,5023;56483681;11245.000000
gen/tasktypes/branch.sh 1;5023;56473427;11242
branch;2400;1,5023;56473427;11242.000000
gen/tasktypes/branch.sh 1;5019;56483437;11253
branch;2400;1,5019;56483437;11253.000000

gen/tasktypes/imem.sh 1;5022;57102698;11370
imem;2400;1,5022;57102698;11370.000000
gen/tasktypes/imem.sh 1;5027;56680763;11275
imem;2400;1,5027;56680763;11275.000000
gen/tasktypes/imem.sh 1;5023;56960486;11339
imem;2400;1,5023;56960486;11339.000000

gen/tasktypes/dmem.sh 1;5029;21948674;4364
dmem;2400;1,5029;21948674;4364.000000
gen/tasktypes/dmem.sh 1;5042;21958989;4355
dmem;2400;1,5042;21958989;4355.000000
gen/tasktypes/dmem.sh 1;5044;22014958;4364
dmem;2400;1,5044;22014958;4364.000000

gen/tasktypes/imov.sh 1;5029;50823478;10106
imov;2400;1,5029;50823478;10106.000000
gen/tasktypes/imov.sh 1;5020;51369131;10232
imov;2400;1,5020;51369131;10232.000000
gen/tasktypes/imov.sh 1;5014;51592764;10289
imov;2400;1,5014;51592764;10289.000000

gen/tasktypes/shift.sh 1;5023;53968429;10744
shift;2400;1,5023;53968429;10744.000000
gen/tasktypes/shift.sh 1;5023;53810531;10712
shift;2400;1,5023;53810531;10712.000000
gen/tasktypes/shift.sh 1;5025;53870529;10720
shift;2400;1,5025;53870529;10720.000000

gen/tasktypes/bitbyte.sh 1;5025;65905349;13115
bitbyte;2400;1,5025;65905349;13115.000000
gen/tasktypes/bitbyte.sh 1;5019;66712781;13292
bitbyte;2400;1,5019;66712781;13292.000000
gen/tasktypes/bitbyte.sh 1;5016;66468946;13251
bitbyte;2400;1,5016;66468946;13251.000000

gen/tasktypes/nop.sh 1;5018;56569923;11273
nop;2400;1,5018;56569923;11273.000000
gen/tasktypes/nop.sh 1;5019;56400429;11237
nop;2400;1,5019;56400429;11237.000000
gen/tasktypes/nop.sh 1;5023;55542705;11057
nop;2400;1,5023;55542705;11057.000000

gen/tasktypes/ssub32_SIMD.sh 1;5026;66217909;13175
ssub32_SIMD;2400;1,5026;66217909;13175.000000
gen/tasktypes/ssub32_SIMD.sh 1;5025;66421399;13218
ssub32_SIMD;2400;1,5025;66421399;13218.000000
gen/tasktypes/ssub32_SIMD.sh 1;5025;66569348;13247
ssub32_SIMD;2400;1,5025;66569348;13247.000000

gen/tasktypes/m4x4smul_SIMD.sh 2;5030;109205715;21710
m4x4smul_SIMD;2400;2,5030;109205715;21710.000000
gen/tasktypes/m4x4smul_SIMD.sh 2;5038;110234643;21880
m4x4smul_SIMD;2400;2,5038;110234643;21880.000000
gen/tasktypes/m4x4smul_SIMD.sh 2;5038;112140277;22258
m4x4smul_SIMD;2400;2,5038;112140277;22258.000000

gen/tasktypes/v1x4smul_SIMD.sh 2;5028;106080172;21097
v1x4smul_SIMD;2400;2,5028;106080172;21097.000000
gen/tasktypes/v1x4smul_SIMD.sh 2;5025;106960420;21285
v1x4smul_SIMD;2400;2,5025;106960420;21285.000000
gen/tasktypes/v1x4smul_SIMD.sh 2;5023;107847258;21470
v1x4smul_SIMD;2400;2,5023;107847258;21470.000000

gen/tasktypes/dmul64_SIMD.sh 2;5029;106732820;21223
dmul64_SIMD;2400;2,5029;106732820;21223.000000
gen/tasktypes/dmul64_SIMD.sh 2;5029;107363067;21348
dmul64_SIMD;2400;2,5029;107363067;21348.000000
gen/tasktypes/dmul64_SIMD.sh 2;5031;108110746;21488
dmul64_SIMD;2400;2,5031;108110746;21488.000000

gen/tasktypes/smul32_SIMD.sh 2;5030;115076182;22877
smul32_SIMD;2400;2,5030;115076182;22877.000000
gen/tasktypes/smul32_SIMD.sh 2;5031;91572337;18201
smul32_SIMD;2400;2,5031;91572337;18201.000000
gen/tasktypes/smul32_SIMD.sh 2;5023;115228526;22940
smul32_SIMD;2400;2,5023;115228526;22940.000000

gen/tasktypes/dsub64_SIMD.sh 2;5029;110825155;22037
dsub64_SIMD;2400;2,5029;110825155;22037.000000
gen/tasktypes/dsub64_SIMD.sh 2;5032;110715293;22002
dsub64_SIMD;2400;2,5032;110715293;22002.000000
gen/tasktypes/dsub64_SIMD.sh 2;5029;110893943;22050
dsub64_SIMD;2400;2,5029;110893943;22050.000000

gen/tasktypes/dmem64_SIMD.sh 2;5030;104828101;20840
dmem64_SIMD;2400;2,5030;104828101;20840.000000
gen/tasktypes/dmem64_SIMD.sh 2;5025;104372474;20770
dmem64_SIMD;2400;2,5025;104372474;20770.000000
gen/tasktypes/dmem64_SIMD.sh 2;5025;104056924;20707
dmem64_SIMD;2400;2,5025;104056924;20707.000000

gen/tasktypes/vmov_SIMD.sh 2;5029;92816962;18456
vmov_SIMD;2400;2,5029;92816962;18456.000000
gen/tasktypes/vmov_SIMD.sh 2;5026;92589973;18422
vmov_SIMD;2400;2,5026;92589973;18422.000000
gen/tasktypes/vmov_SIMD.sh 2;5028;92534798;18403
vmov_SIMD;2400;2,5028;92534798;18403.000000

gen/tasktypes/vconvert_SIMD.sh 2;5027;85877039;17083
vconvert_SIMD;2400;2,5027;85877039;17083.000000
gen/tasktypes/vconvert_SIMD.sh 2;5029;85340114;16969
vconvert_SIMD;2400;2,5029;85340114;16969.000000
gen/tasktypes/vconvert_SIMD.sh 2;5028;85335353;16972
vconvert_SIMD;2400;2,5028;85335353;16972.000000

gen/tasktypes/m4x4smul.sh 2;5044;128336525;25443
m4x4smul;2400;2,5044;128336525;25443.000000
gen/tasktypes/m4x4smul.sh 2;5039;121937981;24198
m4x4smul;2400;2,5039;121937981;24198.000000
gen/tasktypes/m4x4smul.sh 2;5042;118902588;23582
m4x4smul;2400;2,5042;118902588;23582.000000

gen/tasktypes/dmul.sh 2;5028;95922972;19077
dmul;2400;2,5028;95922972;19077.000000
gen/tasktypes/dmul.sh 2;5033;94496463;18775
dmul;2400;2,5033;94496463;18775.000000
gen/tasktypes/dmul.sh 2;5033;94422488;18760
dmul;2400;2,5033;94422488;18760.000000

gen/tasktypes/dadd.sh 2;5042;102293012;20288
dadd;2400;2,5042;102293012;20288.000000
gen/tasktypes/dadd.sh 2;5048;101889876;20184
dadd;2400;2,5048;101889876;20184.000000
gen/tasktypes/dadd.sh 2;5043;101943465;20214
dadd;2400;2,5043;101943465;20214.000000

gen/tasktypes/iadd.sh 2;5035;102126691;20283
iadd;2400;2,5035;102126691;20283.000000
gen/tasktypes/iadd.sh 2;5032;102102217;20290
iadd;2400;2,5032;102102217;20290.000000
gen/tasktypes/iadd.sh 2;5032;102314741;20332
iadd;2400;2,5032;102314741;20332.000000

gen/tasktypes/imul.sh 2;5035;97898859;19443
imul;2400;2,5035;97898859;19443.000000
gen/tasktypes/imul.sh 2;5036;97815118;19423
imul;2400;2,5036;97815118;19423.000000
gen/tasktypes/imul.sh 2;5041;97697931;19380
imul;2400;2,5041;97697931;19380.000000

gen/tasktypes/icompare.sh 2;5030;113225967;22510
icompare;2400;2,5030;113225967;22510.000000
gen/tasktypes/icompare.sh 2;5029;110857504;22043
icompare;2400;2,5029;110857504;22043.000000
gen/tasktypes/icompare.sh 2;5031;109725183;21809
icompare;2400;2,5031;109725183;21809.000000

gen/tasktypes/logic.sh 2;5041;82652499;16396
logic;2400;2,5041;82652499;16396.000000
gen/tasktypes/logic.sh 2;5042;82085362;16280
logic;2400;2,5042;82085362;16280.000000
gen/tasktypes/logic.sh 2;5043;82299717;16319
logic;2400;2,5043;82299717;16319.000000

gen/tasktypes/branch.sh 2;5022;95578551;19031
branch;2400;2,5022;95578551;19031.000000
gen/tasktypes/branch.sh 2;5023;95874937;19087
branch;2400;2,5023;95874937;19087.000000
gen/tasktypes/branch.sh 2;5023;95857237;19083
branch;2400;2,5023;95857237;19083.000000

gen/tasktypes/imem.sh 2;5024;99185537;19742
imem;2400;2,5024;99185537;19742.000000
gen/tasktypes/imem.sh 2;5028;99270681;19743
imem;2400;2,5028;99270681;19743.000000
gen/tasktypes/imem.sh 2;5029;100263293;19937
imem;2400;2,5029;100263293;19937.000000

gen/tasktypes/dmem.sh 2;5034;62084192;12332
dmem;2400;2,5034;62084192;12332.000000
gen/tasktypes/dmem.sh 2;5042;47667480;9454
dmem;2400;2,5042;47667480;9454.000000
gen/tasktypes/dmem.sh 2;5038;58307346;11573
dmem;2400;2,5038;58307346;11573.000000

gen/tasktypes/imov.sh 2;5030;84713894;16841
imov;2400;2,5030;84713894;16841.000000
gen/tasktypes/imov.sh 2;5020;85072903;16946
imov;2400;2,5020;85072903;16946.000000
gen/tasktypes/imov.sh 2;5025;85707422;17056
imov;2400;2,5025;85707422;17056.000000

gen/tasktypes/shift.sh 2;5025;88429095;17597
shift;2400;2,5025;88429095;17597.000000
gen/tasktypes/shift.sh 2;5028;88401019;17581
shift;2400;2,5028;88401019;17581.000000
gen/tasktypes/shift.sh 2;5019;88553484;17643
shift;2400;2,5019;88553484;17643.000000

gen/tasktypes/bitbyte.sh 2;5026;112875993;22458
bitbyte;2400;2,5026;112875993;22458.000000
gen/tasktypes/bitbyte.sh 2;5024;109353419;21766
bitbyte;2400;2,5024;109353419;21766.000000
gen/tasktypes/bitbyte.sh 2;5027;107438812;21372
bitbyte;2400;2,5027;107438812;21372.000000

gen/tasktypes/nop.sh 2;5018;94836671;18899
nop;2400;2,5018;94836671;18899.000000
gen/tasktypes/nop.sh 2;5018;94696169;18871
nop;2400;2,5018;94696169;18871.000000
gen/tasktypes/nop.sh 2;5018;94826540;18897
nop;2400;2,5018;94826540;18897.000000

gen/tasktypes/ssub32_SIMD.sh 2;5023;117234929;23339
ssub32_SIMD;2400;2,5023;117234929;23339.000000
gen/tasktypes/ssub32_SIMD.sh 2;5027;116865912;23247
ssub32_SIMD;2400;2,5027;116865912;23247.000000
gen/tasktypes/ssub32_SIMD.sh 2;5037;114041212;22640
ssub32_SIMD;2400;2,5037;114041212;22640.000000

gen/tasktypes/m4x4smul_SIMD.sh 3;5037;136321429;27064
m4x4smul_SIMD;2400;3,5037;136321429;27064.000000
gen/tasktypes/m4x4smul_SIMD.sh 3;5029;130472566;25944
m4x4smul_SIMD;2400;3,5029;130472566;25944.000000
gen/tasktypes/m4x4smul_SIMD.sh 3;5037;126295453;25073
m4x4smul_SIMD;2400;3,5037;126295453;25073.000000

gen/tasktypes/v1x4smul_SIMD.sh 3;5032;125070236;24854
v1x4smul_SIMD;2400;3,5032;125070236;24854.000000
gen/tasktypes/v1x4smul_SIMD.sh 3;5027;122619620;24392
v1x4smul_SIMD;2400;3,5027;122619620;24392.000000
gen/tasktypes/v1x4smul_SIMD.sh 3;5027;121908440;24250
v1x4smul_SIMD;2400;3,5027;121908440;24250.000000

gen/tasktypes/dmul64_SIMD.sh 3;5024;117047735;23297
dmul64_SIMD;2400;3,5024;117047735;23297.000000
gen/tasktypes/dmul64_SIMD.sh 3;5034;117073125;23256
dmul64_SIMD;2400;3,5034;117073125;23256.000000
gen/tasktypes/dmul64_SIMD.sh 3;5041;116339363;23078
dmul64_SIMD;2400;3,5041;116339363;23078.000000

gen/tasktypes/smul32_SIMD.sh 3;5037;117552921;23337
smul32_SIMD;2400;3,5037;117552921;23337.000000
gen/tasktypes/smul32_SIMD.sh 3;5041;117891727;23386
smul32_SIMD;2400;3,5041;117891727;23386.000000
gen/tasktypes/smul32_SIMD.sh 3;5036;118004763;23432
smul32_SIMD;2400;3,5036;118004763;23432.000000

gen/tasktypes/dsub64_SIMD.sh 3;5035;116326912;23103
dsub64_SIMD;2400;3,5035;116326912;23103.000000
gen/tasktypes/dsub64_SIMD.sh 3;5032;115210948;22895
dsub64_SIMD;2400;3,5032;115210948;22895.000000
gen/tasktypes/dsub64_SIMD.sh 3;5022;116401313;23178
dsub64_SIMD;2400;3,5022;116401313;23178.000000

gen/tasktypes/dmem64_SIMD.sh 3;5018;116266426;23169
dmem64_SIMD;2400;3,5018;116266426;23169.000000
gen/tasktypes/dmem64_SIMD.sh 3;5022;116248725;23147
dmem64_SIMD;2400;3,5022;116248725;23147.000000
gen/tasktypes/dmem64_SIMD.sh 3;5039;115204661;22862
dmem64_SIMD;2400;3,5039;115204661;22862.000000

gen/tasktypes/vmov_SIMD.sh 3;5030;109089930;21687
vmov_SIMD;2400;3,5030;109089930;21687.000000
gen/tasktypes/vmov_SIMD.sh 3;5044;109446314;21698
vmov_SIMD;2400;3,5044;109446314;21698.000000
gen/tasktypes/vmov_SIMD.sh 3;5019;110661948;22048
vmov_SIMD;2400;3,5019;110661948;22048.000000

gen/tasktypes/vconvert_SIMD.sh 3;5022;102212263;20352
vconvert_SIMD;2400;3,5022;102212263;20352.000000
gen/tasktypes/vconvert_SIMD.sh 3;5037;101086106;20068
vconvert_SIMD;2400;3,5037;101086106;20068.000000
gen/tasktypes/vconvert_SIMD.sh 3;5019;102196821;20361
vconvert_SIMD;2400;3,5019;102196821;20361.000000

gen/tasktypes/m4x4smul.sh 3;5032;127874185;25412
m4x4smul;2400;3,5032;127874185;25412.000000
gen/tasktypes/m4x4smul.sh 3;5029;123379567;24533
m4x4smul;2400;3,5029;123379567;24533.000000
gen/tasktypes/m4x4smul.sh 3;5040;120866206;23981
m4x4smul;2400;3,5040;120866206;23981.000000

gen/tasktypes/dmul.sh 3;5029;115374887;22941
dmul;2400;3,5029;115374887;22941.000000
gen/tasktypes/dmul.sh 3;5037;112765946;22387
dmul;2400;3,5037;112765946;22387.000000
gen/tasktypes/dmul.sh 3;5029;114823131;22832
dmul;2400;3,5029;114823131;22832.000000

gen/tasktypes/dadd.sh 3;5039;120264767;23866
dadd;2400;3,5039;120264767;23866.000000
gen/tasktypes/dadd.sh 3;5052;119255798;23605
dadd;2400;3,5052;119255798;23605.000000
gen/tasktypes/dadd.sh 3;5050;119371154;23637
dadd;2400;3,5050;119371154;23637.000000

gen/tasktypes/iadd.sh 3;5032;112905228;22437
iadd;2400;3,5032;112905228;22437.000000
gen/tasktypes/iadd.sh 3;5041;97537348;19348
iadd;2400;3,5041;97537348;19348.000000
gen/tasktypes/iadd.sh 3;5029;117211431;23307
iadd;2400;3,5029;117211431;23307.000000

gen/tasktypes/imul.sh 3;5046;114686229;22728
imul;2400;3,5046;114686229;22728.000000
gen/tasktypes/imul.sh 3;5043;113053849;22417
imul;2400;3,5043;113053849;22417.000000
gen/tasktypes/imul.sh 3;5035;115451670;22929
imul;2400;3,5035;115451670;22929.000000

gen/tasktypes/icompare.sh 3;5029;114265637;22721
icompare;2400;3,5029;114265637;22721.000000
gen/tasktypes/icompare.sh 3;5030;114124158;22688
icompare;2400;3,5030;114124158;22688.000000
gen/tasktypes/icompare.sh 3;5023;114050916;22705
icompare;2400;3,5023;114050916;22705.000000

gen/tasktypes/logic.sh 3;5027;98515617;19597
logic;2400;3,5027;98515617;19597.000000
gen/tasktypes/logic.sh 3;5041;96400021;19123
logic;2400;3,5041;96400021;19123.000000
gen/tasktypes/logic.sh 3;5035;97718927;19407
logic;2400;3,5035;97718927;19407.000000

gen/tasktypes/branch.sh 3;5029;114101454;22688
branch;2400;3,5029;114101454;22688.000000
gen/tasktypes/branch.sh 3;5032;112784379;22413
branch;2400;3,5032;112784379;22413.000000
gen/tasktypes/branch.sh 3;5027;113467483;22571
branch;2400;3,5027;113467483;22571.000000

gen/tasktypes/imem.sh 3;5024;120643734;24013
imem;2400;3,5024;120643734;24013.000000
gen/tasktypes/imem.sh 3;5032;119699584;23787
imem;2400;3,5032;119699584;23787.000000
gen/tasktypes/imem.sh 3;5019;120216306;23952
imem;2400;3,5019;120216306;23952.000000

gen/tasktypes/dmem.sh 3;5038;72871884;14464
dmem;2400;3,5038;72871884;14464.000000
gen/tasktypes/dmem.sh 3;5043;72799496;14435
dmem;2400;3,5043;72799496;14435.000000
gen/tasktypes/dmem.sh 3;5048;68912299;13651
dmem;2400;3,5048;68912299;13651.000000

gen/tasktypes/imov.sh 3;5029;99499440;19785
imov;2400;3,5029;99499440;19785.000000
gen/tasktypes/imov.sh 3;5035;100712694;20002
imov;2400;3,5035;100712694;20002.000000
gen/tasktypes/imov.sh 3;5035;99968128;19854
imov;2400;3,5035;99968128;19854.000000

gen/tasktypes/shift.sh 3;5029;104178444;20715
shift;2400;3,5029;104178444;20715.000000
gen/tasktypes/shift.sh 3;5030;104703955;20815
shift;2400;3,5030;104703955;20815.000000
gen/tasktypes/shift.sh 3;5031;104981360;20866
shift;2400;3,5031;104981360;20866.000000

gen/tasktypes/bitbyte.sh 3;5050;118113956;23388
bitbyte;2400;3,5050;118113956;23388.000000
gen/tasktypes/bitbyte.sh 3;5021;117079229;23317
bitbyte;2400;3,5021;117079229;23317.000000
gen/tasktypes/bitbyte.sh 3;5037;114485059;22728
bitbyte;2400;3,5037;114485059;22728.000000

gen/tasktypes/nop.sh 3;5020;113459731;22601
nop;2400;3,5020;113459731;22601.000000
gen/tasktypes/nop.sh 3;5028;112413957;22357
nop;2400;3,5028;112413957;22357.000000
gen/tasktypes/nop.sh 3;5020;113659743;22641
nop;2400;3,5020;113659743;22641.000000

gen/tasktypes/ssub32_SIMD.sh 3;5019;120313840;23971
ssub32_SIMD;2400;3,5019;120313840;23971.000000
gen/tasktypes/ssub32_SIMD.sh 3;5020;118878419;23680
ssub32_SIMD;2400;3,5020;118878419;23680.000000
gen/tasktypes/ssub32_SIMD.sh 3;5051;116845771;23133
ssub32_SIMD;2400;3,5051;116845771;23133.000000

gen/tasktypes/m4x4smul_SIMD.sh 4;5039;141082524;27998
m4x4smul_SIMD;2400;4,5039;141082524;27998.000000
gen/tasktypes/m4x4smul_SIMD.sh 4;5041;135412983;26862
m4x4smul_SIMD;2400;4,5041;135412983;26862.000000
gen/tasktypes/m4x4smul_SIMD.sh 4;5037;131769133;26160
m4x4smul_SIMD;2400;4,5037;131769133;26160.000000

gen/tasktypes/v1x4smul_SIMD.sh 4;5027;129494358;25759
v1x4smul_SIMD;2400;4,5027;129494358;25759.000000
gen/tasktypes/v1x4smul_SIMD.sh 4;5018;129620457;25831
v1x4smul_SIMD;2400;4,5018;129620457;25831.000000
gen/tasktypes/v1x4smul_SIMD.sh 4;5024;128851599;25647
v1x4smul_SIMD;2400;4,5024;128851599;25647.000000

gen/tasktypes/dmul64_SIMD.sh 4;5035;123288076;24486
dmul64_SIMD;2400;4,5035;123288076;24486.000000
gen/tasktypes/dmul64_SIMD.sh 4;5044;122656546;24317
dmul64_SIMD;2400;4,5044;122656546;24317.000000
gen/tasktypes/dmul64_SIMD.sh 4;5020;123179922;24537
dmul64_SIMD;2400;4,5020;123179922;24537.000000

gen/tasktypes/smul32_SIMD.sh 4;5033;124380663;24713
smul32_SIMD;2400;4,5033;124380663;24713.000000
gen/tasktypes/smul32_SIMD.sh 4;5037;123032461;24425
smul32_SIMD;2400;4,5037;123032461;24425.000000
gen/tasktypes/smul32_SIMD.sh 4;5030;116760261;23212
smul32_SIMD;2400;4,5030;116760261;23212.000000

gen/tasktypes/dsub64_SIMD.sh 4;5035;123044363;24437
dsub64_SIMD;2400;4,5035;123044363;24437.000000
gen/tasktypes/dsub64_SIMD.sh 4;5036;122579764;24340
dsub64_SIMD;2400;4,5036;122579764;24340.000000
gen/tasktypes/dsub64_SIMD.sh 4;5036;118100162;23451
dsub64_SIMD;2400;4,5036;118100162;23451.000000

gen/tasktypes/dmem64_SIMD.sh 4;5034;123164174;24466
dmem64_SIMD;2400;4,5034;123164174;24466.000000
gen/tasktypes/dmem64_SIMD.sh 4;5030;122906790;24434
dmem64_SIMD;2400;4,5030;122906790;24434.000000
gen/tasktypes/dmem64_SIMD.sh 4;5043;122537345;24298
dmem64_SIMD;2400;4,5043;122537345;24298.000000

gen/tasktypes/vmov_SIMD.sh 4;5037;127290934;25271
vmov_SIMD;2400;4,5037;127290934;25271.000000
gen/tasktypes/vmov_SIMD.sh 4;5020;127071086;25312
vmov_SIMD;2400;4,5020;127071086;25312.000000
gen/tasktypes/vmov_SIMD.sh 4;5033;120982234;24037
vmov_SIMD;2400;4,5033;120982234;24037.000000

gen/tasktypes/vconvert_SIMD.sh 4;5026;125047227;24880
vconvert_SIMD;2400;4,5026;125047227;24880.000000
gen/tasktypes/vconvert_SIMD.sh 4;5031;124961717;24838
vconvert_SIMD;2400;4,5031;124961717;24838.000000
gen/tasktypes/vconvert_SIMD.sh 4;5031;124147876;24676
vconvert_SIMD;2400;4,5031;124147876;24676.000000

gen/tasktypes/m4x4smul.sh 4;5032;124917649;24824
m4x4smul;2400;4,5032;124917649;24824.000000
gen/tasktypes/m4x4smul.sh 4;5043;123904346;24569
m4x4smul;2400;4,5043;123904346;24569.000000
gen/tasktypes/m4x4smul.sh 4;5033;106716707;21203
m4x4smul;2400;4,5033;106716707;21203.000000

gen/tasktypes/dmul.sh 4;5036;126483990;25115
dmul;2400;4,5036;126483990;25115.000000
gen/tasktypes/dmul.sh 4;5044;125103318;24802
dmul;2400;4,5044;125103318;24802.000000
gen/tasktypes/dmul.sh 4;5023;125121384;24909
dmul;2400;4,5023;125121384;24909.000000

gen/tasktypes/dadd.sh 4;5047;124762315;24720
dadd;2400;4,5047;124762315;24720.000000
gen/tasktypes/dadd.sh 4;5040;125074631;24816
dadd;2400;4,5040;125074631;24816.000000
gen/tasktypes/dadd.sh 4;5050;124370775;24627
dadd;2400;4,5050;124370775;24627.000000

gen/tasktypes/iadd.sh 4;5040;119356628;23681
iadd;2400;4,5040;119356628;23681.000000
gen/tasktypes/iadd.sh 4;5025;120727779;24025
iadd;2400;4,5025;120727779;24025.000000
gen/tasktypes/iadd.sh 4;5042;118469423;23496
iadd;2400;4,5042;118469423;23496.000000

gen/tasktypes/imul.sh 4;5035;119111084;23656
imul;2400;4,5035;119111084;23656.000000
gen/tasktypes/imul.sh 4;5041;119709776;23747
imul;2400;4,5041;119709776;23747.000000
gen/tasktypes/imul.sh 4;5027;112717180;22422
imul;2400;4,5027;112717180;22422.000000

gen/tasktypes/icompare.sh 4;5029;121504755;24160
icompare;2400;4,5029;121504755;24160.000000
gen/tasktypes/icompare.sh 4;5025;121304254;24140
icompare;2400;4,5025;121304254;24140.000000
gen/tasktypes/icompare.sh 4;5035;120912227;24014
icompare;2400;4,5035;120912227;24014.000000

gen/tasktypes/logic.sh 4;5038;128655432;25537
logic;2400;4,5038;128655432;25537.000000
gen/tasktypes/logic.sh 4;5040;125653670;24931
logic;2400;4,5040;125653670;24931.000000
gen/tasktypes/logic.sh 4;5064;125051315;24694
logic;2400;4,5064;125051315;24694.000000

gen/tasktypes/branch.sh 4;5028;120622921;23990
branch;2400;4,5028;120622921;23990.000000
gen/tasktypes/branch.sh 4;5024;122051629;24293
branch;2400;4,5024;122051629;24293.000000
gen/tasktypes/branch.sh 4;5040;121821831;24170
branch;2400;4,5040;121821831;24170.000000

gen/tasktypes/imem.sh 4;5022;124221911;24735
imem;2400;4,5022;124221911;24735.000000
gen/tasktypes/imem.sh 4;5020;124017627;24704
imem;2400;4,5020;124017627;24704.000000
gen/tasktypes/imem.sh 4;5033;124003833;24638
imem;2400;4,5033;124003833;24638.000000

gen/tasktypes/dmem.sh 4;5046;110883688;21974
dmem;2400;4,5046;110883688;21974.000000
gen/tasktypes/dmem.sh 4;5048;86872398;17209
dmem;2400;4,5048;86872398;17209.000000
gen/tasktypes/dmem.sh 4;5048;107052155;21206
dmem;2400;4,5048;107052155;21206.000000

gen/tasktypes/imov.sh 4;5036;130436311;25900
imov;2400;4,5036;130436311;25900.000000
gen/tasktypes/imov.sh 4;5031;124583909;24763
imov;2400;4,5031;124583909;24763.000000
gen/tasktypes/imov.sh 4;5040;126725506;25143
imov;2400;4,5040;126725506;25143.000000

gen/tasktypes/shift.sh 4;5046;121588739;24096
shift;2400;4,5046;121588739;24096.000000
gen/tasktypes/shift.sh 4;5041;121330806;24068
shift;2400;4,5041;121330806;24068.000000
gen/tasktypes/shift.sh 4;5037;121240107;24069
shift;2400;4,5037;121240107;24069.000000

gen/tasktypes/bitbyte.sh 4;5026;115755258;23031
bitbyte;2400;4,5026;115755258;23031.000000
gen/tasktypes/bitbyte.sh 4;5039;116914129;23201
bitbyte;2400;4,5039;116914129;23201.000000
gen/tasktypes/bitbyte.sh 4;5050;99328665;19669
bitbyte;2400;4,5050;99328665;19669.000000

gen/tasktypes/nop.sh 4;5028;132844204;26420
nop;2400;4,5028;132844204;26420.000000
gen/tasktypes/nop.sh 4;5028;130032016;25861
nop;2400;4,5028;130032016;25861.000000
gen/tasktypes/nop.sh 4;5028;127433146;25344
nop;2400;4,5028;127433146;25344.000000

gen/tasktypes/ssub32_SIMD.sh 4;5022;121047786;24103
ssub32_SIMD;2400;4,5022;121047786;24103.000000
gen/tasktypes/ssub32_SIMD.sh 4;5022;121513788;24196
ssub32_SIMD;2400;4,5022;121513788;24196.000000
gen/tasktypes/ssub32_SIMD.sh 4;5031;121521112;24154
ssub32_SIMD;2400;4,5031;121521112;24154.000000

gen/tasktypes/m4x4smul_SIMD.sh 1;5025;65060441;12947
m4x4smul_SIMD;2200;1,5025;65060441;12947.000000
gen/tasktypes/m4x4smul_SIMD.sh 1;5027;71081666;14139
m4x4smul_SIMD;2200;1,5027;71081666;14139.000000
gen/tasktypes/m4x4smul_SIMD.sh 1;5029;74293450;14773
m4x4smul_SIMD;2200;1,5029;74293450;14773.000000

gen/tasktypes/v1x4smul_SIMD.sh 1;5023;71593872;14253
v1x4smul_SIMD;2200;1,5023;71593872;14253.000000
gen/tasktypes/v1x4smul_SIMD.sh 1;5024;71464050;14224
v1x4smul_SIMD;2200;1,5024;71464050;14224.000000
gen/tasktypes/v1x4smul_SIMD.sh 1;5022;71275757;14192
v1x4smul_SIMD;2200;1,5022;71275757;14192.000000

gen/tasktypes/dmul64_SIMD.sh 1;5026;69055365;13739
dmul64_SIMD;2200;1,5026;69055365;13739.000000
gen/tasktypes/dmul64_SIMD.sh 1;5027;68499642;13626
dmul64_SIMD;2200;1,5027;68499642;13626.000000
gen/tasktypes/dmul64_SIMD.sh 1;5025;68611946;13654
dmul64_SIMD;2200;1,5025;68611946;13654.000000

gen/tasktypes/smul32_SIMD.sh 1;5023;71597778;14253
smul32_SIMD;2200;1,5023;71597778;14253.000000
gen/tasktypes/smul32_SIMD.sh 1;5025;71603576;14249
smul32_SIMD;2200;1,5025;71603576;14249.000000
gen/tasktypes/smul32_SIMD.sh 1;5024;71559265;14243
smul32_SIMD;2200;1,5024;71559265;14243.000000

gen/tasktypes/dsub64_SIMD.sh 1;5025;68526680;13637
dsub64_SIMD;2200;1,5025;68526680;13637.000000
gen/tasktypes/dsub64_SIMD.sh 1;5024;68467782;13628
dsub64_SIMD;2200;1,5024;68467782;13628.000000
gen/tasktypes/dsub64_SIMD.sh 1;5023;68591194;13655
dsub64_SIMD;2200;1,5023;68591194;13655.000000

gen/tasktypes/dmem64_SIMD.sh 1;5025;65189714;12973
dmem64_SIMD;2200;1,5025;65189714;12973.000000
gen/tasktypes/dmem64_SIMD.sh 1;5025;64502459;12836
dmem64_SIMD;2200;1,5025;64502459;12836.000000
gen/tasktypes/dmem64_SIMD.sh 1;5024;63868184;12712
dmem64_SIMD;2200;1,5024;63868184;12712.000000

gen/tasktypes/vmov_SIMD.sh 1;5025;57547582;11452
vmov_SIMD;2200;1,5025;57547582;11452.000000
gen/tasktypes/vmov_SIMD.sh 1;5025;57445105;11431
vmov_SIMD;2200;1,5025;57445105;11431.000000
gen/tasktypes/vmov_SIMD.sh 1;5025;57400244;11422
vmov_SIMD;2200;1,5025;57400244;11422.000000

gen/tasktypes/vconvert_SIMD.sh 1;5024;54206587;10789
vconvert_SIMD;2200;1,5024;54206587;10789.000000
gen/tasktypes/vconvert_SIMD.sh 1;5027;54131453;10768
vconvert_SIMD;2200;1,5027;54131453;10768.000000
gen/tasktypes/vconvert_SIMD.sh 1;5024;54116744;10771
vconvert_SIMD;2200;1,5024;54116744;10771.000000

gen/tasktypes/m4x4smul.sh 1;5033;81910923;16274
m4x4smul;2200;1,5033;81910923;16274.000000
gen/tasktypes/m4x4smul.sh 1;5043;82262241;16312
m4x4smul;2200;1,5043;82262241;16312.000000
gen/tasktypes/m4x4smul.sh 1;5047;83366608;16518
m4x4smul;2200;1,5047;83366608;16518.000000

gen/tasktypes/dmul.sh 1;5038;59342743;11779
dmul;2200;1,5038;59342743;11779.000000
gen/tasktypes/dmul.sh 1;5029;59224458;11776
dmul;2200;1,5029;59224458;11776.000000
gen/tasktypes/dmul.sh 1;5030;59104951;11750
dmul;2200;1,5030;59104951;11750.000000

gen/tasktypes/dadd.sh 1;5030;62396935;12404
dadd;2200;1,5030;62396935;12404.000000
gen/tasktypes/dadd.sh 1;5033;62426598;12403
dadd;2200;1,5033;62426598;12403.000000
gen/tasktypes/dadd.sh 1;5033;62126794;12343
dadd;2200;1,5033;62126794;12343.000000

gen/tasktypes/iadd.sh 1;5030;61830103;12292
iadd;2200;1,5030;61830103;12292.000000
gen/tasktypes/iadd.sh 1;5029;61758570;12280
iadd;2200;1,5029;61758570;12280.000000
gen/tasktypes/iadd.sh 1;5029;61866419;12301
iadd;2200;1,5029;61866419;12301.000000

gen/tasktypes/imul.sh 1;5028;60437040;12020
imul;2200;1,5028;60437040;12020.000000
gen/tasktypes/imul.sh 1;5028;60207609;11974
imul;2200;1,5028;60207609;11974.000000
gen/tasktypes/imul.sh 1;5034;60252165;11969
imul;2200;1,5034;60252165;11969.000000

gen/tasktypes/icompare.sh 1;5024;73852716;14699
icompare;2200;1,5024;73852716;14699.000000
gen/tasktypes/icompare.sh 1;5024;74246880;14778
icompare;2200;1,5024;74246880;14778.000000
gen/tasktypes/icompare.sh 1;5027;74251458;14770
icompare;2200;1,5027;74251458;14770.000000

gen/tasktypes/logic.sh 1;5030;52367542;10411
logic;2200;1,5030;52367542;10411.000000
gen/tasktypes/logic.sh 1;5032;51024772;10140
logic;2200;1,5032;51024772;10140.000000
gen/tasktypes/logic.sh 1;5040;50814262;10082
logic;2200;1,5040;50814262;10082.000000

gen/tasktypes/branch.sh 1;5029;58409152;11614
branch;2200;1,5029;58409152;11614.000000
gen/tasktypes/branch.sh 1;5026;58179050;11575
branch;2200;1,5026;58179050;11575.000000
gen/tasktypes/branch.sh 1;5023;58310093;11608
branch;2200;1,5023;58310093;11608.000000

gen/tasktypes/imem.sh 1;5024;59964812;11935
imem;2200;1,5024;59964812;11935.000000
gen/tasktypes/imem.sh 1;5026;59437898;11826
imem;2200;1,5026;59437898;11826.000000
gen/tasktypes/imem.sh 1;5020;59506134;11853
imem;2200;1,5020;59506134;11853.000000

gen/tasktypes/dmem.sh 1;5033;21879643;4347
dmem;2200;1,5033;21879643;4347.000000
gen/tasktypes/dmem.sh 1;5041;21939824;4352
dmem;2200;1,5041;21939824;4352.000000
gen/tasktypes/dmem.sh 1;5043;21886480;4339
dmem;2200;1,5043;21886480;4339.000000

gen/tasktypes/imov.sh 1;5030;51305716;10199
imov;2200;1,5030;51305716;10199.000000
gen/tasktypes/imov.sh 1;5023;52344959;10421
imov;2200;1,5023;52344959;10421.000000
gen/tasktypes/imov.sh 1;5023;52330128;10418
imov;2200;1,5023;52330128;10418.000000

gen/tasktypes/shift.sh 1;5024;53793686;10707
shift;2200;1,5024;53793686;10707.000000
gen/tasktypes/shift.sh 1;5022;53953354;10743
shift;2200;1,5022;53953354;10743.000000
gen/tasktypes/shift.sh 1;5019;53959884;10751
shift;2200;1,5019;53959884;10751.000000

gen/tasktypes/bitbyte.sh 1;5020;66380690;13223
bitbyte;2200;1,5020;66380690;13223.000000
gen/tasktypes/bitbyte.sh 1;5019;66817944;13312
bitbyte;2200;1,5019;66817944;13312.000000
gen/tasktypes/bitbyte.sh 1;5019;67027050;13354
bitbyte;2200;1,5019;67027050;13354.000000

gen/tasktypes/nop.sh 1;5020;56952857;11345
nop;2200;1,5020;56952857;11345.000000
gen/tasktypes/nop.sh 1;5023;56892737;11326
nop;2200;1,5023;56892737;11326.000000
gen/tasktypes/nop.sh 1;5024;56865760;11318
nop;2200;1,5024;56865760;11318.000000

gen/tasktypes/ssub32_SIMD.sh 1;5027;67906992;13508
ssub32_SIMD;2200;1,5027;67906992;13508.000000
gen/tasktypes/ssub32_SIMD.sh 1;5024;67798776;13494
ssub32_SIMD;2200;1,5024;67798776;13494.000000
gen/tasktypes/ssub32_SIMD.sh 1;5023;67961801;13530
ssub32_SIMD;2200;1,5023;67961801;13530.000000

gen/tasktypes/m4x4smul_SIMD.sh 2;5025;112125201;22313
m4x4smul_SIMD;2200;2,5025;112125201;22313.000000
gen/tasktypes/m4x4smul_SIMD.sh 2;5034;113941969;22634
m4x4smul_SIMD;2200;2,5034;113941969;22634.000000
gen/tasktypes/m4x4smul_SIMD.sh 2;5039;114696117;22761
m4x4smul_SIMD;2200;2,5039;114696117;22761.000000

gen/tasktypes/v1x4smul_SIMD.sh 2;5026;108774441;21642
v1x4smul_SIMD;2200;2,5026;108774441;21642.000000
gen/tasktypes/v1x4smul_SIMD.sh 2;5023;110475669;21993
v1x4smul_SIMD;2200;2,5023;110475669;21993.000000
gen/tasktypes/v1x4smul_SIMD.sh 2;5023;110589439;22016
v1x4smul_SIMD;2200;2,5023;110589439;22016.000000

gen/tasktypes/dmul64_SIMD.sh 2;5031;109468164;21758
dmul64_SIMD;2200;2,5031;109468164;21758.000000
gen/tasktypes/dmul64_SIMD.sh 2;5036;109538050;21751
dmul64_SIMD;2200;2,5036;109538050;21751.000000
gen/tasktypes/dmul64_SIMD.sh 2;5028;110421104;21961
dmul64_SIMD;2200;2,5028;110421104;21961.000000

gen/tasktypes/smul32_SIMD.sh 2;5029;116646003;23194
smul32_SIMD;2200;2,5029;116646003;23194.000000
gen/tasktypes/smul32_SIMD.sh 2;5031;116655402;23187
smul32_SIMD;2200;2,5031;116655402;23187.000000
gen/tasktypes/smul32_SIMD.sh 2;5021;104416542;20795
smul32_SIMD;2200;2,5021;104416542;20795.000000

gen/tasktypes/dsub64_SIMD.sh 2;5027;112403032;22359
dsub64_SIMD;2200;2,5027;112403032;22359.000000
gen/tasktypes/dsub64_SIMD.sh 2;5028;112410845;22356
dsub64_SIMD;2200;2,5028;112410845;22356.000000
gen/tasktypes/dsub64_SIMD.sh 2;5026;112373065;22358
dsub64_SIMD;2200;2,5026;112373065;22358.000000

gen/tasktypes/dmem64_SIMD.sh 2;5026;105541294;20999
dmem64_SIMD;2200;2,5026;105541294;20999.000000
gen/tasktypes/dmem64_SIMD.sh 2;5026;105488561;20988
dmem64_SIMD;2200;2,5026;105488561;20988.000000
gen/tasktypes/dmem64_SIMD.sh 2;5027;105661656;21018
dmem64_SIMD;2200;2,5027;105661656;21018.000000

gen/tasktypes/vmov_SIMD.sh 2;5031;94263308;18736
vmov_SIMD;2200;2,5031;94263308;18736.000000
gen/tasktypes/vmov_SIMD.sh 2;5030;93491277;18586
vmov_SIMD;2200;2,5030;93491277;18586.000000
gen/tasktypes/vmov_SIMD.sh 2;5025;93097845;18526
vmov_SIMD;2200;2,5025;93097845;18526.000000

gen/tasktypes/vconvert_SIMD.sh 2;5025;86994467;17312
vconvert_SIMD;2200;2,5025;86994467;17312.000000
gen/tasktypes/vconvert_SIMD.sh 2;5026;86889853;17288
vconvert_SIMD;2200;2,5026;86889853;17288.000000
gen/tasktypes/vconvert_SIMD.sh 2;5033;86605430;17207
vconvert_SIMD;2200;2,5033;86605430;17207.000000

gen/tasktypes/m4x4smul.sh 2;5038;124203540;24653
m4x4smul;2200;2,5038;124203540;24653.000000
gen/tasktypes/m4x4smul.sh 2;5040;118455447;23503
m4x4smul;2200;2,5040;118455447;23503.000000
gen/tasktypes/m4x4smul.sh 2;5040;115724801;22961
m4x4smul;2200;2,5040;115724801;22961.000000

gen/tasktypes/dmul.sh 2;5034;96902461;19249
dmul;2200;2,5034;96902461;19249.000000
gen/tasktypes/dmul.sh 2;5034;96538938;19177
dmul;2200;2,5034;96538938;19177.000000
gen/tasktypes/dmul.sh 2;5038;96110472;19077
dmul;2200;2,5038;96110472;19077.000000

gen/tasktypes/dadd.sh 2;5034;103341044;20528
dadd;2200;2,5034;103341044;20528.000000
gen/tasktypes/dadd.sh 2;5041;103480082;20527
dadd;2200;2,5041;103480082;20527.000000
gen/tasktypes/dadd.sh 2;5044;103645731;20548
dadd;2200;2,5044;103645731;20548.000000

gen/tasktypes/iadd.sh 2;5030;103507365;20578
iadd;2200;2,5030;103507365;20578.000000
gen/tasktypes/iadd.sh 2;5030;103590311;20594
iadd;2200;2,5030;103590311;20594.000000
gen/tasktypes/iadd.sh 2;5031;103731668;20618
iadd;2200;2,5031;103731668;20618.000000

gen/tasktypes/imul.sh 2;5036;99261952;19710
imul;2200;2,5036;99261952;19710.000000
gen/tasktypes/imul.sh 2;5031;99218435;19721
imul;2200;2,5031;99218435;19721.000000
gen/tasktypes/imul.sh 2;5030;99342458;19749
imul;2200;2,5030;99342458;19749.000000

gen/tasktypes/icompare.sh 2;5030;109496180;21768
icompare;2200;2,5030;109496180;21768.000000
gen/tasktypes/icompare.sh 2;5029;108713711;21617
icompare;2200;2,5029;108713711;21617.000000
gen/tasktypes/icompare.sh 2;5036;107630767;21372
icompare;2200;2,5036;107630767;21372.000000

gen/tasktypes/logic.sh 2;5050;83785674;16591
logic;2200;2,5050;83785674;16591.000000
gen/tasktypes/logic.sh 2;5034;83332123;16553
logic;2200;2,5034;83332123;16553.000000
gen/tasktypes/logic.sh 2;5035;82315402;16348
logic;2200;2,5035;82315402;16348.000000

gen/tasktypes/branch.sh 2;5024;97249934;19357
branch;2200;2,5024;97249934;19357.000000
gen/tasktypes/branch.sh 2;5021;97825556;19483
branch;2200;2,5021;97825556;19483.000000
gen/tasktypes/branch.sh 2;5025;97681146;19439
branch;2200;2,5025;97681146;19439.000000

gen/tasktypes/imem.sh 2;5024;100915757;20086
imem;2200;2,5024;100915757;20086.000000
gen/tasktypes/imem.sh 2;5027;100855699;20062
imem;2200;2,5027;100855699;20062.000000
gen/tasktypes/imem.sh 2;5031;100632921;20002
imem;2200;2,5031;100632921;20002.000000

gen/tasktypes/dmem.sh 2;5036;50088556;9946
dmem;2200;2,5036;50088556;9946.000000
gen/tasktypes/dmem.sh 2;5042;39016257;7738
dmem;2200;2,5042;39016257;7738.000000
gen/tasktypes/dmem.sh 2;5043;55886942;11082
dmem;2200;2,5043;55886942;11082.000000

gen/tasktypes/imov.sh 2;5028;84783719;16862
imov;2200;2,5028;84783719;16862.000000
gen/tasktypes/imov.sh 2;5026;85477442;17007
imov;2200;2,5026;85477442;17007.000000
gen/tasktypes/imov.sh 2;5032;86595726;17209
imov;2200;2,5032;86595726;17209.000000

gen/tasktypes/shift.sh 2;5025;88542742;17620
shift;2200;2,5025;88542742;17620.000000
gen/tasktypes/shift.sh 2;5024;89347427;17784
shift;2200;2,5024;89347427;17784.000000
gen/tasktypes/shift.sh 2;5019;89579239;17848
shift;2200;2,5019;89579239;17848.000000

gen/tasktypes/bitbyte.sh 2;5024;110993551;22092
bitbyte;2200;2,5024;110993551;22092.000000
gen/tasktypes/bitbyte.sh 2;5031;108238065;21514
bitbyte;2200;2,5031;108238065;21514.000000
gen/tasktypes/bitbyte.sh 2;5030;107246430;21321
bitbyte;2200;2,5030;107246430;21321.000000

gen/tasktypes/nop.sh 2;5024;95861999;19080
nop;2200;2,5024;95861999;19080.000000
gen/tasktypes/nop.sh 2;5023;95648986;19042
nop;2200;2,5023;95648986;19042.000000
gen/tasktypes/nop.sh 2;5025;95450134;18995
nop;2200;2,5025;95450134;18995.000000

gen/tasktypes/ssub32_SIMD.sh 2;5030;117645756;23388
ssub32_SIMD;2200;2,5030;117645756;23388.000000
gen/tasktypes/ssub32_SIMD.sh 2;5026;115110667;22903
ssub32_SIMD;2200;2,5026;115110667;22903.000000
gen/tasktypes/ssub32_SIMD.sh 2;5028;113135757;22501
ssub32_SIMD;2200;2,5028;113135757;22501.000000

gen/tasktypes/m4x4smul_SIMD.sh 3;5031;135208821;26875
m4x4smul_SIMD;2200;3,5031;135208821;26875.000000
gen/tasktypes/m4x4smul_SIMD.sh 3;5028;128959081;25648
m4x4smul_SIMD;2200;3,5028;128959081;25648.000000
gen/tasktypes/m4x4smul_SIMD.sh 3;5040;124759446;24753
m4x4smul_SIMD;2200;3,5040;124759446;24753.000000

gen/tasktypes/v1x4smul_SIMD.sh 3;5022;122987051;24489
v1x4smul_SIMD;2200;3,5022;122987051;24489.000000
gen/tasktypes/v1x4smul_SIMD.sh 3;5020;123434864;24588
v1x4smul_SIMD;2200;3,5020;123434864;24588.000000
gen/tasktypes/v1x4smul_SIMD.sh 3;5026;121356928;24145
v1x4smul_SIMD;2200;3,5026;121356928;24145.000000

gen/tasktypes/dmul64_SIMD.sh 3;5021;115569895;23017
dmul64_SIMD;2200;3,5021;115569895;23017.000000
gen/tasktypes/dmul64_SIMD.sh 3;5035;114990306;22838
dmul64_SIMD;2200;3,5035;114990306;22838.000000
gen/tasktypes/dmul64_SIMD.sh 3;5030;115766671;23015
dmul64_SIMD;2200;3,5030;115766671;23015.000000

gen/tasktypes/smul32_SIMD.sh 3;5046;115834420;22955
smul32_SIMD;2200;3,5046;115834420;22955.000000
gen/tasktypes/smul32_SIMD.sh 3;5056;114317274;22610
smul32_SIMD;2200;3,5056;114317274;22610.000000
gen/tasktypes/smul32_SIMD.sh 3;5031;115749032;23007
smul32_SIMD;2200;3,5031;115749032;23007.000000

gen/tasktypes/dsub64_SIMD.sh 3;5021;115012217;22906
dsub64_SIMD;2200;3,5021;115012217;22906.000000
gen/tasktypes/dsub64_SIMD.sh 3;5020;114592053;22827
dsub64_SIMD;2200;3,5020;114592053;22827.000000
gen/tasktypes/dsub64_SIMD.sh 3;5020;114466138;22802
dsub64_SIMD;2200;3,5020;114466138;22802.000000

gen/tasktypes/dmem64_SIMD.sh 3;5021;114485302;22801
dmem64_SIMD;2200;3,5021;114485302;22801.000000
gen/tasktypes/dmem64_SIMD.sh 3;5039;113819350;22587
dmem64_SIMD;2200;3,5039;113819350;22587.000000
gen/tasktypes/dmem64_SIMD.sh 3;5030;114488904;22761
dmem64_SIMD;2200;3,5030;114488904;22761.000000

gen/tasktypes/vmov_SIMD.sh 3;5035;109569788;21761
vmov_SIMD;2200;3,5035;109569788;21761.000000
gen/tasktypes/vmov_SIMD.sh 3;5029;109321009;21738
vmov_SIMD;2200;3,5029;109321009;21738.000000
gen/tasktypes/vmov_SIMD.sh 3;5024;110975851;22089
vmov_SIMD;2200;3,5024;110975851;22089.000000

gen/tasktypes/vconvert_SIMD.sh 3;5036;101974532;20249
vconvert_SIMD;2200;3,5036;101974532;20249.000000
gen/tasktypes/vconvert_SIMD.sh 3;5032;101488693;20168
vconvert_SIMD;2200;3,5032;101488693;20168.000000
gen/tasktypes/vconvert_SIMD.sh 3;5036;101373275;20129
vconvert_SIMD;2200;3,5036;101373275;20129.000000

gen/tasktypes/m4x4smul.sh 3;5043;124443957;24676
m4x4smul;2200;3,5043;124443957;24676.000000
gen/tasktypes/m4x4smul.sh 3;5049;120602108;23886
m4x4smul;2200;3,5049;120602108;23886.000000
gen/tasktypes/m4x4smul.sh 3;5034;119652770;23768
m4x4smul;2200;3,5034;119652770;23768.000000

gen/tasktypes/dmul.sh 3;5030;115994515;23060
dmul;2200;3,5030;115994515;23060.000000
gen/tasktypes/dmul.sh 3;5055;114228650;22597
dmul;2200;3,5055;114228650;22597.000000
gen/tasktypes/dmul.sh 3;5039;113863112;22596
dmul;2200;3,5039;113863112;22596.000000

gen/tasktypes/dadd.sh 3;5050;118596743;23484
dadd;2200;3,5050;118596743;23484.000000
gen/tasktypes/dadd.sh 3;5048;117806644;23337
dadd;2200;3,5048;117806644;23337.000000
gen/tasktypes/dadd.sh 3;5050;117015936;23171
dadd;2200;3,5050;117015936;23171.000000

gen/tasktypes/iadd.sh 3;5042;111135153;22041
iadd;2200;3,5042;111135153;22041.000000
gen/tasktypes/iadd.sh 3;5033;111901691;22233
iadd;2200;3,5033;111901691;22233.000000
gen/tasktypes/iadd.sh 3;5027;113219498;22522
iadd;2200;3,5027;113219498;22522.000000

gen/tasktypes/imul.sh 3;5040;110831686;21990
imul;2200;3,5040;110831686;21990.000000
gen/tasktypes/imul.sh 3;5025;112228107;22333
imul;2200;3,5025;112228107;22333.000000
gen/tasktypes/imul.sh 3;5026;112848161;22452
imul;2200;3,5026;112848161;22452.000000

gen/tasktypes/icompare.sh 3;5051;112090961;22191
icompare;2200;3,5051;112090961;22191.000000
gen/tasktypes/icompare.sh 3;5026;112846391;22452
icompare;2200;3,5026;112846391;22452.000000
gen/tasktypes/icompare.sh 3;5033;112226763;22298
icompare;2200;3,5033;112226763;22298.000000

gen/tasktypes/logic.sh 3;5055;97460138;19279
logic;2200;3,5055;97460138;19279.000000
gen/tasktypes/logic.sh 3;5043;96223203;19080
logic;2200;3,5043;96223203;19080.000000
gen/tasktypes/logic.sh 3;5043;96162962;19068
logic;2200;3,5043;96162962;19068.000000

gen/tasktypes/branch.sh 3;5030;112930131;22451
branch;2200;3,5030;112930131;22451.000000
gen/tasktypes/branch.sh 3;5018;114826000;22882
branch;2200;3,5018;114826000;22882.000000
gen/tasktypes/branch.sh 3;5020;116462897;23199
branch;2200;3,5020;116462897;23199.000000

gen/tasktypes/imem.sh 3;5044;118552675;23503
imem;2200;3,5044;118552675;23503.000000
gen/tasktypes/imem.sh 3;5035;119545410;23742
imem;2200;3,5035;119545410;23742.000000
gen/tasktypes/imem.sh 3;5029;117128790;23290
imem;2200;3,5029;117128790;23290.000000

gen/tasktypes/dmem.sh 3;5036;80748694;16034
dmem;2200;3,5036;80748694;16034.000000
gen/tasktypes/dmem.sh 3;5045;87936725;17430
dmem;2200;3,5045;87936725;17430.000000
gen/tasktypes/dmem.sh 3;5049;68192880;13506
dmem;2200;3,5049;68192880;13506.000000

gen/tasktypes/imov.sh 3;5037;101181809;20087
imov;2200;3,5037;101181809;20087.000000
gen/tasktypes/imov.sh 3;5054;100877977;19960
imov;2200;3,5054;100877977;19960.000000
gen/tasktypes/imov.sh 3;5031;100351672;19946
imov;2200;3,5031;100351672;19946.000000

gen/tasktypes/shift.sh 3;5031;104914404;20853
shift;2200;3,5031;104914404;20853.000000
gen/tasktypes/shift.sh 3;5019;106412753;21201
shift;2200;3,5019;106412753;21201.000000
gen/tasktypes/shift.sh 3;5021;106380404;21187
shift;2200;3,5021;106380404;21187.000000

gen/tasktypes/bitbyte.sh 3;5038;116310249;23086
bitbyte;2200;3,5038;116310249;23086.000000
gen/tasktypes/bitbyte.sh 3;5032;114398327;22734
bitbyte;2200;3,5032;114398327;22734.000000
gen/tasktypes/bitbyte.sh 3;5035;113311660;22504
bitbyte;2200;3,5035;113311660;22504.000000

gen/tasktypes/nop.sh 3;5029;111934223;22257
nop;2200;3,5029;111934223;22257.000000
gen/tasktypes/nop.sh 3;5027;113535232;22585
nop;2200;3,5027;113535232;22585.000000
gen/tasktypes/nop.sh 3;5029;112261493;22322
nop;2200;3,5029;112261493;22322.000000

gen/tasktypes/ssub32_SIMD.sh 3;5037;118514162;23528
ssub32_SIMD;2200;3,5037;118514162;23528.000000
gen/tasktypes/ssub32_SIMD.sh 3;5036;117218755;23276
ssub32_SIMD;2200;3,5036;117218755;23276.000000
gen/tasktypes/ssub32_SIMD.sh 3;5032;116799567;23211
ssub32_SIMD;2200;3,5032;116799567;23211.000000

gen/tasktypes/m4x4smul_SIMD.sh 4;5029;140751044;27987
m4x4smul_SIMD;2200;4,5029;140751044;27987.000000
gen/tasktypes/m4x4smul_SIMD.sh 4;5048;123460683;24457
m4x4smul_SIMD;2200;4,5048;123460683;24457.000000
gen/tasktypes/m4x4smul_SIMD.sh 4;5040;135352681;26855
m4x4smul_SIMD;2200;4,5040;135352681;26855.000000

gen/tasktypes/v1x4smul_SIMD.sh 4;5031;131366546;26111
v1x4smul_SIMD;2200;4,5031;131366546;26111.000000
gen/tasktypes/v1x4smul_SIMD.sh 4;5023;129702304;25821
v1x4smul_SIMD;2200;4,5023;129702304;25821.000000
gen/tasktypes/v1x4smul_SIMD.sh 4;5018;128029457;25514
v1x4smul_SIMD;2200;4,5018;128029457;25514.000000

gen/tasktypes/dmul64_SIMD.sh 4;5034;123304189;24494
dmul64_SIMD;2200;4,5034;123304189;24494.000000
gen/tasktypes/dmul64_SIMD.sh 4;5036;104245827;20700
dmul64_SIMD;2200;4,5036;104245827;20700.000000
gen/tasktypes/dmul64_SIMD.sh 4;5036;125984907;25016
dmul64_SIMD;2200;4,5036;125984907;25016.000000

gen/tasktypes/smul32_SIMD.sh 4;5035;125926009;25010
smul32_SIMD;2200;4,5035;125926009;25010.000000
gen/tasktypes/smul32_SIMD.sh 4;5034;123500600;24533
smul32_SIMD;2200;4,5034;123500600;24533.000000
gen/tasktypes/smul32_SIMD.sh 4;5054;117671940;23282
smul32_SIMD;2200;4,5054;117671940;23282.000000

gen/tasktypes/dsub64_SIMD.sh 4;5030;123073904;24467
dsub64_SIMD;2200;4,5030;123073904;24467.000000
gen/tasktypes/dsub64_SIMD.sh 4;5027;122957144;24459
dsub64_SIMD;2200;4,5027;122957144;24459.000000
gen/tasktypes/dsub64_SIMD.sh 4;5034;123049123;24443
dsub64_SIMD;2200;4,5034;123049123;24443.000000

gen/tasktypes/dmem64_SIMD.sh 4;5055;103847757;20543
dmem64_SIMD;2200;4,5055;103847757;20543.000000
gen/tasktypes/dmem64_SIMD.sh 4;5046;125586348;24888
dmem64_SIMD;2200;4,5046;125586348;24888.000000
gen/tasktypes/dmem64_SIMD.sh 4;5028;124329454;24727
dmem64_SIMD;2200;4,5028;124329454;24727.000000

gen/tasktypes/vmov_SIMD.sh 4;5020;129484532;25793
vmov_SIMD;2200;4,5020;129484532;25793.000000
gen/tasktypes/vmov_SIMD.sh 4;5056;126977031;25114
vmov_SIMD;2200;4,5056;126977031;25114.000000
gen/tasktypes/vmov_SIMD.sh 4;5035;108962551;21641
vmov_SIMD;2200;4,5035;108962551;21641.000000

gen/tasktypes/vconvert_SIMD.sh 4;5020;127474649;25393
vconvert_SIMD;2200;4,5020;127474649;25393.000000
gen/tasktypes/vconvert_SIMD.sh 4;5052;125122482;24766
vconvert_SIMD;2200;4,5052;125122482;24766.000000
gen/tasktypes/vconvert_SIMD.sh 4;5022;125818525;25053
vconvert_SIMD;2200;4,5022;125818525;25053.000000

gen/tasktypes/m4x4smul.sh 4;5029;125389388;24933
m4x4smul;2200;4,5029;125389388;24933.000000
gen/tasktypes/m4x4smul.sh 4;5048;124166675;24597
m4x4smul;2200;4,5048;124166675;24597.000000
gen/tasktypes/m4x4smul.sh 4;5043;124638902;24715
m4x4smul;2200;4,5043;124638902;24715.000000

gen/tasktypes/dmul.sh 4;5028;121222895;24109
dmul;2200;4,5028;121222895;24109.000000
gen/tasktypes/dmul.sh 4;5044;124335070;24650
dmul;2200;4,5044;124335070;24650.000000
gen/tasktypes/dmul.sh 4;5055;124320727;24593
dmul;2200;4,5055;124320727;24593.000000

gen/tasktypes/dadd.sh 4;5030;125454818;24941
dadd;2200;4,5030;125454818;24941.000000
gen/tasktypes/dadd.sh 4;5026;123585011;24589
dadd;2200;4,5026;123585011;24589.000000
gen/tasktypes/dadd.sh 4;5029;105815464;21041
dadd;2200;4,5029;105815464;21041.000000

gen/tasktypes/iadd.sh 4;5034;121598749;24155
iadd;2200;4,5034;121598749;24155.000000
gen/tasktypes/iadd.sh 4;5042;120743221;23947
iadd;2200;4,5042;120743221;23947.000000
gen/tasktypes/iadd.sh 4;5042;120848995;23968
iadd;2200;4,5042;120848995;23968.000000

gen/tasktypes/imul.sh 4;5026;120125180;23900
imul;2200;4,5026;120125180;23900.000000
gen/tasktypes/imul.sh 4;5040;119491943;23708
imul;2200;4,5040;119491943;23708.000000
gen/tasktypes/imul.sh 4;5060;102174238;20192
imul;2200;4,5060;102174238;20192.000000

gen/tasktypes/icompare.sh 4;5038;124460436;24704
icompare;2200;4,5038;124460436;24704.000000
gen/tasktypes/icompare.sh 4;5031;122372185;24323
icompare;2200;4,5031;122372185;24323.000000
gen/tasktypes/icompare.sh 4;5052;120545345;23860
icompare;2200;4,5052;120545345;23860.000000

gen/tasktypes/logic.sh 4;5061;127082377;25110
logic;2200;4,5061;127082377;25110.000000
gen/tasktypes/logic.sh 4;5049;125963972;24948
logic;2200;4,5049;125963972;24948.000000
gen/tasktypes/logic.sh 4;5052;124744859;24692
logic;2200;4,5052;124744859;24692.000000

gen/tasktypes/branch.sh 4;5029;119919615;23845
branch;2200;4,5029;119919615;23845.000000
gen/tasktypes/branch.sh 4;5019;121381037;24184
branch;2200;4,5019;121381037;24184.000000
gen/tasktypes/branch.sh 4;5041;120639461;23931
branch;2200;4,5041;120639461;23931.000000

gen/tasktypes/imem.sh 4;5044;122396049;24265
imem;2200;4,5044;122396049;24265.000000
gen/tasktypes/imem.sh 4;5020;123171621;24536
imem;2200;4,5020;123171621;24536.000000
gen/tasktypes/imem.sh 4;5018;123615712;24634
imem;2200;4,5018;123615712;24634.000000

gen/tasktypes/dmem.sh 4;5038;104331276;20708
dmem;2200;4,5038;104331276;20708.000000
gen/tasktypes/dmem.sh 4;5041;96613156;19165
dmem;2200;4,5041;96613156;19165.000000
gen/tasktypes/dmem.sh 4;5033;110819663;22018
dmem;2200;4,5033;110819663;22018.000000

gen/tasktypes/imov.sh 4;5034;128842687;25594
imov;2200;4,5034;128842687;25594.000000
gen/tasktypes/imov.sh 4;5039;125062668;24818
imov;2200;4,5039;125062668;24818.000000
gen/tasktypes/imov.sh 4;5033;123743579;24586
imov;2200;4,5033;123743579;24586.000000

gen/tasktypes/shift.sh 4;5029;119577086;23777
shift;2200;4,5029;119577086;23777.000000
gen/tasktypes/shift.sh 4;5045;120028624;23791
shift;2200;4,5045;120028624;23791.000000
gen/tasktypes/shift.sh 4;5020;119895323;23883
shift;2200;4,5020;119895323;23883.000000

gen/tasktypes/bitbyte.sh 4;5031;114707592;22800
bitbyte;2200;4,5031;114707592;22800.000000
gen/tasktypes/bitbyte.sh 4;5030;114956737;22854
bitbyte;2200;4,5030;114956737;22854.000000
gen/tasktypes/bitbyte.sh 4;5035;115844003;23007
bitbyte;2200;4,5035;115844003;23007.000000

gen/tasktypes/nop.sh 4;5020;129146276;25726
nop;2200;4,5020;129146276;25726.000000
gen/tasktypes/nop.sh 4;5023;126310651;25146
nop;2200;4,5023;126310651;25146.000000
gen/tasktypes/nop.sh 4;5040;124589708;24720
nop;2200;4,5040;124589708;24720.000000

gen/tasktypes/ssub32_SIMD.sh 4;5037;117815128;23389
ssub32_SIMD;2200;4,5037;117815128;23389.000000
gen/tasktypes/ssub32_SIMD.sh 4;5032;119869200;23821
ssub32_SIMD;2200;4,5032;119869200;23821.000000
gen/tasktypes/ssub32_SIMD.sh 4;5038;112263811;22283
ssub32_SIMD;2200;4,5038;112263811;22283.000000

