
AppTask sobelv wird geprüft!
In AppTask sobelv(Gesamt: 17432) sind aus ProtTask imov (Gesamt: 1996)  9967 Einträge vorhanden! (Der Prottask wurde aufgrund der Größe des AppTask 8 mal wiederholt!)
In AppTask sobelv(Gesamt: 17432) sind aus ProtTask v1x4smul_SIMD (Gesamt: 2287)  9595 Einträge vorhanden! (Der Prottask wurde aufgrund der Größe des AppTask 7 mal wiederholt!)
In AppTask sobelv(Gesamt: 17432) sind aus ProtTask bitbyte (Gesamt: 2037)  10372 Einträge vorhanden! (Der Prottask wurde aufgrund der Größe des AppTask 8 mal wiederholt!)
In AppTask sobelv(Gesamt: 17432) sind aus ProtTask logic (Gesamt: 2036)  10327 Einträge vorhanden! (Der Prottask wurde aufgrund der Größe des AppTask 8 mal wiederholt!)
In AppTask sobelv(Gesamt: 17432) sind aus ProtTask iadd (Gesamt: 2039)  10516 Einträge vorhanden! (Der Prottask wurde aufgrund der Größe des AppTask 8 mal wiederholt!)
In AppTask sobelv(Gesamt: 17432) sind aus ProtTask imul (Gesamt: 2071)  10696 Einträge vorhanden! (Der Prottask wurde aufgrund der Größe des AppTask 8 mal wiederholt!)
In AppTask sobelv(Gesamt: 17432) sind aus ProtTask shift (Gesamt: 1996)  9967 Einträge vorhanden! (Der Prottask wurde aufgrund der Größe des AppTask 8 mal wiederholt!)
In AppTask sobelv(Gesamt: 17432) sind aus ProtTask nop (Gesamt: 1999)  9994 Einträge vorhanden! (Der Prottask wurde aufgrund der Größe des AppTask 8 mal wiederholt!)
In AppTask sobelv(Gesamt: 17432) sind aus ProtTask m4x4smul_SIMD (Gesamt: 2328)  10027 Einträge vorhanden! (Der Prottask wurde aufgrund der Größe des AppTask 7 mal wiederholt!)
In AppTask sobelv(Gesamt: 17432) sind aus ProtTask dmem64_SIMD (Gesamt: 2081)  10696 Einträge vorhanden! (Der Prottask wurde aufgrund der Größe des AppTask 8 mal wiederholt!)
In AppTask sobelv(Gesamt: 17432) sind aus ProtTask dadd (Gesamt: 2062)  9976 Einträge vorhanden! (Der Prottask wurde aufgrund der Größe des AppTask 8 mal wiederholt!)
In AppTask sobelv(Gesamt: 17432) sind aus ProtTask m4x4smul (Gesamt: 1999)  10120 Einträge vorhanden! (Der Prottask wurde aufgrund der Größe des AppTask 8 mal wiederholt!)
In AppTask sobelv(Gesamt: 17432) sind aus ProtTask imem (Gesamt: 2080)  10683 Einträge vorhanden! (Der Prottask wurde aufgrund der Größe des AppTask 8 mal wiederholt!)
In AppTask sobelv(Gesamt: 17432) sind aus ProtTask dmul (Gesamt: 2062)  10031 Einträge vorhanden! (Der Prottask wurde aufgrund der Größe des AppTask 8 mal wiederholt!)
In AppTask sobelv(Gesamt: 17432) sind aus ProtTask vmov_SIMD (Gesamt: 2157)  11245 Einträge vorhanden! (Der Prottask wurde aufgrund der Größe des AppTask 8 mal wiederholt!)
In AppTask sobelv(Gesamt: 17432) sind aus ProtTask vconvert_SIMD (Gesamt: 2090)  10552 Einträge vorhanden! (Der Prottask wurde aufgrund der Größe des AppTask 8 mal wiederholt!)
In AppTask sobelv(Gesamt: 17432) sind aus ProtTask branch (Gesamt: 1997)  9994 Einträge vorhanden! (Der Prottask wurde aufgrund der Größe des AppTask 8 mal wiederholt!)
In AppTask sobelv(Gesamt: 17432) sind aus ProtTask dmem (Gesamt: 2091)  10746 Einträge vorhanden! (Der Prottask wurde aufgrund der Größe des AppTask 8 mal wiederholt!)
In AppTask sobelv(Gesamt: 17432) sind aus ProtTask icompare (Gesamt: 2095)  10156 Einträge vorhanden! (Der Prottask wurde aufgrund der Größe des AppTask 8 mal wiederholt!)
In AppTask sobelv(Gesamt: 17432) sind aus ProtTask dmul64_SIMD (Gesamt: 2114)  9967 Einträge vorhanden! (Der Prottask wurde aufgrund der Größe des AppTask 8 mal wiederholt!)
In AppTask sobelv(Gesamt: 17432) sind aus ProtTask ssub32_SIMD (Gesamt: 2114)  9967 Einträge vorhanden! (Der Prottask wurde aufgrund der Größe des AppTask 8 mal wiederholt!)
In AppTask sobelv(Gesamt: 17432) sind aus ProtTask smul32_SIMD (Gesamt: 2114)  9967 Einträge vorhanden! (Der Prottask wurde aufgrund der Größe des AppTask 8 mal wiederholt!)
In AppTask sobelv(Gesamt: 17432) sind aus ProtTask dsub64_SIMD (Gesamt: 2114)  9967 Einträge vorhanden! (Der Prottask wurde aufgrund der Größe des AppTask 8 mal wiederholt!)

Der ähnlichste ProttypTask für den AppTask sobelv ist vmov_SIMD(11245.000000  Treffer)


AppTask checkcontrast wird geprüft!
In AppTask checkcontrast(Gesamt: 1922) sind aus ProtTask icompare (Gesamt: 2095)  1849 Einträge vorhanden! (Der Prottask wurde aufgrund der Größe des AppTask 0 mal wiederholt!)
In AppTask checkcontrast(Gesamt: 1922) sind aus ProtTask ssub32_SIMD (Gesamt: 2114)  1847 Einträge vorhanden! (Der Prottask wurde aufgrund der Größe des AppTask 0 mal wiederholt!)
In AppTask checkcontrast(Gesamt: 1922) sind aus ProtTask dmul (Gesamt: 2062)  1847 Einträge vorhanden! (Der Prottask wurde aufgrund der Größe des AppTask 0 mal wiederholt!)
In AppTask checkcontrast(Gesamt: 1922) sind aus ProtTask dadd (Gesamt: 2062)  1847 Einträge vorhanden! (Der Prottask wurde aufgrund der Größe des AppTask 0 mal wiederholt!)
In AppTask checkcontrast(Gesamt: 1922) sind aus ProtTask vconvert_SIMD (Gesamt: 2090)  1847 Einträge vorhanden! (Der Prottask wurde aufgrund der Größe des AppTask 0 mal wiederholt!)
In AppTask checkcontrast(Gesamt: 1922) sind aus ProtTask smul32_SIMD (Gesamt: 2114)  1847 Einträge vorhanden! (Der Prottask wurde aufgrund der Größe des AppTask 0 mal wiederholt!)
In AppTask checkcontrast(Gesamt: 1922) sind aus ProtTask imov (Gesamt: 1996)  1847 Einträge vorhanden! (Der Prottask wurde aufgrund der Größe des AppTask 0 mal wiederholt!)
In AppTask checkcontrast(Gesamt: 1922) sind aus ProtTask iadd (Gesamt: 2039)  1859 Einträge vorhanden! (Der Prottask wurde aufgrund der Größe des AppTask 0 mal wiederholt!)
In AppTask checkcontrast(Gesamt: 1922) sind aus ProtTask dmem64_SIMD (Gesamt: 2081)  1866 Einträge vorhanden! (Der Prottask wurde aufgrund der Größe des AppTask 0 mal wiederholt!)
In AppTask checkcontrast(Gesamt: 1922) sind aus ProtTask shift (Gesamt: 1996)  1848 Einträge vorhanden! (Der Prottask wurde aufgrund der Größe des AppTask 0 mal wiederholt!)
In AppTask checkcontrast(Gesamt: 1922) sind aus ProtTask bitbyte (Gesamt: 2037)  1851 Einträge vorhanden! (Der Prottask wurde aufgrund der Größe des AppTask 0 mal wiederholt!)
In AppTask checkcontrast(Gesamt: 1922) sind aus ProtTask imul (Gesamt: 2071)  1861 Einträge vorhanden! (Der Prottask wurde aufgrund der Größe des AppTask 0 mal wiederholt!)
In AppTask checkcontrast(Gesamt: 1922) sind aus ProtTask dmul64_SIMD (Gesamt: 2114)  1847 Einträge vorhanden! (Der Prottask wurde aufgrund der Größe des AppTask 0 mal wiederholt!)
In AppTask checkcontrast(Gesamt: 1922) sind aus ProtTask m4x4smul (Gesamt: 1999)  1851 Einträge vorhanden! (Der Prottask wurde aufgrund der Größe des AppTask 0 mal wiederholt!)
In AppTask checkcontrast(Gesamt: 1922) sind aus ProtTask nop (Gesamt: 1999)  1847 Einträge vorhanden! (Der Prottask wurde aufgrund der Größe des AppTask 0 mal wiederholt!)
In AppTask checkcontrast(Gesamt: 1922) sind aus ProtTask dsub64_SIMD (Gesamt: 2114)  1847 Einträge vorhanden! (Der Prottask wurde aufgrund der Größe des AppTask 0 mal wiederholt!)
In AppTask checkcontrast(Gesamt: 1922) sind aus ProtTask branch (Gesamt: 1997)  1848 Einträge vorhanden! (Der Prottask wurde aufgrund der Größe des AppTask 0 mal wiederholt!)
In AppTask checkcontrast(Gesamt: 1922) sind aus ProtTask logic (Gesamt: 2036)  1847 Einträge vorhanden! (Der Prottask wurde aufgrund der Größe des AppTask 0 mal wiederholt!)
In AppTask checkcontrast(Gesamt: 1922) sind aus ProtTask imem (Gesamt: 2080)  1851 Einträge vorhanden! (Der Prottask wurde aufgrund der Größe des AppTask 0 mal wiederholt!)
In AppTask checkcontrast(Gesamt: 1922) sind aus ProtTask v1x4smul_SIMD (Gesamt: 2287)  1857 Einträge vorhanden! (Der Prottask wurde aufgrund der Größe des AppTask 0 mal wiederholt!)
In AppTask checkcontrast(Gesamt: 1922) sind aus ProtTask dmem (Gesamt: 2091)  1856 Einträge vorhanden! (Der Prottask wurde aufgrund der Größe des AppTask 0 mal wiederholt!)
In AppTask checkcontrast(Gesamt: 1922) sind aus ProtTask vmov_SIMD (Gesamt: 2157)  1862 Einträge vorhanden! (Der Prottask wurde aufgrund der Größe des AppTask 0 mal wiederholt!)
In AppTask checkcontrast(Gesamt: 1922) sind aus ProtTask m4x4smul_SIMD (Gesamt: 2328)  1868 Einträge vorhanden! (Der Prottask wurde aufgrund der Größe des AppTask 0 mal wiederholt!)

Der ähnlichste ProttypTask für den AppTask checkcontrast ist m4x4smul_SIMD(1868.000000  Treffer)


AppTask copyimage wird geprüft!
In AppTask copyimage(Gesamt: 3590) sind aus ProtTask imem (Gesamt: 2080)  3004 Einträge vorhanden! (Der Prottask wurde aufgrund der Größe des AppTask 1 mal wiederholt!)
In AppTask copyimage(Gesamt: 3590) sind aus ProtTask iadd (Gesamt: 2039)  2962 Einträge vorhanden! (Der Prottask wurde aufgrund der Größe des AppTask 1 mal wiederholt!)
In AppTask copyimage(Gesamt: 3590) sind aus ProtTask vconvert_SIMD (Gesamt: 2090)  3011 Einträge vorhanden! (Der Prottask wurde aufgrund der Größe des AppTask 1 mal wiederholt!)
In AppTask copyimage(Gesamt: 3590) sind aus ProtTask dmem64_SIMD (Gesamt: 2081)  2998 Einträge vorhanden! (Der Prottask wurde aufgrund der Größe des AppTask 1 mal wiederholt!)
In AppTask copyimage(Gesamt: 3590) sind aus ProtTask dmul64_SIMD (Gesamt: 2114)  2883 Einträge vorhanden! (Der Prottask wurde aufgrund der Größe des AppTask 1 mal wiederholt!)
In AppTask copyimage(Gesamt: 3590) sind aus ProtTask v1x4smul_SIMD (Gesamt: 2287)  2971 Einträge vorhanden! (Der Prottask wurde aufgrund der Größe des AppTask 1 mal wiederholt!)
In AppTask copyimage(Gesamt: 3590) sind aus ProtTask smul32_SIMD (Gesamt: 2114)  2883 Einträge vorhanden! (Der Prottask wurde aufgrund der Größe des AppTask 1 mal wiederholt!)
In AppTask copyimage(Gesamt: 3590) sind aus ProtTask imov (Gesamt: 1996)  2882 Einträge vorhanden! (Der Prottask wurde aufgrund der Größe des AppTask 1 mal wiederholt!)
In AppTask copyimage(Gesamt: 3590) sind aus ProtTask nop (Gesamt: 1999)  2880 Einträge vorhanden! (Der Prottask wurde aufgrund der Größe des AppTask 1 mal wiederholt!)
In AppTask copyimage(Gesamt: 3590) sind aus ProtTask vmov_SIMD (Gesamt: 2157)  3085 Einträge vorhanden! (Der Prottask wurde aufgrund der Größe des AppTask 1 mal wiederholt!)
In AppTask copyimage(Gesamt: 3590) sind aus ProtTask dadd (Gesamt: 2062)  2882 Einträge vorhanden! (Der Prottask wurde aufgrund der Größe des AppTask 1 mal wiederholt!)
In AppTask copyimage(Gesamt: 3590) sind aus ProtTask dmem (Gesamt: 2091)  3015 Einträge vorhanden! (Der Prottask wurde aufgrund der Größe des AppTask 1 mal wiederholt!)
In AppTask copyimage(Gesamt: 3590) sind aus ProtTask logic (Gesamt: 2036)  2964 Einträge vorhanden! (Der Prottask wurde aufgrund der Größe des AppTask 1 mal wiederholt!)
In AppTask copyimage(Gesamt: 3590) sind aus ProtTask dmul (Gesamt: 2062)  2882 Einträge vorhanden! (Der Prottask wurde aufgrund der Größe des AppTask 1 mal wiederholt!)
In AppTask copyimage(Gesamt: 3590) sind aus ProtTask bitbyte (Gesamt: 2037)  2970 Einträge vorhanden! (Der Prottask wurde aufgrund der Größe des AppTask 1 mal wiederholt!)
In AppTask copyimage(Gesamt: 3590) sind aus ProtTask m4x4smul (Gesamt: 1999)  2913 Einträge vorhanden! (Der Prottask wurde aufgrund der Größe des AppTask 1 mal wiederholt!)
In AppTask copyimage(Gesamt: 3590) sind aus ProtTask icompare (Gesamt: 2095)  2922 Einträge vorhanden! (Der Prottask wurde aufgrund der Größe des AppTask 1 mal wiederholt!)
In AppTask copyimage(Gesamt: 3590) sind aus ProtTask branch (Gesamt: 1997)  2882 Einträge vorhanden! (Der Prottask wurde aufgrund der Größe des AppTask 1 mal wiederholt!)
In AppTask copyimage(Gesamt: 3590) sind aus ProtTask shift (Gesamt: 1996)  2892 Einträge vorhanden! (Der Prottask wurde aufgrund der Größe des AppTask 1 mal wiederholt!)
In AppTask copyimage(Gesamt: 3590) sind aus ProtTask imul (Gesamt: 2071)  2990 Einträge vorhanden! (Der Prottask wurde aufgrund der Größe des AppTask 1 mal wiederholt!)
In AppTask copyimage(Gesamt: 3590) sind aus ProtTask dsub64_SIMD (Gesamt: 2114)  2883 Einträge vorhanden! (Der Prottask wurde aufgrund der Größe des AppTask 1 mal wiederholt!)
In AppTask copyimage(Gesamt: 3590) sind aus ProtTask ssub32_SIMD (Gesamt: 2114)  2883 Einträge vorhanden! (Der Prottask wurde aufgrund der Größe des AppTask 1 mal wiederholt!)
In AppTask copyimage(Gesamt: 3590) sind aus ProtTask m4x4smul_SIMD (Gesamt: 2328)  3026 Einträge vorhanden! (Der Prottask wurde aufgrund der Größe des AppTask 1 mal wiederholt!)
