x;y;z
In AppTask search/taskseq/nop.seq(1999) sind aus ProtTask search/taskseq/nop.seq (1999)  1999 Einträge vorhanden!
In AppTask search/taskseq/vconvert_SIMD.seq(2090) sind aus ProtTask search/taskseq/vconvert_SIMD.seq (2090)  2090 Einträge vorhanden!
In AppTask search/taskseq/imov.seq(1996) sind aus ProtTask search/taskseq/imov.seq (1996)  1996 Einträge vorhanden!
In AppTask search/taskseq/imem.seq(2080) sind aus ProtTask search/taskseq/imem.seq (2080)  2080 Einträge vorhanden!
In AppTask search/taskseq/icompare.seq(2095) sind aus ProtTask search/taskseq/icompare.seq (2095)  2095 Einträge vorhanden!
In AppTask search/taskseq/branch.seq(1997) sind aus ProtTask search/taskseq/branch.seq (1997)  1997 Einträge vorhanden!
In AppTask search/taskseq/bitbyte.seq(2037) sind aus ProtTask search/taskseq/bitbyte.seq (2037)  2037 Einträge vorhanden!
In AppTask search/taskseq/v1x4smul_SIMD.seq(2287) sind aus ProtTask search/taskseq/v1x4smul_SIMD.seq (2287)  2287 Einträge vorhanden!
In AppTask search/taskseq/dmem.seq(2091) sind aus ProtTask search/taskseq/dmem.seq (2091)  2091 Einträge vorhanden!
In AppTask search/taskseq/dsub64_SIMD.seq(2114) sind aus ProtTask search/taskseq/dsub64_SIMD.seq (2114)  2114 Einträge vorhanden!
In AppTask search/taskseq/dadd.seq(2062) sind aus ProtTask search/taskseq/dadd.seq (2062)  2062 Einträge vorhanden!
In AppTask search/taskseq/m4x4smul_SIMD.seq(2328) sind aus ProtTask search/taskseq/m4x4smul_SIMD.seq (2328)  2328 Einträge vorhanden!
In AppTask search/taskseq/dmul64_SIMD.seq(2114) sind aus ProtTask search/taskseq/dmul64_SIMD.seq (2114)  2114 Einträge vorhanden!
In AppTask search/taskseq/dmul.seq(2062) sind aus ProtTask search/taskseq/dmul.seq (2062)  2062 Einträge vorhanden!
In AppTask search/taskseq/m4x4smul.seq(1999) sind aus ProtTask search/taskseq/m4x4smul.seq (1999)  1999 Einträge vorhanden!
In AppTask search/taskseq/iadd.seq(2039) sind aus ProtTask search/taskseq/iadd.seq (2039)  2039 Einträge vorhanden!
In AppTask search/taskseq/logic.seq(2036) sind aus ProtTask search/taskseq/logic.seq (2036)  2036 Einträge vorhanden!
In AppTask search/taskseq/imul.seq(2071) sind aus ProtTask search/taskseq/imul.seq (2071)  2071 Einträge vorhanden!
In AppTask search/taskseq/dmem64_SIMD.seq(2081) sind aus ProtTask search/taskseq/dmem64_SIMD.seq (2081)  2081 Einträge vorhanden!
In AppTask search/taskseq/ssub32_SIMD.seq(2114) sind aus ProtTask search/taskseq/ssub32_SIMD.seq (2114)  2114 Einträge vorhanden!
In AppTask search/taskseq/vmov_SIMD.seq(2157) sind aus ProtTask search/taskseq/vmov_SIMD.seq (2157)  2157 Einträge vorhanden!
In AppTask search/taskseq/smul32_SIMD.seq(2114) sind aus ProtTask search/taskseq/smul32_SIMD.seq (2114)  2114 Einträge vorhanden!
In AppTask search/taskseq/shift.seq(1996) sind aus ProtTask search/taskseq/shift.seq (1996)  1996 Einträge vorhanden!
In AppTask search/taskseq/empty.seq(1373) sind aus ProtTask search/taskseq/empty.seq (1373)  1373 Einträge vorhanden!
In AppTask search/taskseq/smem32_SIMD.seq(45) sind aus ProtTask search/taskseq/smem32_SIMD.seq (45)  45 Einträge vorhanden!

In AppTask search/taskseq/nop.seq(1999) sind aus ProtTask search/taskseq/nop.seq (1999)  1999 Einträge vorhanden!
In AppTask search/taskseq/vconvert_SIMD.seq(2090) sind aus ProtTask search/taskseq/vconvert_SIMD.seq (2090)  2090 Einträge vorhanden!
In AppTask search/taskseq/imov.seq(1996) sind aus ProtTask search/taskseq/imov.seq (1996)  1996 Einträge vorhanden!
In AppTask search/taskseq/imem.seq(2080) sind aus ProtTask search/taskseq/imem.seq (2080)  2080 Einträge vorhanden!
In AppTask search/taskseq/icompare.seq(2095) sind aus ProtTask search/taskseq/icompare.seq (2095)  2095 Einträge vorhanden!
In AppTask search/taskseq/branch.seq(1997) sind aus ProtTask search/taskseq/branch.seq (1997)  1997 Einträge vorhanden!
In AppTask search/taskseq/bitbyte.seq(2037) sind aus ProtTask search/taskseq/bitbyte.seq (2037)  2037 Einträge vorhanden!
In AppTask search/taskseq/v1x4smul_SIMD.seq(2287) sind aus ProtTask search/taskseq/v1x4smul_SIMD.seq (2287)  2287 Einträge vorhanden!
In AppTask search/taskseq/dmem.seq(2091) sind aus ProtTask search/taskseq/dmem.seq (2091)  2091 Einträge vorhanden!
In AppTask search/taskseq/dsub64_SIMD.seq(2114) sind aus ProtTask search/taskseq/dsub64_SIMD.seq (2114)  2114 Einträge vorhanden!
In AppTask search/taskseq/dadd.seq(2062) sind aus ProtTask search/taskseq/dadd.seq (2062)  2062 Einträge vorhanden!
In AppTask search/taskseq/m4x4smul_SIMD.seq(2328) sind aus ProtTask search/taskseq/m4x4smul_SIMD.seq (2328)  2328 Einträge vorhanden!
In AppTask search/taskseq/dmul64_SIMD.seq(2114) sind aus ProtTask search/taskseq/dmul64_SIMD.seq (2114)  2114 Einträge vorhanden!
In AppTask search/taskseq/dmul.seq(2062) sind aus ProtTask search/taskseq/dmul.seq (2062)  2062 Einträge vorhanden!
In AppTask search/taskseq/m4x4smul.seq(1999) sind aus ProtTask search/taskseq/m4x4smul.seq (1999)  1999 Einträge vorhanden!
In AppTask search/taskseq/iadd.seq(2039) sind aus ProtTask search/taskseq/iadd.seq (2039)  2039 Einträge vorhanden!
In AppTask search/taskseq/logic.seq(2036) sind aus ProtTask search/taskseq/logic.seq (2036)  2036 Einträge vorhanden!
In AppTask search/taskseq/imul.seq(2071) sind aus ProtTask search/taskseq/imul.seq (2071)  2071 Einträge vorhanden!
In AppTask search/taskseq/dmem64_SIMD.seq(2081) sind aus ProtTask search/taskseq/dmem64_SIMD.seq (2081)  2081 Einträge vorhanden!
In AppTask search/taskseq/ssub32_SIMD.seq(2114) sind aus ProtTask search/taskseq/ssub32_SIMD.seq (2114)  2114 Einträge vorhanden!
In AppTask search/taskseq/vmov_SIMD.seq(2157) sind aus ProtTask search/taskseq/vmov_SIMD.seq (2157)  2157 Einträge vorhanden!
In AppTask search/taskseq/smul32_SIMD.seq(2114) sind aus ProtTask search/taskseq/smul32_SIMD.seq (2114)  2114 Einträge vorhanden!
In AppTask search/taskseq/shift.seq(1996) sind aus ProtTask search/taskseq/shift.seq (1996)  1996 Einträge vorhanden!
In AppTask search/taskseq/empty.seq(1373) sind aus ProtTask search/taskseq/empty.seq (1373)  1373 Einträge vorhanden!
In AppTask search/taskseq/smem32_SIMD.seq(45) sind aus ProtTask search/taskseq/smem32_SIMD.seq (45)  45 Einträge vorhanden!

In AppTask search/taskseq/nop.seq(1999) sind aus ProtTask search/taskseq/nop.seq (1999)  1999 Einträge vorhanden!
In AppTask search/taskseq/vconvert_SIMD.seq(2090) sind aus ProtTask search/taskseq/vconvert_SIMD.seq (2090)  2090 Einträge vorhanden!
In AppTask search/taskseq/imov.seq(1996) sind aus ProtTask search/taskseq/imov.seq (1996)  1996 Einträge vorhanden!
In AppTask search/taskseq/imem.seq(2080) sind aus ProtTask search/taskseq/imem.seq (2080)  2080 Einträge vorhanden!
In AppTask search/taskseq/icompare.seq(2095) sind aus ProtTask search/taskseq/icompare.seq (2095)  2095 Einträge vorhanden!
In AppTask search/taskseq/branch.seq(1997) sind aus ProtTask search/taskseq/branch.seq (1997)  1997 Einträge vorhanden!
In AppTask search/taskseq/bitbyte.seq(2037) sind aus ProtTask search/taskseq/bitbyte.seq (2037)  2037 Einträge vorhanden!
In AppTask search/taskseq/v1x4smul_SIMD.seq(2287) sind aus ProtTask search/taskseq/v1x4smul_SIMD.seq (2287)  2287 Einträge vorhanden!
In AppTask search/taskseq/dmem.seq(2091) sind aus ProtTask search/taskseq/dmem.seq (2091)  2091 Einträge vorhanden!
In AppTask search/taskseq/dsub64_SIMD.seq(2114) sind aus ProtTask search/taskseq/dsub64_SIMD.seq (2114)  2114 Einträge vorhanden!
In AppTask search/taskseq/dadd.seq(2062) sind aus ProtTask search/taskseq/dadd.seq (2062)  2062 Einträge vorhanden!
In AppTask search/taskseq/m4x4smul_SIMD.seq(2328) sind aus ProtTask search/taskseq/m4x4smul_SIMD.seq (2328)  2328 Einträge vorhanden!
In AppTask search/taskseq/dmul64_SIMD.seq(2114) sind aus ProtTask search/taskseq/dmul64_SIMD.seq (2114)  2114 Einträge vorhanden!
In AppTask search/taskseq/dmul.seq(2062) sind aus ProtTask search/taskseq/dmul.seq (2062)  2062 Einträge vorhanden!
In AppTask search/taskseq/m4x4smul.seq(1999) sind aus ProtTask search/taskseq/m4x4smul.seq (1999)  1999 Einträge vorhanden!
In AppTask search/taskseq/iadd.seq(2039) sind aus ProtTask search/taskseq/iadd.seq (2039)  2039 Einträge vorhanden!
In AppTask search/taskseq/logic.seq(2036) sind aus ProtTask search/taskseq/logic.seq (2036)  2036 Einträge vorhanden!
In AppTask search/taskseq/imul.seq(2071) sind aus ProtTask search/taskseq/imul.seq (2071)  2071 Einträge vorhanden!
In AppTask search/taskseq/dmem64_SIMD.seq(2081) sind aus ProtTask search/taskseq/dmem64_SIMD.seq (2081)  2081 Einträge vorhanden!
In AppTask search/taskseq/ssub32_SIMD.seq(2114) sind aus ProtTask search/taskseq/ssub32_SIMD.seq (2114)  2114 Einträge vorhanden!
In AppTask search/taskseq/vmov_SIMD.seq(2157) sind aus ProtTask search/taskseq/vmov_SIMD.seq (2157)  2157 Einträge vorhanden!
In AppTask search/taskseq/smul32_SIMD.seq(2114) sind aus ProtTask search/taskseq/smul32_SIMD.seq (2114)  2114 Einträge vorhanden!
In AppTask search/taskseq/shift.seq(1996) sind aus ProtTask search/taskseq/shift.seq (1996)  1996 Einträge vorhanden!
In AppTask search/taskseq/empty.seq(1373) sind aus ProtTask search/taskseq/empty.seq (1373)  1373 Einträge vorhanden!
In AppTask search/taskseq/smem32_SIMD.seq(45) sind aus ProtTask search/taskseq/smem32_SIMD.seq (45)  45 Einträge vorhanden!

In AppTask search/taskseq/nop.seq(1999) sind aus ProtTask search/taskseq/nop.seq (1999)  1999 Einträge vorhanden!
In AppTask search/taskseq/vconvert_SIMD.seq(2090) sind aus ProtTask search/taskseq/vconvert_SIMD.seq (2090)  2090 Einträge vorhanden!
In AppTask search/taskseq/imov.seq(1996) sind aus ProtTask search/taskseq/imov.seq (1996)  1996 Einträge vorhanden!
In AppTask search/taskseq/imem.seq(2080) sind aus ProtTask search/taskseq/imem.seq (2080)  2080 Einträge vorhanden!
In AppTask search/taskseq/icompare.seq(2095) sind aus ProtTask search/taskseq/icompare.seq (2095)  2095 Einträge vorhanden!
In AppTask search/taskseq/branch.seq(1997) sind aus ProtTask search/taskseq/branch.seq (1997)  1997 Einträge vorhanden!
In AppTask search/taskseq/bitbyte.seq(2037) sind aus ProtTask search/taskseq/bitbyte.seq (2037)  2037 Einträge vorhanden!
In AppTask search/taskseq/v1x4smul_SIMD.seq(2287) sind aus ProtTask search/taskseq/v1x4smul_SIMD.seq (2287)  2287 Einträge vorhanden!
In AppTask search/taskseq/dmem.seq(2091) sind aus ProtTask search/taskseq/dmem.seq (2091)  2091 Einträge vorhanden!
In AppTask search/taskseq/dsub64_SIMD.seq(2114) sind aus ProtTask search/taskseq/dsub64_SIMD.seq (2114)  2114 Einträge vorhanden!
In AppTask search/taskseq/dadd.seq(2062) sind aus ProtTask search/taskseq/dadd.seq (2062)  2062 Einträge vorhanden!
In AppTask search/taskseq/m4x4smul_SIMD.seq(2328) sind aus ProtTask search/taskseq/m4x4smul_SIMD.seq (2328)  2328 Einträge vorhanden!
In AppTask search/taskseq/dmul64_SIMD.seq(2114) sind aus ProtTask search/taskseq/dmul64_SIMD.seq (2114)  2114 Einträge vorhanden!
In AppTask search/taskseq/dmul.seq(2062) sind aus ProtTask search/taskseq/dmul.seq (2062)  2062 Einträge vorhanden!
In AppTask search/taskseq/m4x4smul.seq(1999) sind aus ProtTask search/taskseq/m4x4smul.seq (1999)  1999 Einträge vorhanden!
In AppTask search/taskseq/iadd.seq(2039) sind aus ProtTask search/taskseq/iadd.seq (2039)  2039 Einträge vorhanden!
In AppTask search/taskseq/logic.seq(2036) sind aus ProtTask search/taskseq/logic.seq (2036)  2036 Einträge vorhanden!
In AppTask search/taskseq/imul.seq(2071) sind aus ProtTask search/taskseq/imul.seq (2071)  2071 Einträge vorhanden!
In AppTask search/taskseq/dmem64_SIMD.seq(2081) sind aus ProtTask search/taskseq/dmem64_SIMD.seq (2081)  2081 Einträge vorhanden!
In AppTask search/taskseq/ssub32_SIMD.seq(2114) sind aus ProtTask search/taskseq/ssub32_SIMD.seq (2114)  2114 Einträge vorhanden!
In AppTask search/taskseq/vmov_SIMD.seq(2157) sind aus ProtTask search/taskseq/vmov_SIMD.seq (2157)  2157 Einträge vorhanden!
In AppTask search/taskseq/smul32_SIMD.seq(2114) sind aus ProtTask search/taskseq/smul32_SIMD.seq (2114)  2114 Einträge vorhanden!
In AppTask search/taskseq/shift.seq(1996) sind aus ProtTask search/taskseq/shift.seq (1996)  1996 Einträge vorhanden!
In AppTask search/taskseq/empty.seq(1373) sind aus ProtTask search/taskseq/empty.seq (1373)  1373 Einträge vorhanden!
In AppTask search/taskseq/smem32_SIMD.seq(45) sind aus ProtTask search/taskseq/smem32_SIMD.seq (45)  45 Einträge vorhanden!

In AppTask search/taskseq/nop.seq(1999) sind aus ProtTask search/taskseq/nop.seq (1999)  1999 Einträge vorhanden!
In AppTask search/taskseq/vconvert_SIMD.seq(2090) sind aus ProtTask search/taskseq/vconvert_SIMD.seq (2090)  2090 Einträge vorhanden!
In AppTask search/taskseq/imov.seq(1996) sind aus ProtTask search/taskseq/imov.seq (1996)  1996 Einträge vorhanden!
In AppTask search/taskseq/imem.seq(2080) sind aus ProtTask search/taskseq/imem.seq (2080)  2080 Einträge vorhanden!
In AppTask search/taskseq/icompare.seq(2095) sind aus ProtTask search/taskseq/icompare.seq (2095)  2095 Einträge vorhanden!
In AppTask search/taskseq/branch.seq(1997) sind aus ProtTask search/taskseq/branch.seq (1997)  1997 Einträge vorhanden!
In AppTask search/taskseq/bitbyte.seq(2037) sind aus ProtTask search/taskseq/bitbyte.seq (2037)  2037 Einträge vorhanden!
In AppTask search/taskseq/v1x4smul_SIMD.seq(2287) sind aus ProtTask search/taskseq/v1x4smul_SIMD.seq (2287)  2287 Einträge vorhanden!
In AppTask search/taskseq/dmem.seq(2091) sind aus ProtTask search/taskseq/dmem.seq (2091)  2091 Einträge vorhanden!
In AppTask search/taskseq/dsub64_SIMD.seq(2114) sind aus ProtTask search/taskseq/dsub64_SIMD.seq (2114)  2114 Einträge vorhanden!
In AppTask search/taskseq/dadd.seq(2062) sind aus ProtTask search/taskseq/dadd.seq (2062)  2062 Einträge vorhanden!
In AppTask search/taskseq/m4x4smul_SIMD.seq(2328) sind aus ProtTask search/taskseq/m4x4smul_SIMD.seq (2328)  2328 Einträge vorhanden!
In AppTask search/taskseq/dmul64_SIMD.seq(2114) sind aus ProtTask search/taskseq/dmul64_SIMD.seq (2114)  2114 Einträge vorhanden!
In AppTask search/taskseq/dmul.seq(2062) sind aus ProtTask search/taskseq/dmul.seq (2062)  2062 Einträge vorhanden!
In AppTask search/taskseq/m4x4smul.seq(1999) sind aus ProtTask search/taskseq/m4x4smul.seq (1999)  1999 Einträge vorhanden!
In AppTask search/taskseq/iadd.seq(2039) sind aus ProtTask search/taskseq/iadd.seq (2039)  2039 Einträge vorhanden!
In AppTask search/taskseq/logic.seq(2036) sind aus ProtTask search/taskseq/logic.seq (2036)  2036 Einträge vorhanden!
In AppTask search/taskseq/imul.seq(2071) sind aus ProtTask search/taskseq/imul.seq (2071)  2071 Einträge vorhanden!
In AppTask search/taskseq/dmem64_SIMD.seq(2081) sind aus ProtTask search/taskseq/dmem64_SIMD.seq (2081)  2081 Einträge vorhanden!
In AppTask search/taskseq/ssub32_SIMD.seq(2114) sind aus ProtTask search/taskseq/ssub32_SIMD.seq (2114)  2114 Einträge vorhanden!
In AppTask search/taskseq/vmov_SIMD.seq(2157) sind aus ProtTask search/taskseq/vmov_SIMD.seq (2157)  2157 Einträge vorhanden!
In AppTask search/taskseq/smul32_SIMD.seq(2114) sind aus ProtTask search/taskseq/smul32_SIMD.seq (2114)  2114 Einträge vorhanden!
In AppTask search/taskseq/shift.seq(1996) sind aus ProtTask search/taskseq/shift.seq (1996)  1996 Einträge vorhanden!
In AppTask search/taskseq/empty.seq(1373) sind aus ProtTask search/taskseq/empty.seq (1373)  1373 Einträge vorhanden!
In AppTask search/taskseq/smem32_SIMD.seq(45) sind aus ProtTask search/taskseq/smem32_SIMD.seq (45)  45 Einträge vorhanden!

In AppTask search/taskseq/nop.seq(1999) sind aus ProtTask search/taskseq/nop.seq (1999)  1999 Einträge vorhanden!
In AppTask search/taskseq/vconvert_SIMD.seq(2090) sind aus ProtTask search/taskseq/vconvert_SIMD.seq (2090)  2090 Einträge vorhanden!
In AppTask search/taskseq/imov.seq(1996) sind aus ProtTask search/taskseq/imov.seq (1996)  1996 Einträge vorhanden!
In AppTask search/taskseq/imem.seq(2080) sind aus ProtTask search/taskseq/imem.seq (2080)  2080 Einträge vorhanden!
In AppTask search/taskseq/icompare.seq(2095) sind aus ProtTask search/taskseq/icompare.seq (2095)  2095 Einträge vorhanden!
In AppTask search/taskseq/branch.seq(1997) sind aus ProtTask search/taskseq/branch.seq (1997)  1997 Einträge vorhanden!
In AppTask search/taskseq/bitbyte.seq(2037) sind aus ProtTask search/taskseq/bitbyte.seq (2037)  2037 Einträge vorhanden!
In AppTask search/taskseq/v1x4smul_SIMD.seq(2287) sind aus ProtTask search/taskseq/v1x4smul_SIMD.seq (2287)  2287 Einträge vorhanden!
In AppTask search/taskseq/dmem.seq(2091) sind aus ProtTask search/taskseq/dmem.seq (2091)  2091 Einträge vorhanden!
In AppTask search/taskseq/dsub64_SIMD.seq(2114) sind aus ProtTask search/taskseq/dsub64_SIMD.seq (2114)  2114 Einträge vorhanden!
In AppTask search/taskseq/dadd.seq(2062) sind aus ProtTask search/taskseq/dadd.seq (2062)  2062 Einträge vorhanden!
In AppTask search/taskseq/m4x4smul_SIMD.seq(2328) sind aus ProtTask search/taskseq/m4x4smul_SIMD.seq (2328)  2328 Einträge vorhanden!
In AppTask search/taskseq/dmul64_SIMD.seq(2114) sind aus ProtTask search/taskseq/dmul64_SIMD.seq (2114)  2114 Einträge vorhanden!
In AppTask search/taskseq/dmul.seq(2062) sind aus ProtTask search/taskseq/dmul.seq (2062)  2062 Einträge vorhanden!
In AppTask search/taskseq/m4x4smul.seq(1999) sind aus ProtTask search/taskseq/m4x4smul.seq (1999)  1999 Einträge vorhanden!
In AppTask search/taskseq/iadd.seq(2039) sind aus ProtTask search/taskseq/iadd.seq (2039)  2039 Einträge vorhanden!
In AppTask search/taskseq/logic.seq(2036) sind aus ProtTask search/taskseq/logic.seq (2036)  2036 Einträge vorhanden!
In AppTask search/taskseq/imul.seq(2071) sind aus ProtTask search/taskseq/imul.seq (2071)  2071 Einträge vorhanden!
In AppTask search/taskseq/dmem64_SIMD.seq(2081) sind aus ProtTask search/taskseq/dmem64_SIMD.seq (2081)  2081 Einträge vorhanden!
In AppTask search/taskseq/ssub32_SIMD.seq(2114) sind aus ProtTask search/taskseq/ssub32_SIMD.seq (2114)  2114 Einträge vorhanden!
In AppTask search/taskseq/vmov_SIMD.seq(2157) sind aus ProtTask search/taskseq/vmov_SIMD.seq (2157)  2157 Einträge vorhanden!
In AppTask search/taskseq/smul32_SIMD.seq(2114) sind aus ProtTask search/taskseq/smul32_SIMD.seq (2114)  2114 Einträge vorhanden!
In AppTask search/taskseq/shift.seq(1996) sind aus ProtTask search/taskseq/shift.seq (1996)  1996 Einträge vorhanden!
In AppTask search/taskseq/empty.seq(1373) sind aus ProtTask search/taskseq/empty.seq (1373)  1373 Einträge vorhanden!
In AppTask search/taskseq/smem32_SIMD.seq(45) sind aus ProtTask search/taskseq/smem32_SIMD.seq (45)  45 Einträge vorhanden!

In AppTask search/taskseq/nop.seq(1999) sind aus ProtTask search/taskseq/nop.seq (1999)  1999 Einträge vorhanden!
In AppTask search/taskseq/vconvert_SIMD.seq(2090) sind aus ProtTask search/taskseq/vconvert_SIMD.seq (2090)  2090 Einträge vorhanden!
In AppTask search/taskseq/imov.seq(1996) sind aus ProtTask search/taskseq/imov.seq (1996)  1996 Einträge vorhanden!
In AppTask search/taskseq/imem.seq(2080) sind aus ProtTask search/taskseq/imem.seq (2080)  2080 Einträge vorhanden!
In AppTask search/taskseq/icompare.seq(2095) sind aus ProtTask search/taskseq/icompare.seq (2095)  2095 Einträge vorhanden!
In AppTask search/taskseq/branch.seq(1997) sind aus ProtTask search/taskseq/branch.seq (1997)  1997 Einträge vorhanden!
In AppTask search/taskseq/bitbyte.seq(2037) sind aus ProtTask search/taskseq/bitbyte.seq (2037)  2037 Einträge vorhanden!
In AppTask search/taskseq/v1x4smul_SIMD.seq(2287) sind aus ProtTask search/taskseq/v1x4smul_SIMD.seq (2287)  2287 Einträge vorhanden!
In AppTask search/taskseq/dmem.seq(2091) sind aus ProtTask search/taskseq/dmem.seq (2091)  2091 Einträge vorhanden!
In AppTask search/taskseq/dsub64_SIMD.seq(2114) sind aus ProtTask search/taskseq/dsub64_SIMD.seq (2114)  2114 Einträge vorhanden!
In AppTask search/taskseq/dadd.seq(2062) sind aus ProtTask search/taskseq/dadd.seq (2062)  2062 Einträge vorhanden!
In AppTask search/taskseq/m4x4smul_SIMD.seq(2328) sind aus ProtTask search/taskseq/m4x4smul_SIMD.seq (2328)  2328 Einträge vorhanden!
In AppTask search/taskseq/dmul64_SIMD.seq(2114) sind aus ProtTask search/taskseq/dmul64_SIMD.seq (2114)  2114 Einträge vorhanden!
In AppTask search/taskseq/dmul.seq(2062) sind aus ProtTask search/taskseq/dmul.seq (2062)  2062 Einträge vorhanden!
In AppTask search/taskseq/m4x4smul.seq(1999) sind aus ProtTask search/taskseq/m4x4smul.seq (1999)  1999 Einträge vorhanden!
In AppTask search/taskseq/iadd.seq(2039) sind aus ProtTask search/taskseq/iadd.seq (2039)  2039 Einträge vorhanden!
In AppTask search/taskseq/logic.seq(2036) sind aus ProtTask search/taskseq/logic.seq (2036)  2036 Einträge vorhanden!
In AppTask search/taskseq/imul.seq(2071) sind aus ProtTask search/taskseq/imul.seq (2071)  2071 Einträge vorhanden!
In AppTask search/taskseq/dmem64_SIMD.seq(2081) sind aus ProtTask search/taskseq/dmem64_SIMD.seq (2081)  2081 Einträge vorhanden!
In AppTask search/taskseq/ssub32_SIMD.seq(2114) sind aus ProtTask search/taskseq/ssub32_SIMD.seq (2114)  2114 Einträge vorhanden!
In AppTask search/taskseq/vmov_SIMD.seq(2157) sind aus ProtTask search/taskseq/vmov_SIMD.seq (2157)  2157 Einträge vorhanden!
In AppTask search/taskseq/smul32_SIMD.seq(2114) sind aus ProtTask search/taskseq/smul32_SIMD.seq (2114)  2114 Einträge vorhanden!
In AppTask search/taskseq/shift.seq(1996) sind aus ProtTask search/taskseq/shift.seq (1996)  1996 Einträge vorhanden!
In AppTask search/taskseq/empty.seq(1373) sind aus ProtTask search/taskseq/empty.seq (1373)  1373 Einträge vorhanden!
In AppTask search/taskseq/smem32_SIMD.seq(45) sind aus ProtTask search/taskseq/smem32_SIMD.seq (45)  45 Einträge vorhanden!

In AppTask search/taskseq/nop.seq(1999) sind aus ProtTask search/taskseq/nop.seq (1999)  1999 Einträge vorhanden!
In AppTask search/taskseq/vconvert_SIMD.seq(2090) sind aus ProtTask search/taskseq/vconvert_SIMD.seq (2090)  2090 Einträge vorhanden!
In AppTask search/taskseq/imov.seq(1996) sind aus ProtTask search/taskseq/imov.seq (1996)  1996 Einträge vorhanden!
In AppTask search/taskseq/imem.seq(2080) sind aus ProtTask search/taskseq/imem.seq (2080)  2080 Einträge vorhanden!
In AppTask search/taskseq/icompare.seq(2095) sind aus ProtTask search/taskseq/icompare.seq (2095)  2095 Einträge vorhanden!
In AppTask search/taskseq/branch.seq(1997) sind aus ProtTask search/taskseq/branch.seq (1997)  1997 Einträge vorhanden!
In AppTask search/taskseq/bitbyte.seq(2037) sind aus ProtTask search/taskseq/bitbyte.seq (2037)  2037 Einträge vorhanden!
In AppTask search/taskseq/v1x4smul_SIMD.seq(2287) sind aus ProtTask search/taskseq/v1x4smul_SIMD.seq (2287)  2287 Einträge vorhanden!
In AppTask search/taskseq/dmem.seq(2091) sind aus ProtTask search/taskseq/dmem.seq (2091)  2091 Einträge vorhanden!
In AppTask search/taskseq/dsub64_SIMD.seq(2114) sind aus ProtTask search/taskseq/dsub64_SIMD.seq (2114)  2114 Einträge vorhanden!
In AppTask search/taskseq/dadd.seq(2062) sind aus ProtTask search/taskseq/dadd.seq (2062)  2062 Einträge vorhanden!
In AppTask search/taskseq/m4x4smul_SIMD.seq(2328) sind aus ProtTask search/taskseq/m4x4smul_SIMD.seq (2328)  2328 Einträge vorhanden!
In AppTask search/taskseq/dmul64_SIMD.seq(2114) sind aus ProtTask search/taskseq/dmul64_SIMD.seq (2114)  2114 Einträge vorhanden!
In AppTask search/taskseq/dmul.seq(2062) sind aus ProtTask search/taskseq/dmul.seq (2062)  2062 Einträge vorhanden!
In AppTask search/taskseq/m4x4smul.seq(1999) sind aus ProtTask search/taskseq/m4x4smul.seq (1999)  1999 Einträge vorhanden!
In AppTask search/taskseq/iadd.seq(2039) sind aus ProtTask search/taskseq/iadd.seq (2039)  2039 Einträge vorhanden!
In AppTask search/taskseq/logic.seq(2036) sind aus ProtTask search/taskseq/logic.seq (2036)  2036 Einträge vorhanden!
In AppTask search/taskseq/imul.seq(2071) sind aus ProtTask search/taskseq/imul.seq (2071)  2071 Einträge vorhanden!
In AppTask search/taskseq/dmem64_SIMD.seq(2081) sind aus ProtTask search/taskseq/dmem64_SIMD.seq (2081)  2081 Einträge vorhanden!
In AppTask search/taskseq/ssub32_SIMD.seq(2114) sind aus ProtTask search/taskseq/ssub32_SIMD.seq (2114)  2114 Einträge vorhanden!
In AppTask search/taskseq/vmov_SIMD.seq(2157) sind aus ProtTask search/taskseq/vmov_SIMD.seq (2157)  2157 Einträge vorhanden!
In AppTask search/taskseq/smul32_SIMD.seq(2114) sind aus ProtTask search/taskseq/smul32_SIMD.seq (2114)  2114 Einträge vorhanden!
In AppTask search/taskseq/shift.seq(1996) sind aus ProtTask search/taskseq/shift.seq (1996)  1996 Einträge vorhanden!
In AppTask search/taskseq/empty.seq(1373) sind aus ProtTask search/taskseq/empty.seq (1373)  1373 Einträge vorhanden!
In AppTask search/taskseq/smem32_SIMD.seq(45) sind aus ProtTask search/taskseq/smem32_SIMD.seq (45)  45 Einträge vorhanden!

In AppTask search/taskseq/nop.seq(1999) sind aus ProtTask search/taskseq/nop.seq (1999)  1999 Einträge vorhanden!
In AppTask search/taskseq/vconvert_SIMD.seq(2090) sind aus ProtTask search/taskseq/vconvert_SIMD.seq (2090)  2090 Einträge vorhanden!
In AppTask search/taskseq/imov.seq(1996) sind aus ProtTask search/taskseq/imov.seq (1996)  1996 Einträge vorhanden!
In AppTask search/taskseq/imem.seq(2080) sind aus ProtTask search/taskseq/imem.seq (2080)  2080 Einträge vorhanden!
In AppTask search/taskseq/icompare.seq(2095) sind aus ProtTask search/taskseq/icompare.seq (2095)  2095 Einträge vorhanden!
In AppTask search/taskseq/branch.seq(1997) sind aus ProtTask search/taskseq/branch.seq (1997)  1997 Einträge vorhanden!
In AppTask search/taskseq/bitbyte.seq(2037) sind aus ProtTask search/taskseq/bitbyte.seq (2037)  2037 Einträge vorhanden!
In AppTask search/taskseq/v1x4smul_SIMD.seq(2287) sind aus ProtTask search/taskseq/v1x4smul_SIMD.seq (2287)  2287 Einträge vorhanden!
In AppTask search/taskseq/dmem.seq(2091) sind aus ProtTask search/taskseq/dmem.seq (2091)  2091 Einträge vorhanden!
In AppTask search/taskseq/dsub64_SIMD.seq(2114) sind aus ProtTask search/taskseq/dsub64_SIMD.seq (2114)  2114 Einträge vorhanden!
In AppTask search/taskseq/dadd.seq(2062) sind aus ProtTask search/taskseq/dadd.seq (2062)  2062 Einträge vorhanden!
In AppTask search/taskseq/m4x4smul_SIMD.seq(2328) sind aus ProtTask search/taskseq/m4x4smul_SIMD.seq (2328)  2328 Einträge vorhanden!
In AppTask search/taskseq/dmul64_SIMD.seq(2114) sind aus ProtTask search/taskseq/dmul64_SIMD.seq (2114)  2114 Einträge vorhanden!
In AppTask search/taskseq/dmul.seq(2062) sind aus ProtTask search/taskseq/dmul.seq (2062)  2062 Einträge vorhanden!
In AppTask search/taskseq/m4x4smul.seq(1999) sind aus ProtTask search/taskseq/m4x4smul.seq (1999)  1999 Einträge vorhanden!
In AppTask search/taskseq/iadd.seq(2039) sind aus ProtTask search/taskseq/iadd.seq (2039)  2039 Einträge vorhanden!
In AppTask search/taskseq/logic.seq(2036) sind aus ProtTask search/taskseq/logic.seq (2036)  2036 Einträge vorhanden!
In AppTask search/taskseq/imul.seq(2071) sind aus ProtTask search/taskseq/imul.seq (2071)  2071 Einträge vorhanden!
In AppTask search/taskseq/dmem64_SIMD.seq(2081) sind aus ProtTask search/taskseq/dmem64_SIMD.seq (2081)  2081 Einträge vorhanden!
In AppTask search/taskseq/ssub32_SIMD.seq(2114) sind aus ProtTask search/taskseq/ssub32_SIMD.seq (2114)  2114 Einträge vorhanden!
In AppTask search/taskseq/vmov_SIMD.seq(2157) sind aus ProtTask search/taskseq/vmov_SIMD.seq (2157)  2157 Einträge vorhanden!
In AppTask search/taskseq/smul32_SIMD.seq(2114) sind aus ProtTask search/taskseq/smul32_SIMD.seq (2114)  2114 Einträge vorhanden!
In AppTask search/taskseq/shift.seq(1996) sind aus ProtTask search/taskseq/shift.seq (1996)  1996 Einträge vorhanden!
In AppTask search/taskseq/empty.seq(1373) sind aus ProtTask search/taskseq/empty.seq (1373)  1373 Einträge vorhanden!
In AppTask search/taskseq/smem32_SIMD.seq(45) sind aus ProtTask search/taskseq/smem32_SIMD.seq (45)  45 Einträge vorhanden!

In AppTask search/taskseq/nop.seq(1999) sind aus ProtTask search/taskseq/nop.seq (1999)  1999 Einträge vorhanden!
In AppTask search/taskseq/vconvert_SIMD.seq(2090) sind aus ProtTask search/taskseq/vconvert_SIMD.seq (2090)  2090 Einträge vorhanden!
In AppTask search/taskseq/imov.seq(1996) sind aus ProtTask search/taskseq/imov.seq (1996)  1996 Einträge vorhanden!
In AppTask search/taskseq/imem.seq(2080) sind aus ProtTask search/taskseq/imem.seq (2080)  2080 Einträge vorhanden!
In AppTask search/taskseq/icompare.seq(2095) sind aus ProtTask search/taskseq/icompare.seq (2095)  2095 Einträge vorhanden!
In AppTask search/taskseq/branch.seq(1997) sind aus ProtTask search/taskseq/branch.seq (1997)  1997 Einträge vorhanden!
In AppTask search/taskseq/bitbyte.seq(2037) sind aus ProtTask search/taskseq/bitbyte.seq (2037)  2037 Einträge vorhanden!
In AppTask search/taskseq/v1x4smul_SIMD.seq(2287) sind aus ProtTask search/taskseq/v1x4smul_SIMD.seq (2287)  2287 Einträge vorhanden!
In AppTask search/taskseq/dmem.seq(2091) sind aus ProtTask search/taskseq/dmem.seq (2091)  2091 Einträge vorhanden!
In AppTask search/taskseq/dsub64_SIMD.seq(2114) sind aus ProtTask search/taskseq/dsub64_SIMD.seq (2114)  2114 Einträge vorhanden!
In AppTask search/taskseq/dadd.seq(2062) sind aus ProtTask search/taskseq/dadd.seq (2062)  2062 Einträge vorhanden!
In AppTask search/taskseq/m4x4smul_SIMD.seq(2328) sind aus ProtTask search/taskseq/m4x4smul_SIMD.seq (2328)  2328 Einträge vorhanden!
In AppTask search/taskseq/dmul64_SIMD.seq(2114) sind aus ProtTask search/taskseq/dmul64_SIMD.seq (2114)  2114 Einträge vorhanden!
In AppTask search/taskseq/dmul.seq(2062) sind aus ProtTask search/taskseq/dmul.seq (2062)  2062 Einträge vorhanden!
In AppTask search/taskseq/m4x4smul.seq(1999) sind aus ProtTask search/taskseq/m4x4smul.seq (1999)  1999 Einträge vorhanden!
In AppTask search/taskseq/iadd.seq(2039) sind aus ProtTask search/taskseq/iadd.seq (2039)  2039 Einträge vorhanden!
In AppTask search/taskseq/logic.seq(2036) sind aus ProtTask search/taskseq/logic.seq (2036)  2036 Einträge vorhanden!
In AppTask search/taskseq/imul.seq(2071) sind aus ProtTask search/taskseq/imul.seq (2071)  2071 Einträge vorhanden!
In AppTask search/taskseq/dmem64_SIMD.seq(2081) sind aus ProtTask search/taskseq/dmem64_SIMD.seq (2081)  2081 Einträge vorhanden!
In AppTask search/taskseq/ssub32_SIMD.seq(2114) sind aus ProtTask search/taskseq/ssub32_SIMD.seq (2114)  2114 Einträge vorhanden!
In AppTask search/taskseq/vmov_SIMD.seq(2157) sind aus ProtTask search/taskseq/vmov_SIMD.seq (2157)  2157 Einträge vorhanden!
In AppTask search/taskseq/smul32_SIMD.seq(2114) sind aus ProtTask search/taskseq/smul32_SIMD.seq (2114)  2114 Einträge vorhanden!
In AppTask search/taskseq/shift.seq(1996) sind aus ProtTask search/taskseq/shift.seq (1996)  1996 Einträge vorhanden!
In AppTask search/taskseq/empty.seq(1373) sind aus ProtTask search/taskseq/empty.seq (1373)  1373 Einträge vorhanden!
In AppTask search/taskseq/smem32_SIMD.seq(45) sind aus ProtTask search/taskseq/smem32_SIMD.seq (45)  45 Einträge vorhanden!

