In AppTask search/appseq/sobelv.seq(228) sind aus ProtTask search/taskseq/nop.seq (1999)  0 Einträge vorhanden! (Prottask wurde0 mal ausgeführt!)
In AppTask search/appseq/sobelv.seq(228) sind aus ProtTask search/taskseq/vconvert_SIMD.seq (2090)  0 Einträge vorhanden! (Prottask wurde0 mal ausgeführt!)
In AppTask search/appseq/sobelv.seq(228) sind aus ProtTask search/taskseq/imov.seq (1996)  0 Einträge vorhanden! (Prottask wurde0 mal ausgeführt!)
In AppTask search/appseq/sobelv.seq(228) sind aus ProtTask search/taskseq/imem.seq (2080)  0 Einträge vorhanden! (Prottask wurde0 mal ausgeführt!)
In AppTask search/appseq/sobelv.seq(228) sind aus ProtTask search/taskseq/icompare.seq (2095)  0 Einträge vorhanden! (Prottask wurde0 mal ausgeführt!)
In AppTask search/appseq/sobelv.seq(228) sind aus ProtTask search/taskseq/branch.seq (1997)  0 Einträge vorhanden! (Prottask wurde0 mal ausgeführt!)
In AppTask search/appseq/sobelv.seq(228) sind aus ProtTask search/taskseq/bitbyte.seq (2037)  0 Einträge vorhanden! (Prottask wurde0 mal ausgeführt!)
In AppTask search/appseq/sobelv.seq(228) sind aus ProtTask search/taskseq/v1x4smul_SIMD.seq (2287)  0 Einträge vorhanden! (Prottask wurde0 mal ausgeführt!)
In AppTask search/appseq/sobelv.seq(228) sind aus ProtTask search/taskseq/dmem.seq (2091)  0 Einträge vorhanden! (Prottask wurde0 mal ausgeführt!)
In AppTask search/appseq/sobelv.seq(228) sind aus ProtTask search/taskseq/dsub64_SIMD.seq (2114)  0 Einträge vorhanden! (Prottask wurde0 mal ausgeführt!)
In AppTask search/appseq/sobelv.seq(228) sind aus ProtTask search/taskseq/dadd.seq (2062)  0 Einträge vorhanden! (Prottask wurde0 mal ausgeführt!)
In AppTask search/appseq/sobelv.seq(228) sind aus ProtTask search/taskseq/m4x4smul_SIMD.seq (2328)  0 Einträge vorhanden! (Prottask wurde0 mal ausgeführt!)
In AppTask search/appseq/sobelv.seq(228) sind aus ProtTask search/taskseq/dmul64_SIMD.seq (2114)  0 Einträge vorhanden! (Prottask wurde0 mal ausgeführt!)
In AppTask search/appseq/sobelv.seq(228) sind aus ProtTask search/taskseq/dmul.seq (2062)  0 Einträge vorhanden! (Prottask wurde0 mal ausgeführt!)
In AppTask search/appseq/sobelv.seq(228) sind aus ProtTask search/taskseq/m4x4smul.seq (1999)  0 Einträge vorhanden! (Prottask wurde0 mal ausgeführt!)
In AppTask search/appseq/sobelv.seq(228) sind aus ProtTask search/taskseq/iadd.seq (2039)  0 Einträge vorhanden! (Prottask wurde0 mal ausgeführt!)
In AppTask search/appseq/sobelv.seq(228) sind aus ProtTask search/taskseq/logic.seq (2036)  0 Einträge vorhanden! (Prottask wurde0 mal ausgeführt!)
In AppTask search/appseq/sobelv.seq(228) sind aus ProtTask search/taskseq/imul.seq (2071)  0 Einträge vorhanden! (Prottask wurde0 mal ausgeführt!)
In AppTask search/appseq/sobelv.seq(228) sind aus ProtTask search/taskseq/dmem64_SIMD.seq (2081)  0 Einträge vorhanden! (Prottask wurde0 mal ausgeführt!)
In AppTask search/appseq/sobelv.seq(228) sind aus ProtTask search/taskseq/ssub32_SIMD.seq (2114)  0 Einträge vorhanden! (Prottask wurde0 mal ausgeführt!)
In AppTask search/appseq/sobelv.seq(228) sind aus ProtTask search/taskseq/vmov_SIMD.seq (2157)  0 Einträge vorhanden! (Prottask wurde0 mal ausgeführt!)
In AppTask search/appseq/sobelv.seq(228) sind aus ProtTask search/taskseq/smul32_SIMD.seq (2114)  0 Einträge vorhanden! (Prottask wurde0 mal ausgeführt!)
In AppTask search/appseq/sobelv.seq(228) sind aus ProtTask search/taskseq/shift.seq (1996)  0 Einträge vorhanden! (Prottask wurde0 mal ausgeführt!)
In AppTask search/appseq/sobelv.seq(228) sind aus ProtTask search/taskseq/empty.seq (1373)  0 Einträge vorhanden! (Prottask wurde0 mal ausgeführt!)
In AppTask search/appseq/sobelv.seq(228) sind aus ProtTask search/taskseq/smem32_SIMD.seq (45)  114 Einträge vorhanden! (Prottask wurde5 mal ausgeführt!)

Der ähnlichste ProttypTask für search/appseq/sobelv.seq ist search/taskseq/smem32_SIMD.seq

In AppTask search/appseq/checkcontrast.seq(1922) sind aus ProtTask search/taskseq/nop.seq (1999)  0 Einträge vorhanden! (Prottask wurde0 mal ausgeführt!)
In AppTask search/appseq/checkcontrast.seq(1922) sind aus ProtTask search/taskseq/vconvert_SIMD.seq (2090)  0 Einträge vorhanden! (Prottask wurde0 mal ausgeführt!)
In AppTask search/appseq/checkcontrast.seq(1922) sind aus ProtTask search/taskseq/imov.seq (1996)  0 Einträge vorhanden! (Prottask wurde0 mal ausgeführt!)
In AppTask search/appseq/checkcontrast.seq(1922) sind aus ProtTask search/taskseq/imem.seq (2080)  0 Einträge vorhanden! (Prottask wurde0 mal ausgeführt!)
In AppTask search/appseq/checkcontrast.seq(1922) sind aus ProtTask search/taskseq/icompare.seq (2095)  0 Einträge vorhanden! (Prottask wurde0 mal ausgeführt!)
In AppTask search/appseq/checkcontrast.seq(1922) sind aus ProtTask search/taskseq/branch.seq (1997)  0 Einträge vorhanden! (Prottask wurde0 mal ausgeführt!)
In AppTask search/appseq/checkcontrast.seq(1922) sind aus ProtTask search/taskseq/bitbyte.seq (2037)  0 Einträge vorhanden! (Prottask wurde0 mal ausgeführt!)
In AppTask search/appseq/checkcontrast.seq(1922) sind aus ProtTask search/taskseq/v1x4smul_SIMD.seq (2287)  0 Einträge vorhanden! (Prottask wurde0 mal ausgeführt!)
In AppTask search/appseq/checkcontrast.seq(1922) sind aus ProtTask search/taskseq/dmem.seq (2091)  0 Einträge vorhanden! (Prottask wurde0 mal ausgeführt!)
In AppTask search/appseq/checkcontrast.seq(1922) sind aus ProtTask search/taskseq/dsub64_SIMD.seq (2114)  0 Einträge vorhanden! (Prottask wurde0 mal ausgeführt!)
In AppTask search/appseq/checkcontrast.seq(1922) sind aus ProtTask search/taskseq/dadd.seq (2062)  0 Einträge vorhanden! (Prottask wurde0 mal ausgeführt!)
In AppTask search/appseq/checkcontrast.seq(1922) sind aus ProtTask search/taskseq/m4x4smul_SIMD.seq (2328)  0 Einträge vorhanden! (Prottask wurde0 mal ausgeführt!)
In AppTask search/appseq/checkcontrast.seq(1922) sind aus ProtTask search/taskseq/dmul64_SIMD.seq (2114)  0 Einträge vorhanden! (Prottask wurde0 mal ausgeführt!)
In AppTask search/appseq/checkcontrast.seq(1922) sind aus ProtTask search/taskseq/dmul.seq (2062)  0 Einträge vorhanden! (Prottask wurde0 mal ausgeführt!)
In AppTask search/appseq/checkcontrast.seq(1922) sind aus ProtTask search/taskseq/m4x4smul.seq (1999)  0 Einträge vorhanden! (Prottask wurde0 mal ausgeführt!)
In AppTask search/appseq/checkcontrast.seq(1922) sind aus ProtTask search/taskseq/iadd.seq (2039)  0 Einträge vorhanden! (Prottask wurde0 mal ausgeführt!)
In AppTask search/appseq/checkcontrast.seq(1922) sind aus ProtTask search/taskseq/logic.seq (2036)  0 Einträge vorhanden! (Prottask wurde0 mal ausgeführt!)
In AppTask search/appseq/checkcontrast.seq(1922) sind aus ProtTask search/taskseq/imul.seq (2071)  0 Einträge vorhanden! (Prottask wurde0 mal ausgeführt!)
In AppTask search/appseq/checkcontrast.seq(1922) sind aus ProtTask search/taskseq/dmem64_SIMD.seq (2081)  0 Einträge vorhanden! (Prottask wurde0 mal ausgeführt!)
In AppTask search/appseq/checkcontrast.seq(1922) sind aus ProtTask search/taskseq/ssub32_SIMD.seq (2114)  0 Einträge vorhanden! (Prottask wurde0 mal ausgeführt!)
In AppTask search/appseq/checkcontrast.seq(1922) sind aus ProtTask search/taskseq/vmov_SIMD.seq (2157)  0 Einträge vorhanden! (Prottask wurde0 mal ausgeführt!)
In AppTask search/appseq/checkcontrast.seq(1922) sind aus ProtTask search/taskseq/smul32_SIMD.seq (2114)  0 Einträge vorhanden! (Prottask wurde0 mal ausgeführt!)
In AppTask search/appseq/checkcontrast.seq(1922) sind aus ProtTask search/taskseq/shift.seq (1996)  0 Einträge vorhanden! (Prottask wurde0 mal ausgeführt!)
In AppTask search/appseq/checkcontrast.seq(1922) sind aus ProtTask search/taskseq/empty.seq (1373)  1373 Einträge vorhanden! (Prottask wurde1 mal ausgeführt!)
In AppTask search/appseq/checkcontrast.seq(1922) sind aus ProtTask search/taskseq/smem32_SIMD.seq (45)  1010 Einträge vorhanden! (Prottask wurde42 mal ausgeführt!)

Der ähnlichste ProttypTask für search/appseq/checkcontrast.seq ist search/taskseq/empty.seq

