
AppTask search/appseq/testWithNop.seq wird geprüft!
In AppTask search/appseq/testWithNop.seq(Gesamt: 1999) sind aus ProtTask search/taskseq/nop.seq (Gesamt: 1999)  1999 Einträge vorhanden! (Der Prottask wurde aufgrund der Größe des AppTask 1 mal wiederholt!)
In AppTask search/appseq/testWithNop.seq(Gesamt: 1999) sind aus ProtTask search/taskseq/vconvert_SIMD.seq (Gesamt: 2090)  1973 Einträge vorhanden! (Der Prottask wurde aufgrund der Größe des AppTask 0 mal wiederholt!)
In AppTask search/appseq/testWithNop.seq(Gesamt: 1999) sind aus ProtTask search/taskseq/imov.seq (Gesamt: 1996)  1983 Einträge vorhanden! (Der Prottask wurde aufgrund der Größe des AppTask 1 mal wiederholt!)
In AppTask search/appseq/testWithNop.seq(Gesamt: 1999) sind aus ProtTask search/taskseq/imem.seq (Gesamt: 2080)  1976 Einträge vorhanden! (Der Prottask wurde aufgrund der Größe des AppTask 0 mal wiederholt!)
In AppTask search/appseq/testWithNop.seq(Gesamt: 1999) sind aus ProtTask search/taskseq/icompare.seq (Gesamt: 2095)  1976 Einträge vorhanden! (Der Prottask wurde aufgrund der Größe des AppTask 0 mal wiederholt!)
In AppTask search/appseq/testWithNop.seq(Gesamt: 1999) sind aus ProtTask search/taskseq/branch.seq (Gesamt: 1997)  1998 Einträge vorhanden! (Der Prottask wurde aufgrund der Größe des AppTask 1 mal wiederholt!)
In AppTask search/appseq/testWithNop.seq(Gesamt: 1999) sind aus ProtTask search/taskseq/bitbyte.seq (Gesamt: 2037)  1975 Einträge vorhanden! (Der Prottask wurde aufgrund der Größe des AppTask 0 mal wiederholt!)
In AppTask search/appseq/testWithNop.seq(Gesamt: 1999) sind aus ProtTask search/taskseq/v1x4smul_SIMD.seq (Gesamt: 2287)  1977 Einträge vorhanden! (Der Prottask wurde aufgrund der Größe des AppTask 0 mal wiederholt!)
In AppTask search/appseq/testWithNop.seq(Gesamt: 1999) sind aus ProtTask search/taskseq/dmem.seq (Gesamt: 2091)  1975 Einträge vorhanden! (Der Prottask wurde aufgrund der Größe des AppTask 0 mal wiederholt!)
In AppTask search/appseq/testWithNop.seq(Gesamt: 1999) sind aus ProtTask search/taskseq/dsub64_SIMD.seq (Gesamt: 2114)  1972 Einträge vorhanden! (Der Prottask wurde aufgrund der Größe des AppTask 0 mal wiederholt!)
In AppTask search/appseq/testWithNop.seq(Gesamt: 1999) sind aus ProtTask search/taskseq/dadd.seq (Gesamt: 2062)  1975 Einträge vorhanden! (Der Prottask wurde aufgrund der Größe des AppTask 0 mal wiederholt!)
In AppTask search/appseq/testWithNop.seq(Gesamt: 1999) sind aus ProtTask search/taskseq/m4x4smul_SIMD.seq (Gesamt: 2328)  1976 Einträge vorhanden! (Der Prottask wurde aufgrund der Größe des AppTask 0 mal wiederholt!)
In AppTask search/appseq/testWithNop.seq(Gesamt: 1999) sind aus ProtTask search/taskseq/dmul64_SIMD.seq (Gesamt: 2114)  1972 Einträge vorhanden! (Der Prottask wurde aufgrund der Größe des AppTask 0 mal wiederholt!)
In AppTask search/appseq/testWithNop.seq(Gesamt: 1999) sind aus ProtTask search/taskseq/dmul.seq (Gesamt: 2062)  1975 Einträge vorhanden! (Der Prottask wurde aufgrund der Größe des AppTask 0 mal wiederholt!)
In AppTask search/appseq/testWithNop.seq(Gesamt: 1999) sind aus ProtTask search/taskseq/m4x4smul.seq (Gesamt: 1999)  1974 Einträge vorhanden! (Der Prottask wurde aufgrund der Größe des AppTask 1 mal wiederholt!)
In AppTask search/appseq/testWithNop.seq(Gesamt: 1999) sind aus ProtTask search/taskseq/iadd.seq (Gesamt: 2039)  1975 Einträge vorhanden! (Der Prottask wurde aufgrund der Größe des AppTask 0 mal wiederholt!)
In AppTask search/appseq/testWithNop.seq(Gesamt: 1999) sind aus ProtTask search/taskseq/logic.seq (Gesamt: 2036)  1976 Einträge vorhanden! (Der Prottask wurde aufgrund der Größe des AppTask 0 mal wiederholt!)
In AppTask search/appseq/testWithNop.seq(Gesamt: 1999) sind aus ProtTask search/taskseq/imul.seq (Gesamt: 2071)  1975 Einträge vorhanden! (Der Prottask wurde aufgrund der Größe des AppTask 0 mal wiederholt!)
In AppTask search/appseq/testWithNop.seq(Gesamt: 1999) sind aus ProtTask search/taskseq/dmem64_SIMD.seq (Gesamt: 2081)  1972 Einträge vorhanden! (Der Prottask wurde aufgrund der Größe des AppTask 0 mal wiederholt!)
In AppTask search/appseq/testWithNop.seq(Gesamt: 1999) sind aus ProtTask search/taskseq/ssub32_SIMD.seq (Gesamt: 2114)  1972 Einträge vorhanden! (Der Prottask wurde aufgrund der Größe des AppTask 0 mal wiederholt!)
In AppTask search/appseq/testWithNop.seq(Gesamt: 1999) sind aus ProtTask search/taskseq/vmov_SIMD.seq (Gesamt: 2157)  1972 Einträge vorhanden! (Der Prottask wurde aufgrund der Größe des AppTask 0 mal wiederholt!)
In AppTask search/appseq/testWithNop.seq(Gesamt: 1999) sind aus ProtTask search/taskseq/smul32_SIMD.seq (Gesamt: 2114)  1972 Einträge vorhanden! (Der Prottask wurde aufgrund der Größe des AppTask 0 mal wiederholt!)
In AppTask search/appseq/testWithNop.seq(Gesamt: 1999) sind aus ProtTask search/taskseq/shift.seq (Gesamt: 1996)  1983 Einträge vorhanden! (Der Prottask wurde aufgrund der Größe des AppTask 1 mal wiederholt!)

Der Anwendungstask search/appseq/testWithNop.seq wurde auf folgende prototypischen Tasks abgebildet:
Anwendungs task [search/appseq/testWithNop.seq] nicht gefunden!