In AppTask search/appseq/sobelv.seq(17432) sind aus ProtTask search/taskseq/nop.seq (1999)  9994 Einträge vorhanden! (Prottask wurde8 mal ausgeführt!)
In AppTask search/appseq/sobelv.seq(17432) sind aus ProtTask search/taskseq/vconvert_SIMD.seq (2090)  10552 Einträge vorhanden! (Prottask wurde8 mal ausgeführt!)
In AppTask search/appseq/sobelv.seq(17432) sind aus ProtTask search/taskseq/imov.seq (1996)  9967 Einträge vorhanden! (Prottask wurde8 mal ausgeführt!)
In AppTask search/appseq/sobelv.seq(17432) sind aus ProtTask search/taskseq/imem.seq (2080)  10683 Einträge vorhanden! (Prottask wurde8 mal ausgeführt!)
In AppTask search/appseq/sobelv.seq(17432) sind aus ProtTask search/taskseq/icompare.seq (2095)  10156 Einträge vorhanden! (Prottask wurde8 mal ausgeführt!)
In AppTask search/appseq/sobelv.seq(17432) sind aus ProtTask search/taskseq/branch.seq (1997)  9994 Einträge vorhanden! (Prottask wurde8 mal ausgeführt!)
In AppTask search/appseq/sobelv.seq(17432) sind aus ProtTask search/taskseq/bitbyte.seq (2037)  10372 Einträge vorhanden! (Prottask wurde8 mal ausgeführt!)
In AppTask search/appseq/sobelv.seq(17432) sind aus ProtTask search/taskseq/v1x4smul_SIMD.seq (2287)  9595 Einträge vorhanden! (Prottask wurde7 mal ausgeführt!)
In AppTask search/appseq/sobelv.seq(17432) sind aus ProtTask search/taskseq/dmem.seq (2091)  10746 Einträge vorhanden! (Prottask wurde8 mal ausgeführt!)
In AppTask search/appseq/sobelv.seq(17432) sind aus ProtTask search/taskseq/dsub64_SIMD.seq (2114)  9967 Einträge vorhanden! (Prottask wurde8 mal ausgeführt!)
In AppTask search/appseq/sobelv.seq(17432) sind aus ProtTask search/taskseq/dadd.seq (2062)  9976 Einträge vorhanden! (Prottask wurde8 mal ausgeführt!)
In AppTask search/appseq/sobelv.seq(17432) sind aus ProtTask search/taskseq/m4x4smul_SIMD.seq (2328)  10027 Einträge vorhanden! (Prottask wurde7 mal ausgeführt!)
In AppTask search/appseq/sobelv.seq(17432) sind aus ProtTask search/taskseq/dmul64_SIMD.seq (2114)  9967 Einträge vorhanden! (Prottask wurde8 mal ausgeführt!)
In AppTask search/appseq/sobelv.seq(17432) sind aus ProtTask search/taskseq/dmul.seq (2062)  10031 Einträge vorhanden! (Prottask wurde8 mal ausgeführt!)
In AppTask search/appseq/sobelv.seq(17432) sind aus ProtTask search/taskseq/m4x4smul.seq (1999)  10120 Einträge vorhanden! (Prottask wurde8 mal ausgeführt!)
In AppTask search/appseq/sobelv.seq(17432) sind aus ProtTask search/taskseq/iadd.seq (2039)  10516 Einträge vorhanden! (Prottask wurde8 mal ausgeführt!)
In AppTask search/appseq/sobelv.seq(17432) sind aus ProtTask search/taskseq/logic.seq (2036)  10327 Einträge vorhanden! (Prottask wurde8 mal ausgeführt!)
In AppTask search/appseq/sobelv.seq(17432) sind aus ProtTask search/taskseq/imul.seq (2071)  10696 Einträge vorhanden! (Prottask wurde8 mal ausgeführt!)
In AppTask search/appseq/sobelv.seq(17432) sind aus ProtTask search/taskseq/dmem64_SIMD.seq (2081)  10696 Einträge vorhanden! (Prottask wurde8 mal ausgeführt!)
In AppTask search/appseq/sobelv.seq(17432) sind aus ProtTask search/taskseq/ssub32_SIMD.seq (2114)  9967 Einträge vorhanden! (Prottask wurde8 mal ausgeführt!)
In AppTask search/appseq/sobelv.seq(17432) sind aus ProtTask search/taskseq/vmov_SIMD.seq (2157)  11245 Einträge vorhanden! (Prottask wurde8 mal ausgeführt!)
In AppTask search/appseq/sobelv.seq(17432) sind aus ProtTask search/taskseq/smul32_SIMD.seq (2114)  9967 Einträge vorhanden! (Prottask wurde8 mal ausgeführt!)
In AppTask search/appseq/sobelv.seq(17432) sind aus ProtTask search/taskseq/shift.seq (1996)  9967 Einträge vorhanden! (Prottask wurde8 mal ausgeführt!)
In AppTask search/appseq/sobelv.seq(17432) sind aus ProtTask search/taskseq/empty.seq (1373)  9785 Einträge vorhanden! (Prottask wurde12 mal ausgeführt!)
In AppTask search/appseq/sobelv.seq(17432) sind aus ProtTask search/taskseq/smem32_SIMD.seq (45)  8623 Einträge vorhanden! (Prottask wurde387 mal ausgeführt!)

Der ähnlichste ProttypTask für search/appseq/sobelv.seq ist search/taskseq/vmov_SIMD.seq

In AppTask search/appseq/checkcontrast.seq(1922) sind aus ProtTask search/taskseq/nop.seq (1999)  1847 Einträge vorhanden! (Prottask wurde0 mal ausgeführt!)
In AppTask search/appseq/checkcontrast.seq(1922) sind aus ProtTask search/taskseq/vconvert_SIMD.seq (2090)  1847 Einträge vorhanden! (Prottask wurde0 mal ausgeführt!)
In AppTask search/appseq/checkcontrast.seq(1922) sind aus ProtTask search/taskseq/imov.seq (1996)  1847 Einträge vorhanden! (Prottask wurde0 mal ausgeführt!)
In AppTask search/appseq/checkcontrast.seq(1922) sind aus ProtTask search/taskseq/imem.seq (2080)  1851 Einträge vorhanden! (Prottask wurde0 mal ausgeführt!)
In AppTask search/appseq/checkcontrast.seq(1922) sind aus ProtTask search/taskseq/icompare.seq (2095)  1849 Einträge vorhanden! (Prottask wurde0 mal ausgeführt!)
In AppTask search/appseq/checkcontrast.seq(1922) sind aus ProtTask search/taskseq/branch.seq (1997)  1848 Einträge vorhanden! (Prottask wurde0 mal ausgeführt!)
In AppTask search/appseq/checkcontrast.seq(1922) sind aus ProtTask search/taskseq/bitbyte.seq (2037)  1851 Einträge vorhanden! (Prottask wurde0 mal ausgeführt!)
In AppTask search/appseq/checkcontrast.seq(1922) sind aus ProtTask search/taskseq/v1x4smul_SIMD.seq (2287)  1857 Einträge vorhanden! (Prottask wurde0 mal ausgeführt!)
In AppTask search/appseq/checkcontrast.seq(1922) sind aus ProtTask search/taskseq/dmem.seq (2091)  1856 Einträge vorhanden! (Prottask wurde0 mal ausgeführt!)
In AppTask search/appseq/checkcontrast.seq(1922) sind aus ProtTask search/taskseq/dsub64_SIMD.seq (2114)  1847 Einträge vorhanden! (Prottask wurde0 mal ausgeführt!)
In AppTask search/appseq/checkcontrast.seq(1922) sind aus ProtTask search/taskseq/dadd.seq (2062)  1847 Einträge vorhanden! (Prottask wurde0 mal ausgeführt!)
In AppTask search/appseq/checkcontrast.seq(1922) sind aus ProtTask search/taskseq/m4x4smul_SIMD.seq (2328)  1868 Einträge vorhanden! (Prottask wurde0 mal ausgeführt!)
In AppTask search/appseq/checkcontrast.seq(1922) sind aus ProtTask search/taskseq/dmul64_SIMD.seq (2114)  1847 Einträge vorhanden! (Prottask wurde0 mal ausgeführt!)
In AppTask search/appseq/checkcontrast.seq(1922) sind aus ProtTask search/taskseq/dmul.seq (2062)  1847 Einträge vorhanden! (Prottask wurde0 mal ausgeführt!)
In AppTask search/appseq/checkcontrast.seq(1922) sind aus ProtTask search/taskseq/m4x4smul.seq (1999)  1851 Einträge vorhanden! (Prottask wurde0 mal ausgeführt!)
In AppTask search/appseq/checkcontrast.seq(1922) sind aus ProtTask search/taskseq/iadd.seq (2039)  1859 Einträge vorhanden! (Prottask wurde0 mal ausgeführt!)
In AppTask search/appseq/checkcontrast.seq(1922) sind aus ProtTask search/taskseq/logic.seq (2036)  1847 Einträge vorhanden! (Prottask wurde0 mal ausgeführt!)
In AppTask search/appseq/checkcontrast.seq(1922) sind aus ProtTask search/taskseq/imul.seq (2071)  1861 Einträge vorhanden! (Prottask wurde0 mal ausgeführt!)
In AppTask search/appseq/checkcontrast.seq(1922) sind aus ProtTask search/taskseq/dmem64_SIMD.seq (2081)  1866 Einträge vorhanden! (Prottask wurde0 mal ausgeführt!)
In AppTask search/appseq/checkcontrast.seq(1922) sind aus ProtTask search/taskseq/ssub32_SIMD.seq (2114)  1847 Einträge vorhanden! (Prottask wurde0 mal ausgeführt!)
In AppTask search/appseq/checkcontrast.seq(1922) sind aus ProtTask search/taskseq/vmov_SIMD.seq (2157)  1862 Einträge vorhanden! (Prottask wurde0 mal ausgeführt!)
In AppTask search/appseq/checkcontrast.seq(1922) sind aus ProtTask search/taskseq/smul32_SIMD.seq (2114)  1847 Einträge vorhanden! (Prottask wurde0 mal ausgeführt!)
In AppTask search/appseq/checkcontrast.seq(1922) sind aus ProtTask search/taskseq/shift.seq (1996)  1848 Einträge vorhanden! (Prottask wurde0 mal ausgeführt!)
In AppTask search/appseq/checkcontrast.seq(1922) sind aus ProtTask search/taskseq/empty.seq (1373)  1883 Einträge vorhanden! (Prottask wurde1 mal ausgeführt!)
In AppTask search/appseq/checkcontrast.seq(1922) sind aus ProtTask search/taskseq/smem32_SIMD.seq (45)  1017 Einträge vorhanden! (Prottask wurde42 mal ausgeführt!)

Der ähnlichste ProttypTask für search/appseq/checkcontrast.seq ist search/taskseq/empty.seq

