In AppTask search/appseq/testWithNopAndBitByte.seq(Gesamt: 4036) sind aus ProtTask search/taskseq/nop.seq (Gesamt: 1999)  0 Einträge vorhanden! (Der Prottask wurde aufgrund der Größe des AppTask 1 mal wiederholt!)
In AppTask search/appseq/testWithNopAndBitByte.seq(Gesamt: 4036) sind aus ProtTask search/taskseq/vconvert_SIMD.seq (Gesamt: 2090)  0 Einträge vorhanden! (Der Prottask wurde aufgrund der Größe des AppTask 1 mal wiederholt!)
In AppTask search/appseq/testWithNopAndBitByte.seq(Gesamt: 4036) sind aus ProtTask search/taskseq/imov.seq (Gesamt: 1996)  0 Einträge vorhanden! (Der Prottask wurde aufgrund der Größe des AppTask 1 mal wiederholt!)
In AppTask search/appseq/testWithNopAndBitByte.seq(Gesamt: 4036) sind aus ProtTask search/taskseq/imem.seq (Gesamt: 2080)  0 Einträge vorhanden! (Der Prottask wurde aufgrund der Größe des AppTask 1 mal wiederholt!)
In AppTask search/appseq/testWithNopAndBitByte.seq(Gesamt: 4036) sind aus ProtTask search/taskseq/icompare.seq (Gesamt: 2095)  0 Einträge vorhanden! (Der Prottask wurde aufgrund der Größe des AppTask 1 mal wiederholt!)
In AppTask search/appseq/testWithNopAndBitByte.seq(Gesamt: 4036) sind aus ProtTask search/taskseq/branch.seq (Gesamt: 1997)  0 Einträge vorhanden! (Der Prottask wurde aufgrund der Größe des AppTask 1 mal wiederholt!)
In AppTask search/appseq/testWithNopAndBitByte.seq(Gesamt: 4036) sind aus ProtTask search/taskseq/bitbyte.seq (Gesamt: 2037)  0 Einträge vorhanden! (Der Prottask wurde aufgrund der Größe des AppTask 1 mal wiederholt!)
In AppTask search/appseq/testWithNopAndBitByte.seq(Gesamt: 4036) sind aus ProtTask search/taskseq/v1x4smul_SIMD.seq (Gesamt: 2287)  0 Einträge vorhanden! (Der Prottask wurde aufgrund der Größe des AppTask 1 mal wiederholt!)
In AppTask search/appseq/testWithNopAndBitByte.seq(Gesamt: 4036) sind aus ProtTask search/taskseq/dmem.seq (Gesamt: 2091)  0 Einträge vorhanden! (Der Prottask wurde aufgrund der Größe des AppTask 1 mal wiederholt!)
In AppTask search/appseq/testWithNopAndBitByte.seq(Gesamt: 4036) sind aus ProtTask search/taskseq/dsub64_SIMD.seq (Gesamt: 2114)  0 Einträge vorhanden! (Der Prottask wurde aufgrund der Größe des AppTask 1 mal wiederholt!)
In AppTask search/appseq/testWithNopAndBitByte.seq(Gesamt: 4036) sind aus ProtTask search/taskseq/dadd.seq (Gesamt: 2062)  0 Einträge vorhanden! (Der Prottask wurde aufgrund der Größe des AppTask 1 mal wiederholt!)
In AppTask search/appseq/testWithNopAndBitByte.seq(Gesamt: 4036) sind aus ProtTask search/taskseq/m4x4smul_SIMD.seq (Gesamt: 2328)  0 Einträge vorhanden! (Der Prottask wurde aufgrund der Größe des AppTask 1 mal wiederholt!)
In AppTask search/appseq/testWithNopAndBitByte.seq(Gesamt: 4036) sind aus ProtTask search/taskseq/dmul64_SIMD.seq (Gesamt: 2114)  0 Einträge vorhanden! (Der Prottask wurde aufgrund der Größe des AppTask 1 mal wiederholt!)
In AppTask search/appseq/testWithNopAndBitByte.seq(Gesamt: 4036) sind aus ProtTask search/taskseq/dmul.seq (Gesamt: 2062)  0 Einträge vorhanden! (Der Prottask wurde aufgrund der Größe des AppTask 1 mal wiederholt!)
In AppTask search/appseq/testWithNopAndBitByte.seq(Gesamt: 4036) sind aus ProtTask search/taskseq/m4x4smul.seq (Gesamt: 1999)  0 Einträge vorhanden! (Der Prottask wurde aufgrund der Größe des AppTask 1 mal wiederholt!)
In AppTask search/appseq/testWithNopAndBitByte.seq(Gesamt: 4036) sind aus ProtTask search/taskseq/iadd.seq (Gesamt: 2039)  0 Einträge vorhanden! (Der Prottask wurde aufgrund der Größe des AppTask 1 mal wiederholt!)
In AppTask search/appseq/testWithNopAndBitByte.seq(Gesamt: 4036) sind aus ProtTask search/taskseq/logic.seq (Gesamt: 2036)  0 Einträge vorhanden! (Der Prottask wurde aufgrund der Größe des AppTask 1 mal wiederholt!)
In AppTask search/appseq/testWithNopAndBitByte.seq(Gesamt: 4036) sind aus ProtTask search/taskseq/imul.seq (Gesamt: 2071)  0 Einträge vorhanden! (Der Prottask wurde aufgrund der Größe des AppTask 1 mal wiederholt!)
In AppTask search/appseq/testWithNopAndBitByte.seq(Gesamt: 4036) sind aus ProtTask search/taskseq/dmem64_SIMD.seq (Gesamt: 2081)  0 Einträge vorhanden! (Der Prottask wurde aufgrund der Größe des AppTask 1 mal wiederholt!)
In AppTask search/appseq/testWithNopAndBitByte.seq(Gesamt: 4036) sind aus ProtTask search/taskseq/ssub32_SIMD.seq (Gesamt: 2114)  0 Einträge vorhanden! (Der Prottask wurde aufgrund der Größe des AppTask 1 mal wiederholt!)
In AppTask search/appseq/testWithNopAndBitByte.seq(Gesamt: 4036) sind aus ProtTask search/taskseq/vmov_SIMD.seq (Gesamt: 2157)  0 Einträge vorhanden! (Der Prottask wurde aufgrund der Größe des AppTask 1 mal wiederholt!)
In AppTask search/appseq/testWithNopAndBitByte.seq(Gesamt: 4036) sind aus ProtTask search/taskseq/smul32_SIMD.seq (Gesamt: 2114)  0 Einträge vorhanden! (Der Prottask wurde aufgrund der Größe des AppTask 1 mal wiederholt!)
In AppTask search/appseq/testWithNopAndBitByte.seq(Gesamt: 4036) sind aus ProtTask search/taskseq/shift.seq (Gesamt: 1996)  0 Einträge vorhanden! (Der Prottask wurde aufgrund der Größe des AppTask 1 mal wiederholt!)
In AppTask search/appseq/testWithNopAndBitByte.seq(Gesamt: 4036) sind aus ProtTask search/taskseq/smem32_SIMD.seq (Gesamt: 45)  0 Einträge vorhanden! (Der Prottask wurde aufgrund der Größe des AppTask 1 mal wiederholt!)
