
AppTask search/appseq/testWithNopBitByteShiftIMulLogic.seq wird geprüft!
(Durchgang 1 von 5)
Vergleich mit protTypTask search/taskseq/nop.seq
In AppTask search/appseq/testWithNopBitByteShiftIMulLogic.seq(Gesamt: 10139) sind aus ProtTask search/taskseq/nop.seq (Gesamt: 1999)  1999 Einträge vorhanden! (Der Prottask wurde aufgrund der Größe des AppTask 1 mal wiederholt!)
Vergleich mit protTypTask search/taskseq/vconvert_SIMD.seq
In AppTask search/appseq/testWithNopBitByteShiftIMulLogic.seq(Gesamt: 10139) sind aus ProtTask search/taskseq/vconvert_SIMD.seq (Gesamt: 2090)  2023 Einträge vorhanden! (Der Prottask wurde aufgrund der Größe des AppTask 1 mal wiederholt!)
Vergleich mit protTypTask search/taskseq/imov.seq
In AppTask search/appseq/testWithNopBitByteShiftIMulLogic.seq(Gesamt: 10139) sind aus ProtTask search/taskseq/imov.seq (Gesamt: 1996)  1972 Einträge vorhanden! (Der Prottask wurde aufgrund der Größe des AppTask 1 mal wiederholt!)
Vergleich mit protTypTask search/taskseq/imem.seq
In AppTask search/appseq/testWithNopBitByteShiftIMulLogic.seq(Gesamt: 10139) sind aus ProtTask search/taskseq/imem.seq (Gesamt: 2080)  2000 Einträge vorhanden! (Der Prottask wurde aufgrund der Größe des AppTask 1 mal wiederholt!)
Vergleich mit protTypTask search/taskseq/icompare.seq
In AppTask search/appseq/testWithNopBitByteShiftIMulLogic.seq(Gesamt: 10139) sind aus ProtTask search/taskseq/icompare.seq (Gesamt: 2095)  2005 Einträge vorhanden! (Der Prottask wurde aufgrund der Größe des AppTask 1 mal wiederholt!)
Vergleich mit protTypTask search/taskseq/branch.seq
In AppTask search/appseq/testWithNopBitByteShiftIMulLogic.seq(Gesamt: 10139) sind aus ProtTask search/taskseq/branch.seq (Gesamt: 1997)  1993 Einträge vorhanden! (Der Prottask wurde aufgrund der Größe des AppTask 1 mal wiederholt!)
Vergleich mit protTypTask search/taskseq/bitbyte.seq
In AppTask search/appseq/testWithNopBitByteShiftIMulLogic.seq(Gesamt: 10139) sind aus ProtTask search/taskseq/bitbyte.seq (Gesamt: 2037)  1998 Einträge vorhanden! (Der Prottask wurde aufgrund der Größe des AppTask 1 mal wiederholt!)
Vergleich mit protTypTask search/taskseq/v1x4smul_SIMD.seq
In AppTask search/appseq/testWithNopBitByteShiftIMulLogic.seq(Gesamt: 10139) sind aus ProtTask search/taskseq/v1x4smul_SIMD.seq (Gesamt: 2287)  2030 Einträge vorhanden! (Der Prottask wurde aufgrund der Größe des AppTask 1 mal wiederholt!)
Vergleich mit protTypTask search/taskseq/dmem.seq
In AppTask search/appseq/testWithNopBitByteShiftIMulLogic.seq(Gesamt: 10139) sind aus ProtTask search/taskseq/dmem.seq (Gesamt: 2091)  2008 Einträge vorhanden! (Der Prottask wurde aufgrund der Größe des AppTask 1 mal wiederholt!)
Vergleich mit protTypTask search/taskseq/dsub64_SIMD.seq
In AppTask search/appseq/testWithNopBitByteShiftIMulLogic.seq(Gesamt: 10139) sind aus ProtTask search/taskseq/dsub64_SIMD.seq (Gesamt: 2114)  1973 Einträge vorhanden! (Der Prottask wurde aufgrund der Größe des AppTask 1 mal wiederholt!)
Vergleich mit protTypTask search/taskseq/dadd.seq
In AppTask search/appseq/testWithNopBitByteShiftIMulLogic.seq(Gesamt: 10139) sind aus ProtTask search/taskseq/dadd.seq (Gesamt: 2062)  1981 Einträge vorhanden! (Der Prottask wurde aufgrund der Größe des AppTask 1 mal wiederholt!)
Vergleich mit protTypTask search/taskseq/m4x4smul_SIMD.seq
In AppTask search/appseq/testWithNopBitByteShiftIMulLogic.seq(Gesamt: 10139) sind aus ProtTask search/taskseq/m4x4smul_SIMD.seq (Gesamt: 2328)  2054 Einträge vorhanden! (Der Prottask wurde aufgrund der Größe des AppTask 1 mal wiederholt!)
Vergleich mit protTypTask search/taskseq/dmul64_SIMD.seq
In AppTask search/appseq/testWithNopBitByteShiftIMulLogic.seq(Gesamt: 10139) sind aus ProtTask search/taskseq/dmul64_SIMD.seq (Gesamt: 2114)  1973 Einträge vorhanden! (Der Prottask wurde aufgrund der Größe des AppTask 1 mal wiederholt!)
Vergleich mit protTypTask search/taskseq/dmul.seq
In AppTask search/appseq/testWithNopBitByteShiftIMulLogic.seq(Gesamt: 10139) sind aus ProtTask search/taskseq/dmul.seq (Gesamt: 2062)  1981 Einträge vorhanden! (Der Prottask wurde aufgrund der Größe des AppTask 1 mal wiederholt!)
Vergleich mit protTypTask search/taskseq/m4x4smul.seq
In AppTask search/appseq/testWithNopBitByteShiftIMulLogic.seq(Gesamt: 10139) sind aus ProtTask search/taskseq/m4x4smul.seq (Gesamt: 1999)  1974 Einträge vorhanden! (Der Prottask wurde aufgrund der Größe des AppTask 1 mal wiederholt!)
Vergleich mit protTypTask search/taskseq/iadd.seq
In AppTask search/appseq/testWithNopBitByteShiftIMulLogic.seq(Gesamt: 10139) sind aus ProtTask search/taskseq/iadd.seq (Gesamt: 2039)  1993 Einträge vorhanden! (Der Prottask wurde aufgrund der Größe des AppTask 1 mal wiederholt!)
Vergleich mit protTypTask search/taskseq/logic.seq
In AppTask search/appseq/testWithNopBitByteShiftIMulLogic.seq(Gesamt: 10139) sind aus ProtTask search/taskseq/logic.seq (Gesamt: 2036)  1996 Einträge vorhanden! (Der Prottask wurde aufgrund der Größe des AppTask 1 mal wiederholt!)
Vergleich mit protTypTask search/taskseq/imul.seq
In AppTask search/appseq/testWithNopBitByteShiftIMulLogic.seq(Gesamt: 10139) sind aus ProtTask search/taskseq/imul.seq (Gesamt: 2071)  2015 Einträge vorhanden! (Der Prottask wurde aufgrund der Größe des AppTask 1 mal wiederholt!)
Vergleich mit protTypTask search/taskseq/dmem64_SIMD.seq
In AppTask search/appseq/testWithNopBitByteShiftIMulLogic.seq(Gesamt: 10139) sind aus ProtTask search/taskseq/dmem64_SIMD.seq (Gesamt: 2081)  2020 Einträge vorhanden! (Der Prottask wurde aufgrund der Größe des AppTask 1 mal wiederholt!)
Vergleich mit protTypTask search/taskseq/ssub32_SIMD.seq
In AppTask search/appseq/testWithNopBitByteShiftIMulLogic.seq(Gesamt: 10139) sind aus ProtTask search/taskseq/ssub32_SIMD.seq (Gesamt: 2114)  1973 Einträge vorhanden! (Der Prottask wurde aufgrund der Größe des AppTask 1 mal wiederholt!)
Vergleich mit protTypTask search/taskseq/vmov_SIMD.seq
In AppTask search/appseq/testWithNopBitByteShiftIMulLogic.seq(Gesamt: 10139) sind aus ProtTask search/taskseq/vmov_SIMD.seq (Gesamt: 2157)  2059 Einträge vorhanden! (Der Prottask wurde aufgrund der Größe des AppTask 1 mal wiederholt!)
Vergleich mit protTypTask search/taskseq/smul32_SIMD.seq
In AppTask search/appseq/testWithNopBitByteShiftIMulLogic.seq(Gesamt: 10139) sind aus ProtTask search/taskseq/smul32_SIMD.seq (Gesamt: 2114)  1973 Einträge vorhanden! (Der Prottask wurde aufgrund der Größe des AppTask 1 mal wiederholt!)
Vergleich mit protTypTask search/taskseq/shift.seq
In AppTask search/appseq/testWithNopBitByteShiftIMulLogic.seq(Gesamt: 10139) sind aus ProtTask search/taskseq/shift.seq (Gesamt: 1996)  1972 Einträge vorhanden! (Der Prottask wurde aufgrund der Größe des AppTask 1 mal wiederholt!)
Vergleich mit protTypTask search/taskseq/smem32_SIMD.seq
In AppTask search/appseq/testWithNopBitByteShiftIMulLogic.seq(Gesamt: 10139) sind aus ProtTask search/taskseq/smem32_SIMD.seq (Gesamt: 45)  23 Einträge vorhanden! (Der Prottask wurde aufgrund der Größe des AppTask 1 mal wiederholt!)
(Durchgang 2 von 5)
Vergleich mit protTypTask search/taskseq/nop.seq
In AppTask search/appseq/testWithNopBitByteShiftIMulLogic.seq(Gesamt: 10139) sind aus ProtTask search/taskseq/nop.seq (Gesamt: 1999)  1949 Einträge vorhanden! (Der Prottask wurde aufgrund der Größe des AppTask 1 mal wiederholt!)
Vergleich mit protTypTask search/taskseq/vconvert_SIMD.seq
In AppTask search/appseq/testWithNopBitByteShiftIMulLogic.seq(Gesamt: 10139) sind aus ProtTask search/taskseq/vconvert_SIMD.seq (Gesamt: 2090)  2025 Einträge vorhanden! (Der Prottask wurde aufgrund der Größe des AppTask 1 mal wiederholt!)
Vergleich mit protTypTask search/taskseq/imov.seq
In AppTask search/appseq/testWithNopBitByteShiftIMulLogic.seq(Gesamt: 10139) sind aus ProtTask search/taskseq/imov.seq (Gesamt: 1996)  1948 Einträge vorhanden! (Der Prottask wurde aufgrund der Größe des AppTask 1 mal wiederholt!)
Vergleich mit protTypTask search/taskseq/imem.seq
In AppTask search/appseq/testWithNopBitByteShiftIMulLogic.seq(Gesamt: 10139) sind aus ProtTask search/taskseq/imem.seq (Gesamt: 2080)  2000 Einträge vorhanden! (Der Prottask wurde aufgrund der Größe des AppTask 1 mal wiederholt!)
Vergleich mit protTypTask search/taskseq/icompare.seq
In AppTask search/appseq/testWithNopBitByteShiftIMulLogic.seq(Gesamt: 10139) sind aus ProtTask search/taskseq/icompare.seq (Gesamt: 2095)  2003 Einträge vorhanden! (Der Prottask wurde aufgrund der Größe des AppTask 1 mal wiederholt!)
Vergleich mit protTypTask search/taskseq/branch.seq
In AppTask search/appseq/testWithNopBitByteShiftIMulLogic.seq(Gesamt: 10139) sind aus ProtTask search/taskseq/branch.seq (Gesamt: 1997)  1948 Einträge vorhanden! (Der Prottask wurde aufgrund der Größe des AppTask 1 mal wiederholt!)
Vergleich mit protTypTask search/taskseq/bitbyte.seq
In AppTask search/appseq/testWithNopBitByteShiftIMulLogic.seq(Gesamt: 10139) sind aus ProtTask search/taskseq/bitbyte.seq (Gesamt: 2037)  2037 Einträge vorhanden! (Der Prottask wurde aufgrund der Größe des AppTask 1 mal wiederholt!)
Vergleich mit protTypTask search/taskseq/v1x4smul_SIMD.seq
In AppTask search/appseq/testWithNopBitByteShiftIMulLogic.seq(Gesamt: 10139) sind aus ProtTask search/taskseq/v1x4smul_SIMD.seq (Gesamt: 2287)  2027 Einträge vorhanden! (Der Prottask wurde aufgrund der Größe des AppTask 1 mal wiederholt!)
Vergleich mit protTypTask search/taskseq/dmem.seq
In AppTask search/appseq/testWithNopBitByteShiftIMulLogic.seq(Gesamt: 10139) sind aus ProtTask search/taskseq/dmem.seq (Gesamt: 2091)  2010 Einträge vorhanden! (Der Prottask wurde aufgrund der Größe des AppTask 1 mal wiederholt!)
Vergleich mit protTypTask search/taskseq/dsub64_SIMD.seq
In AppTask search/appseq/testWithNopBitByteShiftIMulLogic.seq(Gesamt: 10139) sind aus ProtTask search/taskseq/dsub64_SIMD.seq (Gesamt: 2114)  1973 Einträge vorhanden! (Der Prottask wurde aufgrund der Größe des AppTask 1 mal wiederholt!)
Vergleich mit protTypTask search/taskseq/dadd.seq
In AppTask search/appseq/testWithNopBitByteShiftIMulLogic.seq(Gesamt: 10139) sind aus ProtTask search/taskseq/dadd.seq (Gesamt: 2062)  1981 Einträge vorhanden! (Der Prottask wurde aufgrund der Größe des AppTask 1 mal wiederholt!)
Vergleich mit protTypTask search/taskseq/m4x4smul_SIMD.seq
In AppTask search/appseq/testWithNopBitByteShiftIMulLogic.seq(Gesamt: 10139) sind aus ProtTask search/taskseq/m4x4smul_SIMD.seq (Gesamt: 2328)  2050 Einträge vorhanden! (Der Prottask wurde aufgrund der Größe des AppTask 1 mal wiederholt!)
Vergleich mit protTypTask search/taskseq/dmul64_SIMD.seq
In AppTask search/appseq/testWithNopBitByteShiftIMulLogic.seq(Gesamt: 10139) sind aus ProtTask search/taskseq/dmul64_SIMD.seq (Gesamt: 2114)  1973 Einträge vorhanden! (Der Prottask wurde aufgrund der Größe des AppTask 1 mal wiederholt!)
Vergleich mit protTypTask search/taskseq/dmul.seq
In AppTask search/appseq/testWithNopBitByteShiftIMulLogic.seq(Gesamt: 10139) sind aus ProtTask search/taskseq/dmul.seq (Gesamt: 2062)  1981 Einträge vorhanden! (Der Prottask wurde aufgrund der Größe des AppTask 1 mal wiederholt!)
Vergleich mit protTypTask search/taskseq/m4x4smul.seq
In AppTask search/appseq/testWithNopBitByteShiftIMulLogic.seq(Gesamt: 10139) sind aus ProtTask search/taskseq/m4x4smul.seq (Gesamt: 1999)  1960 Einträge vorhanden! (Der Prottask wurde aufgrund der Größe des AppTask 1 mal wiederholt!)
Vergleich mit protTypTask search/taskseq/iadd.seq
In AppTask search/appseq/testWithNopBitByteShiftIMulLogic.seq(Gesamt: 10139) sind aus ProtTask search/taskseq/iadd.seq (Gesamt: 2039)  2017 Einträge vorhanden! (Der Prottask wurde aufgrund der Größe des AppTask 1 mal wiederholt!)
Vergleich mit protTypTask search/taskseq/logic.seq
In AppTask search/appseq/testWithNopBitByteShiftIMulLogic.seq(Gesamt: 10139) sind aus ProtTask search/taskseq/logic.seq (Gesamt: 2036)  2023 Einträge vorhanden! (Der Prottask wurde aufgrund der Größe des AppTask 1 mal wiederholt!)
Vergleich mit protTypTask search/taskseq/imul.seq
In AppTask search/appseq/testWithNopBitByteShiftIMulLogic.seq(Gesamt: 10139) sind aus ProtTask search/taskseq/imul.seq (Gesamt: 2071)  2021 Einträge vorhanden! (Der Prottask wurde aufgrund der Größe des AppTask 1 mal wiederholt!)
Vergleich mit protTypTask search/taskseq/dmem64_SIMD.seq
In AppTask search/appseq/testWithNopBitByteShiftIMulLogic.seq(Gesamt: 10139) sind aus ProtTask search/taskseq/dmem64_SIMD.seq (Gesamt: 2081)  2023 Einträge vorhanden! (Der Prottask wurde aufgrund der Größe des AppTask 1 mal wiederholt!)
Vergleich mit protTypTask search/taskseq/ssub32_SIMD.seq
In AppTask search/appseq/testWithNopBitByteShiftIMulLogic.seq(Gesamt: 10139) sind aus ProtTask search/taskseq/ssub32_SIMD.seq (Gesamt: 2114)  1973 Einträge vorhanden! (Der Prottask wurde aufgrund der Größe des AppTask 1 mal wiederholt!)
Vergleich mit protTypTask search/taskseq/vmov_SIMD.seq
In AppTask search/appseq/testWithNopBitByteShiftIMulLogic.seq(Gesamt: 10139) sind aus ProtTask search/taskseq/vmov_SIMD.seq (Gesamt: 2157)  2063 Einträge vorhanden! (Der Prottask wurde aufgrund der Größe des AppTask 1 mal wiederholt!)
Vergleich mit protTypTask search/taskseq/smul32_SIMD.seq
In AppTask search/appseq/testWithNopBitByteShiftIMulLogic.seq(Gesamt: 10139) sind aus ProtTask search/taskseq/smul32_SIMD.seq (Gesamt: 2114)  1973 Einträge vorhanden! (Der Prottask wurde aufgrund der Größe des AppTask 1 mal wiederholt!)
Vergleich mit protTypTask search/taskseq/shift.seq
In AppTask search/appseq/testWithNopBitByteShiftIMulLogic.seq(Gesamt: 10139) sind aus ProtTask search/taskseq/shift.seq (Gesamt: 1996)  1948 Einträge vorhanden! (Der Prottask wurde aufgrund der Größe des AppTask 1 mal wiederholt!)
Vergleich mit protTypTask search/taskseq/smem32_SIMD.seq
In AppTask search/appseq/testWithNopBitByteShiftIMulLogic.seq(Gesamt: 10139) sind aus ProtTask search/taskseq/smem32_SIMD.seq (Gesamt: 45)  29 Einträge vorhanden! (Der Prottask wurde aufgrund der Größe des AppTask 1 mal wiederholt!)
(Durchgang 3 von 5)
Vergleich mit protTypTask search/taskseq/nop.seq
In AppTask search/appseq/testWithNopBitByteShiftIMulLogic.seq(Gesamt: 10139) sind aus ProtTask search/taskseq/nop.seq (Gesamt: 1999)  1975 Einträge vorhanden! (Der Prottask wurde aufgrund der Größe des AppTask 1 mal wiederholt!)
Vergleich mit protTypTask search/taskseq/vconvert_SIMD.seq
In AppTask search/appseq/testWithNopBitByteShiftIMulLogic.seq(Gesamt: 10139) sind aus ProtTask search/taskseq/vconvert_SIMD.seq (Gesamt: 2090)  2023 Einträge vorhanden! (Der Prottask wurde aufgrund der Größe des AppTask 1 mal wiederholt!)
Vergleich mit protTypTask search/taskseq/imov.seq
In AppTask search/appseq/testWithNopBitByteShiftIMulLogic.seq(Gesamt: 10139) sind aus ProtTask search/taskseq/imov.seq (Gesamt: 1996)  1976 Einträge vorhanden! (Der Prottask wurde aufgrund der Größe des AppTask 1 mal wiederholt!)
Vergleich mit protTypTask search/taskseq/imem.seq
In AppTask search/appseq/testWithNopBitByteShiftIMulLogic.seq(Gesamt: 10139) sind aus ProtTask search/taskseq/imem.seq (Gesamt: 2080)  2000 Einträge vorhanden! (Der Prottask wurde aufgrund der Größe des AppTask 1 mal wiederholt!)
Vergleich mit protTypTask search/taskseq/icompare.seq
In AppTask search/appseq/testWithNopBitByteShiftIMulLogic.seq(Gesamt: 10139) sind aus ProtTask search/taskseq/icompare.seq (Gesamt: 2095)  2002 Einträge vorhanden! (Der Prottask wurde aufgrund der Größe des AppTask 1 mal wiederholt!)
Vergleich mit protTypTask search/taskseq/branch.seq
In AppTask search/appseq/testWithNopBitByteShiftIMulLogic.seq(Gesamt: 10139) sind aus ProtTask search/taskseq/branch.seq (Gesamt: 1997)  1976 Einträge vorhanden! (Der Prottask wurde aufgrund der Größe des AppTask 1 mal wiederholt!)
Vergleich mit protTypTask search/taskseq/bitbyte.seq
In AppTask search/appseq/testWithNopBitByteShiftIMulLogic.seq(Gesamt: 10139) sind aus ProtTask search/taskseq/bitbyte.seq (Gesamt: 2037)  1993 Einträge vorhanden! (Der Prottask wurde aufgrund der Größe des AppTask 1 mal wiederholt!)
Vergleich mit protTypTask search/taskseq/v1x4smul_SIMD.seq
In AppTask search/appseq/testWithNopBitByteShiftIMulLogic.seq(Gesamt: 10139) sind aus ProtTask search/taskseq/v1x4smul_SIMD.seq (Gesamt: 2287)  2031 Einträge vorhanden! (Der Prottask wurde aufgrund der Größe des AppTask 1 mal wiederholt!)
Vergleich mit protTypTask search/taskseq/dmem.seq
In AppTask search/appseq/testWithNopBitByteShiftIMulLogic.seq(Gesamt: 10139) sind aus ProtTask search/taskseq/dmem.seq (Gesamt: 2091)  2010 Einträge vorhanden! (Der Prottask wurde aufgrund der Größe des AppTask 1 mal wiederholt!)
Vergleich mit protTypTask search/taskseq/dsub64_SIMD.seq
In AppTask search/appseq/testWithNopBitByteShiftIMulLogic.seq(Gesamt: 10139) sind aus ProtTask search/taskseq/dsub64_SIMD.seq (Gesamt: 2114)  1973 Einträge vorhanden! (Der Prottask wurde aufgrund der Größe des AppTask 1 mal wiederholt!)
Vergleich mit protTypTask search/taskseq/dadd.seq
In AppTask search/appseq/testWithNopBitByteShiftIMulLogic.seq(Gesamt: 10139) sind aus ProtTask search/taskseq/dadd.seq (Gesamt: 2062)  1981 Einträge vorhanden! (Der Prottask wurde aufgrund der Größe des AppTask 1 mal wiederholt!)
Vergleich mit protTypTask search/taskseq/m4x4smul_SIMD.seq
In AppTask search/appseq/testWithNopBitByteShiftIMulLogic.seq(Gesamt: 10139) sind aus ProtTask search/taskseq/m4x4smul_SIMD.seq (Gesamt: 2328)  2066 Einträge vorhanden! (Der Prottask wurde aufgrund der Größe des AppTask 1 mal wiederholt!)
Vergleich mit protTypTask search/taskseq/dmul64_SIMD.seq
In AppTask search/appseq/testWithNopBitByteShiftIMulLogic.seq(Gesamt: 10139) sind aus ProtTask search/taskseq/dmul64_SIMD.seq (Gesamt: 2114)  1973 Einträge vorhanden! (Der Prottask wurde aufgrund der Größe des AppTask 1 mal wiederholt!)
Vergleich mit protTypTask search/taskseq/dmul.seq
In AppTask search/appseq/testWithNopBitByteShiftIMulLogic.seq(Gesamt: 10139) sind aus ProtTask search/taskseq/dmul.seq (Gesamt: 2062)  1981 Einträge vorhanden! (Der Prottask wurde aufgrund der Größe des AppTask 1 mal wiederholt!)
Vergleich mit protTypTask search/taskseq/m4x4smul.seq
In AppTask search/appseq/testWithNopBitByteShiftIMulLogic.seq(Gesamt: 10139) sind aus ProtTask search/taskseq/m4x4smul.seq (Gesamt: 1999)  1979 Einträge vorhanden! (Der Prottask wurde aufgrund der Größe des AppTask 1 mal wiederholt!)
Vergleich mit protTypTask search/taskseq/iadd.seq
In AppTask search/appseq/testWithNopBitByteShiftIMulLogic.seq(Gesamt: 10139) sind aus ProtTask search/taskseq/iadd.seq (Gesamt: 2039)  2000 Einträge vorhanden! (Der Prottask wurde aufgrund der Größe des AppTask 1 mal wiederholt!)
Vergleich mit protTypTask search/taskseq/logic.seq
In AppTask search/appseq/testWithNopBitByteShiftIMulLogic.seq(Gesamt: 10139) sind aus ProtTask search/taskseq/logic.seq (Gesamt: 2036)  1991 Einträge vorhanden! (Der Prottask wurde aufgrund der Größe des AppTask 1 mal wiederholt!)
Vergleich mit protTypTask search/taskseq/imul.seq
In AppTask search/appseq/testWithNopBitByteShiftIMulLogic.seq(Gesamt: 10139) sind aus ProtTask search/taskseq/imul.seq (Gesamt: 2071)  2036 Einträge vorhanden! (Der Prottask wurde aufgrund der Größe des AppTask 1 mal wiederholt!)
Vergleich mit protTypTask search/taskseq/dmem64_SIMD.seq
In AppTask search/appseq/testWithNopBitByteShiftIMulLogic.seq(Gesamt: 10139) sind aus ProtTask search/taskseq/dmem64_SIMD.seq (Gesamt: 2081)  2031 Einträge vorhanden! (Der Prottask wurde aufgrund der Größe des AppTask 1 mal wiederholt!)
Vergleich mit protTypTask search/taskseq/ssub32_SIMD.seq
In AppTask search/appseq/testWithNopBitByteShiftIMulLogic.seq(Gesamt: 10139) sind aus ProtTask search/taskseq/ssub32_SIMD.seq (Gesamt: 2114)  1973 Einträge vorhanden! (Der Prottask wurde aufgrund der Größe des AppTask 1 mal wiederholt!)
Vergleich mit protTypTask search/taskseq/vmov_SIMD.seq
In AppTask search/appseq/testWithNopBitByteShiftIMulLogic.seq(Gesamt: 10139) sind aus ProtTask search/taskseq/vmov_SIMD.seq (Gesamt: 2157)  2080 Einträge vorhanden! (Der Prottask wurde aufgrund der Größe des AppTask 1 mal wiederholt!)
Vergleich mit protTypTask search/taskseq/smul32_SIMD.seq
In AppTask search/appseq/testWithNopBitByteShiftIMulLogic.seq(Gesamt: 10139) sind aus ProtTask search/taskseq/smul32_SIMD.seq (Gesamt: 2114)  1973 Einträge vorhanden! (Der Prottask wurde aufgrund der Größe des AppTask 1 mal wiederholt!)
Vergleich mit protTypTask search/taskseq/shift.seq
In AppTask search/appseq/testWithNopBitByteShiftIMulLogic.seq(Gesamt: 10139) sind aus ProtTask search/taskseq/shift.seq (Gesamt: 1996)  1996 Einträge vorhanden! (Der Prottask wurde aufgrund der Größe des AppTask 1 mal wiederholt!)
Vergleich mit protTypTask search/taskseq/smem32_SIMD.seq
In AppTask search/appseq/testWithNopBitByteShiftIMulLogic.seq(Gesamt: 10139) sind aus ProtTask search/taskseq/smem32_SIMD.seq (Gesamt: 45)  24 Einträge vorhanden! (Der Prottask wurde aufgrund der Größe des AppTask 1 mal wiederholt!)
(Durchgang 4 von 5)
Vergleich mit protTypTask search/taskseq/nop.seq
In AppTask search/appseq/testWithNopBitByteShiftIMulLogic.seq(Gesamt: 10139) sind aus ProtTask search/taskseq/nop.seq (Gesamt: 1999)  1931 Einträge vorhanden! (Der Prottask wurde aufgrund der Größe des AppTask 1 mal wiederholt!)
Vergleich mit protTypTask search/taskseq/vconvert_SIMD.seq
In AppTask search/appseq/testWithNopBitByteShiftIMulLogic.seq(Gesamt: 10139) sind aus ProtTask search/taskseq/vconvert_SIMD.seq (Gesamt: 2090)  2035 Einträge vorhanden! (Der Prottask wurde aufgrund der Größe des AppTask 1 mal wiederholt!)
Vergleich mit protTypTask search/taskseq/imov.seq
In AppTask search/appseq/testWithNopBitByteShiftIMulLogic.seq(Gesamt: 10139) sind aus ProtTask search/taskseq/imov.seq (Gesamt: 1996)  1930 Einträge vorhanden! (Der Prottask wurde aufgrund der Größe des AppTask 1 mal wiederholt!)
Vergleich mit protTypTask search/taskseq/imem.seq
In AppTask search/appseq/testWithNopBitByteShiftIMulLogic.seq(Gesamt: 10139) sind aus ProtTask search/taskseq/imem.seq (Gesamt: 2080)  2000 Einträge vorhanden! (Der Prottask wurde aufgrund der Größe des AppTask 1 mal wiederholt!)
Vergleich mit protTypTask search/taskseq/icompare.seq
In AppTask search/appseq/testWithNopBitByteShiftIMulLogic.seq(Gesamt: 10139) sind aus ProtTask search/taskseq/icompare.seq (Gesamt: 2095)  2002 Einträge vorhanden! (Der Prottask wurde aufgrund der Größe des AppTask 1 mal wiederholt!)
Vergleich mit protTypTask search/taskseq/branch.seq
In AppTask search/appseq/testWithNopBitByteShiftIMulLogic.seq(Gesamt: 10139) sind aus ProtTask search/taskseq/branch.seq (Gesamt: 1997)  1931 Einträge vorhanden! (Der Prottask wurde aufgrund der Größe des AppTask 1 mal wiederholt!)
Vergleich mit protTypTask search/taskseq/bitbyte.seq
In AppTask search/appseq/testWithNopBitByteShiftIMulLogic.seq(Gesamt: 10139) sind aus ProtTask search/taskseq/bitbyte.seq (Gesamt: 2037)  1998 Einträge vorhanden! (Der Prottask wurde aufgrund der Größe des AppTask 1 mal wiederholt!)
Vergleich mit protTypTask search/taskseq/v1x4smul_SIMD.seq
In AppTask search/appseq/testWithNopBitByteShiftIMulLogic.seq(Gesamt: 10139) sind aus ProtTask search/taskseq/v1x4smul_SIMD.seq (Gesamt: 2287)  2031 Einträge vorhanden! (Der Prottask wurde aufgrund der Größe des AppTask 1 mal wiederholt!)
Vergleich mit protTypTask search/taskseq/dmem.seq
In AppTask search/appseq/testWithNopBitByteShiftIMulLogic.seq(Gesamt: 10139) sind aus ProtTask search/taskseq/dmem.seq (Gesamt: 2091)  2009 Einträge vorhanden! (Der Prottask wurde aufgrund der Größe des AppTask 1 mal wiederholt!)
Vergleich mit protTypTask search/taskseq/dsub64_SIMD.seq
In AppTask search/appseq/testWithNopBitByteShiftIMulLogic.seq(Gesamt: 10139) sind aus ProtTask search/taskseq/dsub64_SIMD.seq (Gesamt: 2114)  1973 Einträge vorhanden! (Der Prottask wurde aufgrund der Größe des AppTask 1 mal wiederholt!)
Vergleich mit protTypTask search/taskseq/dadd.seq
In AppTask search/appseq/testWithNopBitByteShiftIMulLogic.seq(Gesamt: 10139) sind aus ProtTask search/taskseq/dadd.seq (Gesamt: 2062)  1973 Einträge vorhanden! (Der Prottask wurde aufgrund der Größe des AppTask 1 mal wiederholt!)
Vergleich mit protTypTask search/taskseq/m4x4smul_SIMD.seq
In AppTask search/appseq/testWithNopBitByteShiftIMulLogic.seq(Gesamt: 10139) sind aus ProtTask search/taskseq/m4x4smul_SIMD.seq (Gesamt: 2328)  2065 Einträge vorhanden! (Der Prottask wurde aufgrund der Größe des AppTask 1 mal wiederholt!)
Vergleich mit protTypTask search/taskseq/dmul64_SIMD.seq
In AppTask search/appseq/testWithNopBitByteShiftIMulLogic.seq(Gesamt: 10139) sind aus ProtTask search/taskseq/dmul64_SIMD.seq (Gesamt: 2114)  1973 Einträge vorhanden! (Der Prottask wurde aufgrund der Größe des AppTask 1 mal wiederholt!)
Vergleich mit protTypTask search/taskseq/dmul.seq
In AppTask search/appseq/testWithNopBitByteShiftIMulLogic.seq(Gesamt: 10139) sind aus ProtTask search/taskseq/dmul.seq (Gesamt: 2062)  1973 Einträge vorhanden! (Der Prottask wurde aufgrund der Größe des AppTask 1 mal wiederholt!)
Vergleich mit protTypTask search/taskseq/m4x4smul.seq
In AppTask search/appseq/testWithNopBitByteShiftIMulLogic.seq(Gesamt: 10139) sind aus ProtTask search/taskseq/m4x4smul.seq (Gesamt: 1999)  1944 Einträge vorhanden! (Der Prottask wurde aufgrund der Größe des AppTask 1 mal wiederholt!)
Vergleich mit protTypTask search/taskseq/iadd.seq
In AppTask search/appseq/testWithNopBitByteShiftIMulLogic.seq(Gesamt: 10139) sind aus ProtTask search/taskseq/iadd.seq (Gesamt: 2039)  2021 Einträge vorhanden! (Der Prottask wurde aufgrund der Größe des AppTask 1 mal wiederholt!)
Vergleich mit protTypTask search/taskseq/logic.seq
In AppTask search/appseq/testWithNopBitByteShiftIMulLogic.seq(Gesamt: 10139) sind aus ProtTask search/taskseq/logic.seq (Gesamt: 2036)  1996 Einträge vorhanden! (Der Prottask wurde aufgrund der Größe des AppTask 1 mal wiederholt!)
Vergleich mit protTypTask search/taskseq/imul.seq
In AppTask search/appseq/testWithNopBitByteShiftIMulLogic.seq(Gesamt: 10139) sind aus ProtTask search/taskseq/imul.seq (Gesamt: 2071)  2071 Einträge vorhanden! (Der Prottask wurde aufgrund der Größe des AppTask 1 mal wiederholt!)
Vergleich mit protTypTask search/taskseq/dmem64_SIMD.seq
In AppTask search/appseq/testWithNopBitByteShiftIMulLogic.seq(Gesamt: 10139) sind aus ProtTask search/taskseq/dmem64_SIMD.seq (Gesamt: 2081)  2035 Einträge vorhanden! (Der Prottask wurde aufgrund der Größe des AppTask 1 mal wiederholt!)
Vergleich mit protTypTask search/taskseq/ssub32_SIMD.seq
In AppTask search/appseq/testWithNopBitByteShiftIMulLogic.seq(Gesamt: 10139) sind aus ProtTask search/taskseq/ssub32_SIMD.seq (Gesamt: 2114)  1973 Einträge vorhanden! (Der Prottask wurde aufgrund der Größe des AppTask 1 mal wiederholt!)
Vergleich mit protTypTask search/taskseq/vmov_SIMD.seq
In AppTask search/appseq/testWithNopBitByteShiftIMulLogic.seq(Gesamt: 10139) sind aus ProtTask search/taskseq/vmov_SIMD.seq (Gesamt: 2157)  2078 Einträge vorhanden! (Der Prottask wurde aufgrund der Größe des AppTask 1 mal wiederholt!)
Vergleich mit protTypTask search/taskseq/smul32_SIMD.seq
In AppTask search/appseq/testWithNopBitByteShiftIMulLogic.seq(Gesamt: 10139) sind aus ProtTask search/taskseq/smul32_SIMD.seq (Gesamt: 2114)  1973 Einträge vorhanden! (Der Prottask wurde aufgrund der Größe des AppTask 1 mal wiederholt!)
Vergleich mit protTypTask search/taskseq/shift.seq
In AppTask search/appseq/testWithNopBitByteShiftIMulLogic.seq(Gesamt: 10139) sind aus ProtTask search/taskseq/shift.seq (Gesamt: 1996)  1930 Einträge vorhanden! (Der Prottask wurde aufgrund der Größe des AppTask 1 mal wiederholt!)
Vergleich mit protTypTask search/taskseq/smem32_SIMD.seq
In AppTask search/appseq/testWithNopBitByteShiftIMulLogic.seq(Gesamt: 10139) sind aus ProtTask search/taskseq/smem32_SIMD.seq (Gesamt: 45)  32 Einträge vorhanden! (Der Prottask wurde aufgrund der Größe des AppTask 1 mal wiederholt!)
(Durchgang 5 von 5)
Vergleich mit protTypTask search/taskseq/nop.seq
In AppTask search/appseq/testWithNopBitByteShiftIMulLogic.seq(Gesamt: 10139) sind aus ProtTask search/taskseq/nop.seq (Gesamt: 1999)  1951 Einträge vorhanden! (Der Prottask wurde aufgrund der Größe des AppTask 1 mal wiederholt!)
Vergleich mit protTypTask search/taskseq/vconvert_SIMD.seq
In AppTask search/appseq/testWithNopBitByteShiftIMulLogic.seq(Gesamt: 10139) sind aus ProtTask search/taskseq/vconvert_SIMD.seq (Gesamt: 2090)  2013 Einträge vorhanden! (Der Prottask wurde aufgrund der Größe des AppTask 1 mal wiederholt!)
Vergleich mit protTypTask search/taskseq/imov.seq
In AppTask search/appseq/testWithNopBitByteShiftIMulLogic.seq(Gesamt: 10139) sind aus ProtTask search/taskseq/imov.seq (Gesamt: 1996)  1948 Einträge vorhanden! (Der Prottask wurde aufgrund der Größe des AppTask 1 mal wiederholt!)
Vergleich mit protTypTask search/taskseq/imem.seq
In AppTask search/appseq/testWithNopBitByteShiftIMulLogic.seq(Gesamt: 10139) sind aus ProtTask search/taskseq/imem.seq (Gesamt: 2080)  2001 Einträge vorhanden! (Der Prottask wurde aufgrund der Größe des AppTask 1 mal wiederholt!)
Vergleich mit protTypTask search/taskseq/icompare.seq
In AppTask search/appseq/testWithNopBitByteShiftIMulLogic.seq(Gesamt: 10139) sind aus ProtTask search/taskseq/icompare.seq (Gesamt: 2095)  1995 Einträge vorhanden! (Der Prottask wurde aufgrund der Größe des AppTask 1 mal wiederholt!)
Vergleich mit protTypTask search/taskseq/branch.seq
In AppTask search/appseq/testWithNopBitByteShiftIMulLogic.seq(Gesamt: 10139) sind aus ProtTask search/taskseq/branch.seq (Gesamt: 1997)  1949 Einträge vorhanden! (Der Prottask wurde aufgrund der Größe des AppTask 1 mal wiederholt!)
Vergleich mit protTypTask search/taskseq/bitbyte.seq
In AppTask search/appseq/testWithNopBitByteShiftIMulLogic.seq(Gesamt: 10139) sind aus ProtTask search/taskseq/bitbyte.seq (Gesamt: 2037)  2024 Einträge vorhanden! (Der Prottask wurde aufgrund der Größe des AppTask 1 mal wiederholt!)
Vergleich mit protTypTask search/taskseq/v1x4smul_SIMD.seq
In AppTask search/appseq/testWithNopBitByteShiftIMulLogic.seq(Gesamt: 10139) sind aus ProtTask search/taskseq/v1x4smul_SIMD.seq (Gesamt: 2287)  2013 Einträge vorhanden! (Der Prottask wurde aufgrund der Größe des AppTask 1 mal wiederholt!)
Vergleich mit protTypTask search/taskseq/dmem.seq
In AppTask search/appseq/testWithNopBitByteShiftIMulLogic.seq(Gesamt: 10139) sind aus ProtTask search/taskseq/dmem.seq (Gesamt: 2091)  2001 Einträge vorhanden! (Der Prottask wurde aufgrund der Größe des AppTask 1 mal wiederholt!)
Vergleich mit protTypTask search/taskseq/dsub64_SIMD.seq
In AppTask search/appseq/testWithNopBitByteShiftIMulLogic.seq(Gesamt: 10139) sind aus ProtTask search/taskseq/dsub64_SIMD.seq (Gesamt: 2114)  1973 Einträge vorhanden! (Der Prottask wurde aufgrund der Größe des AppTask 1 mal wiederholt!)
Vergleich mit protTypTask search/taskseq/dadd.seq
In AppTask search/appseq/testWithNopBitByteShiftIMulLogic.seq(Gesamt: 10139) sind aus ProtTask search/taskseq/dadd.seq (Gesamt: 2062)  1976 Einträge vorhanden! (Der Prottask wurde aufgrund der Größe des AppTask 1 mal wiederholt!)
Vergleich mit protTypTask search/taskseq/m4x4smul_SIMD.seq
In AppTask search/appseq/testWithNopBitByteShiftIMulLogic.seq(Gesamt: 10139) sind aus ProtTask search/taskseq/m4x4smul_SIMD.seq (Gesamt: 2328)  2013 Einträge vorhanden! (Der Prottask wurde aufgrund der Größe des AppTask 1 mal wiederholt!)
Vergleich mit protTypTask search/taskseq/dmul64_SIMD.seq
In AppTask search/appseq/testWithNopBitByteShiftIMulLogic.seq(Gesamt: 10139) sind aus ProtTask search/taskseq/dmul64_SIMD.seq (Gesamt: 2114)  1973 Einträge vorhanden! (Der Prottask wurde aufgrund der Größe des AppTask 1 mal wiederholt!)
Vergleich mit protTypTask search/taskseq/dmul.seq
In AppTask search/appseq/testWithNopBitByteShiftIMulLogic.seq(Gesamt: 10139) sind aus ProtTask search/taskseq/dmul.seq (Gesamt: 2062)  1976 Einträge vorhanden! (Der Prottask wurde aufgrund der Größe des AppTask 1 mal wiederholt!)
Vergleich mit protTypTask search/taskseq/m4x4smul.seq
In AppTask search/appseq/testWithNopBitByteShiftIMulLogic.seq(Gesamt: 10139) sind aus ProtTask search/taskseq/m4x4smul.seq (Gesamt: 1999)  1960 Einträge vorhanden! (Der Prottask wurde aufgrund der Größe des AppTask 1 mal wiederholt!)
Vergleich mit protTypTask search/taskseq/iadd.seq
In AppTask search/appseq/testWithNopBitByteShiftIMulLogic.seq(Gesamt: 10139) sind aus ProtTask search/taskseq/iadd.seq (Gesamt: 2039)  2016 Einträge vorhanden! (Der Prottask wurde aufgrund der Größe des AppTask 1 mal wiederholt!)
Vergleich mit protTypTask search/taskseq/logic.seq
In AppTask search/appseq/testWithNopBitByteShiftIMulLogic.seq(Gesamt: 10139) sind aus ProtTask search/taskseq/logic.seq (Gesamt: 2036)  2036 Einträge vorhanden! (Der Prottask wurde aufgrund der Größe des AppTask 1 mal wiederholt!)
Vergleich mit protTypTask search/taskseq/imul.seq
In AppTask search/appseq/testWithNopBitByteShiftIMulLogic.seq(Gesamt: 10139) sind aus ProtTask search/taskseq/imul.seq (Gesamt: 2071)  2016 Einträge vorhanden! (Der Prottask wurde aufgrund der Größe des AppTask 1 mal wiederholt!)
Vergleich mit protTypTask search/taskseq/dmem64_SIMD.seq
In AppTask search/appseq/testWithNopBitByteShiftIMulLogic.seq(Gesamt: 10139) sind aus ProtTask search/taskseq/dmem64_SIMD.seq (Gesamt: 2081)  2013 Einträge vorhanden! (Der Prottask wurde aufgrund der Größe des AppTask 1 mal wiederholt!)
Vergleich mit protTypTask search/taskseq/ssub32_SIMD.seq
In AppTask search/appseq/testWithNopBitByteShiftIMulLogic.seq(Gesamt: 10139) sind aus ProtTask search/taskseq/ssub32_SIMD.seq (Gesamt: 2114)  1973 Einträge vorhanden! (Der Prottask wurde aufgrund der Größe des AppTask 1 mal wiederholt!)
Vergleich mit protTypTask search/taskseq/vmov_SIMD.seq
In AppTask search/appseq/testWithNopBitByteShiftIMulLogic.seq(Gesamt: 10139) sind aus ProtTask search/taskseq/vmov_SIMD.seq (Gesamt: 2157)  2013 Einträge vorhanden! (Der Prottask wurde aufgrund der Größe des AppTask 1 mal wiederholt!)
Vergleich mit protTypTask search/taskseq/smul32_SIMD.seq
In AppTask search/appseq/testWithNopBitByteShiftIMulLogic.seq(Gesamt: 10139) sind aus ProtTask search/taskseq/smul32_SIMD.seq (Gesamt: 2114)  1973 Einträge vorhanden! (Der Prottask wurde aufgrund der Größe des AppTask 1 mal wiederholt!)
Vergleich mit protTypTask search/taskseq/shift.seq
In AppTask search/appseq/testWithNopBitByteShiftIMulLogic.seq(Gesamt: 10139) sind aus ProtTask search/taskseq/shift.seq (Gesamt: 1996)  1948 Einträge vorhanden! (Der Prottask wurde aufgrund der Größe des AppTask 1 mal wiederholt!)
Vergleich mit protTypTask search/taskseq/smem32_SIMD.seq
In AppTask search/appseq/testWithNopBitByteShiftIMulLogic.seq(Gesamt: 10139) sind aus ProtTask search/taskseq/smem32_SIMD.seq (Gesamt: 45)  28 Einträge vorhanden! (Der Prottask wurde aufgrund der Größe des AppTask 1 mal wiederholt!)
Die ähnlichste ProttypTask für den AppTask search/appseq/testWithNopBitByteShiftIMulLogic.seq sind: 
search/taskseq/nop.seq
search/taskseq/bitbyte.seq
search/taskseq/shift.seq
search/taskseq/imul.seq
search/taskseq/logic.seq
