In AppTask search/appseq/sobelv.seq(Gesamt: 0) sind aus ProtTask search/taskseq/nop.seq (Gesamt: 0)  0 Einträge vorhanden! (Der Prottask wurde aufgrund der Größe des AppTask -2147483648 mal wiederholt!)
In AppTask search/appseq/sobelv.seq(Gesamt: 0) sind aus ProtTask search/taskseq/vconvert_SIMD.seq (Gesamt: 0)  0 Einträge vorhanden! (Der Prottask wurde aufgrund der Größe des AppTask -2147483648 mal wiederholt!)
In AppTask search/appseq/sobelv.seq(Gesamt: 0) sind aus ProtTask search/taskseq/imov.seq (Gesamt: 0)  0 Einträge vorhanden! (Der Prottask wurde aufgrund der Größe des AppTask -2147483648 mal wiederholt!)
In AppTask search/appseq/sobelv.seq(Gesamt: 0) sind aus ProtTask search/taskseq/imem.seq (Gesamt: 0)  0 Einträge vorhanden! (Der Prottask wurde aufgrund der Größe des AppTask -2147483648 mal wiederholt!)
In AppTask search/appseq/sobelv.seq(Gesamt: 0) sind aus ProtTask search/taskseq/icompare.seq (Gesamt: 0)  0 Einträge vorhanden! (Der Prottask wurde aufgrund der Größe des AppTask -2147483648 mal wiederholt!)
In AppTask search/appseq/sobelv.seq(Gesamt: 0) sind aus ProtTask search/taskseq/branch.seq (Gesamt: 0)  0 Einträge vorhanden! (Der Prottask wurde aufgrund der Größe des AppTask -2147483648 mal wiederholt!)
In AppTask search/appseq/sobelv.seq(Gesamt: 0) sind aus ProtTask search/taskseq/bitbyte.seq (Gesamt: 0)  0 Einträge vorhanden! (Der Prottask wurde aufgrund der Größe des AppTask -2147483648 mal wiederholt!)
In AppTask search/appseq/sobelv.seq(Gesamt: 0) sind aus ProtTask search/taskseq/v1x4smul_SIMD.seq (Gesamt: 0)  0 Einträge vorhanden! (Der Prottask wurde aufgrund der Größe des AppTask -2147483648 mal wiederholt!)
In AppTask search/appseq/sobelv.seq(Gesamt: 0) sind aus ProtTask search/taskseq/dmem.seq (Gesamt: 0)  0 Einträge vorhanden! (Der Prottask wurde aufgrund der Größe des AppTask -2147483648 mal wiederholt!)
In AppTask search/appseq/sobelv.seq(Gesamt: 0) sind aus ProtTask search/taskseq/dsub64_SIMD.seq (Gesamt: 0)  0 Einträge vorhanden! (Der Prottask wurde aufgrund der Größe des AppTask -2147483648 mal wiederholt!)
In AppTask search/appseq/sobelv.seq(Gesamt: 0) sind aus ProtTask search/taskseq/dadd.seq (Gesamt: 0)  0 Einträge vorhanden! (Der Prottask wurde aufgrund der Größe des AppTask -2147483648 mal wiederholt!)
In AppTask search/appseq/sobelv.seq(Gesamt: 0) sind aus ProtTask search/taskseq/m4x4smul_SIMD.seq (Gesamt: 0)  0 Einträge vorhanden! (Der Prottask wurde aufgrund der Größe des AppTask -2147483648 mal wiederholt!)
In AppTask search/appseq/sobelv.seq(Gesamt: 0) sind aus ProtTask search/taskseq/dmul64_SIMD.seq (Gesamt: 0)  0 Einträge vorhanden! (Der Prottask wurde aufgrund der Größe des AppTask -2147483648 mal wiederholt!)
In AppTask search/appseq/sobelv.seq(Gesamt: 0) sind aus ProtTask search/taskseq/dmul.seq (Gesamt: 0)  0 Einträge vorhanden! (Der Prottask wurde aufgrund der Größe des AppTask -2147483648 mal wiederholt!)
In AppTask search/appseq/sobelv.seq(Gesamt: 0) sind aus ProtTask search/taskseq/m4x4smul.seq (Gesamt: 0)  0 Einträge vorhanden! (Der Prottask wurde aufgrund der Größe des AppTask -2147483648 mal wiederholt!)
In AppTask search/appseq/sobelv.seq(Gesamt: 0) sind aus ProtTask search/taskseq/iadd.seq (Gesamt: 0)  0 Einträge vorhanden! (Der Prottask wurde aufgrund der Größe des AppTask -2147483648 mal wiederholt!)
In AppTask search/appseq/sobelv.seq(Gesamt: 0) sind aus ProtTask search/taskseq/logic.seq (Gesamt: 0)  0 Einträge vorhanden! (Der Prottask wurde aufgrund der Größe des AppTask -2147483648 mal wiederholt!)
In AppTask search/appseq/sobelv.seq(Gesamt: 0) sind aus ProtTask search/taskseq/imul.seq (Gesamt: 0)  0 Einträge vorhanden! (Der Prottask wurde aufgrund der Größe des AppTask -2147483648 mal wiederholt!)
In AppTask search/appseq/sobelv.seq(Gesamt: 0) sind aus ProtTask search/taskseq/dmem64_SIMD.seq (Gesamt: 0)  0 Einträge vorhanden! (Der Prottask wurde aufgrund der Größe des AppTask -2147483648 mal wiederholt!)
In AppTask search/appseq/sobelv.seq(Gesamt: 0) sind aus ProtTask search/taskseq/ssub32_SIMD.seq (Gesamt: 0)  0 Einträge vorhanden! (Der Prottask wurde aufgrund der Größe des AppTask -2147483648 mal wiederholt!)
In AppTask search/appseq/sobelv.seq(Gesamt: 0) sind aus ProtTask search/taskseq/vmov_SIMD.seq (Gesamt: 0)  0 Einträge vorhanden! (Der Prottask wurde aufgrund der Größe des AppTask -2147483648 mal wiederholt!)
In AppTask search/appseq/sobelv.seq(Gesamt: 0) sind aus ProtTask search/taskseq/smul32_SIMD.seq (Gesamt: 0)  0 Einträge vorhanden! (Der Prottask wurde aufgrund der Größe des AppTask -2147483648 mal wiederholt!)
In AppTask search/appseq/sobelv.seq(Gesamt: 0) sind aus ProtTask search/taskseq/shift.seq (Gesamt: 0)  0 Einträge vorhanden! (Der Prottask wurde aufgrund der Größe des AppTask -2147483648 mal wiederholt!)
In AppTask search/appseq/sobelv.seq(Gesamt: 0) sind aus ProtTask search/taskseq/smem32_SIMD.seq (Gesamt: 0)  0 Einträge vorhanden! (Der Prottask wurde aufgrund der Größe des AppTask -2147483648 mal wiederholt!)

Der ähnlichste ProttypTask für den AppTask search/appseq/sobelv.seq ist (0 Treffer)

In AppTask search/appseq/checkcontrast.seq(Gesamt: 0) sind aus ProtTask search/taskseq/nop.seq (Gesamt: 0)  0 Einträge vorhanden! (Der Prottask wurde aufgrund der Größe des AppTask -2147483648 mal wiederholt!)
In AppTask search/appseq/checkcontrast.seq(Gesamt: 0) sind aus ProtTask search/taskseq/vconvert_SIMD.seq (Gesamt: 0)  0 Einträge vorhanden! (Der Prottask wurde aufgrund der Größe des AppTask -2147483648 mal wiederholt!)
In AppTask search/appseq/checkcontrast.seq(Gesamt: 0) sind aus ProtTask search/taskseq/imov.seq (Gesamt: 0)  0 Einträge vorhanden! (Der Prottask wurde aufgrund der Größe des AppTask -2147483648 mal wiederholt!)
In AppTask search/appseq/checkcontrast.seq(Gesamt: 0) sind aus ProtTask search/taskseq/imem.seq (Gesamt: 0)  0 Einträge vorhanden! (Der Prottask wurde aufgrund der Größe des AppTask -2147483648 mal wiederholt!)
In AppTask search/appseq/checkcontrast.seq(Gesamt: 0) sind aus ProtTask search/taskseq/icompare.seq (Gesamt: 0)  0 Einträge vorhanden! (Der Prottask wurde aufgrund der Größe des AppTask -2147483648 mal wiederholt!)
In AppTask search/appseq/checkcontrast.seq(Gesamt: 0) sind aus ProtTask search/taskseq/branch.seq (Gesamt: 0)  0 Einträge vorhanden! (Der Prottask wurde aufgrund der Größe des AppTask -2147483648 mal wiederholt!)
In AppTask search/appseq/checkcontrast.seq(Gesamt: 0) sind aus ProtTask search/taskseq/bitbyte.seq (Gesamt: 0)  0 Einträge vorhanden! (Der Prottask wurde aufgrund der Größe des AppTask -2147483648 mal wiederholt!)
In AppTask search/appseq/checkcontrast.seq(Gesamt: 0) sind aus ProtTask search/taskseq/v1x4smul_SIMD.seq (Gesamt: 0)  0 Einträge vorhanden! (Der Prottask wurde aufgrund der Größe des AppTask -2147483648 mal wiederholt!)
In AppTask search/appseq/checkcontrast.seq(Gesamt: 0) sind aus ProtTask search/taskseq/dmem.seq (Gesamt: 0)  0 Einträge vorhanden! (Der Prottask wurde aufgrund der Größe des AppTask -2147483648 mal wiederholt!)
In AppTask search/appseq/checkcontrast.seq(Gesamt: 0) sind aus ProtTask search/taskseq/dsub64_SIMD.seq (Gesamt: 0)  0 Einträge vorhanden! (Der Prottask wurde aufgrund der Größe des AppTask -2147483648 mal wiederholt!)
In AppTask search/appseq/checkcontrast.seq(Gesamt: 0) sind aus ProtTask search/taskseq/dadd.seq (Gesamt: 0)  0 Einträge vorhanden! (Der Prottask wurde aufgrund der Größe des AppTask -2147483648 mal wiederholt!)
In AppTask search/appseq/checkcontrast.seq(Gesamt: 0) sind aus ProtTask search/taskseq/m4x4smul_SIMD.seq (Gesamt: 0)  0 Einträge vorhanden! (Der Prottask wurde aufgrund der Größe des AppTask -2147483648 mal wiederholt!)
In AppTask search/appseq/checkcontrast.seq(Gesamt: 0) sind aus ProtTask search/taskseq/dmul64_SIMD.seq (Gesamt: 0)  0 Einträge vorhanden! (Der Prottask wurde aufgrund der Größe des AppTask -2147483648 mal wiederholt!)
In AppTask search/appseq/checkcontrast.seq(Gesamt: 0) sind aus ProtTask search/taskseq/dmul.seq (Gesamt: 0)  0 Einträge vorhanden! (Der Prottask wurde aufgrund der Größe des AppTask -2147483648 mal wiederholt!)
In AppTask search/appseq/checkcontrast.seq(Gesamt: 0) sind aus ProtTask search/taskseq/m4x4smul.seq (Gesamt: 0)  0 Einträge vorhanden! (Der Prottask wurde aufgrund der Größe des AppTask -2147483648 mal wiederholt!)
In AppTask search/appseq/checkcontrast.seq(Gesamt: 0) sind aus ProtTask search/taskseq/iadd.seq (Gesamt: 0)  0 Einträge vorhanden! (Der Prottask wurde aufgrund der Größe des AppTask -2147483648 mal wiederholt!)
In AppTask search/appseq/checkcontrast.seq(Gesamt: 0) sind aus ProtTask search/taskseq/logic.seq (Gesamt: 0)  0 Einträge vorhanden! (Der Prottask wurde aufgrund der Größe des AppTask -2147483648 mal wiederholt!)
In AppTask search/appseq/checkcontrast.seq(Gesamt: 0) sind aus ProtTask search/taskseq/imul.seq (Gesamt: 0)  0 Einträge vorhanden! (Der Prottask wurde aufgrund der Größe des AppTask -2147483648 mal wiederholt!)
In AppTask search/appseq/checkcontrast.seq(Gesamt: 0) sind aus ProtTask search/taskseq/dmem64_SIMD.seq (Gesamt: 0)  0 Einträge vorhanden! (Der Prottask wurde aufgrund der Größe des AppTask -2147483648 mal wiederholt!)
In AppTask search/appseq/checkcontrast.seq(Gesamt: 0) sind aus ProtTask search/taskseq/ssub32_SIMD.seq (Gesamt: 0)  0 Einträge vorhanden! (Der Prottask wurde aufgrund der Größe des AppTask -2147483648 mal wiederholt!)
In AppTask search/appseq/checkcontrast.seq(Gesamt: 0) sind aus ProtTask search/taskseq/vmov_SIMD.seq (Gesamt: 0)  0 Einträge vorhanden! (Der Prottask wurde aufgrund der Größe des AppTask -2147483648 mal wiederholt!)
In AppTask search/appseq/checkcontrast.seq(Gesamt: 0) sind aus ProtTask search/taskseq/smul32_SIMD.seq (Gesamt: 0)  0 Einträge vorhanden! (Der Prottask wurde aufgrund der Größe des AppTask -2147483648 mal wiederholt!)
In AppTask search/appseq/checkcontrast.seq(Gesamt: 0) sind aus ProtTask search/taskseq/shift.seq (Gesamt: 0)  0 Einträge vorhanden! (Der Prottask wurde aufgrund der Größe des AppTask -2147483648 mal wiederholt!)
In AppTask search/appseq/checkcontrast.seq(Gesamt: 0) sind aus ProtTask search/taskseq/smem32_SIMD.seq (Gesamt: 0)  0 Einträge vorhanden! (Der Prottask wurde aufgrund der Größe des AppTask -2147483648 mal wiederholt!)

Der ähnlichste ProttypTask für den AppTask search/appseq/checkcontrast.seq ist (0 Treffer)

In AppTask search/appseq/copyimage.seq(Gesamt: 0) sind aus ProtTask search/taskseq/nop.seq (Gesamt: 0)  0 Einträge vorhanden! (Der Prottask wurde aufgrund der Größe des AppTask -2147483648 mal wiederholt!)
In AppTask search/appseq/copyimage.seq(Gesamt: 0) sind aus ProtTask search/taskseq/vconvert_SIMD.seq (Gesamt: 0)  0 Einträge vorhanden! (Der Prottask wurde aufgrund der Größe des AppTask -2147483648 mal wiederholt!)
In AppTask search/appseq/copyimage.seq(Gesamt: 0) sind aus ProtTask search/taskseq/imov.seq (Gesamt: 0)  0 Einträge vorhanden! (Der Prottask wurde aufgrund der Größe des AppTask -2147483648 mal wiederholt!)
In AppTask search/appseq/copyimage.seq(Gesamt: 0) sind aus ProtTask search/taskseq/imem.seq (Gesamt: 0)  0 Einträge vorhanden! (Der Prottask wurde aufgrund der Größe des AppTask -2147483648 mal wiederholt!)
In AppTask search/appseq/copyimage.seq(Gesamt: 0) sind aus ProtTask search/taskseq/icompare.seq (Gesamt: 0)  0 Einträge vorhanden! (Der Prottask wurde aufgrund der Größe des AppTask -2147483648 mal wiederholt!)
In AppTask search/appseq/copyimage.seq(Gesamt: 0) sind aus ProtTask search/taskseq/branch.seq (Gesamt: 0)  0 Einträge vorhanden! (Der Prottask wurde aufgrund der Größe des AppTask -2147483648 mal wiederholt!)
In AppTask search/appseq/copyimage.seq(Gesamt: 0) sind aus ProtTask search/taskseq/bitbyte.seq (Gesamt: 0)  0 Einträge vorhanden! (Der Prottask wurde aufgrund der Größe des AppTask -2147483648 mal wiederholt!)
In AppTask search/appseq/copyimage.seq(Gesamt: 0) sind aus ProtTask search/taskseq/v1x4smul_SIMD.seq (Gesamt: 0)  0 Einträge vorhanden! (Der Prottask wurde aufgrund der Größe des AppTask -2147483648 mal wiederholt!)
In AppTask search/appseq/copyimage.seq(Gesamt: 0) sind aus ProtTask search/taskseq/dmem.seq (Gesamt: 0)  0 Einträge vorhanden! (Der Prottask wurde aufgrund der Größe des AppTask -2147483648 mal wiederholt!)
In AppTask search/appseq/copyimage.seq(Gesamt: 0) sind aus ProtTask search/taskseq/dsub64_SIMD.seq (Gesamt: 0)  0 Einträge vorhanden! (Der Prottask wurde aufgrund der Größe des AppTask -2147483648 mal wiederholt!)
In AppTask search/appseq/copyimage.seq(Gesamt: 0) sind aus ProtTask search/taskseq/dadd.seq (Gesamt: 0)  0 Einträge vorhanden! (Der Prottask wurde aufgrund der Größe des AppTask -2147483648 mal wiederholt!)
In AppTask search/appseq/copyimage.seq(Gesamt: 0) sind aus ProtTask search/taskseq/m4x4smul_SIMD.seq (Gesamt: 0)  0 Einträge vorhanden! (Der Prottask wurde aufgrund der Größe des AppTask -2147483648 mal wiederholt!)
In AppTask search/appseq/copyimage.seq(Gesamt: 0) sind aus ProtTask search/taskseq/dmul64_SIMD.seq (Gesamt: 0)  0 Einträge vorhanden! (Der Prottask wurde aufgrund der Größe des AppTask -2147483648 mal wiederholt!)
In AppTask search/appseq/copyimage.seq(Gesamt: 0) sind aus ProtTask search/taskseq/dmul.seq (Gesamt: 0)  0 Einträge vorhanden! (Der Prottask wurde aufgrund der Größe des AppTask -2147483648 mal wiederholt!)
In AppTask search/appseq/copyimage.seq(Gesamt: 0) sind aus ProtTask search/taskseq/m4x4smul.seq (Gesamt: 0)  0 Einträge vorhanden! (Der Prottask wurde aufgrund der Größe des AppTask -2147483648 mal wiederholt!)
In AppTask search/appseq/copyimage.seq(Gesamt: 0) sind aus ProtTask search/taskseq/iadd.seq (Gesamt: 0)  0 Einträge vorhanden! (Der Prottask wurde aufgrund der Größe des AppTask -2147483648 mal wiederholt!)
In AppTask search/appseq/copyimage.seq(Gesamt: 0) sind aus ProtTask search/taskseq/logic.seq (Gesamt: 0)  0 Einträge vorhanden! (Der Prottask wurde aufgrund der Größe des AppTask -2147483648 mal wiederholt!)
In AppTask search/appseq/copyimage.seq(Gesamt: 0) sind aus ProtTask search/taskseq/imul.seq (Gesamt: 0)  0 Einträge vorhanden! (Der Prottask wurde aufgrund der Größe des AppTask -2147483648 mal wiederholt!)
In AppTask search/appseq/copyimage.seq(Gesamt: 0) sind aus ProtTask search/taskseq/dmem64_SIMD.seq (Gesamt: 0)  0 Einträge vorhanden! (Der Prottask wurde aufgrund der Größe des AppTask -2147483648 mal wiederholt!)
In AppTask search/appseq/copyimage.seq(Gesamt: 0) sind aus ProtTask search/taskseq/ssub32_SIMD.seq (Gesamt: 0)  0 Einträge vorhanden! (Der Prottask wurde aufgrund der Größe des AppTask -2147483648 mal wiederholt!)
In AppTask search/appseq/copyimage.seq(Gesamt: 0) sind aus ProtTask search/taskseq/vmov_SIMD.seq (Gesamt: 0)  0 Einträge vorhanden! (Der Prottask wurde aufgrund der Größe des AppTask -2147483648 mal wiederholt!)
In AppTask search/appseq/copyimage.seq(Gesamt: 0) sind aus ProtTask search/taskseq/smul32_SIMD.seq (Gesamt: 0)  0 Einträge vorhanden! (Der Prottask wurde aufgrund der Größe des AppTask -2147483648 mal wiederholt!)
In AppTask search/appseq/copyimage.seq(Gesamt: 0) sind aus ProtTask search/taskseq/shift.seq (Gesamt: 0)  0 Einträge vorhanden! (Der Prottask wurde aufgrund der Größe des AppTask -2147483648 mal wiederholt!)
In AppTask search/appseq/copyimage.seq(Gesamt: 0) sind aus ProtTask search/taskseq/smem32_SIMD.seq (Gesamt: 0)  0 Einträge vorhanden! (Der Prottask wurde aufgrund der Größe des AppTask -2147483648 mal wiederholt!)

Der ähnlichste ProttypTask für den AppTask search/appseq/copyimage.seq ist (0 Treffer)

In AppTask search/appseq/combineimgs.seq(Gesamt: 0) sind aus ProtTask search/taskseq/nop.seq (Gesamt: 0)  0 Einträge vorhanden! (Der Prottask wurde aufgrund der Größe des AppTask -2147483648 mal wiederholt!)
In AppTask search/appseq/combineimgs.seq(Gesamt: 0) sind aus ProtTask search/taskseq/vconvert_SIMD.seq (Gesamt: 0)  0 Einträge vorhanden! (Der Prottask wurde aufgrund der Größe des AppTask -2147483648 mal wiederholt!)
In AppTask search/appseq/combineimgs.seq(Gesamt: 0) sind aus ProtTask search/taskseq/imov.seq (Gesamt: 0)  0 Einträge vorhanden! (Der Prottask wurde aufgrund der Größe des AppTask -2147483648 mal wiederholt!)
In AppTask search/appseq/combineimgs.seq(Gesamt: 0) sind aus ProtTask search/taskseq/imem.seq (Gesamt: 0)  0 Einträge vorhanden! (Der Prottask wurde aufgrund der Größe des AppTask -2147483648 mal wiederholt!)
In AppTask search/appseq/combineimgs.seq(Gesamt: 0) sind aus ProtTask search/taskseq/icompare.seq (Gesamt: 0)  0 Einträge vorhanden! (Der Prottask wurde aufgrund der Größe des AppTask -2147483648 mal wiederholt!)
In AppTask search/appseq/combineimgs.seq(Gesamt: 0) sind aus ProtTask search/taskseq/branch.seq (Gesamt: 0)  0 Einträge vorhanden! (Der Prottask wurde aufgrund der Größe des AppTask -2147483648 mal wiederholt!)
In AppTask search/appseq/combineimgs.seq(Gesamt: 0) sind aus ProtTask search/taskseq/bitbyte.seq (Gesamt: 0)  0 Einträge vorhanden! (Der Prottask wurde aufgrund der Größe des AppTask -2147483648 mal wiederholt!)
In AppTask search/appseq/combineimgs.seq(Gesamt: 0) sind aus ProtTask search/taskseq/v1x4smul_SIMD.seq (Gesamt: 0)  0 Einträge vorhanden! (Der Prottask wurde aufgrund der Größe des AppTask -2147483648 mal wiederholt!)
In AppTask search/appseq/combineimgs.seq(Gesamt: 0) sind aus ProtTask search/taskseq/dmem.seq (Gesamt: 0)  0 Einträge vorhanden! (Der Prottask wurde aufgrund der Größe des AppTask -2147483648 mal wiederholt!)
In AppTask search/appseq/combineimgs.seq(Gesamt: 0) sind aus ProtTask search/taskseq/dsub64_SIMD.seq (Gesamt: 0)  0 Einträge vorhanden! (Der Prottask wurde aufgrund der Größe des AppTask -2147483648 mal wiederholt!)
In AppTask search/appseq/combineimgs.seq(Gesamt: 0) sind aus ProtTask search/taskseq/dadd.seq (Gesamt: 0)  0 Einträge vorhanden! (Der Prottask wurde aufgrund der Größe des AppTask -2147483648 mal wiederholt!)
In AppTask search/appseq/combineimgs.seq(Gesamt: 0) sind aus ProtTask search/taskseq/m4x4smul_SIMD.seq (Gesamt: 0)  0 Einträge vorhanden! (Der Prottask wurde aufgrund der Größe des AppTask -2147483648 mal wiederholt!)
In AppTask search/appseq/combineimgs.seq(Gesamt: 0) sind aus ProtTask search/taskseq/dmul64_SIMD.seq (Gesamt: 0)  0 Einträge vorhanden! (Der Prottask wurde aufgrund der Größe des AppTask -2147483648 mal wiederholt!)
In AppTask search/appseq/combineimgs.seq(Gesamt: 0) sind aus ProtTask search/taskseq/dmul.seq (Gesamt: 0)  0 Einträge vorhanden! (Der Prottask wurde aufgrund der Größe des AppTask -2147483648 mal wiederholt!)
In AppTask search/appseq/combineimgs.seq(Gesamt: 0) sind aus ProtTask search/taskseq/m4x4smul.seq (Gesamt: 0)  0 Einträge vorhanden! (Der Prottask wurde aufgrund der Größe des AppTask -2147483648 mal wiederholt!)
In AppTask search/appseq/combineimgs.seq(Gesamt: 0) sind aus ProtTask search/taskseq/iadd.seq (Gesamt: 0)  0 Einträge vorhanden! (Der Prottask wurde aufgrund der Größe des AppTask -2147483648 mal wiederholt!)
In AppTask search/appseq/combineimgs.seq(Gesamt: 0) sind aus ProtTask search/taskseq/logic.seq (Gesamt: 0)  0 Einträge vorhanden! (Der Prottask wurde aufgrund der Größe des AppTask -2147483648 mal wiederholt!)
In AppTask search/appseq/combineimgs.seq(Gesamt: 0) sind aus ProtTask search/taskseq/imul.seq (Gesamt: 0)  0 Einträge vorhanden! (Der Prottask wurde aufgrund der Größe des AppTask -2147483648 mal wiederholt!)
In AppTask search/appseq/combineimgs.seq(Gesamt: 0) sind aus ProtTask search/taskseq/dmem64_SIMD.seq (Gesamt: 0)  0 Einträge vorhanden! (Der Prottask wurde aufgrund der Größe des AppTask -2147483648 mal wiederholt!)
In AppTask search/appseq/combineimgs.seq(Gesamt: 0) sind aus ProtTask search/taskseq/ssub32_SIMD.seq (Gesamt: 0)  0 Einträge vorhanden! (Der Prottask wurde aufgrund der Größe des AppTask -2147483648 mal wiederholt!)
In AppTask search/appseq/combineimgs.seq(Gesamt: 0) sind aus ProtTask search/taskseq/vmov_SIMD.seq (Gesamt: 0)  0 Einträge vorhanden! (Der Prottask wurde aufgrund der Größe des AppTask -2147483648 mal wiederholt!)
In AppTask search/appseq/combineimgs.seq(Gesamt: 0) sind aus ProtTask search/taskseq/smul32_SIMD.seq (Gesamt: 0)  0 Einträge vorhanden! (Der Prottask wurde aufgrund der Größe des AppTask -2147483648 mal wiederholt!)
In AppTask search/appseq/combineimgs.seq(Gesamt: 0) sind aus ProtTask search/taskseq/shift.seq (Gesamt: 0)  0 Einträge vorhanden! (Der Prottask wurde aufgrund der Größe des AppTask -2147483648 mal wiederholt!)
In AppTask search/appseq/combineimgs.seq(Gesamt: 0) sind aus ProtTask search/taskseq/smem32_SIMD.seq (Gesamt: 0)  0 Einträge vorhanden! (Der Prottask wurde aufgrund der Größe des AppTask -2147483648 mal wiederholt!)

Der ähnlichste ProttypTask für den AppTask search/appseq/combineimgs.seq ist (0 Treffer)

In AppTask search/appseq/sharpencontrast.seq(Gesamt: 0) sind aus ProtTask search/taskseq/nop.seq (Gesamt: 0)  0 Einträge vorhanden! (Der Prottask wurde aufgrund der Größe des AppTask -2147483648 mal wiederholt!)
In AppTask search/appseq/sharpencontrast.seq(Gesamt: 0) sind aus ProtTask search/taskseq/vconvert_SIMD.seq (Gesamt: 0)  0 Einträge vorhanden! (Der Prottask wurde aufgrund der Größe des AppTask -2147483648 mal wiederholt!)
In AppTask search/appseq/sharpencontrast.seq(Gesamt: 0) sind aus ProtTask search/taskseq/imov.seq (Gesamt: 0)  0 Einträge vorhanden! (Der Prottask wurde aufgrund der Größe des AppTask -2147483648 mal wiederholt!)
In AppTask search/appseq/sharpencontrast.seq(Gesamt: 0) sind aus ProtTask search/taskseq/imem.seq (Gesamt: 0)  0 Einträge vorhanden! (Der Prottask wurde aufgrund der Größe des AppTask -2147483648 mal wiederholt!)
In AppTask search/appseq/sharpencontrast.seq(Gesamt: 0) sind aus ProtTask search/taskseq/icompare.seq (Gesamt: 0)  0 Einträge vorhanden! (Der Prottask wurde aufgrund der Größe des AppTask -2147483648 mal wiederholt!)
In AppTask search/appseq/sharpencontrast.seq(Gesamt: 0) sind aus ProtTask search/taskseq/branch.seq (Gesamt: 0)  0 Einträge vorhanden! (Der Prottask wurde aufgrund der Größe des AppTask -2147483648 mal wiederholt!)
In AppTask search/appseq/sharpencontrast.seq(Gesamt: 0) sind aus ProtTask search/taskseq/bitbyte.seq (Gesamt: 0)  0 Einträge vorhanden! (Der Prottask wurde aufgrund der Größe des AppTask -2147483648 mal wiederholt!)
In AppTask search/appseq/sharpencontrast.seq(Gesamt: 0) sind aus ProtTask search/taskseq/v1x4smul_SIMD.seq (Gesamt: 0)  0 Einträge vorhanden! (Der Prottask wurde aufgrund der Größe des AppTask -2147483648 mal wiederholt!)
In AppTask search/appseq/sharpencontrast.seq(Gesamt: 0) sind aus ProtTask search/taskseq/dmem.seq (Gesamt: 0)  0 Einträge vorhanden! (Der Prottask wurde aufgrund der Größe des AppTask -2147483648 mal wiederholt!)
In AppTask search/appseq/sharpencontrast.seq(Gesamt: 0) sind aus ProtTask search/taskseq/dsub64_SIMD.seq (Gesamt: 0)  0 Einträge vorhanden! (Der Prottask wurde aufgrund der Größe des AppTask -2147483648 mal wiederholt!)
In AppTask search/appseq/sharpencontrast.seq(Gesamt: 0) sind aus ProtTask search/taskseq/dadd.seq (Gesamt: 0)  0 Einträge vorhanden! (Der Prottask wurde aufgrund der Größe des AppTask -2147483648 mal wiederholt!)
In AppTask search/appseq/sharpencontrast.seq(Gesamt: 0) sind aus ProtTask search/taskseq/m4x4smul_SIMD.seq (Gesamt: 0)  0 Einträge vorhanden! (Der Prottask wurde aufgrund der Größe des AppTask -2147483648 mal wiederholt!)
In AppTask search/appseq/sharpencontrast.seq(Gesamt: 0) sind aus ProtTask search/taskseq/dmul64_SIMD.seq (Gesamt: 0)  0 Einträge vorhanden! (Der Prottask wurde aufgrund der Größe des AppTask -2147483648 mal wiederholt!)
In AppTask search/appseq/sharpencontrast.seq(Gesamt: 0) sind aus ProtTask search/taskseq/dmul.seq (Gesamt: 0)  0 Einträge vorhanden! (Der Prottask wurde aufgrund der Größe des AppTask -2147483648 mal wiederholt!)
In AppTask search/appseq/sharpencontrast.seq(Gesamt: 0) sind aus ProtTask search/taskseq/m4x4smul.seq (Gesamt: 0)  0 Einträge vorhanden! (Der Prottask wurde aufgrund der Größe des AppTask -2147483648 mal wiederholt!)
In AppTask search/appseq/sharpencontrast.seq(Gesamt: 0) sind aus ProtTask search/taskseq/iadd.seq (Gesamt: 0)  0 Einträge vorhanden! (Der Prottask wurde aufgrund der Größe des AppTask -2147483648 mal wiederholt!)
In AppTask search/appseq/sharpencontrast.seq(Gesamt: 0) sind aus ProtTask search/taskseq/logic.seq (Gesamt: 0)  0 Einträge vorhanden! (Der Prottask wurde aufgrund der Größe des AppTask -2147483648 mal wiederholt!)
In AppTask search/appseq/sharpencontrast.seq(Gesamt: 0) sind aus ProtTask search/taskseq/imul.seq (Gesamt: 0)  0 Einträge vorhanden! (Der Prottask wurde aufgrund der Größe des AppTask -2147483648 mal wiederholt!)
In AppTask search/appseq/sharpencontrast.seq(Gesamt: 0) sind aus ProtTask search/taskseq/dmem64_SIMD.seq (Gesamt: 0)  0 Einträge vorhanden! (Der Prottask wurde aufgrund der Größe des AppTask -2147483648 mal wiederholt!)
In AppTask search/appseq/sharpencontrast.seq(Gesamt: 0) sind aus ProtTask search/taskseq/ssub32_SIMD.seq (Gesamt: 0)  0 Einträge vorhanden! (Der Prottask wurde aufgrund der Größe des AppTask -2147483648 mal wiederholt!)
In AppTask search/appseq/sharpencontrast.seq(Gesamt: 0) sind aus ProtTask search/taskseq/vmov_SIMD.seq (Gesamt: 0)  0 Einträge vorhanden! (Der Prottask wurde aufgrund der Größe des AppTask -2147483648 mal wiederholt!)
In AppTask search/appseq/sharpencontrast.seq(Gesamt: 0) sind aus ProtTask search/taskseq/smul32_SIMD.seq (Gesamt: 0)  0 Einträge vorhanden! (Der Prottask wurde aufgrund der Größe des AppTask -2147483648 mal wiederholt!)
In AppTask search/appseq/sharpencontrast.seq(Gesamt: 0) sind aus ProtTask search/taskseq/shift.seq (Gesamt: 0)  0 Einträge vorhanden! (Der Prottask wurde aufgrund der Größe des AppTask -2147483648 mal wiederholt!)
In AppTask search/appseq/sharpencontrast.seq(Gesamt: 0) sind aus ProtTask search/taskseq/smem32_SIMD.seq (Gesamt: 0)  0 Einträge vorhanden! (Der Prottask wurde aufgrund der Größe des AppTask -2147483648 mal wiederholt!)

Der ähnlichste ProttypTask für den AppTask search/appseq/sharpencontrast.seq ist (0 Treffer)

In AppTask search/appseq/loadimage.seq(Gesamt: 0) sind aus ProtTask search/taskseq/nop.seq (Gesamt: 0)  0 Einträge vorhanden! (Der Prottask wurde aufgrund der Größe des AppTask -2147483648 mal wiederholt!)
In AppTask search/appseq/loadimage.seq(Gesamt: 0) sind aus ProtTask search/taskseq/vconvert_SIMD.seq (Gesamt: 0)  0 Einträge vorhanden! (Der Prottask wurde aufgrund der Größe des AppTask -2147483648 mal wiederholt!)
In AppTask search/appseq/loadimage.seq(Gesamt: 0) sind aus ProtTask search/taskseq/imov.seq (Gesamt: 0)  0 Einträge vorhanden! (Der Prottask wurde aufgrund der Größe des AppTask -2147483648 mal wiederholt!)
In AppTask search/appseq/loadimage.seq(Gesamt: 0) sind aus ProtTask search/taskseq/imem.seq (Gesamt: 0)  0 Einträge vorhanden! (Der Prottask wurde aufgrund der Größe des AppTask -2147483648 mal wiederholt!)
In AppTask search/appseq/loadimage.seq(Gesamt: 0) sind aus ProtTask search/taskseq/icompare.seq (Gesamt: 0)  0 Einträge vorhanden! (Der Prottask wurde aufgrund der Größe des AppTask -2147483648 mal wiederholt!)
In AppTask search/appseq/loadimage.seq(Gesamt: 0) sind aus ProtTask search/taskseq/branch.seq (Gesamt: 0)  0 Einträge vorhanden! (Der Prottask wurde aufgrund der Größe des AppTask -2147483648 mal wiederholt!)
In AppTask search/appseq/loadimage.seq(Gesamt: 0) sind aus ProtTask search/taskseq/bitbyte.seq (Gesamt: 0)  0 Einträge vorhanden! (Der Prottask wurde aufgrund der Größe des AppTask -2147483648 mal wiederholt!)
In AppTask search/appseq/loadimage.seq(Gesamt: 0) sind aus ProtTask search/taskseq/v1x4smul_SIMD.seq (Gesamt: 0)  0 Einträge vorhanden! (Der Prottask wurde aufgrund der Größe des AppTask -2147483648 mal wiederholt!)
In AppTask search/appseq/loadimage.seq(Gesamt: 0) sind aus ProtTask search/taskseq/dmem.seq (Gesamt: 0)  0 Einträge vorhanden! (Der Prottask wurde aufgrund der Größe des AppTask -2147483648 mal wiederholt!)
In AppTask search/appseq/loadimage.seq(Gesamt: 0) sind aus ProtTask search/taskseq/dsub64_SIMD.seq (Gesamt: 0)  0 Einträge vorhanden! (Der Prottask wurde aufgrund der Größe des AppTask -2147483648 mal wiederholt!)
In AppTask search/appseq/loadimage.seq(Gesamt: 0) sind aus ProtTask search/taskseq/dadd.seq (Gesamt: 0)  0 Einträge vorhanden! (Der Prottask wurde aufgrund der Größe des AppTask -2147483648 mal wiederholt!)
In AppTask search/appseq/loadimage.seq(Gesamt: 0) sind aus ProtTask search/taskseq/m4x4smul_SIMD.seq (Gesamt: 0)  0 Einträge vorhanden! (Der Prottask wurde aufgrund der Größe des AppTask -2147483648 mal wiederholt!)
In AppTask search/appseq/loadimage.seq(Gesamt: 0) sind aus ProtTask search/taskseq/dmul64_SIMD.seq (Gesamt: 0)  0 Einträge vorhanden! (Der Prottask wurde aufgrund der Größe des AppTask -2147483648 mal wiederholt!)
In AppTask search/appseq/loadimage.seq(Gesamt: 0) sind aus ProtTask search/taskseq/dmul.seq (Gesamt: 0)  0 Einträge vorhanden! (Der Prottask wurde aufgrund der Größe des AppTask -2147483648 mal wiederholt!)
In AppTask search/appseq/loadimage.seq(Gesamt: 0) sind aus ProtTask search/taskseq/m4x4smul.seq (Gesamt: 0)  0 Einträge vorhanden! (Der Prottask wurde aufgrund der Größe des AppTask -2147483648 mal wiederholt!)
In AppTask search/appseq/loadimage.seq(Gesamt: 0) sind aus ProtTask search/taskseq/iadd.seq (Gesamt: 0)  0 Einträge vorhanden! (Der Prottask wurde aufgrund der Größe des AppTask -2147483648 mal wiederholt!)
In AppTask search/appseq/loadimage.seq(Gesamt: 0) sind aus ProtTask search/taskseq/logic.seq (Gesamt: 0)  0 Einträge vorhanden! (Der Prottask wurde aufgrund der Größe des AppTask -2147483648 mal wiederholt!)
In AppTask search/appseq/loadimage.seq(Gesamt: 0) sind aus ProtTask search/taskseq/imul.seq (Gesamt: 0)  0 Einträge vorhanden! (Der Prottask wurde aufgrund der Größe des AppTask -2147483648 mal wiederholt!)
In AppTask search/appseq/loadimage.seq(Gesamt: 0) sind aus ProtTask search/taskseq/dmem64_SIMD.seq (Gesamt: 0)  0 Einträge vorhanden! (Der Prottask wurde aufgrund der Größe des AppTask -2147483648 mal wiederholt!)
In AppTask search/appseq/loadimage.seq(Gesamt: 0) sind aus ProtTask search/taskseq/ssub32_SIMD.seq (Gesamt: 0)  0 Einträge vorhanden! (Der Prottask wurde aufgrund der Größe des AppTask -2147483648 mal wiederholt!)
In AppTask search/appseq/loadimage.seq(Gesamt: 0) sind aus ProtTask search/taskseq/vmov_SIMD.seq (Gesamt: 0)  0 Einträge vorhanden! (Der Prottask wurde aufgrund der Größe des AppTask -2147483648 mal wiederholt!)
In AppTask search/appseq/loadimage.seq(Gesamt: 0) sind aus ProtTask search/taskseq/smul32_SIMD.seq (Gesamt: 0)  0 Einträge vorhanden! (Der Prottask wurde aufgrund der Größe des AppTask -2147483648 mal wiederholt!)
In AppTask search/appseq/loadimage.seq(Gesamt: 0) sind aus ProtTask search/taskseq/shift.seq (Gesamt: 0)  0 Einträge vorhanden! (Der Prottask wurde aufgrund der Größe des AppTask -2147483648 mal wiederholt!)
In AppTask search/appseq/loadimage.seq(Gesamt: 0) sind aus ProtTask search/taskseq/smem32_SIMD.seq (Gesamt: 0)  0 Einträge vorhanden! (Der Prottask wurde aufgrund der Größe des AppTask -2147483648 mal wiederholt!)

Der ähnlichste ProttypTask für den AppTask search/appseq/loadimage.seq ist (0 Treffer)

In AppTask search/appseq/sobelh.seq(Gesamt: 0) sind aus ProtTask search/taskseq/nop.seq (Gesamt: 0)  0 Einträge vorhanden! (Der Prottask wurde aufgrund der Größe des AppTask -2147483648 mal wiederholt!)
In AppTask search/appseq/sobelh.seq(Gesamt: 0) sind aus ProtTask search/taskseq/vconvert_SIMD.seq (Gesamt: 0)  0 Einträge vorhanden! (Der Prottask wurde aufgrund der Größe des AppTask -2147483648 mal wiederholt!)
In AppTask search/appseq/sobelh.seq(Gesamt: 0) sind aus ProtTask search/taskseq/imov.seq (Gesamt: 0)  0 Einträge vorhanden! (Der Prottask wurde aufgrund der Größe des AppTask -2147483648 mal wiederholt!)
In AppTask search/appseq/sobelh.seq(Gesamt: 0) sind aus ProtTask search/taskseq/imem.seq (Gesamt: 0)  0 Einträge vorhanden! (Der Prottask wurde aufgrund der Größe des AppTask -2147483648 mal wiederholt!)
In AppTask search/appseq/sobelh.seq(Gesamt: 0) sind aus ProtTask search/taskseq/icompare.seq (Gesamt: 0)  0 Einträge vorhanden! (Der Prottask wurde aufgrund der Größe des AppTask -2147483648 mal wiederholt!)
In AppTask search/appseq/sobelh.seq(Gesamt: 0) sind aus ProtTask search/taskseq/branch.seq (Gesamt: 0)  0 Einträge vorhanden! (Der Prottask wurde aufgrund der Größe des AppTask -2147483648 mal wiederholt!)
In AppTask search/appseq/sobelh.seq(Gesamt: 0) sind aus ProtTask search/taskseq/bitbyte.seq (Gesamt: 0)  0 Einträge vorhanden! (Der Prottask wurde aufgrund der Größe des AppTask -2147483648 mal wiederholt!)
In AppTask search/appseq/sobelh.seq(Gesamt: 0) sind aus ProtTask search/taskseq/v1x4smul_SIMD.seq (Gesamt: 0)  0 Einträge vorhanden! (Der Prottask wurde aufgrund der Größe des AppTask -2147483648 mal wiederholt!)
In AppTask search/appseq/sobelh.seq(Gesamt: 0) sind aus ProtTask search/taskseq/dmem.seq (Gesamt: 0)  0 Einträge vorhanden! (Der Prottask wurde aufgrund der Größe des AppTask -2147483648 mal wiederholt!)
In AppTask search/appseq/sobelh.seq(Gesamt: 0) sind aus ProtTask search/taskseq/dsub64_SIMD.seq (Gesamt: 0)  0 Einträge vorhanden! (Der Prottask wurde aufgrund der Größe des AppTask -2147483648 mal wiederholt!)
In AppTask search/appseq/sobelh.seq(Gesamt: 0) sind aus ProtTask search/taskseq/dadd.seq (Gesamt: 0)  0 Einträge vorhanden! (Der Prottask wurde aufgrund der Größe des AppTask -2147483648 mal wiederholt!)
In AppTask search/appseq/sobelh.seq(Gesamt: 0) sind aus ProtTask search/taskseq/m4x4smul_SIMD.seq (Gesamt: 0)  0 Einträge vorhanden! (Der Prottask wurde aufgrund der Größe des AppTask -2147483648 mal wiederholt!)
In AppTask search/appseq/sobelh.seq(Gesamt: 0) sind aus ProtTask search/taskseq/dmul64_SIMD.seq (Gesamt: 0)  0 Einträge vorhanden! (Der Prottask wurde aufgrund der Größe des AppTask -2147483648 mal wiederholt!)
In AppTask search/appseq/sobelh.seq(Gesamt: 0) sind aus ProtTask search/taskseq/dmul.seq (Gesamt: 0)  0 Einträge vorhanden! (Der Prottask wurde aufgrund der Größe des AppTask -2147483648 mal wiederholt!)
In AppTask search/appseq/sobelh.seq(Gesamt: 0) sind aus ProtTask search/taskseq/m4x4smul.seq (Gesamt: 0)  0 Einträge vorhanden! (Der Prottask wurde aufgrund der Größe des AppTask -2147483648 mal wiederholt!)
In AppTask search/appseq/sobelh.seq(Gesamt: 0) sind aus ProtTask search/taskseq/iadd.seq (Gesamt: 0)  0 Einträge vorhanden! (Der Prottask wurde aufgrund der Größe des AppTask -2147483648 mal wiederholt!)
In AppTask search/appseq/sobelh.seq(Gesamt: 0) sind aus ProtTask search/taskseq/logic.seq (Gesamt: 0)  0 Einträge vorhanden! (Der Prottask wurde aufgrund der Größe des AppTask -2147483648 mal wiederholt!)
In AppTask search/appseq/sobelh.seq(Gesamt: 0) sind aus ProtTask search/taskseq/imul.seq (Gesamt: 0)  0 Einträge vorhanden! (Der Prottask wurde aufgrund der Größe des AppTask -2147483648 mal wiederholt!)
In AppTask search/appseq/sobelh.seq(Gesamt: 0) sind aus ProtTask search/taskseq/dmem64_SIMD.seq (Gesamt: 0)  0 Einträge vorhanden! (Der Prottask wurde aufgrund der Größe des AppTask -2147483648 mal wiederholt!)
In AppTask search/appseq/sobelh.seq(Gesamt: 0) sind aus ProtTask search/taskseq/ssub32_SIMD.seq (Gesamt: 0)  0 Einträge vorhanden! (Der Prottask wurde aufgrund der Größe des AppTask -2147483648 mal wiederholt!)
In AppTask search/appseq/sobelh.seq(Gesamt: 0) sind aus ProtTask search/taskseq/vmov_SIMD.seq (Gesamt: 0)  0 Einträge vorhanden! (Der Prottask wurde aufgrund der Größe des AppTask -2147483648 mal wiederholt!)
In AppTask search/appseq/sobelh.seq(Gesamt: 0) sind aus ProtTask search/taskseq/smul32_SIMD.seq (Gesamt: 0)  0 Einträge vorhanden! (Der Prottask wurde aufgrund der Größe des AppTask -2147483648 mal wiederholt!)
In AppTask search/appseq/sobelh.seq(Gesamt: 0) sind aus ProtTask search/taskseq/shift.seq (Gesamt: 0)  0 Einträge vorhanden! (Der Prottask wurde aufgrund der Größe des AppTask -2147483648 mal wiederholt!)
In AppTask search/appseq/sobelh.seq(Gesamt: 0) sind aus ProtTask search/taskseq/smem32_SIMD.seq (Gesamt: 0)  0 Einträge vorhanden! (Der Prottask wurde aufgrund der Größe des AppTask -2147483648 mal wiederholt!)

Der ähnlichste ProttypTask für den AppTask search/appseq/sobelh.seq ist (0 Treffer)

In AppTask search/appseq/writeimage.seq(Gesamt: 0) sind aus ProtTask search/taskseq/nop.seq (Gesamt: 0)  0 Einträge vorhanden! (Der Prottask wurde aufgrund der Größe des AppTask -2147483648 mal wiederholt!)
In AppTask search/appseq/writeimage.seq(Gesamt: 0) sind aus ProtTask search/taskseq/vconvert_SIMD.seq (Gesamt: 0)  0 Einträge vorhanden! (Der Prottask wurde aufgrund der Größe des AppTask -2147483648 mal wiederholt!)
In AppTask search/appseq/writeimage.seq(Gesamt: 0) sind aus ProtTask search/taskseq/imov.seq (Gesamt: 0)  0 Einträge vorhanden! (Der Prottask wurde aufgrund der Größe des AppTask -2147483648 mal wiederholt!)
In AppTask search/appseq/writeimage.seq(Gesamt: 0) sind aus ProtTask search/taskseq/imem.seq (Gesamt: 0)  0 Einträge vorhanden! (Der Prottask wurde aufgrund der Größe des AppTask -2147483648 mal wiederholt!)
In AppTask search/appseq/writeimage.seq(Gesamt: 0) sind aus ProtTask search/taskseq/icompare.seq (Gesamt: 0)  0 Einträge vorhanden! (Der Prottask wurde aufgrund der Größe des AppTask -2147483648 mal wiederholt!)
In AppTask search/appseq/writeimage.seq(Gesamt: 0) sind aus ProtTask search/taskseq/branch.seq (Gesamt: 0)  0 Einträge vorhanden! (Der Prottask wurde aufgrund der Größe des AppTask -2147483648 mal wiederholt!)
In AppTask search/appseq/writeimage.seq(Gesamt: 0) sind aus ProtTask search/taskseq/bitbyte.seq (Gesamt: 0)  0 Einträge vorhanden! (Der Prottask wurde aufgrund der Größe des AppTask -2147483648 mal wiederholt!)
In AppTask search/appseq/writeimage.seq(Gesamt: 0) sind aus ProtTask search/taskseq/v1x4smul_SIMD.seq (Gesamt: 0)  0 Einträge vorhanden! (Der Prottask wurde aufgrund der Größe des AppTask -2147483648 mal wiederholt!)
In AppTask search/appseq/writeimage.seq(Gesamt: 0) sind aus ProtTask search/taskseq/dmem.seq (Gesamt: 0)  0 Einträge vorhanden! (Der Prottask wurde aufgrund der Größe des AppTask -2147483648 mal wiederholt!)
In AppTask search/appseq/writeimage.seq(Gesamt: 0) sind aus ProtTask search/taskseq/dsub64_SIMD.seq (Gesamt: 0)  0 Einträge vorhanden! (Der Prottask wurde aufgrund der Größe des AppTask -2147483648 mal wiederholt!)
In AppTask search/appseq/writeimage.seq(Gesamt: 0) sind aus ProtTask search/taskseq/dadd.seq (Gesamt: 0)  0 Einträge vorhanden! (Der Prottask wurde aufgrund der Größe des AppTask -2147483648 mal wiederholt!)
In AppTask search/appseq/writeimage.seq(Gesamt: 0) sind aus ProtTask search/taskseq/m4x4smul_SIMD.seq (Gesamt: 0)  0 Einträge vorhanden! (Der Prottask wurde aufgrund der Größe des AppTask -2147483648 mal wiederholt!)
In AppTask search/appseq/writeimage.seq(Gesamt: 0) sind aus ProtTask search/taskseq/dmul64_SIMD.seq (Gesamt: 0)  0 Einträge vorhanden! (Der Prottask wurde aufgrund der Größe des AppTask -2147483648 mal wiederholt!)
In AppTask search/appseq/writeimage.seq(Gesamt: 0) sind aus ProtTask search/taskseq/dmul.seq (Gesamt: 0)  0 Einträge vorhanden! (Der Prottask wurde aufgrund der Größe des AppTask -2147483648 mal wiederholt!)
In AppTask search/appseq/writeimage.seq(Gesamt: 0) sind aus ProtTask search/taskseq/m4x4smul.seq (Gesamt: 0)  0 Einträge vorhanden! (Der Prottask wurde aufgrund der Größe des AppTask -2147483648 mal wiederholt!)
In AppTask search/appseq/writeimage.seq(Gesamt: 0) sind aus ProtTask search/taskseq/iadd.seq (Gesamt: 0)  0 Einträge vorhanden! (Der Prottask wurde aufgrund der Größe des AppTask -2147483648 mal wiederholt!)
In AppTask search/appseq/writeimage.seq(Gesamt: 0) sind aus ProtTask search/taskseq/logic.seq (Gesamt: 0)  0 Einträge vorhanden! (Der Prottask wurde aufgrund der Größe des AppTask -2147483648 mal wiederholt!)
In AppTask search/appseq/writeimage.seq(Gesamt: 0) sind aus ProtTask search/taskseq/imul.seq (Gesamt: 0)  0 Einträge vorhanden! (Der Prottask wurde aufgrund der Größe des AppTask -2147483648 mal wiederholt!)
In AppTask search/appseq/writeimage.seq(Gesamt: 0) sind aus ProtTask search/taskseq/dmem64_SIMD.seq (Gesamt: 0)  0 Einträge vorhanden! (Der Prottask wurde aufgrund der Größe des AppTask -2147483648 mal wiederholt!)
In AppTask search/appseq/writeimage.seq(Gesamt: 0) sind aus ProtTask search/taskseq/ssub32_SIMD.seq (Gesamt: 0)  0 Einträge vorhanden! (Der Prottask wurde aufgrund der Größe des AppTask -2147483648 mal wiederholt!)
In AppTask search/appseq/writeimage.seq(Gesamt: 0) sind aus ProtTask search/taskseq/vmov_SIMD.seq (Gesamt: 0)  0 Einträge vorhanden! (Der Prottask wurde aufgrund der Größe des AppTask -2147483648 mal wiederholt!)
In AppTask search/appseq/writeimage.seq(Gesamt: 0) sind aus ProtTask search/taskseq/smul32_SIMD.seq (Gesamt: 0)  0 Einträge vorhanden! (Der Prottask wurde aufgrund der Größe des AppTask -2147483648 mal wiederholt!)
In AppTask search/appseq/writeimage.seq(Gesamt: 0) sind aus ProtTask search/taskseq/shift.seq (Gesamt: 0)  0 Einträge vorhanden! (Der Prottask wurde aufgrund der Größe des AppTask -2147483648 mal wiederholt!)
In AppTask search/appseq/writeimage.seq(Gesamt: 0) sind aus ProtTask search/taskseq/smem32_SIMD.seq (Gesamt: 0)  0 Einträge vorhanden! (Der Prottask wurde aufgrund der Größe des AppTask -2147483648 mal wiederholt!)

Der ähnlichste ProttypTask für den AppTask search/appseq/writeimage.seq ist (0 Treffer)

In AppTask search/appseq/greyscale.seq(Gesamt: 0) sind aus ProtTask search/taskseq/nop.seq (Gesamt: 0)  0 Einträge vorhanden! (Der Prottask wurde aufgrund der Größe des AppTask -2147483648 mal wiederholt!)
In AppTask search/appseq/greyscale.seq(Gesamt: 0) sind aus ProtTask search/taskseq/vconvert_SIMD.seq (Gesamt: 0)  0 Einträge vorhanden! (Der Prottask wurde aufgrund der Größe des AppTask -2147483648 mal wiederholt!)
In AppTask search/appseq/greyscale.seq(Gesamt: 0) sind aus ProtTask search/taskseq/imov.seq (Gesamt: 0)  0 Einträge vorhanden! (Der Prottask wurde aufgrund der Größe des AppTask -2147483648 mal wiederholt!)
In AppTask search/appseq/greyscale.seq(Gesamt: 0) sind aus ProtTask search/taskseq/imem.seq (Gesamt: 0)  0 Einträge vorhanden! (Der Prottask wurde aufgrund der Größe des AppTask -2147483648 mal wiederholt!)
In AppTask search/appseq/greyscale.seq(Gesamt: 0) sind aus ProtTask search/taskseq/icompare.seq (Gesamt: 0)  0 Einträge vorhanden! (Der Prottask wurde aufgrund der Größe des AppTask -2147483648 mal wiederholt!)
In AppTask search/appseq/greyscale.seq(Gesamt: 0) sind aus ProtTask search/taskseq/branch.seq (Gesamt: 0)  0 Einträge vorhanden! (Der Prottask wurde aufgrund der Größe des AppTask -2147483648 mal wiederholt!)
In AppTask search/appseq/greyscale.seq(Gesamt: 0) sind aus ProtTask search/taskseq/bitbyte.seq (Gesamt: 0)  0 Einträge vorhanden! (Der Prottask wurde aufgrund der Größe des AppTask -2147483648 mal wiederholt!)
In AppTask search/appseq/greyscale.seq(Gesamt: 0) sind aus ProtTask search/taskseq/v1x4smul_SIMD.seq (Gesamt: 0)  0 Einträge vorhanden! (Der Prottask wurde aufgrund der Größe des AppTask -2147483648 mal wiederholt!)
In AppTask search/appseq/greyscale.seq(Gesamt: 0) sind aus ProtTask search/taskseq/dmem.seq (Gesamt: 0)  0 Einträge vorhanden! (Der Prottask wurde aufgrund der Größe des AppTask -2147483648 mal wiederholt!)
In AppTask search/appseq/greyscale.seq(Gesamt: 0) sind aus ProtTask search/taskseq/dsub64_SIMD.seq (Gesamt: 0)  0 Einträge vorhanden! (Der Prottask wurde aufgrund der Größe des AppTask -2147483648 mal wiederholt!)
In AppTask search/appseq/greyscale.seq(Gesamt: 0) sind aus ProtTask search/taskseq/dadd.seq (Gesamt: 0)  0 Einträge vorhanden! (Der Prottask wurde aufgrund der Größe des AppTask -2147483648 mal wiederholt!)
In AppTask search/appseq/greyscale.seq(Gesamt: 0) sind aus ProtTask search/taskseq/m4x4smul_SIMD.seq (Gesamt: 0)  0 Einträge vorhanden! (Der Prottask wurde aufgrund der Größe des AppTask -2147483648 mal wiederholt!)
In AppTask search/appseq/greyscale.seq(Gesamt: 0) sind aus ProtTask search/taskseq/dmul64_SIMD.seq (Gesamt: 0)  0 Einträge vorhanden! (Der Prottask wurde aufgrund der Größe des AppTask -2147483648 mal wiederholt!)
In AppTask search/appseq/greyscale.seq(Gesamt: 0) sind aus ProtTask search/taskseq/dmul.seq (Gesamt: 0)  0 Einträge vorhanden! (Der Prottask wurde aufgrund der Größe des AppTask -2147483648 mal wiederholt!)
In AppTask search/appseq/greyscale.seq(Gesamt: 0) sind aus ProtTask search/taskseq/m4x4smul.seq (Gesamt: 0)  0 Einträge vorhanden! (Der Prottask wurde aufgrund der Größe des AppTask -2147483648 mal wiederholt!)
In AppTask search/appseq/greyscale.seq(Gesamt: 0) sind aus ProtTask search/taskseq/iadd.seq (Gesamt: 0)  0 Einträge vorhanden! (Der Prottask wurde aufgrund der Größe des AppTask -2147483648 mal wiederholt!)
In AppTask search/appseq/greyscale.seq(Gesamt: 0) sind aus ProtTask search/taskseq/logic.seq (Gesamt: 0)  0 Einträge vorhanden! (Der Prottask wurde aufgrund der Größe des AppTask -2147483648 mal wiederholt!)
In AppTask search/appseq/greyscale.seq(Gesamt: 0) sind aus ProtTask search/taskseq/imul.seq (Gesamt: 0)  0 Einträge vorhanden! (Der Prottask wurde aufgrund der Größe des AppTask -2147483648 mal wiederholt!)
In AppTask search/appseq/greyscale.seq(Gesamt: 0) sind aus ProtTask search/taskseq/dmem64_SIMD.seq (Gesamt: 0)  0 Einträge vorhanden! (Der Prottask wurde aufgrund der Größe des AppTask -2147483648 mal wiederholt!)
In AppTask search/appseq/greyscale.seq(Gesamt: 0) sind aus ProtTask search/taskseq/ssub32_SIMD.seq (Gesamt: 0)  0 Einträge vorhanden! (Der Prottask wurde aufgrund der Größe des AppTask -2147483648 mal wiederholt!)
In AppTask search/appseq/greyscale.seq(Gesamt: 0) sind aus ProtTask search/taskseq/vmov_SIMD.seq (Gesamt: 0)  0 Einträge vorhanden! (Der Prottask wurde aufgrund der Größe des AppTask -2147483648 mal wiederholt!)
In AppTask search/appseq/greyscale.seq(Gesamt: 0) sind aus ProtTask search/taskseq/smul32_SIMD.seq (Gesamt: 0)  0 Einträge vorhanden! (Der Prottask wurde aufgrund der Größe des AppTask -2147483648 mal wiederholt!)
In AppTask search/appseq/greyscale.seq(Gesamt: 0) sind aus ProtTask search/taskseq/shift.seq (Gesamt: 0)  0 Einträge vorhanden! (Der Prottask wurde aufgrund der Größe des AppTask -2147483648 mal wiederholt!)
In AppTask search/appseq/greyscale.seq(Gesamt: 0) sind aus ProtTask search/taskseq/smem32_SIMD.seq (Gesamt: 0)  0 Einträge vorhanden! (Der Prottask wurde aufgrund der Größe des AppTask -2147483648 mal wiederholt!)

Der ähnlichste ProttypTask für den AppTask search/appseq/greyscale.seq ist (0 Treffer)

In AppTask search/appseq/testWithNop.seq(Gesamt: 0) sind aus ProtTask search/taskseq/nop.seq (Gesamt: 0)  0 Einträge vorhanden! (Der Prottask wurde aufgrund der Größe des AppTask -2147483648 mal wiederholt!)
In AppTask search/appseq/testWithNop.seq(Gesamt: 0) sind aus ProtTask search/taskseq/vconvert_SIMD.seq (Gesamt: 0)  0 Einträge vorhanden! (Der Prottask wurde aufgrund der Größe des AppTask -2147483648 mal wiederholt!)
In AppTask search/appseq/testWithNop.seq(Gesamt: 0) sind aus ProtTask search/taskseq/imov.seq (Gesamt: 0)  0 Einträge vorhanden! (Der Prottask wurde aufgrund der Größe des AppTask -2147483648 mal wiederholt!)
In AppTask search/appseq/testWithNop.seq(Gesamt: 0) sind aus ProtTask search/taskseq/imem.seq (Gesamt: 0)  0 Einträge vorhanden! (Der Prottask wurde aufgrund der Größe des AppTask -2147483648 mal wiederholt!)
In AppTask search/appseq/testWithNop.seq(Gesamt: 0) sind aus ProtTask search/taskseq/icompare.seq (Gesamt: 0)  0 Einträge vorhanden! (Der Prottask wurde aufgrund der Größe des AppTask -2147483648 mal wiederholt!)
In AppTask search/appseq/testWithNop.seq(Gesamt: 0) sind aus ProtTask search/taskseq/branch.seq (Gesamt: 0)  0 Einträge vorhanden! (Der Prottask wurde aufgrund der Größe des AppTask -2147483648 mal wiederholt!)
In AppTask search/appseq/testWithNop.seq(Gesamt: 0) sind aus ProtTask search/taskseq/bitbyte.seq (Gesamt: 0)  0 Einträge vorhanden! (Der Prottask wurde aufgrund der Größe des AppTask -2147483648 mal wiederholt!)
In AppTask search/appseq/testWithNop.seq(Gesamt: 0) sind aus ProtTask search/taskseq/v1x4smul_SIMD.seq (Gesamt: 0)  0 Einträge vorhanden! (Der Prottask wurde aufgrund der Größe des AppTask -2147483648 mal wiederholt!)
In AppTask search/appseq/testWithNop.seq(Gesamt: 0) sind aus ProtTask search/taskseq/dmem.seq (Gesamt: 0)  0 Einträge vorhanden! (Der Prottask wurde aufgrund der Größe des AppTask -2147483648 mal wiederholt!)
In AppTask search/appseq/testWithNop.seq(Gesamt: 0) sind aus ProtTask search/taskseq/dsub64_SIMD.seq (Gesamt: 0)  0 Einträge vorhanden! (Der Prottask wurde aufgrund der Größe des AppTask -2147483648 mal wiederholt!)
In AppTask search/appseq/testWithNop.seq(Gesamt: 0) sind aus ProtTask search/taskseq/dadd.seq (Gesamt: 0)  0 Einträge vorhanden! (Der Prottask wurde aufgrund der Größe des AppTask -2147483648 mal wiederholt!)
In AppTask search/appseq/testWithNop.seq(Gesamt: 0) sind aus ProtTask search/taskseq/m4x4smul_SIMD.seq (Gesamt: 0)  0 Einträge vorhanden! (Der Prottask wurde aufgrund der Größe des AppTask -2147483648 mal wiederholt!)
In AppTask search/appseq/testWithNop.seq(Gesamt: 0) sind aus ProtTask search/taskseq/dmul64_SIMD.seq (Gesamt: 0)  0 Einträge vorhanden! (Der Prottask wurde aufgrund der Größe des AppTask -2147483648 mal wiederholt!)
In AppTask search/appseq/testWithNop.seq(Gesamt: 0) sind aus ProtTask search/taskseq/dmul.seq (Gesamt: 0)  0 Einträge vorhanden! (Der Prottask wurde aufgrund der Größe des AppTask -2147483648 mal wiederholt!)
In AppTask search/appseq/testWithNop.seq(Gesamt: 0) sind aus ProtTask search/taskseq/m4x4smul.seq (Gesamt: 0)  0 Einträge vorhanden! (Der Prottask wurde aufgrund der Größe des AppTask -2147483648 mal wiederholt!)
In AppTask search/appseq/testWithNop.seq(Gesamt: 0) sind aus ProtTask search/taskseq/iadd.seq (Gesamt: 0)  0 Einträge vorhanden! (Der Prottask wurde aufgrund der Größe des AppTask -2147483648 mal wiederholt!)
In AppTask search/appseq/testWithNop.seq(Gesamt: 0) sind aus ProtTask search/taskseq/logic.seq (Gesamt: 0)  0 Einträge vorhanden! (Der Prottask wurde aufgrund der Größe des AppTask -2147483648 mal wiederholt!)
In AppTask search/appseq/testWithNop.seq(Gesamt: 0) sind aus ProtTask search/taskseq/imul.seq (Gesamt: 0)  0 Einträge vorhanden! (Der Prottask wurde aufgrund der Größe des AppTask -2147483648 mal wiederholt!)
In AppTask search/appseq/testWithNop.seq(Gesamt: 0) sind aus ProtTask search/taskseq/dmem64_SIMD.seq (Gesamt: 0)  0 Einträge vorhanden! (Der Prottask wurde aufgrund der Größe des AppTask -2147483648 mal wiederholt!)
In AppTask search/appseq/testWithNop.seq(Gesamt: 0) sind aus ProtTask search/taskseq/ssub32_SIMD.seq (Gesamt: 0)  0 Einträge vorhanden! (Der Prottask wurde aufgrund der Größe des AppTask -2147483648 mal wiederholt!)
In AppTask search/appseq/testWithNop.seq(Gesamt: 0) sind aus ProtTask search/taskseq/vmov_SIMD.seq (Gesamt: 0)  0 Einträge vorhanden! (Der Prottask wurde aufgrund der Größe des AppTask -2147483648 mal wiederholt!)
In AppTask search/appseq/testWithNop.seq(Gesamt: 0) sind aus ProtTask search/taskseq/smul32_SIMD.seq (Gesamt: 0)  0 Einträge vorhanden! (Der Prottask wurde aufgrund der Größe des AppTask -2147483648 mal wiederholt!)
In AppTask search/appseq/testWithNop.seq(Gesamt: 0) sind aus ProtTask search/taskseq/shift.seq (Gesamt: 0)  0 Einträge vorhanden! (Der Prottask wurde aufgrund der Größe des AppTask -2147483648 mal wiederholt!)
In AppTask search/appseq/testWithNop.seq(Gesamt: 0) sind aus ProtTask search/taskseq/smem32_SIMD.seq (Gesamt: 0)  0 Einträge vorhanden! (Der Prottask wurde aufgrund der Größe des AppTask -2147483648 mal wiederholt!)

Der ähnlichste ProttypTask für den AppTask search/appseq/testWithNop.seq ist (0 Treffer)

