In AppTask search/appseq/sobelv.seq(Gesamt: 17432) sind aus ProtTask search/taskseq/nop.seq (Gesamt: 1999)  9994 Einträge vorhanden! (Der Prottask wurde aufgrund der Größe des AppTask 8 mal wiederholt!)
In AppTask search/appseq/sobelv.seq(Gesamt: 17432) sind aus ProtTask search/taskseq/vconvert_SIMD.seq (Gesamt: 2090)  10552 Einträge vorhanden! (Der Prottask wurde aufgrund der Größe des AppTask 8 mal wiederholt!)
In AppTask search/appseq/sobelv.seq(Gesamt: 17432) sind aus ProtTask search/taskseq/imov.seq (Gesamt: 1996)  9967 Einträge vorhanden! (Der Prottask wurde aufgrund der Größe des AppTask 8 mal wiederholt!)
In AppTask search/appseq/sobelv.seq(Gesamt: 17432) sind aus ProtTask search/taskseq/imem.seq (Gesamt: 2080)  10683 Einträge vorhanden! (Der Prottask wurde aufgrund der Größe des AppTask 8 mal wiederholt!)
In AppTask search/appseq/sobelv.seq(Gesamt: 17432) sind aus ProtTask search/taskseq/icompare.seq (Gesamt: 2095)  10156 Einträge vorhanden! (Der Prottask wurde aufgrund der Größe des AppTask 8 mal wiederholt!)
In AppTask search/appseq/sobelv.seq(Gesamt: 17432) sind aus ProtTask search/taskseq/branch.seq (Gesamt: 1997)  9994 Einträge vorhanden! (Der Prottask wurde aufgrund der Größe des AppTask 8 mal wiederholt!)
In AppTask search/appseq/sobelv.seq(Gesamt: 17432) sind aus ProtTask search/taskseq/bitbyte.seq (Gesamt: 2037)  10372 Einträge vorhanden! (Der Prottask wurde aufgrund der Größe des AppTask 8 mal wiederholt!)
In AppTask search/appseq/sobelv.seq(Gesamt: 17432) sind aus ProtTask search/taskseq/v1x4smul_SIMD.seq (Gesamt: 2287)  9595 Einträge vorhanden! (Der Prottask wurde aufgrund der Größe des AppTask 7 mal wiederholt!)
In AppTask search/appseq/sobelv.seq(Gesamt: 17432) sind aus ProtTask search/taskseq/dmem.seq (Gesamt: 2091)  10746 Einträge vorhanden! (Der Prottask wurde aufgrund der Größe des AppTask 8 mal wiederholt!)
In AppTask search/appseq/sobelv.seq(Gesamt: 17432) sind aus ProtTask search/taskseq/dsub64_SIMD.seq (Gesamt: 2114)  9967 Einträge vorhanden! (Der Prottask wurde aufgrund der Größe des AppTask 8 mal wiederholt!)
In AppTask search/appseq/sobelv.seq(Gesamt: 17432) sind aus ProtTask search/taskseq/dadd.seq (Gesamt: 2062)  9976 Einträge vorhanden! (Der Prottask wurde aufgrund der Größe des AppTask 8 mal wiederholt!)
In AppTask search/appseq/sobelv.seq(Gesamt: 17432) sind aus ProtTask search/taskseq/m4x4smul_SIMD.seq (Gesamt: 2328)  10027 Einträge vorhanden! (Der Prottask wurde aufgrund der Größe des AppTask 7 mal wiederholt!)
In AppTask search/appseq/sobelv.seq(Gesamt: 17432) sind aus ProtTask search/taskseq/dmul64_SIMD.seq (Gesamt: 2114)  9967 Einträge vorhanden! (Der Prottask wurde aufgrund der Größe des AppTask 8 mal wiederholt!)
In AppTask search/appseq/sobelv.seq(Gesamt: 17432) sind aus ProtTask search/taskseq/dmul.seq (Gesamt: 2062)  10031 Einträge vorhanden! (Der Prottask wurde aufgrund der Größe des AppTask 8 mal wiederholt!)
In AppTask search/appseq/sobelv.seq(Gesamt: 17432) sind aus ProtTask search/taskseq/m4x4smul.seq (Gesamt: 1999)  10120 Einträge vorhanden! (Der Prottask wurde aufgrund der Größe des AppTask 8 mal wiederholt!)
In AppTask search/appseq/sobelv.seq(Gesamt: 17432) sind aus ProtTask search/taskseq/iadd.seq (Gesamt: 2039)  10516 Einträge vorhanden! (Der Prottask wurde aufgrund der Größe des AppTask 8 mal wiederholt!)
In AppTask search/appseq/sobelv.seq(Gesamt: 17432) sind aus ProtTask search/taskseq/logic.seq (Gesamt: 2036)  10327 Einträge vorhanden! (Der Prottask wurde aufgrund der Größe des AppTask 8 mal wiederholt!)
In AppTask search/appseq/sobelv.seq(Gesamt: 17432) sind aus ProtTask search/taskseq/imul.seq (Gesamt: 2071)  10696 Einträge vorhanden! (Der Prottask wurde aufgrund der Größe des AppTask 8 mal wiederholt!)
In AppTask search/appseq/sobelv.seq(Gesamt: 17432) sind aus ProtTask search/taskseq/dmem64_SIMD.seq (Gesamt: 2081)  10696 Einträge vorhanden! (Der Prottask wurde aufgrund der Größe des AppTask 8 mal wiederholt!)
In AppTask search/appseq/sobelv.seq(Gesamt: 17432) sind aus ProtTask search/taskseq/ssub32_SIMD.seq (Gesamt: 2114)  9967 Einträge vorhanden! (Der Prottask wurde aufgrund der Größe des AppTask 8 mal wiederholt!)
In AppTask search/appseq/sobelv.seq(Gesamt: 17432) sind aus ProtTask search/taskseq/vmov_SIMD.seq (Gesamt: 2157)  11245 Einträge vorhanden! (Der Prottask wurde aufgrund der Größe des AppTask 8 mal wiederholt!)
In AppTask search/appseq/sobelv.seq(Gesamt: 17432) sind aus ProtTask search/taskseq/smul32_SIMD.seq (Gesamt: 2114)  9967 Einträge vorhanden! (Der Prottask wurde aufgrund der Größe des AppTask 8 mal wiederholt!)
In AppTask search/appseq/sobelv.seq(Gesamt: 17432) sind aus ProtTask search/taskseq/shift.seq (Gesamt: 1996)  9967 Einträge vorhanden! (Der Prottask wurde aufgrund der Größe des AppTask 8 mal wiederholt!)
In AppTask search/appseq/sobelv.seq(Gesamt: 17432) sind aus ProtTask search/taskseq/smem32_SIMD.seq (Gesamt: 45)  8623 Einträge vorhanden! (Der Prottask wurde aufgrund der Größe des AppTask 387 mal wiederholt!)

Der ähnlichste ProttypTask für den AppTask search/appseq/sobelv.seq ist search/taskseq/vmov_SIMD.seq(11245 Treffer)

In AppTask search/appseq/checkcontrast.seq(Gesamt: 1922) sind aus ProtTask search/taskseq/nop.seq (Gesamt: 1999)  1847 Einträge vorhanden! (Der Prottask wurde aufgrund der Größe des AppTask 0 mal wiederholt!)
In AppTask search/appseq/checkcontrast.seq(Gesamt: 1922) sind aus ProtTask search/taskseq/vconvert_SIMD.seq (Gesamt: 2090)  1847 Einträge vorhanden! (Der Prottask wurde aufgrund der Größe des AppTask 0 mal wiederholt!)
In AppTask search/appseq/checkcontrast.seq(Gesamt: 1922) sind aus ProtTask search/taskseq/imov.seq (Gesamt: 1996)  1847 Einträge vorhanden! (Der Prottask wurde aufgrund der Größe des AppTask 0 mal wiederholt!)
In AppTask search/appseq/checkcontrast.seq(Gesamt: 1922) sind aus ProtTask search/taskseq/imem.seq (Gesamt: 2080)  1851 Einträge vorhanden! (Der Prottask wurde aufgrund der Größe des AppTask 0 mal wiederholt!)
In AppTask search/appseq/checkcontrast.seq(Gesamt: 1922) sind aus ProtTask search/taskseq/icompare.seq (Gesamt: 2095)  1849 Einträge vorhanden! (Der Prottask wurde aufgrund der Größe des AppTask 0 mal wiederholt!)
In AppTask search/appseq/checkcontrast.seq(Gesamt: 1922) sind aus ProtTask search/taskseq/branch.seq (Gesamt: 1997)  1848 Einträge vorhanden! (Der Prottask wurde aufgrund der Größe des AppTask 0 mal wiederholt!)
In AppTask search/appseq/checkcontrast.seq(Gesamt: 1922) sind aus ProtTask search/taskseq/bitbyte.seq (Gesamt: 2037)  1851 Einträge vorhanden! (Der Prottask wurde aufgrund der Größe des AppTask 0 mal wiederholt!)
In AppTask search/appseq/checkcontrast.seq(Gesamt: 1922) sind aus ProtTask search/taskseq/v1x4smul_SIMD.seq (Gesamt: 2287)  1857 Einträge vorhanden! (Der Prottask wurde aufgrund der Größe des AppTask 0 mal wiederholt!)
In AppTask search/appseq/checkcontrast.seq(Gesamt: 1922) sind aus ProtTask search/taskseq/dmem.seq (Gesamt: 2091)  1856 Einträge vorhanden! (Der Prottask wurde aufgrund der Größe des AppTask 0 mal wiederholt!)
In AppTask search/appseq/checkcontrast.seq(Gesamt: 1922) sind aus ProtTask search/taskseq/dsub64_SIMD.seq (Gesamt: 2114)  1847 Einträge vorhanden! (Der Prottask wurde aufgrund der Größe des AppTask 0 mal wiederholt!)
In AppTask search/appseq/checkcontrast.seq(Gesamt: 1922) sind aus ProtTask search/taskseq/dadd.seq (Gesamt: 2062)  1847 Einträge vorhanden! (Der Prottask wurde aufgrund der Größe des AppTask 0 mal wiederholt!)
In AppTask search/appseq/checkcontrast.seq(Gesamt: 1922) sind aus ProtTask search/taskseq/m4x4smul_SIMD.seq (Gesamt: 2328)  1868 Einträge vorhanden! (Der Prottask wurde aufgrund der Größe des AppTask 0 mal wiederholt!)
In AppTask search/appseq/checkcontrast.seq(Gesamt: 1922) sind aus ProtTask search/taskseq/dmul64_SIMD.seq (Gesamt: 2114)  1847 Einträge vorhanden! (Der Prottask wurde aufgrund der Größe des AppTask 0 mal wiederholt!)
In AppTask search/appseq/checkcontrast.seq(Gesamt: 1922) sind aus ProtTask search/taskseq/dmul.seq (Gesamt: 2062)  1847 Einträge vorhanden! (Der Prottask wurde aufgrund der Größe des AppTask 0 mal wiederholt!)
In AppTask search/appseq/checkcontrast.seq(Gesamt: 1922) sind aus ProtTask search/taskseq/m4x4smul.seq (Gesamt: 1999)  1851 Einträge vorhanden! (Der Prottask wurde aufgrund der Größe des AppTask 0 mal wiederholt!)
In AppTask search/appseq/checkcontrast.seq(Gesamt: 1922) sind aus ProtTask search/taskseq/iadd.seq (Gesamt: 2039)  1859 Einträge vorhanden! (Der Prottask wurde aufgrund der Größe des AppTask 0 mal wiederholt!)
In AppTask search/appseq/checkcontrast.seq(Gesamt: 1922) sind aus ProtTask search/taskseq/logic.seq (Gesamt: 2036)  1847 Einträge vorhanden! (Der Prottask wurde aufgrund der Größe des AppTask 0 mal wiederholt!)
In AppTask search/appseq/checkcontrast.seq(Gesamt: 1922) sind aus ProtTask search/taskseq/imul.seq (Gesamt: 2071)  1861 Einträge vorhanden! (Der Prottask wurde aufgrund der Größe des AppTask 0 mal wiederholt!)
In AppTask search/appseq/checkcontrast.seq(Gesamt: 1922) sind aus ProtTask search/taskseq/dmem64_SIMD.seq (Gesamt: 2081)  1866 Einträge vorhanden! (Der Prottask wurde aufgrund der Größe des AppTask 0 mal wiederholt!)
In AppTask search/appseq/checkcontrast.seq(Gesamt: 1922) sind aus ProtTask search/taskseq/ssub32_SIMD.seq (Gesamt: 2114)  1847 Einträge vorhanden! (Der Prottask wurde aufgrund der Größe des AppTask 0 mal wiederholt!)
In AppTask search/appseq/checkcontrast.seq(Gesamt: 1922) sind aus ProtTask search/taskseq/vmov_SIMD.seq (Gesamt: 2157)  1862 Einträge vorhanden! (Der Prottask wurde aufgrund der Größe des AppTask 0 mal wiederholt!)
In AppTask search/appseq/checkcontrast.seq(Gesamt: 1922) sind aus ProtTask search/taskseq/smul32_SIMD.seq (Gesamt: 2114)  1847 Einträge vorhanden! (Der Prottask wurde aufgrund der Größe des AppTask 0 mal wiederholt!)
In AppTask search/appseq/checkcontrast.seq(Gesamt: 1922) sind aus ProtTask search/taskseq/shift.seq (Gesamt: 1996)  1848 Einträge vorhanden! (Der Prottask wurde aufgrund der Größe des AppTask 0 mal wiederholt!)
In AppTask search/appseq/checkcontrast.seq(Gesamt: 1922) sind aus ProtTask search/taskseq/smem32_SIMD.seq (Gesamt: 45)  1017 Einträge vorhanden! (Der Prottask wurde aufgrund der Größe des AppTask 42 mal wiederholt!)

Der ähnlichste ProttypTask für den AppTask search/appseq/checkcontrast.seq ist search/taskseq/m4x4smul_SIMD.seq(1868 Treffer)

In AppTask search/appseq/copyimage.seq(Gesamt: 3590) sind aus ProtTask search/taskseq/nop.seq (Gesamt: 1999)  2880 Einträge vorhanden! (Der Prottask wurde aufgrund der Größe des AppTask 1 mal wiederholt!)
In AppTask search/appseq/copyimage.seq(Gesamt: 3590) sind aus ProtTask search/taskseq/vconvert_SIMD.seq (Gesamt: 2090)  3011 Einträge vorhanden! (Der Prottask wurde aufgrund der Größe des AppTask 1 mal wiederholt!)
In AppTask search/appseq/copyimage.seq(Gesamt: 3590) sind aus ProtTask search/taskseq/imov.seq (Gesamt: 1996)  2882 Einträge vorhanden! (Der Prottask wurde aufgrund der Größe des AppTask 1 mal wiederholt!)
In AppTask search/appseq/copyimage.seq(Gesamt: 3590) sind aus ProtTask search/taskseq/imem.seq (Gesamt: 2080)  3004 Einträge vorhanden! (Der Prottask wurde aufgrund der Größe des AppTask 1 mal wiederholt!)
In AppTask search/appseq/copyimage.seq(Gesamt: 3590) sind aus ProtTask search/taskseq/icompare.seq (Gesamt: 2095)  2922 Einträge vorhanden! (Der Prottask wurde aufgrund der Größe des AppTask 1 mal wiederholt!)
In AppTask search/appseq/copyimage.seq(Gesamt: 3590) sind aus ProtTask search/taskseq/branch.seq (Gesamt: 1997)  2882 Einträge vorhanden! (Der Prottask wurde aufgrund der Größe des AppTask 1 mal wiederholt!)
In AppTask search/appseq/copyimage.seq(Gesamt: 3590) sind aus ProtTask search/taskseq/bitbyte.seq (Gesamt: 2037)  2970 Einträge vorhanden! (Der Prottask wurde aufgrund der Größe des AppTask 1 mal wiederholt!)
In AppTask search/appseq/copyimage.seq(Gesamt: 3590) sind aus ProtTask search/taskseq/v1x4smul_SIMD.seq (Gesamt: 2287)  2971 Einträge vorhanden! (Der Prottask wurde aufgrund der Größe des AppTask 1 mal wiederholt!)
In AppTask search/appseq/copyimage.seq(Gesamt: 3590) sind aus ProtTask search/taskseq/dmem.seq (Gesamt: 2091)  3015 Einträge vorhanden! (Der Prottask wurde aufgrund der Größe des AppTask 1 mal wiederholt!)
In AppTask search/appseq/copyimage.seq(Gesamt: 3590) sind aus ProtTask search/taskseq/dsub64_SIMD.seq (Gesamt: 2114)  2883 Einträge vorhanden! (Der Prottask wurde aufgrund der Größe des AppTask 1 mal wiederholt!)
In AppTask search/appseq/copyimage.seq(Gesamt: 3590) sind aus ProtTask search/taskseq/dadd.seq (Gesamt: 2062)  2882 Einträge vorhanden! (Der Prottask wurde aufgrund der Größe des AppTask 1 mal wiederholt!)
In AppTask search/appseq/copyimage.seq(Gesamt: 3590) sind aus ProtTask search/taskseq/m4x4smul_SIMD.seq (Gesamt: 2328)  3026 Einträge vorhanden! (Der Prottask wurde aufgrund der Größe des AppTask 1 mal wiederholt!)
In AppTask search/appseq/copyimage.seq(Gesamt: 3590) sind aus ProtTask search/taskseq/dmul64_SIMD.seq (Gesamt: 2114)  2883 Einträge vorhanden! (Der Prottask wurde aufgrund der Größe des AppTask 1 mal wiederholt!)
In AppTask search/appseq/copyimage.seq(Gesamt: 3590) sind aus ProtTask search/taskseq/dmul.seq (Gesamt: 2062)  2882 Einträge vorhanden! (Der Prottask wurde aufgrund der Größe des AppTask 1 mal wiederholt!)
In AppTask search/appseq/copyimage.seq(Gesamt: 3590) sind aus ProtTask search/taskseq/m4x4smul.seq (Gesamt: 1999)  2913 Einträge vorhanden! (Der Prottask wurde aufgrund der Größe des AppTask 1 mal wiederholt!)
In AppTask search/appseq/copyimage.seq(Gesamt: 3590) sind aus ProtTask search/taskseq/iadd.seq (Gesamt: 2039)  2962 Einträge vorhanden! (Der Prottask wurde aufgrund der Größe des AppTask 1 mal wiederholt!)
In AppTask search/appseq/copyimage.seq(Gesamt: 3590) sind aus ProtTask search/taskseq/logic.seq (Gesamt: 2036)  2964 Einträge vorhanden! (Der Prottask wurde aufgrund der Größe des AppTask 1 mal wiederholt!)
In AppTask search/appseq/copyimage.seq(Gesamt: 3590) sind aus ProtTask search/taskseq/imul.seq (Gesamt: 2071)  2990 Einträge vorhanden! (Der Prottask wurde aufgrund der Größe des AppTask 1 mal wiederholt!)
In AppTask search/appseq/copyimage.seq(Gesamt: 3590) sind aus ProtTask search/taskseq/dmem64_SIMD.seq (Gesamt: 2081)  2998 Einträge vorhanden! (Der Prottask wurde aufgrund der Größe des AppTask 1 mal wiederholt!)
In AppTask search/appseq/copyimage.seq(Gesamt: 3590) sind aus ProtTask search/taskseq/ssub32_SIMD.seq (Gesamt: 2114)  2883 Einträge vorhanden! (Der Prottask wurde aufgrund der Größe des AppTask 1 mal wiederholt!)
In AppTask search/appseq/copyimage.seq(Gesamt: 3590) sind aus ProtTask search/taskseq/vmov_SIMD.seq (Gesamt: 2157)  3085 Einträge vorhanden! (Der Prottask wurde aufgrund der Größe des AppTask 1 mal wiederholt!)
In AppTask search/appseq/copyimage.seq(Gesamt: 3590) sind aus ProtTask search/taskseq/smul32_SIMD.seq (Gesamt: 2114)  2883 Einträge vorhanden! (Der Prottask wurde aufgrund der Größe des AppTask 1 mal wiederholt!)
In AppTask search/appseq/copyimage.seq(Gesamt: 3590) sind aus ProtTask search/taskseq/shift.seq (Gesamt: 1996)  2892 Einträge vorhanden! (Der Prottask wurde aufgrund der Größe des AppTask 1 mal wiederholt!)
In AppTask search/appseq/copyimage.seq(Gesamt: 3590) sind aus ProtTask search/taskseq/smem32_SIMD.seq (Gesamt: 45)  1962 Einträge vorhanden! (Der Prottask wurde aufgrund der Größe des AppTask 79 mal wiederholt!)

Der ähnlichste ProttypTask für den AppTask search/appseq/copyimage.seq ist search/taskseq/vmov_SIMD.seq(3085 Treffer)

In AppTask search/appseq/combineimgs.seq(Gesamt: 8295) sind aus ProtTask search/taskseq/nop.seq (Gesamt: 1999)  5631 Einträge vorhanden! (Der Prottask wurde aufgrund der Größe des AppTask 4 mal wiederholt!)
In AppTask search/appseq/combineimgs.seq(Gesamt: 8295) sind aus ProtTask search/taskseq/vconvert_SIMD.seq (Gesamt: 2090)  5098 Einträge vorhanden! (Der Prottask wurde aufgrund der Größe des AppTask 3 mal wiederholt!)
In AppTask search/appseq/combineimgs.seq(Gesamt: 8295) sind aus ProtTask search/taskseq/imov.seq (Gesamt: 1996)  5584 Einträge vorhanden! (Der Prottask wurde aufgrund der Größe des AppTask 4 mal wiederholt!)
In AppTask search/appseq/combineimgs.seq(Gesamt: 8295) sind aus ProtTask search/taskseq/imem.seq (Gesamt: 2080)  5014 Einträge vorhanden! (Der Prottask wurde aufgrund der Größe des AppTask 3 mal wiederholt!)
In AppTask search/appseq/combineimgs.seq(Gesamt: 8295) sind aus ProtTask search/taskseq/icompare.seq (Gesamt: 2095)  4928 Einträge vorhanden! (Der Prottask wurde aufgrund der Größe des AppTask 3 mal wiederholt!)
In AppTask search/appseq/combineimgs.seq(Gesamt: 8295) sind aus ProtTask search/taskseq/branch.seq (Gesamt: 1997)  5631 Einträge vorhanden! (Der Prottask wurde aufgrund der Größe des AppTask 4 mal wiederholt!)
In AppTask search/appseq/combineimgs.seq(Gesamt: 8295) sind aus ProtTask search/taskseq/bitbyte.seq (Gesamt: 2037)  5804 Einträge vorhanden! (Der Prottask wurde aufgrund der Größe des AppTask 4 mal wiederholt!)
In AppTask search/appseq/combineimgs.seq(Gesamt: 8295) sind aus ProtTask search/taskseq/v1x4smul_SIMD.seq (Gesamt: 2287)  5062 Einträge vorhanden! (Der Prottask wurde aufgrund der Größe des AppTask 3 mal wiederholt!)
In AppTask search/appseq/combineimgs.seq(Gesamt: 8295) sind aus ProtTask search/taskseq/dmem.seq (Gesamt: 2091)  5042 Einträge vorhanden! (Der Prottask wurde aufgrund der Größe des AppTask 3 mal wiederholt!)
In AppTask search/appseq/combineimgs.seq(Gesamt: 8295) sind aus ProtTask search/taskseq/dsub64_SIMD.seq (Gesamt: 2114)  4846 Einträge vorhanden! (Der Prottask wurde aufgrund der Größe des AppTask 3 mal wiederholt!)
In AppTask search/appseq/combineimgs.seq(Gesamt: 8295) sind aus ProtTask search/taskseq/dadd.seq (Gesamt: 2062)  5584 Einträge vorhanden! (Der Prottask wurde aufgrund der Größe des AppTask 4 mal wiederholt!)
In AppTask search/appseq/combineimgs.seq(Gesamt: 8295) sind aus ProtTask search/taskseq/m4x4smul_SIMD.seq (Gesamt: 2328)  5236 Einträge vorhanden! (Der Prottask wurde aufgrund der Größe des AppTask 3 mal wiederholt!)
In AppTask search/appseq/combineimgs.seq(Gesamt: 8295) sind aus ProtTask search/taskseq/dmul64_SIMD.seq (Gesamt: 2114)  4846 Einträge vorhanden! (Der Prottask wurde aufgrund der Größe des AppTask 3 mal wiederholt!)
In AppTask search/appseq/combineimgs.seq(Gesamt: 8295) sind aus ProtTask search/taskseq/dmul.seq (Gesamt: 2062)  5584 Einträge vorhanden! (Der Prottask wurde aufgrund der Größe des AppTask 4 mal wiederholt!)
In AppTask search/appseq/combineimgs.seq(Gesamt: 8295) sind aus ProtTask search/taskseq/m4x4smul.seq (Gesamt: 1999)  5649 Einträge vorhanden! (Der Prottask wurde aufgrund der Größe des AppTask 4 mal wiederholt!)
In AppTask search/appseq/combineimgs.seq(Gesamt: 8295) sind aus ProtTask search/taskseq/iadd.seq (Gesamt: 2039)  5884 Einträge vorhanden! (Der Prottask wurde aufgrund der Größe des AppTask 4 mal wiederholt!)
In AppTask search/appseq/combineimgs.seq(Gesamt: 8295) sind aus ProtTask search/taskseq/logic.seq (Gesamt: 2036)  5784 Einträge vorhanden! (Der Prottask wurde aufgrund der Größe des AppTask 4 mal wiederholt!)
In AppTask search/appseq/combineimgs.seq(Gesamt: 8295) sind aus ProtTask search/taskseq/imul.seq (Gesamt: 2071)  5984 Einträge vorhanden! (Der Prottask wurde aufgrund der Größe des AppTask 4 mal wiederholt!)
In AppTask search/appseq/combineimgs.seq(Gesamt: 8295) sind aus ProtTask search/taskseq/dmem64_SIMD.seq (Gesamt: 2081)  5128 Einträge vorhanden! (Der Prottask wurde aufgrund der Größe des AppTask 3 mal wiederholt!)
In AppTask search/appseq/combineimgs.seq(Gesamt: 8295) sind aus ProtTask search/taskseq/ssub32_SIMD.seq (Gesamt: 2114)  4846 Einträge vorhanden! (Der Prottask wurde aufgrund der Größe des AppTask 3 mal wiederholt!)
In AppTask search/appseq/combineimgs.seq(Gesamt: 8295) sind aus ProtTask search/taskseq/vmov_SIMD.seq (Gesamt: 2157)  5332 Einträge vorhanden! (Der Prottask wurde aufgrund der Größe des AppTask 3 mal wiederholt!)
In AppTask search/appseq/combineimgs.seq(Gesamt: 8295) sind aus ProtTask search/taskseq/smul32_SIMD.seq (Gesamt: 2114)  4846 Einträge vorhanden! (Der Prottask wurde aufgrund der Größe des AppTask 3 mal wiederholt!)
In AppTask search/appseq/combineimgs.seq(Gesamt: 8295) sind aus ProtTask search/taskseq/shift.seq (Gesamt: 1996)  5584 Einträge vorhanden! (Der Prottask wurde aufgrund der Größe des AppTask 4 mal wiederholt!)
In AppTask search/appseq/combineimgs.seq(Gesamt: 8295) sind aus ProtTask search/taskseq/smem32_SIMD.seq (Gesamt: 45)  4050 Einträge vorhanden! (Der Prottask wurde aufgrund der Größe des AppTask 184 mal wiederholt!)

Der ähnlichste ProttypTask für den AppTask search/appseq/combineimgs.seq ist search/taskseq/imul.seq(5984 Treffer)

In AppTask search/appseq/sharpencontrast.seq(Gesamt: 17599) sind aus ProtTask search/taskseq/nop.seq (Gesamt: 1999)  9970 Einträge vorhanden! (Der Prottask wurde aufgrund der Größe des AppTask 8 mal wiederholt!)
In AppTask search/appseq/sharpencontrast.seq(Gesamt: 17599) sind aus ProtTask search/taskseq/vconvert_SIMD.seq (Gesamt: 2090)  10474 Einträge vorhanden! (Der Prottask wurde aufgrund der Größe des AppTask 8 mal wiederholt!)
In AppTask search/appseq/sharpencontrast.seq(Gesamt: 17599) sind aus ProtTask search/taskseq/imov.seq (Gesamt: 1996)  9907 Einträge vorhanden! (Der Prottask wurde aufgrund der Größe des AppTask 8 mal wiederholt!)
In AppTask search/appseq/sharpencontrast.seq(Gesamt: 17599) sind aus ProtTask search/taskseq/imem.seq (Gesamt: 2080)  10285 Einträge vorhanden! (Der Prottask wurde aufgrund der Größe des AppTask 8 mal wiederholt!)
In AppTask search/appseq/sharpencontrast.seq(Gesamt: 17599) sind aus ProtTask search/taskseq/icompare.seq (Gesamt: 2095)  10087 Einträge vorhanden! (Der Prottask wurde aufgrund der Größe des AppTask 8 mal wiederholt!)
In AppTask search/appseq/sharpencontrast.seq(Gesamt: 17599) sind aus ProtTask search/taskseq/branch.seq (Gesamt: 1997)  9970 Einträge vorhanden! (Der Prottask wurde aufgrund der Größe des AppTask 8 mal wiederholt!)
In AppTask search/appseq/sharpencontrast.seq(Gesamt: 17599) sind aus ProtTask search/taskseq/bitbyte.seq (Gesamt: 2037)  10303 Einträge vorhanden! (Der Prottask wurde aufgrund der Größe des AppTask 8 mal wiederholt!)
In AppTask search/appseq/sharpencontrast.seq(Gesamt: 17599) sind aus ProtTask search/taskseq/v1x4smul_SIMD.seq (Gesamt: 2287)  9571 Einträge vorhanden! (Der Prottask wurde aufgrund der Größe des AppTask 7 mal wiederholt!)
In AppTask search/appseq/sharpencontrast.seq(Gesamt: 17599) sind aus ProtTask search/taskseq/dmem.seq (Gesamt: 2091)  10348 Einträge vorhanden! (Der Prottask wurde aufgrund der Größe des AppTask 8 mal wiederholt!)
In AppTask search/appseq/sharpencontrast.seq(Gesamt: 17599) sind aus ProtTask search/taskseq/dsub64_SIMD.seq (Gesamt: 2114)  9907 Einträge vorhanden! (Der Prottask wurde aufgrund der Größe des AppTask 8 mal wiederholt!)
In AppTask search/appseq/sharpencontrast.seq(Gesamt: 17599) sind aus ProtTask search/taskseq/dadd.seq (Gesamt: 2062)  9907 Einträge vorhanden! (Der Prottask wurde aufgrund der Größe des AppTask 8 mal wiederholt!)
In AppTask search/appseq/sharpencontrast.seq(Gesamt: 17599) sind aus ProtTask search/taskseq/m4x4smul_SIMD.seq (Gesamt: 2328)  9915 Einträge vorhanden! (Der Prottask wurde aufgrund der Größe des AppTask 7 mal wiederholt!)
In AppTask search/appseq/sharpencontrast.seq(Gesamt: 17599) sind aus ProtTask search/taskseq/dmul64_SIMD.seq (Gesamt: 2114)  9907 Einträge vorhanden! (Der Prottask wurde aufgrund der Größe des AppTask 8 mal wiederholt!)
In AppTask search/appseq/sharpencontrast.seq(Gesamt: 17599) sind aus ProtTask search/taskseq/dmul.seq (Gesamt: 2062)  9907 Einträge vorhanden! (Der Prottask wurde aufgrund der Größe des AppTask 8 mal wiederholt!)
In AppTask search/appseq/sharpencontrast.seq(Gesamt: 17599) sind aus ProtTask search/taskseq/m4x4smul.seq (Gesamt: 1999)  10024 Einträge vorhanden! (Der Prottask wurde aufgrund der Größe des AppTask 8 mal wiederholt!)
In AppTask search/appseq/sharpencontrast.seq(Gesamt: 17599) sind aus ProtTask search/taskseq/iadd.seq (Gesamt: 2039)  10447 Einträge vorhanden! (Der Prottask wurde aufgrund der Größe des AppTask 8 mal wiederholt!)
In AppTask search/appseq/sharpencontrast.seq(Gesamt: 17599) sind aus ProtTask search/taskseq/logic.seq (Gesamt: 2036)  10267 Einträge vorhanden! (Der Prottask wurde aufgrund der Größe des AppTask 8 mal wiederholt!)
In AppTask search/appseq/sharpencontrast.seq(Gesamt: 17599) sind aus ProtTask search/taskseq/imul.seq (Gesamt: 2071)  10657 Einträge vorhanden! (Der Prottask wurde aufgrund der Größe des AppTask 8 mal wiederholt!)
In AppTask search/appseq/sharpencontrast.seq(Gesamt: 17599) sind aus ProtTask search/taskseq/dmem64_SIMD.seq (Gesamt: 2081)  10537 Einträge vorhanden! (Der Prottask wurde aufgrund der Größe des AppTask 8 mal wiederholt!)
In AppTask search/appseq/sharpencontrast.seq(Gesamt: 17599) sind aus ProtTask search/taskseq/ssub32_SIMD.seq (Gesamt: 2114)  9907 Einträge vorhanden! (Der Prottask wurde aufgrund der Größe des AppTask 8 mal wiederholt!)
In AppTask search/appseq/sharpencontrast.seq(Gesamt: 17599) sind aus ProtTask search/taskseq/vmov_SIMD.seq (Gesamt: 2157)  10996 Einträge vorhanden! (Der Prottask wurde aufgrund der Größe des AppTask 8 mal wiederholt!)
In AppTask search/appseq/sharpencontrast.seq(Gesamt: 17599) sind aus ProtTask search/taskseq/smul32_SIMD.seq (Gesamt: 2114)  9907 Einträge vorhanden! (Der Prottask wurde aufgrund der Größe des AppTask 8 mal wiederholt!)
In AppTask search/appseq/sharpencontrast.seq(Gesamt: 17599) sind aus ProtTask search/taskseq/shift.seq (Gesamt: 1996)  9907 Einträge vorhanden! (Der Prottask wurde aufgrund der Größe des AppTask 8 mal wiederholt!)
In AppTask search/appseq/sharpencontrast.seq(Gesamt: 17599) sind aus ProtTask search/taskseq/smem32_SIMD.seq (Gesamt: 45)  7464 Einträge vorhanden! (Der Prottask wurde aufgrund der Größe des AppTask 391 mal wiederholt!)

Der ähnlichste ProttypTask für den AppTask search/appseq/sharpencontrast.seq ist search/taskseq/vmov_SIMD.seq(10996 Treffer)

In AppTask search/appseq/loadimage.seq(Gesamt: 35140) sind aus ProtTask search/taskseq/nop.seq (Gesamt: 1999)  18572 Einträge vorhanden! (Der Prottask wurde aufgrund der Größe des AppTask 17 mal wiederholt!)
