In AppTask search/appseq/sobelv.seq(Gesamt: 17432) sind aus ProtTask search/taskseq/nop.seq (Gesamt: 1999)  1927 Einträge vorhanden! (Der Prottask wurde aufgrund der Größe des AppTask 1 mal wiederholt!)
In AppTask search/appseq/sobelv.seq(Gesamt: 17432) sind aus ProtTask search/taskseq/vconvert_SIMD.seq (Gesamt: 2090)  1971 Einträge vorhanden! (Der Prottask wurde aufgrund der Größe des AppTask 1 mal wiederholt!)
In AppTask search/appseq/sobelv.seq(Gesamt: 17432) sind aus ProtTask search/taskseq/imov.seq (Gesamt: 1996)  1915 Einträge vorhanden! (Der Prottask wurde aufgrund der Größe des AppTask 1 mal wiederholt!)
In AppTask search/appseq/sobelv.seq(Gesamt: 17432) sind aus ProtTask search/taskseq/imem.seq (Gesamt: 2080)  1989 Einträge vorhanden! (Der Prottask wurde aufgrund der Größe des AppTask 1 mal wiederholt!)
In AppTask search/appseq/sobelv.seq(Gesamt: 17432) sind aus ProtTask search/taskseq/icompare.seq (Gesamt: 2095)  1956 Einträge vorhanden! (Der Prottask wurde aufgrund der Größe des AppTask 1 mal wiederholt!)
In AppTask search/appseq/sobelv.seq(Gesamt: 17432) sind aus ProtTask search/taskseq/branch.seq (Gesamt: 1997)  1927 Einträge vorhanden! (Der Prottask wurde aufgrund der Größe des AppTask 1 mal wiederholt!)
In AppTask search/appseq/sobelv.seq(Gesamt: 17432) sind aus ProtTask search/taskseq/bitbyte.seq (Gesamt: 2037)  1951 Einträge vorhanden! (Der Prottask wurde aufgrund der Größe des AppTask 1 mal wiederholt!)
In AppTask search/appseq/sobelv.seq(Gesamt: 17432) sind aus ProtTask search/taskseq/v1x4smul_SIMD.seq (Gesamt: 2287)  1964 Einträge vorhanden! (Der Prottask wurde aufgrund der Größe des AppTask 1 mal wiederholt!)
In AppTask search/appseq/sobelv.seq(Gesamt: 17432) sind aus ProtTask search/taskseq/dmem.seq (Gesamt: 2091)  1998 Einträge vorhanden! (Der Prottask wurde aufgrund der Größe des AppTask 1 mal wiederholt!)
In AppTask search/appseq/sobelv.seq(Gesamt: 17432) sind aus ProtTask search/taskseq/dsub64_SIMD.seq (Gesamt: 2114)  1905 Einträge vorhanden! (Der Prottask wurde aufgrund der Größe des AppTask 1 mal wiederholt!)
In AppTask search/appseq/sobelv.seq(Gesamt: 17432) sind aus ProtTask search/taskseq/dadd.seq (Gesamt: 2062)  1907 Einträge vorhanden! (Der Prottask wurde aufgrund der Größe des AppTask 1 mal wiederholt!)
In AppTask search/appseq/sobelv.seq(Gesamt: 17432) sind aus ProtTask search/taskseq/m4x4smul_SIMD.seq (Gesamt: 2328)  2020 Einträge vorhanden! (Der Prottask wurde aufgrund der Größe des AppTask 1 mal wiederholt!)
In AppTask search/appseq/sobelv.seq(Gesamt: 17432) sind aus ProtTask search/taskseq/dmul64_SIMD.seq (Gesamt: 2114)  1905 Einträge vorhanden! (Der Prottask wurde aufgrund der Größe des AppTask 1 mal wiederholt!)
In AppTask search/appseq/sobelv.seq(Gesamt: 17432) sind aus ProtTask search/taskseq/dmul.seq (Gesamt: 2062)  1927 Einträge vorhanden! (Der Prottask wurde aufgrund der Größe des AppTask 1 mal wiederholt!)
In AppTask search/appseq/sobelv.seq(Gesamt: 17432) sind aus ProtTask search/taskseq/m4x4smul.seq (Gesamt: 1999)  1927 Einträge vorhanden! (Der Prottask wurde aufgrund der Größe des AppTask 1 mal wiederholt!)
In AppTask search/appseq/sobelv.seq(Gesamt: 17432) sind aus ProtTask search/taskseq/iadd.seq (Gesamt: 2039)  1969 Einträge vorhanden! (Der Prottask wurde aufgrund der Größe des AppTask 1 mal wiederholt!)
In AppTask search/appseq/sobelv.seq(Gesamt: 17432) sind aus ProtTask search/taskseq/logic.seq (Gesamt: 2036)  1947 Einträge vorhanden! (Der Prottask wurde aufgrund der Größe des AppTask 1 mal wiederholt!)
In AppTask search/appseq/sobelv.seq(Gesamt: 17432) sind aus ProtTask search/taskseq/imul.seq (Gesamt: 2071)  1995 Einträge vorhanden! (Der Prottask wurde aufgrund der Größe des AppTask 1 mal wiederholt!)
In AppTask search/appseq/sobelv.seq(Gesamt: 17432) sind aus ProtTask search/taskseq/dmem64_SIMD.seq (Gesamt: 2081)  1989 Einträge vorhanden! (Der Prottask wurde aufgrund der Größe des AppTask 1 mal wiederholt!)
In AppTask search/appseq/sobelv.seq(Gesamt: 17432) sind aus ProtTask search/taskseq/ssub32_SIMD.seq (Gesamt: 2114)  1905 Einträge vorhanden! (Der Prottask wurde aufgrund der Größe des AppTask 1 mal wiederholt!)
In AppTask search/appseq/sobelv.seq(Gesamt: 17432) sind aus ProtTask search/taskseq/vmov_SIMD.seq (Gesamt: 2157)  2048 Einträge vorhanden! (Der Prottask wurde aufgrund der Größe des AppTask 1 mal wiederholt!)
In AppTask search/appseq/sobelv.seq(Gesamt: 17432) sind aus ProtTask search/taskseq/smul32_SIMD.seq (Gesamt: 2114)  1905 Einträge vorhanden! (Der Prottask wurde aufgrund der Größe des AppTask 1 mal wiederholt!)
In AppTask search/appseq/sobelv.seq(Gesamt: 17432) sind aus ProtTask search/taskseq/shift.seq (Gesamt: 1996)  1906 Einträge vorhanden! (Der Prottask wurde aufgrund der Größe des AppTask 1 mal wiederholt!)
In AppTask search/appseq/sobelv.seq(Gesamt: 17432) sind aus ProtTask search/taskseq/smem32_SIMD.seq (Gesamt: 45)  39 Einträge vorhanden! (Der Prottask wurde aufgrund der Größe des AppTask 1 mal wiederholt!)
Der ähnlichste ProttypTask für den AppTask search/appseq/sobelv.seq ist search/taskseq/vmov_SIMD.seq(2048 Treffer)

