Haltepunkt 1 at 0x53df: file main.cpp, line 58.
[Thread debugging using libthread_db enabled]
Using host libthread_db library "/lib/x86_64-linux-gnu/libthread_db.so.1".

Breakpoint 1, run_empty () at main.cpp:58
58	    return NULL;
Haltepunkt 2 at 0x5555555593df: file main.cpp, line 58.
59	}
0x00005555555593e5	59	}
0x000055555555949b in main (argc=2, argv=0x7fffffffdc78) at main.cpp:77
77	            run_empty();
206	    return 0;
207	}
0x0000555555559b80	207	}
0x00007ffff7c29d90 in __libc_start_call_main (main=main@entry=0x5555555593e6 <main(int, char**)>, argc=argc@entry=2, argv=argv@entry=0x7fffffffdc78) at ../sysdeps/nptl/libc_start_call_main.h:58
74	in ../sysdeps/nptl/libc_start_call_main.h
__GI_exit (status=0) at ./stdlib/exit.c:142
0x00007ffff7c455f4	142	in ./stdlib/exit.c
0x00007ffff7c455f5	142	in ./stdlib/exit.c
143	in ./stdlib/exit.c
0x00007ffff7c455fb	143	in ./stdlib/exit.c
0x00007ffff7c45600	143	in ./stdlib/exit.c
0x00007ffff7c45607	142	in ./stdlib/exit.c
0x00007ffff7c4560b	143	in ./stdlib/exit.c
__run_exit_handlers (status=0, listp=0x7ffff7e1a838 <__exit_funcs>, run_list_atexit=run_list_atexit@entry=true, run_dtors=run_dtors@entry=true) at ./stdlib/exit.c:40
40	in ./stdlib/exit.c
45	in ./stdlib/exit.c
0x00007ffff7c45396	45	in ./stdlib/exit.c
0x00007ffff7c45398	45	in ./stdlib/exit.c
0x00007ffff7c4539a	45	in ./stdlib/exit.c
0x00007ffff7c4539c	45	in ./stdlib/exit.c
0x00007ffff7c4539f	45	in ./stdlib/exit.c
0x00007ffff7c453a0	45	in ./stdlib/exit.c
0x00007ffff7c453a2	45	in ./stdlib/exit.c
0x00007ffff7c453a3	45	in ./stdlib/exit.c
0x00007ffff7c453a7	40	in ./stdlib/exit.c
0x00007ffff7c453ab	45	in ./stdlib/exit.c
0x00007ffff7c453ad	45	in ./stdlib/exit.c
46	in ./stdlib/exit.c
__GI___call_tls_dtors () at ./stdlib/cxa_thread_atexit_impl.c:149
150	in ./stdlib/cxa_thread_atexit_impl.c
0x00007ffff7c45d65	150	in ./stdlib/cxa_thread_atexit_impl.c
0x00007ffff7c45d66	150	in ./stdlib/cxa_thread_atexit_impl.c
0x00007ffff7c45d6a	150	in ./stdlib/cxa_thread_atexit_impl.c
0x00007ffff7c45d71	150	in ./stdlib/cxa_thread_atexit_impl.c
0x00007ffff7c45d75	150	in ./stdlib/cxa_thread_atexit_impl.c
0x00007ffff7c45d78	150	in ./stdlib/cxa_thread_atexit_impl.c
0x00007ffff7c45dbd	168	in ./stdlib/cxa_thread_atexit_impl.c
0x00007ffff7c45dc1	168	in ./stdlib/cxa_thread_atexit_impl.c
0x00007ffff7c45dc2	168	in ./stdlib/cxa_thread_atexit_impl.c
0x00007ffff7c45dc3	168	in ./stdlib/cxa_thread_atexit_impl.c
0x00007ffff7c455c9 in __run_exit_handlers (status=0, listp=0x7ffff7e1a838 <__exit_funcs>, run_list_atexit=run_list_atexit@entry=true, run_dtors=run_dtors@entry=true) at ./stdlib/exit.c:46
48	in ./stdlib/exit.c
0x00007ffff7c453ba	48	in ./stdlib/exit.c
0x00007ffff7c453bc	48	in ./stdlib/exit.c
0x00007ffff7c453c1	48	in ./stdlib/exit.c
0x00007ffff7c453c6	48	in ./stdlib/exit.c
0x00007ffff7c453cc	98	in ./stdlib/exit.c
0x00007ffff7c453ce	56	in ./stdlib/exit.c
58	in ./stdlib/exit.c
0x00007ffff7c453d5	58	in ./stdlib/exit.c
0x00007ffff7c453db	58	in ./stdlib/exit.c
0x00007ffff7c453e0	66	in ./stdlib/exit.c
66	in ./stdlib/exit.c
0x00007ffff7c453e7	66	in ./stdlib/exit.c
68	in ./stdlib/exit.c
0x00007ffff7c453f1	71	in ./stdlib/exit.c
0x00007ffff7c453f4	68	in ./stdlib/exit.c
71	in ./stdlib/exit.c
0x00007ffff7c453fc	71	in ./stdlib/exit.c
0x00007ffff7c45401	71	in ./stdlib/exit.c
0x00007ffff7c45405	71	in ./stdlib/exit.c
0x00007ffff7c4540b	71	in ./stdlib/exit.c
0x00007ffff7c4540f	71	in ./stdlib/exit.c
105	in ./stdlib/exit.c
0x00007ffff7c45463	106	in ./stdlib/exit.c
0x00007ffff7c45467	107	in ./stdlib/exit.c
0x00007ffff7c4546b	105	in ./stdlib/exit.c
109	in ./stdlib/exit.c
0x00007ffff7c45475	109	in ./stdlib/exit.c
0x00007ffff7c45479	109	in ./stdlib/exit.c
112	in ./stdlib/exit.c
112	in ./stdlib/exit.c
0x00007ffff7c45488	112	in ./stdlib/exit.c
113	in ./stdlib/exit.c
0x00007ffff7c45490	113	in ./stdlib/exit.c
0x00007ffff7c45493	113	in ./stdlib/exit.c
_dl_fini () at ./elf/dl-fini.c:31
51	in ./elf/dl-fini.c
0x00007ffff7fc9045	51	in ./elf/dl-fini.c
0x00007ffff7fc9048	51	in ./elf/dl-fini.c
0x00007ffff7fc904a	51	in ./elf/dl-fini.c
0x00007ffff7fc904c	51	in ./elf/dl-fini.c
0x00007ffff7fc904e	51	in ./elf/dl-fini.c
0x00007ffff7fc9050	51	in ./elf/dl-fini.c
0x00007ffff7fc9051	51	in ./elf/dl-fini.c
0x00007ffff7fc9055	51	in ./elf/dl-fini.c
0x00007ffff7fc905c	51	in ./elf/dl-fini.c
0x00007ffff7fc9060	51	in ./elf/dl-fini.c
0x00007ffff7fc9066	48	in ./elf/dl-fini.c
0x00007ffff7fc906d	48	in ./elf/dl-fini.c
0x00007ffff7fc9074	48	in ./elf/dl-fini.c
0x00007ffff7fc9078	48	in ./elf/dl-fini.c
0x00007ffff7fc907f	48	in ./elf/dl-fini.c
0x00007ffff7fc9083	48	in ./elf/dl-fini.c
0x00007ffff7fc9086	48	in ./elf/dl-fini.c
54	in ./elf/dl-fini.c
0x00007ffff7fc90b1	54	in ./elf/dl-fini.c
___pthread_mutex_lock (mutex=0x7ffff7ffda48 <_rtld_global+2568>) at ./nptl/pthread_mutex_lock.c:77
80	in ./nptl/pthread_mutex_lock.c
0x00007ffff7c97ef7	80	in ./nptl/pthread_mutex_lock.c
0x00007ffff7c97ef9	80	in ./nptl/pthread_mutex_lock.c
82	in ./nptl/pthread_mutex_lock.c
84	in ./nptl/pthread_mutex_lock.c
0x00007ffff7c97f03	84	in ./nptl/pthread_mutex_lock.c
88	in ./nptl/pthread_mutex_lock.c
0x00007ffff7c97f0a	88	in ./nptl/pthread_mutex_lock.c
0x00007ffff7c97f0e	88	in ./nptl/pthread_mutex_lock.c
0x00007ffff7c97f10	88	in ./nptl/pthread_mutex_lock.c
97	in ./nptl/pthread_mutex_lock.c
0x00007ffff7c97fbe	97	in ./nptl/pthread_mutex_lock.c
108	in ./nptl/pthread_mutex_lock.c
0x00007ffff7c97fc3	108	in ./nptl/pthread_mutex_lock.c
0x00007ffff7c97fc6	108	in ./nptl/pthread_mutex_lock.c
0x00007ffff7c97fc9	108	in ./nptl/pthread_mutex_lock.c
112	in ./nptl/pthread_mutex_lock.c
115	in ./nptl/pthread_mutex_lock.c
0x00007ffff7c97fda	115	in ./nptl/pthread_mutex_lock.c
lll_mutex_lock_optimized (mutex=0x7ffff7ffda48 <_rtld_global+2568>) at ./nptl/pthread_mutex_lock.c:44
44	in ./nptl/pthread_mutex_lock.c
45	in ./nptl/pthread_mutex_lock.c
0x00007ffff7c98015	45	in ./nptl/pthread_mutex_lock.c
45	in ./nptl/pthread_mutex_lock.c
45	in ./nptl/pthread_mutex_lock.c
0x00007ffff7c98021	45	in ./nptl/pthread_mutex_lock.c
0x00007ffff7c98023	45	in ./nptl/pthread_mutex_lock.c
0x00007ffff7c98025	45	in ./nptl/pthread_mutex_lock.c
0x00007ffff7c98027	45	in ./nptl/pthread_mutex_lock.c
46	in ./nptl/pthread_mutex_lock.c
___pthread_mutex_lock (mutex=<optimized out>) at ./nptl/pthread_mutex_lock.c:130
130	in ./nptl/pthread_mutex_lock.c
0x00007ffff7c98032	130	in ./nptl/pthread_mutex_lock.c
0x00007ffff7c98034	130	in ./nptl/pthread_mutex_lock.c
131	in ./nptl/pthread_mutex_lock.c
0x00007ffff7c98041	131	in ./nptl/pthread_mutex_lock.c
167	in ./nptl/pthread_mutex_lock.c
170	in ./nptl/pthread_mutex_lock.c
172	in ./nptl/pthread_mutex_lock.c
175	in ./nptl/pthread_mutex_lock.c
177	in ./nptl/pthread_mutex_lock.c
0x00007ffff7c97f67	178	in ./nptl/pthread_mutex_lock.c
0x00007ffff7c97f6b	178	in ./nptl/pthread_mutex_lock.c
0x00007ffff7c97f6c	178	in ./nptl/pthread_mutex_lock.c
_dl_fini () at ./elf/dl-fini.c:56
59	in ./elf/dl-fini.c
0x00007ffff7fc90be	59	in ./elf/dl-fini.c
0x00007ffff7fc90c0	61	in ./elf/dl-fini.c
0x00007ffff7fc90c3	61	in ./elf/dl-fini.c
0x00007ffff7fc90ca	61	in ./elf/dl-fini.c
0x00007ffff7fc90cd	61	in ./elf/dl-fini.c
0x00007ffff7fc90d0	61	in ./elf/dl-fini.c
0x00007ffff7fc90d3	61	in ./elf/dl-fini.c
0x00007ffff7fc90d5	68	in ./elf/dl-fini.c
0x00007ffff7fc90da	68	in ./elf/dl-fini.c
0x00007ffff7fc90dd	66	in ./elf/dl-fini.c
68	in ./elf/dl-fini.c
_dl_audit_activity_nsid (nsid=nsid@entry=0, action=action@entry=2) at ./elf/dl-audit.c:40
44	in ./elf/dl-audit.c
0x00007ffff7fde256	44	in ./elf/dl-audit.c
0x00007ffff7fde25a	40	in ./elf/dl-audit.c
0x00007ffff7fde25c	44	in ./elf/dl-audit.c
0x00007ffff7fde260	40	in ./elf/dl-audit.c
0x00007ffff7fde261	44	in ./elf/dl-audit.c
0x00007ffff7fde268	40	in ./elf/dl-audit.c
0x00007ffff7fde269	40	in ./elf/dl-audit.c
0x00007ffff7fde26d	44	in ./elf/dl-audit.c
45	in ./elf/dl-audit.c
0x00007ffff7fde278	46	in ./elf/dl-audit.c
0x00007ffff7fde27b	46	in ./elf/dl-audit.c
0x00007ffff7fde27d	46	in ./elf/dl-audit.c
0x00007ffff7fde27f	46	in ./elf/dl-audit.c
0x00007ffff7fde281	50	in ./elf/dl-audit.c
0x00007ffff7fde285	50	in ./elf/dl-audit.c
0x00007ffff7fde286	50	in ./elf/dl-audit.c
0x00007ffff7fde287	50	in ./elf/dl-audit.c
0x00007ffff7fde289	50	in ./elf/dl-audit.c
0x00007ffff7fde28b	50	in ./elf/dl-audit.c
_dl_fini () at ./elf/dl-fini.c:73
0x00007ffff7fc90e9	73	in ./elf/dl-fini.c
0x00007ffff7fc90ec	73	in ./elf/dl-fini.c
0x00007ffff7fc90f4	73	in ./elf/dl-fini.c
0x00007ffff7fc90f8	73	in ./elf/dl-fini.c
0x00007ffff7fc90fc	73	in ./elf/dl-fini.c
0x00007ffff7fc90ff	73	in ./elf/dl-fini.c
0x00007ffff7fc9106	73	in ./elf/dl-fini.c
0x00007ffff7fc9109	73	in ./elf/dl-fini.c
0x00007ffff7fc910c	73	in ./elf/dl-fini.c
0x00007ffff7fc9123	73	in ./elf/dl-fini.c
0x00007ffff7fc9128	73	in ./elf/dl-fini.c
0x00007ffff7fc912b	73	in ./elf/dl-fini.c
0x00007ffff7fc912e	73	in ./elf/dl-fini.c
0x00007ffff7fc9333	73	in ./elf/dl-fini.c
0x00007ffff7fc9339	73	in ./elf/dl-fini.c
0x00007ffff7fc9134	78	in ./elf/dl-fini.c
0x00007ffff7fc9137	73	in ./elf/dl-fini.c
78	in ./elf/dl-fini.c
0x00007ffff7fc913c	78	in ./elf/dl-fini.c
0x00007ffff7fc913f	78	in ./elf/dl-fini.c
80	in ./elf/dl-fini.c
0x00007ffff7fc9155	80	in ./elf/dl-fini.c
82	in ./elf/dl-fini.c
0x00007ffff7fc915a	82	in ./elf/dl-fini.c
84	in ./elf/dl-fini.c
0x00007ffff7fc9162	84	in ./elf/dl-fini.c
85	in ./elf/dl-fini.c
86	in ./elf/dl-fini.c
90	in ./elf/dl-fini.c
78	in ./elf/dl-fini.c
78	in ./elf/dl-fini.c
0x00007ffff7fc917d	78	in ./elf/dl-fini.c
80	in ./elf/dl-fini.c
0x00007ffff7fc9155	80	in ./elf/dl-fini.c
82	in ./elf/dl-fini.c
0x00007ffff7fc915a	82	in ./elf/dl-fini.c
84	in ./elf/dl-fini.c
0x00007ffff7fc9162	84	in ./elf/dl-fini.c
85	in ./elf/dl-fini.c
86	in ./elf/dl-fini.c
90	in ./elf/dl-fini.c
78	in ./elf/dl-fini.c
78	in ./elf/dl-fini.c
0x00007ffff7fc917d	78	in ./elf/dl-fini.c
80	in ./elf/dl-fini.c
0x00007ffff7fc9155	80	in ./elf/dl-fini.c
82	in ./elf/dl-fini.c
0x00007ffff7fc915a	82	in ./elf/dl-fini.c
84	in ./elf/dl-fini.c
0x00007ffff7fc9162	84	in ./elf/dl-fini.c
85	in ./elf/dl-fini.c
86	in ./elf/dl-fini.c
90	in ./elf/dl-fini.c
78	in ./elf/dl-fini.c
78	in ./elf/dl-fini.c
0x00007ffff7fc917d	78	in ./elf/dl-fini.c
80	in ./elf/dl-fini.c
0x00007ffff7fc9155	80	in ./elf/dl-fini.c
82	in ./elf/dl-fini.c
0x00007ffff7fc915a	82	in ./elf/dl-fini.c
84	in ./elf/dl-fini.c
0x00007ffff7fc9162	84	in ./elf/dl-fini.c
85	in ./elf/dl-fini.c
86	in ./elf/dl-fini.c
90	in ./elf/dl-fini.c
78	in ./elf/dl-fini.c
78	in ./elf/dl-fini.c
0x00007ffff7fc917d	78	in ./elf/dl-fini.c
92	in ./elf/dl-fini.c
0x00007ffff7fc9182	92	in ./elf/dl-fini.c
0x00007ffff7fc9185	92	in ./elf/dl-fini.c
0x00007ffff7fc9188	92	in ./elf/dl-fini.c
0x00007ffff7fc918a	92	in ./elf/dl-fini.c
0x00007ffff7fc918c	92	in ./elf/dl-fini.c
93	in ./elf/dl-fini.c
0x00007ffff7fc9195	93	in ./elf/dl-fini.c
0x00007ffff7fc9198	93	in ./elf/dl-fini.c
0x00007ffff7fc919a	93	in ./elf/dl-fini.c
99	in ./elf/dl-fini.c
0x00007ffff7fc91b0	99	in ./elf/dl-fini.c
0x00007ffff7fc91b5	99	in ./elf/dl-fini.c
0x00007ffff7fc91b8	99	in ./elf/dl-fini.c
0x00007ffff7fc91bb	99	in ./elf/dl-fini.c
_dl_sort_maps (maps=maps@entry=0x7fffffffda70, nmaps=nmaps@entry=4, skip=skip@entry=1, for_fini=for_fini@entry=true) at ./elf/dl-sort-maps.c:290
0x00007ffff7fd6734	290	in ./elf/dl-sort-maps.c
0x00007ffff7fd6735	290	in ./elf/dl-sort-maps.c
298	in ./elf/dl-sort-maps.c
0x00007ffff7fd673b	298	in ./elf/dl-sort-maps.c
0x00007ffff7fd673d	298	in ./elf/dl-sort-maps.c
0x00007ffff7fd673f	298	in ./elf/dl-sort-maps.c
0x00007ffff7fd6741	298	in ./elf/dl-sort-maps.c
0x00007ffff7fd6743	298	in ./elf/dl-sort-maps.c
0x00007ffff7fd6744	298	in ./elf/dl-sort-maps.c
0x00007ffff7fd6748	298	in ./elf/dl-sort-maps.c
0x00007ffff7fd674f	290	in ./elf/dl-sort-maps.c
0x00007ffff7fd6752	298	in ./elf/dl-sort-maps.c
0x00007ffff7fd6755	298	in ./elf/dl-sort-maps.c
0x00007ffff7fd69cd in _dl_sort_maps_dfs (skip=<optimized out>, for_fini=<optimized out>, nmaps=<optimized out>, maps=<optimized out>) at ./elf/dl-sort-maps.c:223
223	in ./elf/dl-sort-maps.c
0x00007ffff7fd69d0	223	in ./elf/dl-sort-maps.c
184	in ./elf/dl-sort-maps.c
187	in ./elf/dl-sort-maps.c
0x00007ffff7fd69d9	187	in ./elf/dl-sort-maps.c
0x00007ffff7fd69dc	187	in ./elf/dl-sort-maps.c
0x00007ffff7fd69df	187	in ./elf/dl-sort-maps.c
0x00007ffff7fd69e5	187	in ./elf/dl-sort-maps.c
188	in ./elf/dl-sort-maps.c
0x00007ffff7fd69ec	187	in ./elf/dl-sort-maps.c
0x00007ffff7fd69f0	188	in ./elf/dl-sort-maps.c
187	in ./elf/dl-sort-maps.c
0x00007ffff7fd69f9	187	in ./elf/dl-sort-maps.c
188	in ./elf/dl-sort-maps.c
0x00007ffff7fd69ec	187	in ./elf/dl-sort-maps.c
0x00007ffff7fd69f0	188	in ./elf/dl-sort-maps.c
187	in ./elf/dl-sort-maps.c
0x00007ffff7fd69f9	187	in ./elf/dl-sort-maps.c
188	in ./elf/dl-sort-maps.c
0x00007ffff7fd69ec	187	in ./elf/dl-sort-maps.c
0x00007ffff7fd69f0	188	in ./elf/dl-sort-maps.c
187	in ./elf/dl-sort-maps.c
0x00007ffff7fd69f9	187	in ./elf/dl-sort-maps.c
188	in ./elf/dl-sort-maps.c
0x00007ffff7fd69ec	187	in ./elf/dl-sort-maps.c
0x00007ffff7fd69f0	188	in ./elf/dl-sort-maps.c
187	in ./elf/dl-sort-maps.c
0x00007ffff7fd69f9	187	in ./elf/dl-sort-maps.c
223	in ./elf/dl-sort-maps.c
0x00007ffff7fd69ff	223	in ./elf/dl-sort-maps.c
0x00007ffff7fd6a02	223	in ./elf/dl-sort-maps.c
0x00007ffff7fd6a06	223	in ./elf/dl-sort-maps.c
0x00007ffff7fd6a0a	223	in ./elf/dl-sort-maps.c
0x00007ffff7fd6a0d	223	in ./elf/dl-sort-maps.c
0x00007ffff7fd6a14	223	in ./elf/dl-sort-maps.c
0x00007ffff7fd6a17	223	in ./elf/dl-sort-maps.c
0x00007ffff7fd6a1a	223	in ./elf/dl-sort-maps.c
0x00007ffff7fd6a31	223	in ./elf/dl-sort-maps.c
0x00007ffff7fd6a37	223	in ./elf/dl-sort-maps.c
0x00007ffff7fd6a3a	223	in ./elf/dl-sort-maps.c
0x00007ffff7fd6a3d	223	in ./elf/dl-sort-maps.c
0x00007ffff7fd6a3f	223	in ./elf/dl-sort-maps.c
0x00007ffff7fd6a45	223	in ./elf/dl-sort-maps.c
0x00007ffff7fd6a48	231	in ./elf/dl-sort-maps.c
0x00007ffff7fd6a4a	231	in ./elf/dl-sort-maps.c
0x00007ffff7fd6a4e	231	in ./elf/dl-sort-maps.c
0x00007ffff7fd6a53	228	in ./elf/dl-sort-maps.c
0x00007ffff7fd6a57	230	in ./elf/dl-sort-maps.c
0x00007ffff7fd6a5b	231	in ./elf/dl-sort-maps.c
0x00007ffff7fd6a5f	223	in ./elf/dl-sort-maps.c
228	in ./elf/dl-sort-maps.c
231	in ./elf/dl-sort-maps.c
0x00007ffff7fd6a69 in dfs_traversal (do_reldeps=<optimized out>, map=<optimized out>, rpo=<optimized out>) at ./elf/dl-sort-maps.c:231
231	in ./elf/dl-sort-maps.c
0x00007ffff7fd6a6d in _dl_sort_maps_dfs (skip=0, for_fini=<optimized out>, nmaps=4, maps=0x7fffffffda70) at ./elf/dl-sort-maps.c:231
231	in ./elf/dl-sort-maps.c
0x00007ffff7fd6a70	231	in ./elf/dl-sort-maps.c
235	in ./elf/dl-sort-maps.c
dfs_traversal (do_reldeps=0x7fffffffda1f, map=0x7ffff7ffdaf0 <_rtld_global+2736>, rpo=0x7fffffffda20) at ./elf/dl-sort-maps.c:145
145	in ./elf/dl-sort-maps.c
0x00007ffff7fd6a90	145	in ./elf/dl-sort-maps.c
0x00007ffff7fd6a92	145	in ./elf/dl-sort-maps.c
0x00007ffff7fd6a95	145	in ./elf/dl-sort-maps.c
0x00007ffff7fd6a98	145	in ./elf/dl-sort-maps.c
dfs_traversal (rpo=rpo@entry=0x7fffffffda20, map=0x7ffff7ffdaf0 <_rtld_global+2736>, do_reldeps=do_reldeps@entry=0x7fffffffda1f) at ./elf/dl-sort-maps.c:148
148	in ./elf/dl-sort-maps.c
0x00007ffff7fd6622	148	in ./elf/dl-sort-maps.c
0x00007ffff7fd6625	148	in ./elf/dl-sort-maps.c
0x00007ffff7fd6627	148	in ./elf/dl-sort-maps.c
0x00007ffff7fd662a	148	in ./elf/dl-sort-maps.c
0x00007ffff7fd662b	148	in ./elf/dl-sort-maps.c
0x00007ffff7fd662e	148	in ./elf/dl-sort-maps.c
0x00007ffff7fd662f	148	in ./elf/dl-sort-maps.c
0x00007ffff7fd6633	150	in ./elf/dl-sort-maps.c
0x00007ffff7fd663a	148	in ./elf/dl-sort-maps.c
150	in ./elf/dl-sort-maps.c
0x00007ffff7fd6644	150	in ./elf/dl-sort-maps.c
161	in ./elf/dl-sort-maps.c
0x00007ffff7fd666e	161	in ./elf/dl-sort-maps.c
0x00007ffff7fd66b0	161	in ./elf/dl-sort-maps.c
0x00007ffff7fd66b7	161	in ./elf/dl-sort-maps.c
0x00007ffff7fd66ba	161	in ./elf/dl-sort-maps.c
176	in ./elf/dl-sort-maps.c
0x00007ffff7fd6674	176	in ./elf/dl-sort-maps.c
0x00007ffff7fd6678	176	in ./elf/dl-sort-maps.c
177	in ./elf/dl-sort-maps.c
0x00007ffff7fd6680	178	in ./elf/dl-sort-maps.c
0x00007ffff7fd6684	178	in ./elf/dl-sort-maps.c
0x00007ffff7fd6685	178	in ./elf/dl-sort-maps.c
0x00007ffff7fd6686	178	in ./elf/dl-sort-maps.c
0x00007ffff7fd6688	178	in ./elf/dl-sort-maps.c
0x00007ffff7fd668a	178	in ./elf/dl-sort-maps.c
_dl_sort_maps_dfs (skip=0, for_fini=<optimized out>, nmaps=4, maps=0x7fffffffda70) at ./elf/dl-sort-maps.c:238
238	in ./elf/dl-sort-maps.c
0x00007ffff7fd6aa1	238	in ./elf/dl-sort-maps.c
233	in ./elf/dl-sort-maps.c
0x00007ffff7fd6a7c	233	in ./elf/dl-sort-maps.c
0x00007ffff7fd6a7f	233	in ./elf/dl-sort-maps.c
235	in ./elf/dl-sort-maps.c
dfs_traversal (do_reldeps=0x7fffffffda1f, map=0x7ffff7fbb160, rpo=0x7fffffffda20) at ./elf/dl-sort-maps.c:145
145	in ./elf/dl-sort-maps.c
0x00007ffff7fd6a90	145	in ./elf/dl-sort-maps.c
0x00007ffff7fd6a92	145	in ./elf/dl-sort-maps.c
0x00007ffff7fd6a95	145	in ./elf/dl-sort-maps.c
0x00007ffff7fd6a98	145	in ./elf/dl-sort-maps.c
dfs_traversal (rpo=rpo@entry=0x7fffffffda20, map=0x7ffff7fbb160, do_reldeps=do_reldeps@entry=0x7fffffffda1f) at ./elf/dl-sort-maps.c:148
148	in ./elf/dl-sort-maps.c
0x00007ffff7fd6622	148	in ./elf/dl-sort-maps.c
0x00007ffff7fd6625	148	in ./elf/dl-sort-maps.c
0x00007ffff7fd6627	148	in ./elf/dl-sort-maps.c
0x00007ffff7fd662a	148	in ./elf/dl-sort-maps.c
0x00007ffff7fd662b	148	in ./elf/dl-sort-maps.c
0x00007ffff7fd662e	148	in ./elf/dl-sort-maps.c
0x00007ffff7fd662f	148	in ./elf/dl-sort-maps.c
0x00007ffff7fd6633	150	in ./elf/dl-sort-maps.c
0x00007ffff7fd663a	148	in ./elf/dl-sort-maps.c
150	in ./elf/dl-sort-maps.c
0x00007ffff7fd6644	150	in ./elf/dl-sort-maps.c
152	in ./elf/dl-sort-maps.c
0x00007ffff7fd6649	152	in ./elf/dl-sort-maps.c
0x00007ffff7fd664c	152	in ./elf/dl-sort-maps.c
0x00007ffff7fd664e	152	in ./elf/dl-sort-maps.c
155	in ./elf/dl-sort-maps.c
0x00007ffff7fd665c	155	in ./elf/dl-sort-maps.c
152	in ./elf/dl-sort-maps.c
0x00007ffff7fd6662	152	in ./elf/dl-sort-maps.c
0x00007ffff7fd6666	152	in ./elf/dl-sort-maps.c
0x00007ffff7fd6669	152	in ./elf/dl-sort-maps.c
155	in ./elf/dl-sort-maps.c
0x00007ffff7fd665c	155	in ./elf/dl-sort-maps.c
152	in ./elf/dl-sort-maps.c
0x00007ffff7fd6662	152	in ./elf/dl-sort-maps.c
0x00007ffff7fd6666	152	in ./elf/dl-sort-maps.c
0x00007ffff7fd6669	152	in ./elf/dl-sort-maps.c
161	in ./elf/dl-sort-maps.c
0x00007ffff7fd666e	161	in ./elf/dl-sort-maps.c
0x00007ffff7fd66b0	161	in ./elf/dl-sort-maps.c
0x00007ffff7fd66b7	161	in ./elf/dl-sort-maps.c
0x00007ffff7fd66ba	161	in ./elf/dl-sort-maps.c
176	in ./elf/dl-sort-maps.c
0x00007ffff7fd6674	176	in ./elf/dl-sort-maps.c
0x00007ffff7fd6678	176	in ./elf/dl-sort-maps.c
177	in ./elf/dl-sort-maps.c
0x00007ffff7fd6680	178	in ./elf/dl-sort-maps.c
0x00007ffff7fd6684	178	in ./elf/dl-sort-maps.c
0x00007ffff7fd6685	178	in ./elf/dl-sort-maps.c
0x00007ffff7fd6686	178	in ./elf/dl-sort-maps.c
0x00007ffff7fd6688	178	in ./elf/dl-sort-maps.c
0x00007ffff7fd668a	178	in ./elf/dl-sort-maps.c
_dl_sort_maps_dfs (skip=0, for_fini=<optimized out>, nmaps=4, maps=0x7fffffffda70) at ./elf/dl-sort-maps.c:238
238	in ./elf/dl-sort-maps.c
0x00007ffff7fd6aa1	238	in ./elf/dl-sort-maps.c
233	in ./elf/dl-sort-maps.c
0x00007ffff7fd6a7c	233	in ./elf/dl-sort-maps.c
0x00007ffff7fd6a7f	233	in ./elf/dl-sort-maps.c
235	in ./elf/dl-sort-maps.c
dfs_traversal (do_reldeps=0x7fffffffda1f, map=0x7ffff7ffe890, rpo=0x7fffffffda20) at ./elf/dl-sort-maps.c:145
145	in ./elf/dl-sort-maps.c
0x00007ffff7fd6a90	145	in ./elf/dl-sort-maps.c
0x00007ffff7fd6a92	145	in ./elf/dl-sort-maps.c
0x00007ffff7fd6a95	145	in ./elf/dl-sort-maps.c
0x00007ffff7fd6a98	145	in ./elf/dl-sort-maps.c
dfs_traversal (rpo=rpo@entry=0x7fffffffda20, map=0x7ffff7ffe890, do_reldeps=do_reldeps@entry=0x7fffffffda1f) at ./elf/dl-sort-maps.c:148
148	in ./elf/dl-sort-maps.c
0x00007ffff7fd6622	148	in ./elf/dl-sort-maps.c
0x00007ffff7fd6625	148	in ./elf/dl-sort-maps.c
0x00007ffff7fd6627	148	in ./elf/dl-sort-maps.c
0x00007ffff7fd662a	148	in ./elf/dl-sort-maps.c
0x00007ffff7fd662b	148	in ./elf/dl-sort-maps.c
0x00007ffff7fd662e	148	in ./elf/dl-sort-maps.c
0x00007ffff7fd662f	148	in ./elf/dl-sort-maps.c
0x00007ffff7fd6633	150	in ./elf/dl-sort-maps.c
0x00007ffff7fd663a	148	in ./elf/dl-sort-maps.c
150	in ./elf/dl-sort-maps.c
0x00007ffff7fd6644	150	in ./elf/dl-sort-maps.c
161	in ./elf/dl-sort-maps.c
0x00007ffff7fd666e	161	in ./elf/dl-sort-maps.c
0x00007ffff7fd66b0	161	in ./elf/dl-sort-maps.c
0x00007ffff7fd66b7	161	in ./elf/dl-sort-maps.c
0x00007ffff7fd66ba	161	in ./elf/dl-sort-maps.c
176	in ./elf/dl-sort-maps.c
0x00007ffff7fd6674	176	in ./elf/dl-sort-maps.c
0x00007ffff7fd6678	176	in ./elf/dl-sort-maps.c
177	in ./elf/dl-sort-maps.c
0x00007ffff7fd6680	178	in ./elf/dl-sort-maps.c
0x00007ffff7fd6684	178	in ./elf/dl-sort-maps.c
0x00007ffff7fd6685	178	in ./elf/dl-sort-maps.c
0x00007ffff7fd6686	178	in ./elf/dl-sort-maps.c
0x00007ffff7fd6688	178	in ./elf/dl-sort-maps.c
0x00007ffff7fd668a	178	in ./elf/dl-sort-maps.c
_dl_sort_maps_dfs (skip=0, for_fini=<optimized out>, nmaps=4, maps=0x7fffffffda70) at ./elf/dl-sort-maps.c:238
238	in ./elf/dl-sort-maps.c
0x00007ffff7fd6aa1	238	in ./elf/dl-sort-maps.c
233	in ./elf/dl-sort-maps.c
0x00007ffff7fd6a7c	233	in ./elf/dl-sort-maps.c
0x00007ffff7fd6a7f	233	in ./elf/dl-sort-maps.c
235	in ./elf/dl-sort-maps.c
dfs_traversal (do_reldeps=0x7fffffffda1f, map=0x7ffff7ffe2e0, rpo=0x7fffffffda20) at ./elf/dl-sort-maps.c:145
145	in ./elf/dl-sort-maps.c
0x00007ffff7fd6a90	145	in ./elf/dl-sort-maps.c
0x00007ffff7fd6a92	145	in ./elf/dl-sort-maps.c
0x00007ffff7fd6a95	145	in ./elf/dl-sort-maps.c
0x00007ffff7fd6a98	145	in ./elf/dl-sort-maps.c
dfs_traversal (rpo=rpo@entry=0x7fffffffda20, map=0x7ffff7ffe2e0, do_reldeps=do_reldeps@entry=0x7fffffffda1f) at ./elf/dl-sort-maps.c:148
148	in ./elf/dl-sort-maps.c
0x00007ffff7fd6622	148	in ./elf/dl-sort-maps.c
0x00007ffff7fd6625	148	in ./elf/dl-sort-maps.c
0x00007ffff7fd6627	148	in ./elf/dl-sort-maps.c
0x00007ffff7fd662a	148	in ./elf/dl-sort-maps.c
0x00007ffff7fd662b	148	in ./elf/dl-sort-maps.c
0x00007ffff7fd662e	148	in ./elf/dl-sort-maps.c
0x00007ffff7fd662f	148	in ./elf/dl-sort-maps.c
0x00007ffff7fd6633	150	in ./elf/dl-sort-maps.c
0x00007ffff7fd663a	148	in ./elf/dl-sort-maps.c
150	in ./elf/dl-sort-maps.c
0x00007ffff7fd6644	150	in ./elf/dl-sort-maps.c
152	in ./elf/dl-sort-maps.c
0x00007ffff7fd6649	152	in ./elf/dl-sort-maps.c
0x00007ffff7fd664c	152	in ./elf/dl-sort-maps.c
0x00007ffff7fd664e	152	in ./elf/dl-sort-maps.c
155	in ./elf/dl-sort-maps.c
0x00007ffff7fd665c	155	in ./elf/dl-sort-maps.c
152	in ./elf/dl-sort-maps.c
0x00007ffff7fd6662	152	in ./elf/dl-sort-maps.c
0x00007ffff7fd6666	152	in ./elf/dl-sort-maps.c
0x00007ffff7fd6669	152	in ./elf/dl-sort-maps.c
155	in ./elf/dl-sort-maps.c
0x00007ffff7fd665c	155	in ./elf/dl-sort-maps.c
152	in ./elf/dl-sort-maps.c
0x00007ffff7fd6662	152	in ./elf/dl-sort-maps.c
0x00007ffff7fd6666	152	in ./elf/dl-sort-maps.c
0x00007ffff7fd6669	152	in ./elf/dl-sort-maps.c
155	in ./elf/dl-sort-maps.c
0x00007ffff7fd665c	155	in ./elf/dl-sort-maps.c
152	in ./elf/dl-sort-maps.c
0x00007ffff7fd6662	152	in ./elf/dl-sort-maps.c
0x00007ffff7fd6666	152	in ./elf/dl-sort-maps.c
0x00007ffff7fd6669	152	in ./elf/dl-sort-maps.c
161	in ./elf/dl-sort-maps.c
0x00007ffff7fd666e	161	in ./elf/dl-sort-maps.c
0x00007ffff7fd66b0	161	in ./elf/dl-sort-maps.c
0x00007ffff7fd66b7	161	in ./elf/dl-sort-maps.c
0x00007ffff7fd66ba	161	in ./elf/dl-sort-maps.c
176	in ./elf/dl-sort-maps.c
0x00007ffff7fd6674	176	in ./elf/dl-sort-maps.c
0x00007ffff7fd6678	176	in ./elf/dl-sort-maps.c
177	in ./elf/dl-sort-maps.c
0x00007ffff7fd6680	178	in ./elf/dl-sort-maps.c
0x00007ffff7fd6684	178	in ./elf/dl-sort-maps.c
0x00007ffff7fd6685	178	in ./elf/dl-sort-maps.c
0x00007ffff7fd6686	178	in ./elf/dl-sort-maps.c
0x00007ffff7fd6688	178	in ./elf/dl-sort-maps.c
0x00007ffff7fd668a	178	in ./elf/dl-sort-maps.c
_dl_sort_maps_dfs (skip=0, for_fini=<optimized out>, nmaps=4, maps=0x7fffffffda70) at ./elf/dl-sort-maps.c:238
238	in ./elf/dl-sort-maps.c
0x00007ffff7fd6aa1	238	in ./elf/dl-sort-maps.c
256	in ./elf/dl-sort-maps.c
0x00007ffff7fd6aa7	256	in ./elf/dl-sort-maps.c
276	in ./elf/dl-sort-maps.c
0x00007ffff7fd6b81	276	in ./elf/dl-sort-maps.c
0x00007ffff7fd6b84	276	in ./elf/dl-sort-maps.c
0x00007ffff7fd6b87	276	in ./elf/dl-sort-maps.c
memmove () at ../sysdeps/x86_64/multiarch/memmove-vec-unaligned-erms.S:212
213	in ../sysdeps/x86_64/multiarch/memmove-vec-unaligned-erms.S
219	in ../sysdeps/x86_64/multiarch/memmove-vec-unaligned-erms.S
220	in ../sysdeps/x86_64/multiarch/memmove-vec-unaligned-erms.S
222	in ../sysdeps/x86_64/multiarch/memmove-vec-unaligned-erms.S
223	in ../sysdeps/x86_64/multiarch/memmove-vec-unaligned-erms.S
224	in ../sysdeps/x86_64/multiarch/memmove-vec-unaligned-erms.S
226	in ../sysdeps/x86_64/multiarch/memmove-vec-unaligned-erms.S
227	in ../sysdeps/x86_64/multiarch/memmove-vec-unaligned-erms.S
228	in ../sysdeps/x86_64/multiarch/memmove-vec-unaligned-erms.S
memmove () at ../sysdeps/x86_64/multiarch/memmove-vec-unaligned-erms.S:230
230	in ../sysdeps/x86_64/multiarch/memmove-vec-unaligned-erms.S
0x00007ffff7fd6b8c in _dl_sort_maps_dfs (skip=0, for_fini=<optimized out>, nmaps=0, maps=0x7fffffffd9a0) at ./elf/dl-sort-maps.c:276
0x00007ffff7fd6afa	269	in ./elf/dl-sort-maps.c
0x00007ffff7fd6afd in _dl_sort_maps (maps=maps@entry=0x7fffffffda70, nmaps=nmaps@entry=4, skip=skip@entry=1, for_fini=for_fini@entry=true) at ./elf/dl-sort-maps.c:302
302	in ./elf/dl-sort-maps.c
0x00007ffff7fd6870	302	in ./elf/dl-sort-maps.c
0x00007ffff7fd6874	302	in ./elf/dl-sort-maps.c
0x00007ffff7fd6875	302	in ./elf/dl-sort-maps.c
0x00007ffff7fd6877	302	in ./elf/dl-sort-maps.c
0x00007ffff7fd6879	302	in ./elf/dl-sort-maps.c
0x00007ffff7fd687b	302	in ./elf/dl-sort-maps.c
0x00007ffff7fd687d	302	in ./elf/dl-sort-maps.c
0x00007ffff7fd687e	302	in ./elf/dl-sort-maps.c
_dl_fini () at ./elf/dl-fini.c:108
0x00007ffff7fc91c3	108	in ./elf/dl-fini.c
___pthread_mutex_unlock (mutex=0x7ffff7ffda48 <_rtld_global+2568>) at ./nptl/pthread_mutex_unlock.c:367
__GI___pthread_mutex_unlock_usercnt (decr=1, mutex=0x7ffff7ffda48 <_rtld_global+2568>) at ./nptl/pthread_mutex_unlock.c:51
51	in ./nptl/pthread_mutex_unlock.c
0x00007ffff7c99a77	51	in ./nptl/pthread_mutex_unlock.c
0x00007ffff7c99a79	51	in ./nptl/pthread_mutex_unlock.c
52	in ./nptl/pthread_mutex_unlock.c
0x00007ffff7c99a82	52	in ./nptl/pthread_mutex_unlock.c
___pthread_mutex_unlock (mutex=0x7ffff7ffda48 <_rtld_global+2568>) at ./nptl/pthread_mutex_unlock.c:57
57	in ./nptl/pthread_mutex_unlock.c
0x00007ffff7c99a88 in __GI___pthread_mutex_unlock_usercnt (decr=1, mutex=0x7ffff7ffda48 <_rtld_global+2568>) at ./nptl/pthread_mutex_unlock.c:57
57	in ./nptl/pthread_mutex_unlock.c
0x00007ffff7c99a8a	57	in ./nptl/pthread_mutex_unlock.c
74	in ./nptl/pthread_mutex_unlock.c
0x00007ffff7c99ae6	74	in ./nptl/pthread_mutex_unlock.c
80	in ./nptl/pthread_mutex_unlock.c
0x00007ffff7c99b1a	80	in ./nptl/pthread_mutex_unlock.c
0x00007ffff7c99b1d	80	in ./nptl/pthread_mutex_unlock.c
0x00007ffff7c99b20	80	in ./nptl/pthread_mutex_unlock.c
84	in ./nptl/pthread_mutex_unlock.c
84	in ./nptl/pthread_mutex_unlock.c
0x00007ffff7c99b2d	84	in ./nptl/pthread_mutex_unlock.c
87	in ./nptl/pthread_mutex_unlock.c
0x00007ffff7c99b3d	87	in ./nptl/pthread_mutex_unlock.c
0x00007ffff7c99b43	87	in ./nptl/pthread_mutex_unlock.c
62	in ./nptl/pthread_mutex_unlock.c
0x00007ffff7c99a90	62	in ./nptl/pthread_mutex_unlock.c
lll_mutex_unlock_optimized (mutex=0x7ffff7ffda48 <_rtld_global+2568>) at ./nptl/pthread_mutex_unlock.c:39
39	in ./nptl/pthread_mutex_unlock.c
40	in ./nptl/pthread_mutex_unlock.c
0x00007ffff7c99aa0	40	in ./nptl/pthread_mutex_unlock.c
40	in ./nptl/pthread_mutex_unlock.c
40	in ./nptl/pthread_mutex_unlock.c
0x00007ffff7c99ac2	40	in ./nptl/pthread_mutex_unlock.c
41	in ./nptl/pthread_mutex_unlock.c
0x00007ffff7c99aca	41	in ./nptl/pthread_mutex_unlock.c
__GI___pthread_mutex_unlock_usercnt (decr=1, mutex=<optimized out>) at ./nptl/pthread_mutex_unlock.c:70
70	in ./nptl/pthread_mutex_unlock.c
___pthread_mutex_unlock (mutex=<optimized out>) at ./nptl/pthread_mutex_unlock.c:72
72	in ./nptl/pthread_mutex_unlock.c
0x00007ffff7c99ab0	72	in ./nptl/pthread_mutex_unlock.c
_dl_fini () at ./elf/dl-fini.c:113
0x00007ffff7fc91cc	113	in ./elf/dl-fini.c
0x00007ffff7fc91ce	113	in ./elf/dl-fini.c
0x00007ffff7fc91d4	113	in ./elf/dl-fini.c
0x00007ffff7fc91d7	113	in ./elf/dl-fini.c
0x00007ffff7fc91dc	113	in ./elf/dl-fini.c
115	in ./elf/dl-fini.c
117	in ./elf/dl-fini.c
0x00007ffff7fc91eb	117	in ./elf/dl-fini.c
0x00007ffff7fc91ed	117	in ./elf/dl-fini.c
120	in ./elf/dl-fini.c
0x00007ffff7fc91f6	120	in ./elf/dl-fini.c
123	in ./elf/dl-fini.c
0x00007ffff7fc9204	123	in ./elf/dl-fini.c
0x00007ffff7fc9207	123	in ./elf/dl-fini.c
127	in ./elf/dl-fini.c
0x00007ffff7fc9214	127	in ./elf/dl-fini.c
136	in ./elf/dl-fini.c
0x00007ffff7fc921e	136	in ./elf/dl-fini.c
0x00007ffff7fc9221	136	in ./elf/dl-fini.c
0x00007ffff7fc9224	136	in ./elf/dl-fini.c
139	in ./elf/dl-fini.c
0x00007ffff7fc922f	140	in ./elf/dl-fini.c
0x00007ffff7fc9233	140	in ./elf/dl-fini.c
141	in ./elf/dl-fini.c
0x00007ffff7fc923a	141	in ./elf/dl-fini.c
0x00007ffff7fc923e	141	in ./elf/dl-fini.c
0x00007ffff7fc9240	141	in ./elf/dl-fini.c
0x00007ffff7fc9242	141	in ./elf/dl-fini.c
142	in ./elf/dl-fini.c
0x00007ffff7fc924c	142	in ./elf/dl-fini.c
0x0000555555555160 in __do_global_dtors_aux ()
0x0000555555555164 in __do_global_dtors_aux ()
0x000055555555516b in __do_global_dtors_aux ()
0x000055555555516d in __do_global_dtors_aux ()
0x000055555555516e in __do_global_dtors_aux ()
0x0000555555555176 in __do_global_dtors_aux ()
0x0000555555555179 in __do_global_dtors_aux ()
0x000055555555517b in __do_global_dtors_aux ()
0x0000555555555182 in __do_global_dtors_aux ()
0x0000555555555070 in __cxa_finalize@plt ()
0x0000555555555074 in __cxa_finalize@plt ()
__cxa_finalize (d=0x55555555c008) at ./stdlib/cxa_finalize.c:30
33	in ./stdlib/cxa_finalize.c
0x00007ffff7c459a6	33	in ./stdlib/cxa_finalize.c
0x00007ffff7c459a8	33	in ./stdlib/cxa_finalize.c
0x00007ffff7c459ad	30	in ./stdlib/cxa_finalize.c
0x00007ffff7c459af	30	in ./stdlib/cxa_finalize.c
0x00007ffff7c459b1	30	in ./stdlib/cxa_finalize.c
0x00007ffff7c459b3	30	in ./stdlib/cxa_finalize.c
0x00007ffff7c459b6	30	in ./stdlib/cxa_finalize.c
0x00007ffff7c459b7	30	in ./stdlib/cxa_finalize.c
0x00007ffff7c459b8	30	in ./stdlib/cxa_finalize.c
0x00007ffff7c459bc	33	in ./stdlib/cxa_finalize.c
0x00007ffff7c459c3	33	in ./stdlib/cxa_finalize.c
0x00007ffff7c459c9	33	in ./stdlib/cxa_finalize.c
0x00007ffff7c459cf	33	in ./stdlib/cxa_finalize.c
36	in ./stdlib/cxa_finalize.c
36	in ./stdlib/cxa_finalize.c
0x00007ffff7c459da	36	in ./stdlib/cxa_finalize.c
40	in ./stdlib/cxa_finalize.c
0x00007ffff7c459e4	40	in ./stdlib/cxa_finalize.c
0x00007ffff7c459e8	40	in ./stdlib/cxa_finalize.c
0x00007ffff7c459ec	40	in ./stdlib/cxa_finalize.c
40	in ./stdlib/cxa_finalize.c
0x00007ffff7c459f4	40	in ./stdlib/cxa_finalize.c
36	in ./stdlib/cxa_finalize.c
36	in ./stdlib/cxa_finalize.c
0x00007ffff7c45a86	36	in ./stdlib/cxa_finalize.c
94	in ./stdlib/cxa_finalize.c
94	in ./stdlib/cxa_finalize.c
0x00007ffff7c45a96	94	in ./stdlib/cxa_finalize.c
0x00007ffff7c45a98	94	in ./stdlib/cxa_finalize.c
98	in ./stdlib/cxa_finalize.c
0x00007ffff7c45aa4	98	in ./stdlib/cxa_finalize.c
0x00007ffff7c45aa8	98	in ./stdlib/cxa_finalize.c
0x00007ffff7c45aac	98	in ./stdlib/cxa_finalize.c
98	in ./stdlib/cxa_finalize.c
0x00007ffff7c45ab4	98	in ./stdlib/cxa_finalize.c
94	in ./stdlib/cxa_finalize.c
94	in ./stdlib/cxa_finalize.c
0x00007ffff7c45adc	94	in ./stdlib/cxa_finalize.c
105	in ./stdlib/cxa_finalize.c
0x00007ffff7c45ae1	105	in ./stdlib/cxa_finalize.c
106	in ./stdlib/cxa_finalize.c
0x00007ffff7c45ae6	106	in ./stdlib/cxa_finalize.c
__unregister_atfork (dso_handle=dso_handle@entry=0x55555555c008) at ./posix/register-atfork.c:76
77	in ./posix/register-atfork.c
0x00007ffff7ceadd5	77	in ./posix/register-atfork.c
0x00007ffff7ceadd7	76	in ./posix/register-atfork.c
0x00007ffff7ceadda	77	in ./posix/register-atfork.c
0x00007ffff7ceaddf	77	in ./posix/register-atfork.c
0x00007ffff7ceade7	77	in ./posix/register-atfork.c
fork_handler_list_size (list=0x7ffff7e21ae0 <fork_handlers>) at ../malloc/dynarray-skeleton.c:243
0x00007ffff7ceadf4 in fork_handler_list_find (dso_handle=0x55555555c008, fork_handlers=0x7ffff7e21ae0 <fork_handlers>) at ./posix/register-atfork.c:65
0x00007ffff7ceadf7	65	in ./posix/register-atfork.c
__unregister_atfork (dso_handle=dso_handle@entry=0x55555555c008) at ./posix/register-atfork.c:103
103	in ./posix/register-atfork.c
0x00007ffff7ceaeb2	103	in ./posix/register-atfork.c
103	in ./posix/register-atfork.c
0x00007ffff7ceaebb	103	in ./posix/register-atfork.c
0x00007ffff7ceaebd	104	in ./posix/register-atfork.c
0x00007ffff7ceaebe	104	in ./posix/register-atfork.c
__cxa_finalize (d=0x55555555c008) at ./stdlib/cxa_finalize.c:107
0x00007ffff7c45aed	107	in ./stdlib/cxa_finalize.c
107	in ./stdlib/cxa_finalize.c
0x00007ffff7c45af4	107	in ./stdlib/cxa_finalize.c
0x00007ffff7c45afa	108	in ./stdlib/cxa_finalize.c
0x00007ffff7c45afe	108	in ./stdlib/cxa_finalize.c
0x00007ffff7c45aff	108	in ./stdlib/cxa_finalize.c
0x00007ffff7c45b00	108	in ./stdlib/cxa_finalize.c
0x00007ffff7c45b02	108	in ./stdlib/cxa_finalize.c
0x00007ffff7c45b04	108	in ./stdlib/cxa_finalize.c
0x00007ffff7c45b06	108	in ./stdlib/cxa_finalize.c
0x00007ffff7c45b08	108	in ./stdlib/cxa_finalize.c
0x0000555555555187 in __do_global_dtors_aux ()
0x00005555555550f0 in deregister_tm_clones ()
0x00005555555550f7 in deregister_tm_clones ()
0x00005555555550fe in deregister_tm_clones ()
0x0000555555555101 in deregister_tm_clones ()
0x0000555555555118 in deregister_tm_clones ()
0x000055555555518c in __do_global_dtors_aux ()
0x0000555555555193 in __do_global_dtors_aux ()
0x0000555555555194 in __do_global_dtors_aux ()
_dl_fini () at ./elf/dl-fini.c:141
0x00007ffff7fc9252	141	in ./elf/dl-fini.c
0x00007ffff7fc9255	141	in ./elf/dl-fini.c
0x00007ffff7fc9259	141	in ./elf/dl-fini.c
0x00007ffff7fc925d	141	in ./elf/dl-fini.c
0x00007ffff7fc925f	146	in ./elf/dl-fini.c
146	in ./elf/dl-fini.c
0x00007ffff7fc9269	146	in ./elf/dl-fini.c
147	in ./elf/dl-fini.c
0x00007ffff7fc926f	147	in ./elf/dl-fini.c
0x00007ffff7fc9272	147	in ./elf/dl-fini.c
0x0000555555559b84 in _fini ()
0x0000555555559b88 in _fini ()
0x0000555555559b8c in _fini ()
0x0000555555559b90 in _fini ()
_dl_fini () at ./elf/dl-fini.c:153
153	in ./elf/dl-fini.c
0x00007ffff7fc9277	153	in ./elf/dl-fini.c
_dl_audit_objclose (l=l@entry=0x7ffff7ffe2e0) at ./elf/dl-audit.c:96
97	in ./elf/dl-audit.c
0x00007ffff7fde57a	97	in ./elf/dl-audit.c
0x00007ffff7fde57c	97	in ./elf/dl-audit.c
0x00007ffff7fde57e	97	in ./elf/dl-audit.c
_dl_fini () at ./elf/dl-fini.c:158
113	in ./elf/dl-fini.c
0x00007ffff7fc9288	113	in ./elf/dl-fini.c
0x00007ffff7fc928c	113	in ./elf/dl-fini.c
115	in ./elf/dl-fini.c
117	in ./elf/dl-fini.c
0x00007ffff7fc91eb	117	in ./elf/dl-fini.c
0x00007ffff7fc91ed	117	in ./elf/dl-fini.c
158	in ./elf/dl-fini.c
113	in ./elf/dl-fini.c
0x00007ffff7fc9288	113	in ./elf/dl-fini.c
0x00007ffff7fc928c	113	in ./elf/dl-fini.c
115	in ./elf/dl-fini.c
117	in ./elf/dl-fini.c
0x00007ffff7fc91eb	117	in ./elf/dl-fini.c
0x00007ffff7fc91ed	117	in ./elf/dl-fini.c
120	in ./elf/dl-fini.c
0x00007ffff7fc91f6	120	in ./elf/dl-fini.c
123	in ./elf/dl-fini.c
0x00007ffff7fc9204	123	in ./elf/dl-fini.c
0x00007ffff7fc9207	123	in ./elf/dl-fini.c
0x00007ffff7fc92a8	124	in ./elf/dl-fini.c
0x00007ffff7fc92af	124	in ./elf/dl-fini.c
0x00007ffff7fc92b2	124	in ./elf/dl-fini.c
153	in ./elf/dl-fini.c
0x00007ffff7fc9277	153	in ./elf/dl-fini.c
_dl_audit_objclose (l=l@entry=0x7ffff7fbb160) at ./elf/dl-audit.c:96
97	in ./elf/dl-audit.c
0x00007ffff7fde57a	97	in ./elf/dl-audit.c
0x00007ffff7fde57c	97	in ./elf/dl-audit.c
0x00007ffff7fde57e	97	in ./elf/dl-audit.c
_dl_fini () at ./elf/dl-fini.c:158
113	in ./elf/dl-fini.c
0x00007ffff7fc9288	113	in ./elf/dl-fini.c
0x00007ffff7fc928c	113	in ./elf/dl-fini.c
115	in ./elf/dl-fini.c
117	in ./elf/dl-fini.c
0x00007ffff7fc91eb	117	in ./elf/dl-fini.c
0x00007ffff7fc91ed	117	in ./elf/dl-fini.c
120	in ./elf/dl-fini.c
0x00007ffff7fc91f6	120	in ./elf/dl-fini.c
123	in ./elf/dl-fini.c
0x00007ffff7fc9204	123	in ./elf/dl-fini.c
0x00007ffff7fc9207	123	in ./elf/dl-fini.c
0x00007ffff7fc92a8	124	in ./elf/dl-fini.c
0x00007ffff7fc92af	124	in ./elf/dl-fini.c
0x00007ffff7fc92b2	124	in ./elf/dl-fini.c
153	in ./elf/dl-fini.c
0x00007ffff7fc9277	153	in ./elf/dl-fini.c
_dl_audit_objclose (l=l@entry=0x7ffff7ffdaf0 <_rtld_global+2736>) at ./elf/dl-audit.c:96
97	in ./elf/dl-audit.c
0x00007ffff7fde57a	97	in ./elf/dl-audit.c
0x00007ffff7fde57c	97	in ./elf/dl-audit.c
0x00007ffff7fde57e	97	in ./elf/dl-audit.c
_dl_fini () at ./elf/dl-fini.c:158
113	in ./elf/dl-fini.c
0x00007ffff7fc9288	113	in ./elf/dl-fini.c
0x00007ffff7fc928c	113	in ./elf/dl-fini.c
162	in ./elf/dl-fini.c
0x00007ffff7fc9294	162	in ./elf/dl-fini.c
0x00007ffff7fc9297	162	in ./elf/dl-fini.c
_dl_audit_activity_nsid (nsid=nsid@entry=0, action=action@entry=0) at ./elf/dl-audit.c:40
44	in ./elf/dl-audit.c
0x00007ffff7fde256	44	in ./elf/dl-audit.c
0x00007ffff7fde25a	40	in ./elf/dl-audit.c
0x00007ffff7fde25c	44	in ./elf/dl-audit.c
0x00007ffff7fde260	40	in ./elf/dl-audit.c
0x00007ffff7fde261	44	in ./elf/dl-audit.c
0x00007ffff7fde268	40	in ./elf/dl-audit.c
0x00007ffff7fde269	40	in ./elf/dl-audit.c
0x00007ffff7fde26d	44	in ./elf/dl-audit.c
45	in ./elf/dl-audit.c
0x00007ffff7fde278	46	in ./elf/dl-audit.c
0x00007ffff7fde27b	46	in ./elf/dl-audit.c
0x00007ffff7fde27d	46	in ./elf/dl-audit.c
0x00007ffff7fde27f	46	in ./elf/dl-audit.c
0x00007ffff7fde281	50	in ./elf/dl-audit.c
0x00007ffff7fde285	50	in ./elf/dl-audit.c
0x00007ffff7fde286	50	in ./elf/dl-audit.c
0x00007ffff7fde287	50	in ./elf/dl-audit.c
0x00007ffff7fde289	50	in ./elf/dl-audit.c
0x00007ffff7fde28b	50	in ./elf/dl-audit.c
0x00007ffff7fc929c in _dl_fini () at ./elf/dl-fini.c:162
0x00007ffff7fc92a0	162	in ./elf/dl-fini.c
51	in ./elf/dl-fini.c
0x00007ffff7fc909d	51	in ./elf/dl-fini.c
0x00007ffff7fc90a4	51	in ./elf/dl-fini.c
0x00007ffff7fc90a8	51	in ./elf/dl-fini.c
168	in ./elf/dl-fini.c
0x00007ffff7fc92f3	168	in ./elf/dl-fini.c
0x00007ffff7fc92f5	168	in ./elf/dl-fini.c
0x00007ffff7fc92f7	168	in ./elf/dl-fini.c
0x00007ffff7fc92fd	168	in ./elf/dl-fini.c
0x00007ffff7fc92ff	168	in ./elf/dl-fini.c
174	in ./elf/dl-fini.c
0x00007ffff7fc9308	174	in ./elf/dl-fini.c
0x00007ffff7fc930a	181	in ./elf/dl-fini.c
0x00007ffff7fc930e	181	in ./elf/dl-fini.c
0x00007ffff7fc930f	181	in ./elf/dl-fini.c
0x00007ffff7fc9311	181	in ./elf/dl-fini.c
0x00007ffff7fc9313	181	in ./elf/dl-fini.c
0x00007ffff7fc9315	181	in ./elf/dl-fini.c
0x00007ffff7fc9317	181	in ./elf/dl-fini.c
0x00007ffff7fc9318	181	in ./elf/dl-fini.c
__run_exit_handlers (status=0, listp=0x7ffff7e1a838 <__exit_funcs>, run_list_atexit=run_list_atexit@entry=true, run_dtors=run_dtors@entry=true) at ./stdlib/exit.c:114
0x00007ffff7c4549a	114	in ./stdlib/exit.c
0x00007ffff7c4549c	114	in ./stdlib/exit.c
0x00007ffff7c454a1	114	in ./stdlib/exit.c
0x00007ffff7c453e0	66	in ./stdlib/exit.c
66	in ./stdlib/exit.c
0x00007ffff7c453e7	66	in ./stdlib/exit.c
124	in ./stdlib/exit.c
0x00007ffff7c45503	124	in ./stdlib/exit.c
125	in ./stdlib/exit.c
0x00007ffff7c4550a	125	in ./stdlib/exit.c
62	in ./stdlib/exit.c
131	in ./stdlib/exit.c
0x00007ffff7c45519	131	in ./stdlib/exit.c
131	in ./stdlib/exit.c
0x00007ffff7c4551f	131	in ./stdlib/exit.c
133	in ./stdlib/exit.c
0x00007ffff7c4552a	133	in ./stdlib/exit.c
134	in ./stdlib/exit.c
0x00007ffff7c45533	134	in ./stdlib/exit.c
0x00007ffff7c4553a	134	in ./stdlib/exit.c
0x00007ffff7c4553d	134	in ./stdlib/exit.c
0x00007ffff7c4553f	134	in ./stdlib/exit.c
0x00007ffff7c45540	134	in ./stdlib/exit.c
_IO_cleanup () at ./libio/genops.c:863
0x00007ffff7c8eb54	863	in ./libio/genops.c
0x00007ffff7c8eb56	866	in ./libio/genops.c
0x00007ffff7c8eb58	863	in ./libio/genops.c
0x00007ffff7c8eb5a	863	in ./libio/genops.c
0x00007ffff7c8eb5c	863	in ./libio/genops.c
0x00007ffff7c8eb5e	863	in ./libio/genops.c
0x00007ffff7c8eb5f	863	in ./libio/genops.c
0x00007ffff7c8eb60	863	in ./libio/genops.c
0x00007ffff7c8eb64	863	in ./libio/genops.c
0x00007ffff7c8eb6d	863	in ./libio/genops.c
0x00007ffff7c8eb72	863	in ./libio/genops.c
_IO_unbuffer_all () at ./libio/genops.c:866
866	in ./libio/genops.c
0x00007ffff7c8eb79 in _IO_cleanup () at ./libio/genops.c:866
866	in ./libio/genops.c
_IO_flush_all_lockp (do_lock=do_lock@entry=0) at ./libio/genops.c:686
686	in ./libio/genops.c
0x00007ffff7c8e8e4	686	in ./libio/genops.c
0x00007ffff7c8e8e6	686	in ./libio/genops.c
0x00007ffff7c8e8e8	686	in ./libio/genops.c
0x00007ffff7c8e8eb	686	in ./libio/genops.c
0x00007ffff7c8e8ed	686	in ./libio/genops.c
0x00007ffff7c8e8ef	686	in ./libio/genops.c
0x00007ffff7c8e8f0	686	in ./libio/genops.c
0x00007ffff7c8e8f1	686	in ./libio/genops.c
0x00007ffff7c8e8f5	686	in ./libio/genops.c
0x00007ffff7c8e8fe	686	in ./libio/genops.c
0x00007ffff7c8e903	686	in ./libio/genops.c
691	in ./libio/genops.c
0x00007ffff7c8e90a	691	in ./libio/genops.c
0x00007ffff7c8e911	691	in ./libio/genops.c
691	in ./libio/genops.c
0x00007ffff7c8e91d	691	in ./libio/genops.c
691	in ./libio/genops.c
__GI___libc_cleanup_push_defer (buffer=buffer@entry=0x7fffffffda10) at ./nptl/libc-cleanup.c:24
27	in ./nptl/libc-cleanup.c
27	in ./nptl/libc-cleanup.c
30	in ./nptl/libc-cleanup.c
0x00007ffff7c911d3	30	in ./nptl/libc-cleanup.c
30	in ./nptl/libc-cleanup.c
0x00007ffff7c911de	30	in ./nptl/libc-cleanup.c
31	in ./nptl/libc-cleanup.c
33	in ./nptl/libc-cleanup.c
0x00007ffff7c911f3	34	in ./nptl/libc-cleanup.c
_IO_flush_all_lockp (do_lock=do_lock@entry=0) at ./libio/genops.c:692
692	in ./libio/genops.c
0x00007ffff7c8e937	692	in ./libio/genops.c
0x00007ffff7c8e939	692	in ./libio/genops.c
0x00007ffff7c8e93b	692	in ./libio/genops.c
0x00007ffff7c8e940	692	in ./libio/genops.c
0x00007ffff7c8e948	692	in ./libio/genops.c
0x00007ffff7c8e94e	692	in ./libio/genops.c
0x00007ffff7c8e955	692	in ./libio/genops.c
0x00007ffff7c8e95b	695	in ./libio/genops.c
0x00007ffff7c8e962	687	in ./libio/genops.c
0x00007ffff7c8e965	692	in ./libio/genops.c
0x00007ffff7c8e968	692	in ./libio/genops.c
695	in ./libio/genops.c
0x00007ffff7c8e971	695	in ./libio/genops.c
0x00007ffff7c8e977 in IO_validate_vtable (vtable=<optimized out>) at ./libio/libioP.h:940
0x00007ffff7c8e97e	940	in ./libio/libioP.h
0x00007ffff7c8e985	940	in ./libio/libioP.h
0x00007ffff7c8e988	940	in ./libio/libioP.h
_IO_flush_all_lockp (do_lock=do_lock@entry=0) at ./libio/genops.c:697
698	in ./libio/genops.c
0x00007ffff7c8ea26	698	in ./libio/genops.c
701	in ./libio/genops.c
0x00007ffff7c8ea6d	701	in ./libio/genops.c
0x00007ffff7c8ea6f	701	in ./libio/genops.c
0x00007ffff7c8ea75	701	in ./libio/genops.c
0x00007ffff7c8ea79	701	in ./libio/genops.c
0x00007ffff7c8ea7d	701	in ./libio/genops.c
0x00007ffff7c8ea83	701	in ./libio/genops.c
709	in ./libio/genops.c
0x00007ffff7c8e9d1	709	in ./libio/genops.c
711	in ./libio/genops.c
695	in ./libio/genops.c
0x00007ffff7c8ea17	695	in ./libio/genops.c
0x00007ffff7c8ea1a	695	in ./libio/genops.c
697	in ./libio/genops.c
698	in ./libio/genops.c
0x00007ffff7c8ea26	698	in ./libio/genops.c
701	in ./libio/genops.c
0x00007ffff7c8ea6d	701	in ./libio/genops.c
0x00007ffff7c8ea6f	701	in ./libio/genops.c
0x00007ffff7c8ea75	701	in ./libio/genops.c
0x00007ffff7c8ea79	701	in ./libio/genops.c
0x00007ffff7c8ea7d	701	in ./libio/genops.c
0x00007ffff7c8e9a1	706	in ./libio/genops.c
IO_validate_vtable (vtable=0x7ffff7e17600 <_IO_file_jumps>) at ./libio/libioP.h:943
0x00007ffff7c8e9ab	943	in ./libio/libioP.h
0x00007ffff7c8e9ae	943	in ./libio/libioP.h
0x00007ffff7c8e9b1	943	in ./libio/libioP.h
_IO_flush_all_lockp (do_lock=do_lock@entry=0) at ./libio/libioP.h:947
947	in ./libio/libioP.h
0x00007ffff7c8e9bc	947	in ./libio/libioP.h
0x00007ffff7c8e9bf	947	in ./libio/libioP.h
_IO_new_file_overflow (f=0x7ffff7e1b780 <_IO_2_1_stdout_>, ch=-1) at ./libio/fileops.c:731
732	in ./libio/fileops.c
0x00007ffff7c8cdc6	732	in ./libio/fileops.c
0x00007ffff7c8cdc7	732	in ./libio/fileops.c
0x00007ffff7c8cdca	732	in ./libio/fileops.c
0x00007ffff7c8cdcb	732	in ./libio/fileops.c
0x00007ffff7c8cdcd	732	in ./libio/fileops.c
0x00007ffff7c8cdcf	732	in ./libio/fileops.c
0x00007ffff7c8cdd5	732	in ./libio/fileops.c
739	in ./libio/fileops.c
0x00007ffff7c8cddb	739	in ./libio/fileops.c
0x00007ffff7c8cdde	739	in ./libio/fileops.c
0x00007ffff7c8cde0	739	in ./libio/fileops.c
0x00007ffff7c8cde3	739	in ./libio/fileops.c
0x00007ffff7c8cde9	776	in ./libio/fileops.c
774	in ./libio/fileops.c
0x00007ffff7c8cdf0	774	in ./libio/fileops.c
775	in ./libio/fileops.c
0x00007ffff7c8ce9d	775	in ./libio/fileops.c
0x00007ffff7c8cea0	776	in ./libio/fileops.c
0x00007ffff7c8cea3	787	in ./libio/fileops.c
0x00007ffff7c8cea4	787	in ./libio/fileops.c
0x00007ffff7c8cea6	775	in ./libio/fileops.c
_IO_new_do_write (fp=0x7ffff7e1b780 <_IO_2_1_stdout_>, data=0x55555649f2a0 "Anzahl Argumente: 2\n0. Argument: /home/allan/git/pp8/prototyptaskscpp/main\n1. Argument: empty\nEs wurden zwei Argumente uebergeben, das 1. Element wird ausgewertet!\n", to_do=164) at ./libio/fileops.c:423
423	in ./libio/fileops.c
424	in ./libio/fileops.c
0x00007ffff7c8c936	424	in ./libio/fileops.c
0x00007ffff7c8c939	424	in ./libio/fileops.c
0x00007ffff7c8c940	423	in ./libio/fileops.c
0x00007ffff7c8c942 in IO_validate_vtable (vtable=<optimized out>) at ./libio/libioP.h:940
0x00007ffff7c8c949 in _IO_new_do_write (fp=0x7ffff7e1b780 <_IO_2_1_stdout_>, data=0x55555649f2a0 "Anzahl Argumente: 2\n0. Argument: /home/allan/git/pp8/prototyptaskscpp/main\n1. Argument: empty\nEs wurden zwei Argumente uebergeben, das 1. Element wird ausgewertet!\n", to_do=164) at ./libio/fileops.c:423
0x00007ffff7c8c94b	423	in ./libio/fileops.c
0x00007ffff7c8c94d in IO_validate_vtable (vtableAnzahl Argumente: 2
0. Argument: /home/allan/git/pp8/prototyptaskscpp/main
1. Argument: empty
Es wurden zwei Argumente uebergeben, das 1. Element wird ausgewertet!
=<optimized out>) at ./libio/libioP.h:940
0x00007ffff7c8c954 in _IO_new_do_write (fp=0x7ffff7e1b780 <_IO_2_1_stdout_>, data=0x55555649f2a0 "Anzahl Argumente: 2\n0. Argument: /home/allan/git/pp8/prototyptaskscpp/main\n1. Argument: empty\nEs wurden zwei Argumente uebergeben, das 1. Element wird ausgewertet!\n", to_do=164) at ./libio/fileops.c:423
0x00007ffff7c8c956 in IO_validate_vtable (vtable=<optimized out>) at ./libio/libioP.h:940
0x00007ffff7c8c959	940	in ./libio/libioP.h
0x00007ffff7c8c95c in _IO_new_do_write (fp=0x7ffff7e1b780 <_IO_2_1_stdout_>, data=0x55555649f2a0 "Anzahl Argumente: 2\n0. Argument: /home/allan/git/pp8/prototyptaskscpp/main\n1. Argument: empty\nEs wurden zwei Argumente uebergeben, das 1. Element wird ausgewertet!\n", to_do=164) at ./libio/fileops.c:423
0x00007ffff7c8c95d	423	in ./libio/fileops.c
433	in ./libio/fileops.c
0x00007ffff7c8c961	433	in ./libio/fileops.c
0x00007ffff7c8c964	433	in ./libio/fileops.c
0x00007ffff7c8c968 in new_do_write (to_do=164, data=0x55555649f2a0 "Anzahl Argumente: 2\n0. Argument: /home/allan/git/pp8/prototyptaskscpp/main\n1. Argument: empty\nEs wurden zwei Argumente uebergeben, das 1. Element wird ausgewertet!\n", fp=0x7ffff7e1b780 <_IO_2_1_stdout_>) at ./libio/fileops.c:443
443	in ./libio/fileops.c
0x00007ffff7c8c96f	433	in ./libio/fileops.c
0x00007ffff7c8c975	433	in ./libio/fileops.c
440	in ./libio/fileops.c
0x00007ffff7c8c97f	440	in ./libio/fileops.c
0x00007ffff7c8c983	440	in ./libio/fileops.c
0x00007ffff7c8c986	440	in ./libio/fileops.c
IO_validate_vtable (vtable=0x7ffff7e17600 <_IO_file_jumps>) at ./libio/libioP.h:943
0x00007ffff7c8c9c8	943	in ./libio/libioP.h
0x00007ffff7c8c9cb	943	in ./libio/libioP.h
0x00007ffff7c8c9ce	943	in ./libio/libioP.h
new_do_write (to_do=164, data=0x55555649f2a0 "Anzahl Argumente: 2\n0. Argument: /home/allan/git/pp8/prototyptaskscpp/main\n1. Argument: empty\nEs wurden zwei Argumente uebergeben, das 1. Element wird ausgewertet!\n", fp=0x7ffff7e1b780 <_IO_2_1_stdout_>) at ./libio/libioP.h:947
947	in ./libio/libioP.h
0x00007ffff7c8c9d7	947	in ./libio/libioP.h
0x00007ffff7c8c9da	947	in ./libio/libioP.h
0x00007ffff7c8c9dd	947	in ./libio/libioP.h
_IO_new_file_write (f=0x7ffff7e1b780 <_IO_2_1_stdout_>, data=0x55555649f2a0, n=164) at ./libio/fileops.c:1173
0x00007ffff7c8aec4	1173	in ./libio/fileops.c
0x00007ffff7c8aec6	1173	in ./libio/fileops.c
1175	in ./libio/fileops.c
0x00007ffff7c8aecb	1175	in ./libio/fileops.c
0x00007ffff7c8aecc	1175	in ./libio/fileops.c
0x00007ffff7c8aecd	1175	in ./libio/fileops.c
0x00007ffff7c8aed1	1175	in ./libio/fileops.c
0x00007ffff7c8aed4	1175	in ./libio/fileops.c
0x00007ffff7c8aeda	1175	in ./libio/fileops.c
0x00007ffff7c8aedd	1175	in ./libio/fileops.c
0x00007ffff7c8aee0	1175	in ./libio/fileops.c
0x00007ffff7c8aee3	1175	in ./libio/fileops.c
1177	in ./libio/fileops.c
0x00007ffff7c8af01	1177	in ./libio/fileops.c
0x00007ffff7c8af04	1177	in ./libio/fileops.c
0x00007ffff7c8af07	1180	in ./libio/fileops.c
0x00007ffff7c8af0c	1180	in ./libio/fileops.c
0x00007ffff7c8aee8	1180	in ./libio/fileops.c
__GI___libc_write (fd=1, buf=0x55555649f2a0, nbytes=164) at ../sysdeps/unix/sysv/linux/write.c:25
26	in ../sysdeps/unix/sysv/linux/write.c
26	in ../sysdeps/unix/sysv/linux/write.c
0x00007ffff7d1487e	26	in ../sysdeps/unix/sysv/linux/write.c
0x00007ffff7d14880	26	in ../sysdeps/unix/sysv/linux/write.c
0x00007ffff7d14885	26	in ../sysdeps/unix/sysv/linux/write.c
0x00007ffff7d14887	26	in ../sysdeps/unix/sysv/linux/write.c
0x00007ffff7d1488d	26	in ../sysdeps/unix/sysv/linux/write.c
0x00007ffff7d1488f	27	in ../sysdeps/unix/sysv/linux/write.c
_IO_new_file_write (f=0x7ffff7e1b780 <_IO_2_1_stdout_>, data=0x55555649f2a0, n=164) at ./libio/fileops.c:1181
0x00007ffff7c8aef0	1181	in ./libio/fileops.c
1186	in ./libio/fileops.c
1187	in ./libio/fileops.c
1175	in ./libio/fileops.c
0x00007ffff7c8aefb	1175	in ./libio/fileops.c
0x00007ffff7c8af50	1189	in ./libio/fileops.c
0x00007ffff7c8af53	1189	in ./libio/fileops.c
0x00007ffff7c8af56	1189	in ./libio/fileops.c
1190	in ./libio/fileops.c
0x00007ffff7c8af32	1190	in ./libio/fileops.c
0x00007ffff7c8af35	1190	in ./libio/fileops.c
1192	in ./libio/fileops.c
0x00007ffff7c8af45	1192	in ./libio/fileops.c
0x00007ffff7c8af46	1192	in ./libio/fileops.c
0x00007ffff7c8af47	1192	in ./libio/fileops.c
0x00007ffff7c8af49	1192	in ./libio/fileops.c
0x00007ffff7c8af4b	1193	in ./libio/fileops.c
0x00007ffff7c8c9e1 in new_do_write (to_do=164, data=0x55555649f2a0 "Anzahl Argumente: 2\n0. Argument: /home/allan/git/pp8/prototyptaskscpp/main\n1. Argument: empty\nEs wurden zwei Argumente uebergeben, das 1. Element wird ausgewertet!\n", fp=0x7ffff7e1b780 <_IO_2_1_stdout_>) at ./libio/libioP.h:947
0x00007ffff7c8c9eb	449	in ./libio/fileops.c
0x00007ffff7c8c9ee	449	in ./libio/fileops.c
0x00007ffff7c8c9f0	449	in ./libio/fileops.c
0x00007ffff7c8c9f3	449	in ./libio/fileops.c
451	in ./libio/fileops.c
0x00007ffff7c8c9f9	455	in ./libio/fileops.c
0x00007ffff7c8c9ff	455	in ./libio/fileops.c
0x00007ffff7c8ca04	452	in ./libio/fileops.c
0x00007ffff7c8ca08	452	in ./libio/fileops.c
452	in ./libio/fileops.c
0x00007ffff7c8ca10	452	in ./libio/fileops.c
453	in ./libio/fileops.c
0x00007ffff7c8ca16	453	in ./libio/fileops.c
0x00007ffff7c8ca50	454	in ./libio/fileops.c
0x00007ffff7c8ca56	454	in ./libio/fileops.c
0x00007ffff7c8ca58	454	in ./libio/fileops.c
0x00007ffff7c8ca18	453	in ./libio/fileops.c
0x00007ffff7c8ca1c	453	in ./libio/fileops.c
_IO_new_do_write (to_do=164, data=0x55555649f2a0 "Anzahl Argumente: 2\n0. Argument: /home/allan/git/pp8/prototyptaskscpp/main\n1. Argument: empty\nEs wurden zwei Argumente uebergeben, das 1. Element wird ausgewertet!\n", fp=0x7ffff7e1b780 <_IO_2_1_stdout_>) at ./libio/fileops.c:456
456	in ./libio/fileops.c
0x00007ffff7c8ca22	456	in ./libio/fileops.c
0x00007ffff7c8ca25	456	in ./libio/fileops.c
0x00007ffff7c8ca28	456	in ./libio/fileops.c
0x00007ffff7c8ca2a in _IO_new_do_write (fp=0x7ffff7e1b780 <_IO_2_1_stdout_>, data=0x55555649f2a0 "Anzahl Argumente: 2\n0. Argument: /home/allan/git/pp8/prototyptaskscpp/main\n1. Argument: empty\nEs wurden zwei Argumente uebergeben, das 1. Element wird ausgewertet!\n", to_do=164) at ./libio/fileops.c:426
426	in ./libio/fileops.c
0x00007ffff7c8ca2e	426	in ./libio/fileops.c
0x00007ffff7c8ca2f	426	in ./libio/fileops.c
0x00007ffff7c8ca30	426	in ./libio/fileops.c
0x00007ffff7c8ca32	426	in ./libio/fileops.c
0x00007ffff7c8ca34	426	in ./libio/fileops.c
0x00007ffff7c8ca36	426	in ./libio/fileops.c
0x00007ffff7c8ca38	426	in ./libio/fileops.c
0x00007ffff7c8e9c2 in _IO_flush_all_lockp (do_lock=do_lock@entry=0) at ./libio/genops.c:707
0x00007ffff7c8e9c5	707	in ./libio/genops.c
0x00007ffff7c8e9ca	707	in ./libio/genops.c
709	in ./libio/genops.c
0x00007ffff7c8e9d1	709	in ./libio/genops.c
711	in ./libio/genops.c
695	in ./libio/genops.c
0x00007ffff7c8ea17	695	in ./libio/genops.c
0x00007ffff7c8ea1a	695	in ./libio/genops.c
697	in ./libio/genops.c
698	in ./libio/genops.c
0x00007ffff7c8ea26	698	in ./libio/genops.c
701	in ./libio/genops.c
0x00007ffff7c8ea6d	701	in ./libio/genops.c
0x00007ffff7c8ea6f	701	in ./libio/genops.c
0x00007ffff7c8ea75	701	in ./libio/genops.c
0x00007ffff7c8ea79	701	in ./libio/genops.c
0x00007ffff7c8ea7d	701	in ./libio/genops.c
0x00007ffff7c8ea83	701	in ./libio/genops.c
709	in ./libio/genops.c
0x00007ffff7c8e9d1	709	in ./libio/genops.c
711	in ./libio/genops.c
695	in ./libio/genops.c
0x00007ffff7c8ea17	695	in ./libio/genops.c
0x00007ffff7c8ea1a	695	in ./libio/genops.c
0x00007ffff7c8ea90	715	in ./libio/genops.c
0x00007ffff7c8ea96	715	in ./libio/genops.c
715	in ./libio/genops.c
0x00007ffff7c8ea9f	715	in ./libio/genops.c
0x00007ffff7c8eaa1	715	in ./libio/genops.c
0x00007ffff7c8eaa3	715	in ./libio/genops.c
0x00007ffff7c8eaae	715	in ./libio/genops.c
0x00007ffff7c8eab4	715	in ./libio/genops.c
0x00007ffff7c8eab7	715	in ./libio/genops.c
716	in ./libio/genops.c
0x00007ffff7c8eabc	716	in ./libio/genops.c
__GI___libc_cleanup_pop_restore (buffer=buffer@entry=0x7fffffffda10) at ./nptl/libc-cleanup.c:39
42	in ./nptl/libc-cleanup.c
0x00007ffff7c91208	42	in ./nptl/libc-cleanup.c
44	in ./nptl/libc-cleanup.c
0x00007ffff7c91214	44	in ./nptl/libc-cleanup.c
45	in ./nptl/libc-cleanup.c
0x00007ffff7c9121f	45	in ./nptl/libc-cleanup.c
0x00007ffff7c91221	47	in ./nptl/libc-cleanup.c
_IO_flush_all_lockp (do_lock=do_lock@entry=0) at ./libio/genops.c:719
0x00007ffff7c8eac6	719	in ./libio/genops.c
0x00007ffff7c8eacf	719	in ./libio/genops.c
0x00007ffff7c8ead1	719	in ./libio/genops.c
0x00007ffff7c8ead5	719	in ./libio/genops.c
0x00007ffff7c8ead8	719	in ./libio/genops.c
0x00007ffff7c8ead9	719	in ./libio/genops.c
0x00007ffff7c8eada	719	in ./libio/genops.c
0x00007ffff7c8eadc	719	in ./libio/genops.c
0x00007ffff7c8eade	719	in ./libio/genops.c
0x00007ffff7c8eae0	719	in ./libio/genops.c
0x00007ffff7c8eae2	719	in ./libio/genops.c
0x00007ffff7c8eb7e in _IO_unbuffer_all () at ./libio/genops.c:786
786	in ./libio/genops.c
0x00007ffff7c8eb81	786	in ./libio/genops.c
0x00007ffff7c8eb8a in _IO_cleanup () at ./libio/genops.c:866
866	in ./libio/genops.c
_IO_unbuffer_all () at ./libio/genops.c:786
786	in ./libio/genops.c
0x00007ffff7c8eb94	786	in ./libio/genops.c
786	in ./libio/genops.c
__GI___libc_cleanup_push_defer (buffer=buffer@entry=0x7fffffffda90) at ./nptl/libc-cleanup.c:24
27	in ./nptl/libc-cleanup.c
27	in ./nptl/libc-cleanup.c
30	in ./nptl/libc-cleanup.c
0x00007ffff7c911d3	30	in ./nptl/libc-cleanup.c
30	in ./nptl/libc-cleanup.c
0x00007ffff7c911de	30	in ./nptl/libc-cleanup.c
31	in ./nptl/libc-cleanup.c
33	in ./nptl/libc-cleanup.c
0x00007ffff7c911f3	34	in ./nptl/libc-cleanup.c
_IO_unbuffer_all () at ./libio/genops.c:787
787	in ./libio/genops.c
0x00007ffff7c8ebae	787	in ./libio/genops.c
787	in ./libio/genops.c
0x00007ffff7c8ebb2	787	in ./libio/genops.c
0x00007ffff7c8ebb7	787	in ./libio/genops.c
0x00007ffff7c8ebbf	787	in ./libio/genops.c
787	in ./libio/genops.c
787	in ./libio/genops.c
0x00007ffff7c8ebd2	790	in ./libio/genops.c
0x00007ffff7c8ebd9	787	in ./libio/genops.c
0x00007ffff7c8ebdc	787	in ./libio/genops.c
790	in ./libio/genops.c
0x00007ffff7c8ebe5	790	in ./libio/genops.c
0x00007ffff7c8ebeb in IO_validate_vtable (vtable=<optimized out>) at ./libio/libioP.h:940
0x00007ffff7c8ebf2	940	in ./libio/libioP.h
0x00007ffff7c8ebf9	940	in ./libio/libioP.h
0x00007ffff7c8ebfc	940	in ./libio/libioP.h
_IO_unbuffer_all () at ./libio/genops.c:799
0x00007ffff7c8ec1b	799	in ./libio/genops.c
0x00007ffff7c8ec1f	799	in ./libio/genops.c
838	in ./libio/genops.c
790	in ./libio/genops.c
790	in ./libio/genops.c
0x00007ffff7c8ec12	790	in ./libio/genops.c
799	in ./libio/genops.c
0x00007ffff7c8ec1b	799	in ./libio/genops.c
0x00007ffff7c8ec1f	799	in ./libio/genops.c
0x00007ffff7c8ec21	801	in ./libio/genops.c
0x00007ffff7c8ec28	801	in ./libio/genops.c
0x00007ffff7c8ec2a	801	in ./libio/genops.c
807	in ./libio/genops.c
0x00007ffff7c8ec33	807	in ./libio/genops.c
0x00007ffff7c8ec36	807	in ./libio/genops.c
807	in ./libio/genops.c
807	in ./libio/genops.c
0x00007ffff7c8ec45	807	in ./libio/genops.c
807	in ./libio/genops.c
0x00007ffff7c8ec50	807	in ./libio/genops.c
0x00007ffff7c8ec52	807	in ./libio/genops.c
0x00007ffff7c8ec56	807	in ./libio/genops.c
807	in ./libio/genops.c
0x00007ffff7c8ec63	807	in ./libio/genops.c
807	in ./libio/genops.c
815	in ./libio/genops.c
0x00007ffff7c8ec75	815	in ./libio/genops.c
0x00007ffff7c8ec77	815	in ./libio/genops.c
0x00007ffff7c8ec7a	815	in ./libio/genops.c
0x00007ffff7c8ec7c	815	in ./libio/genops.c
817	in ./libio/genops.c
0x00007ffff7c8ed68	817	in ./libio/genops.c
0x00007ffff7c8ed6b	820	in ./libio/genops.c
0x00007ffff7c8ed72	817	in ./libio/genops.c
821	in ./libio/genops.c
0x00007ffff7c8ed7a	821	in ./libio/genops.c
0x00007ffff7c8ed82	821	in ./libio/genops.c
824	in ./libio/genops.c
IO_validate_vtable (vtable=0x7ffff7e17600 <_IO_file_jumps>) at ./libio/libioP.h:943
0x00007ffff7c8ec8c	943	in ./libio/libioP.h
0x00007ffff7c8ec8f	943	in ./libio/libioP.h
0x00007ffff7c8ec92	943	in ./libio/libioP.h
_IO_unbuffer_all () at ./libio/libioP.h:947
947	in ./libio/libioP.h
0x00007ffff7c8ec9a	947	in ./libio/libioP.h
0x00007ffff7c8ec9c	947	in ./libio/libioP.h
0x00007ffff7c8ec9f	947	in ./libio/libioP.h
_IO_new_file_setbuf (fp=0x7ffff7e1b780 <_IO_2_1_stdout_>, p=0x0, len=0) at ./libio/fileops.c:381
382	in ./libio/fileops.c
0x00007ffff7c8a5a5	381	in ./libio/fileops.c
0x00007ffff7c8a5a8	382	in ./libio/fileops.c
_IO_default_setbuf (fp=fp@entry=0x7ffff7e1b780 <_IO_2_1_stdout_>, p=0x0, len=0) at ./libio/genops.c:452
453	in ./libio/genops.c
0x00007ffff7c8e3b6 in IO_validate_vtable (vtable=<optimized out>) at ./libio/libioP.h:940
0x00007ffff7c8e3bd in _IO_default_setbuf (fp=fp@entry=0x7ffff7e1b780 <_IO_2_1_stdout_>, p=0x0, len=0) at ./libio/genops.c:452
0x00007ffff7c8e3bf	452	in ./libio/genops.c
0x00007ffff7c8e3c2 in IO_validate_vtable (vtable=<optimized out>) at ./libio/libioP.h:940
0x00007ffff7c8e3c9 in _IO_default_setbuf (fp=fp@entry=0x7ffff7e1b780 <_IO_2_1_stdout_>, p=0x0, len=0) at ./libio/genops.c:452
0x00007ffff7c8e3ca in IO_validate_vtable (vtable=<optimized out>) at ./libio/libioP.h:940
0x00007ffff7c8e3cd in _IO_default_setbuf (fp=fp@entry=0x7ffff7e1b780 <_IO_2_1_stdout_>, p=0x0, len=0) at ./libio/genops.c:452
0x00007ffff7c8e3d0	452	in ./libio/genops.c
0x00007ffff7c8e3d1	452	in ./libio/genops.c
0x00007ffff7c8e3d4	452	in ./libio/genops.c
0x00007ffff7c8e3d8	453	in ./libio/genops.c
IO_validate_vtable (vtable=0x7ffff7e17600 <_IO_file_jumps>) at ./libio/libioP.h:943
0x00007ffff7c8e3e2	943	in ./libio/libioP.h
0x00007ffff7c8e3e5	943	in ./libio/libioP.h
0x00007ffff7c8e3e8	943	in ./libio/libioP.h
_IO_default_setbuf (fp=fp@entry=0x7ffff7e1b780 <_IO_2_1_stdout_>, p=0x0, len=0) at ./libio/libioP.h:947
947	in ./libio/libioP.h
0x00007ffff7c8e3f1	947	in ./libio/libioP.h
_IO_new_file_sync (fp=0x7ffff7e1b780 <_IO_2_1_stdout_>) at ./libio/fileops.c:792
797	in ./libio/fileops.c
0x00007ffff7c8a435	797	in ./libio/fileops.c
0x00007ffff7c8a436	797	in ./libio/fileops.c
0x00007ffff7c8a439	797	in ./libio/fileops.c
0x00007ffff7c8a43d	797	in ./libio/fileops.c
0x00007ffff7c8a441	797	in ./libio/fileops.c
0x00007ffff7c8a445	797	in ./libio/fileops.c
0x00007ffff7c8a448	797	in ./libio/fileops.c
799	in ./libio/fileops.c
800	in ./libio/fileops.c
0x00007ffff7c8a47b	800	in ./libio/fileops.c
811	in ./libio/fileops.c
0x00007ffff7c8a4c7	811	in ./libio/fileops.c
0x00007ffff7c8a4c9	815	in ./libio/fileops.c
0x00007ffff7c8a4cd	815	in ./libio/fileops.c
0x00007ffff7c8a4ce	815	in ./libio/fileops.c
0x00007ffff7c8a4cf	815	in ./libio/fileops.c
0x00007ffff7c8e3f5 in _IO_default_setbuf (fp=fp@entry=0x7ffff7e1b780 <_IO_2_1_stdout_>, p=0x0, len=0) at ./libio/genops.c:453
0x00007ffff7c8e3f8	453	in ./libio/genops.c
455	in ./libio/genops.c
0x00007ffff7c8e400 in __GI__IO_setb (a=<optimized out>, eb=<optimized out>, b=<optimized out>, f=<optimized out>) at ./libio/genops.c:330
330	in ./libio/genops.c
0x00007ffff7c8e404 in _IO_default_setbuf (fp=fp@entry=0x7ffff7e1b780 <_IO_2_1_stdout_>, p=0x0, len=0) at ./libio/genops.c:462
462	in ./libio/genops.c
0x00007ffff7c8e406	455	in ./libio/genops.c
0x00007ffff7c8e409	455	in ./libio/genops.c
457	in ./libio/genops.c
0x00007ffff7c8e463	458	in ./libio/genops.c
0x00007ffff7c8e46a	458	in ./libio/genops.c
0x00007ffff7c8e471	457	in ./libio/genops.c
__GI__IO_setb (a=0, eb=0x7ffff7e1b804 <_IO_2_1_stdout_+132> "", b=0x7ffff7e1b803 <_IO_2_1_stdout_+131> "", f=0x7ffff7e1b780 <_IO_2_1_stdout_>) at ./libio/genops.c:330
330	in ./libio/genops.c
0x00007ffff7c8e476	330	in ./libio/genops.c
0x00007ffff7c8e478 in __GI__IO_setb (a=<optimized out>, eb=<optimized out>, b=<optimized out>, f=<optimized out>) at ./libio/genops.c:330
330	in ./libio/genops.c
0x00007ffff7c8e47b	330	in ./libio/genops.c
__GI__IO_setb (a=<optimized out>, eb=<optimized out>, b=<optimized out>, f=<optimized out>) at ./libio/genops.c:337
337	in ./libio/genops.c
0x00007ffff7c8e427	337	in ./libio/genops.c
0x00007ffff7c8e42c in __GI__IO_setb (a=<optimized out>, eb=<optimized out>, b=<optimized out>, f=<optimized out>) at ./libio/genops.c:337
337	in ./libio/genops.c
0x00007ffff7c8e42f in __GI__IO_setb (a=<optimized out>, eb=<optimized out>, b=<optimized out>, f=<optimized out>) at ./libio/genops.c:332
332	in ./libio/genops.c
0x00007ffff7c8e433	337	in ./libio/genops.c
_IO_default_setbuf (fp=fp@entry=0x7ffff7e1b780 <_IO_2_1_stdout_>, p=<optimized out>, len=<optimized out>) at ./libio/genops.c:466
466	in ./libio/genops.c
0x00007ffff7c8e438 in __GI__IO_setb (a=<optimized out>, eb=<optimized out>, b=<optimized out>, f=<optimized out>) at ./libio/genops.c:332
332	in ./libio/genops.c
0x00007ffff7c8e43c in _IO_default_setbuf (fp=fp@entry=0x7ffff7e1b780 <_IO_2_1_stdout_>, p=<optimized out>, len=<optimized out>) at ./libio/genops.c:466
466	in ./libio/genops.c
0x00007ffff7c8e440	466	in ./libio/genops.c
0x00007ffff7c8e444	466	in ./libio/genops.c
0x00007ffff7c8e448	466	in ./libio/genops.c
467	in ./libio/genops.c
0x00007ffff7c8e450	467	in ./libio/genops.c
0x00007ffff7c8e451	468	in ./libio/genops.c
0x00007ffff7c8e452	468	in ./libio/genops.c
0x00007ffff7c8e454	468	in ./libio/genops.c
0x00007ffff7c8e456	468	in ./libio/genops.c
0x00007ffff7c8a5ad in _IO_new_file_setbuf (fp=0x7ffff7e1b780 <_IO_2_1_stdout_>, p=<optimized out>, len=<optimized out>) at ./libio/fileops.c:382
0x00007ffff7c8a5b0	382	in ./libio/fileops.c
385	in ./libio/fileops.c
0x00007ffff7c8a5b7	389	in ./libio/fileops.c
0x00007ffff7c8a5ba	389	in ./libio/fileops.c
387	in ./libio/fileops.c
0x00007ffff7c8a5c2	387	in ./libio/fileops.c
0x00007ffff7c8a5c6	387	in ./libio/fileops.c
389	in ./libio/fileops.c
0x00007ffff7c8a5cb	390	in ./libio/fileops.c
_IO_unbuffer_all () at ./libio/genops.c:826
0x00007ffff7c8eca9	826	in ./libio/genops.c
0x00007ffff7c8ecab	826	in ./libio/genops.c
830	in ./libio/genops.c
0x00007ffff7c8ecbf	830	in ./libio/genops.c
0x00007ffff7c8ecc5	830	in ./libio/genops.c
0x00007ffff7c8eccc	830	in ./libio/genops.c
0x00007ffff7c8eccf	830	in ./libio/genops.c
831	in ./libio/genops.c
0x00007ffff7c8ecd8	831	in ./libio/genops.c
0x00007ffff7c8ecdb	831	in ./libio/genops.c
0x00007ffff7c8ecde	831	in ./libio/genops.c
831	in ./libio/genops.c
831	in ./libio/genops.c
831	in ./libio/genops.c
0x00007ffff7c8ecf1	831	in ./libio/genops.c
838	in ./libio/genops.c
790	in ./libio/genops.c
790	in ./libio/genops.c
0x00007ffff7c8ec12	790	in ./libio/genops.c
799	in ./libio/genops.c
0x00007ffff7c8ec1b	799	in ./libio/genops.c
0x00007ffff7c8ec1f	799	in ./libio/genops.c
0x00007ffff7c8ec21	801	in ./libio/genops.c
0x00007ffff7c8ec28	801	in ./libio/genops.c
0x00007ffff7c8ec2a	801	in ./libio/genops.c
838	in ./libio/genops.c
790	in ./libio/genops.c
790	in ./libio/genops.c
0x00007ffff7c8ec12	790	in ./libio/genops.c
0x00007ffff7c8ed08	842	in ./libio/genops.c
0x00007ffff7c8ed0e	842	in ./libio/genops.c
842	in ./libio/genops.c
0x00007ffff7c8ed17	842	in ./libio/genops.c
0x00007ffff7c8ed19	842	in ./libio/genops.c
842	in ./libio/genops.c
842	in ./libio/genops.c
842	in ./libio/genops.c
0x00007ffff7c8ed2f	842	in ./libio/genops.c
843	in ./libio/genops.c
0x00007ffff7c8ed34	843	in ./libio/genops.c
__GI___libc_cleanup_pop_restore (buffer=buffer@entry=0x7fffffffda90) at ./nptl/libc-cleanup.c:39
42	in ./nptl/libc-cleanup.c
0x00007ffff7c91208	42	in ./nptl/libc-cleanup.c
44	in ./nptl/libc-cleanup.c
0x00007ffff7c91214	44	in ./nptl/libc-cleanup.c
45	in ./nptl/libc-cleanup.c
0x00007ffff7c9121f	45	in ./nptl/libc-cleanup.c
0x00007ffff7c91221	47	in ./nptl/libc-cleanup.c
_IO_cleanup () at ./libio/genops.c:877
0x00007ffff7c8ed3e	877	in ./libio/genops.c
0x00007ffff7c8ed47	877	in ./libio/genops.c
0x00007ffff7c8ed4d	877	in ./libio/genops.c
0x00007ffff7c8ed51	877	in ./libio/genops.c
0x00007ffff7c8ed54	877	in ./libio/genops.c
0x00007ffff7c8ed55	877	in ./libio/genops.c
0x00007ffff7c8ed56	877	in ./libio/genops.c
0x00007ffff7c8ed58	878	in ./libio/genops.c
0x00007ffff7c8ed5a	878	in ./libio/genops.c
0x00007ffff7c8ed5c	878	in ./libio/genops.c
0x00007ffff7c8ed5e	878	in ./libio/genops.c
0x00007ffff7c45542 in __run_exit_handlers (status=0, listp=<optimized out>, run_list_atexit=run_list_atexit@entry=true, run_dtors=run_dtors@entry=true) at ./stdlib/exit.c:134
0x00007ffff7c45546	134	in ./stdlib/exit.c
0x00007ffff7c45549	134	in ./stdlib/exit.c
136	in ./stdlib/exit.c
0x00007ffff7c4554d	136	in ./stdlib/exit.c
__GI__exit (status=status@entry=0) at ../sysdeps/unix/sysv/linux/_exit.c:27
0x00007ffff7ceac04	27	in ../sysdeps/unix/sysv/linux/_exit.c
0x00007ffff7ceac0b	30	in ../sysdeps/unix/sysv/linux/_exit.c
0x00007ffff7ceac10	31	in ../sysdeps/unix/sysv/linux/_exit.c
0x00007ffff7ceac15	31	in ../sysdeps/unix/sysv/linux/_exit.c
30	in ../sysdeps/unix/sysv/linux/_exit.c
0x00007ffff7ceac2f	30	in ../sysdeps/unix/sysv/linux/_exit.c
[Inferior 1 (process 46436) exited normally]
Error 
