
AppTask search/appseq/sobelv.seq wird geprüft!
In AppTask search/appseq/sobelv.seq(Gesamt: 17432) sind aus ProtTask search/taskseq/nop.seq (Gesamt: 1999)  9994 Einträge vorhanden! (Der Prottask wurde aufgrund der Größe des AppTask 8 mal wiederholt!)
In AppTask search/appseq/sobelv.seq(Gesamt: 17432) sind aus ProtTask search/taskseq/vconvert_SIMD.seq (Gesamt: 2090)  10552 Einträge vorhanden! (Der Prottask wurde aufgrund der Größe des AppTask 8 mal wiederholt!)
In AppTask search/appseq/sobelv.seq(Gesamt: 17432) sind aus ProtTask search/taskseq/imov.seq (Gesamt: 1996)  9967 Einträge vorhanden! (Der Prottask wurde aufgrund der Größe des AppTask 8 mal wiederholt!)
In AppTask search/appseq/sobelv.seq(Gesamt: 17432) sind aus ProtTask search/taskseq/imem.seq (Gesamt: 2080)  10683 Einträge vorhanden! (Der Prottask wurde aufgrund der Größe des AppTask 8 mal wiederholt!)
In AppTask search/appseq/sobelv.seq(Gesamt: 17432) sind aus ProtTask search/taskseq/icompare.seq (Gesamt: 2095)  10156 Einträge vorhanden! (Der Prottask wurde aufgrund der Größe des AppTask 8 mal wiederholt!)
In AppTask search/appseq/sobelv.seq(Gesamt: 17432) sind aus ProtTask search/taskseq/branch.seq (Gesamt: 1997)  9994 Einträge vorhanden! (Der Prottask wurde aufgrund der Größe des AppTask 8 mal wiederholt!)
In AppTask search/appseq/sobelv.seq(Gesamt: 17432) sind aus ProtTask search/taskseq/bitbyte.seq (Gesamt: 2037)  10372 Einträge vorhanden! (Der Prottask wurde aufgrund der Größe des AppTask 8 mal wiederholt!)
In AppTask search/appseq/sobelv.seq(Gesamt: 17432) sind aus ProtTask search/taskseq/v1x4smul_SIMD.seq (Gesamt: 2287)  9595 Einträge vorhanden! (Der Prottask wurde aufgrund der Größe des AppTask 7 mal wiederholt!)
In AppTask search/appseq/sobelv.seq(Gesamt: 17432) sind aus ProtTask search/taskseq/dmem.seq (Gesamt: 2091)  10746 Einträge vorhanden! (Der Prottask wurde aufgrund der Größe des AppTask 8 mal wiederholt!)
In AppTask search/appseq/sobelv.seq(Gesamt: 17432) sind aus ProtTask search/taskseq/dsub64_SIMD.seq (Gesamt: 2114)  9967 Einträge vorhanden! (Der Prottask wurde aufgrund der Größe des AppTask 8 mal wiederholt!)
In AppTask search/appseq/sobelv.seq(Gesamt: 17432) sind aus ProtTask search/taskseq/dadd.seq (Gesamt: 2062)  9976 Einträge vorhanden! (Der Prottask wurde aufgrund der Größe des AppTask 8 mal wiederholt!)
In AppTask search/appseq/sobelv.seq(Gesamt: 17432) sind aus ProtTask search/taskseq/m4x4smul_SIMD.seq (Gesamt: 2328)  10027 Einträge vorhanden! (Der Prottask wurde aufgrund der Größe des AppTask 7 mal wiederholt!)
In AppTask search/appseq/sobelv.seq(Gesamt: 17432) sind aus ProtTask search/taskseq/dmul64_SIMD.seq (Gesamt: 2114)  9967 Einträge vorhanden! (Der Prottask wurde aufgrund der Größe des AppTask 8 mal wiederholt!)
In AppTask search/appseq/sobelv.seq(Gesamt: 17432) sind aus ProtTask search/taskseq/dmul.seq (Gesamt: 2062)  10031 Einträge vorhanden! (Der Prottask wurde aufgrund der Größe des AppTask 8 mal wiederholt!)
In AppTask search/appseq/sobelv.seq(Gesamt: 17432) sind aus ProtTask search/taskseq/m4x4smul.seq (Gesamt: 1999)  10120 Einträge vorhanden! (Der Prottask wurde aufgrund der Größe des AppTask 8 mal wiederholt!)
In AppTask search/appseq/sobelv.seq(Gesamt: 17432) sind aus ProtTask search/taskseq/iadd.seq (Gesamt: 2039)  10516 Einträge vorhanden! (Der Prottask wurde aufgrund der Größe des AppTask 8 mal wiederholt!)
In AppTask search/appseq/sobelv.seq(Gesamt: 17432) sind aus ProtTask search/taskseq/logic.seq (Gesamt: 2036)  10327 Einträge vorhanden! (Der Prottask wurde aufgrund der Größe des AppTask 8 mal wiederholt!)
In AppTask search/appseq/sobelv.seq(Gesamt: 17432) sind aus ProtTask search/taskseq/imul.seq (Gesamt: 2071)  10696 Einträge vorhanden! (Der Prottask wurde aufgrund der Größe des AppTask 8 mal wiederholt!)
In AppTask search/appseq/sobelv.seq(Gesamt: 17432) sind aus ProtTask search/taskseq/dmem64_SIMD.seq (Gesamt: 2081)  10696 Einträge vorhanden! (Der Prottask wurde aufgrund der Größe des AppTask 8 mal wiederholt!)
In AppTask search/appseq/sobelv.seq(Gesamt: 17432) sind aus ProtTask search/taskseq/ssub32_SIMD.seq (Gesamt: 2114)  9967 Einträge vorhanden! (Der Prottask wurde aufgrund der Größe des AppTask 8 mal wiederholt!)
In AppTask search/appseq/sobelv.seq(Gesamt: 17432) sind aus ProtTask search/taskseq/vmov_SIMD.seq (Gesamt: 2157)  11245 Einträge vorhanden! (Der Prottask wurde aufgrund der Größe des AppTask 8 mal wiederholt!)
In AppTask search/appseq/sobelv.seq(Gesamt: 17432) sind aus ProtTask search/taskseq/smul32_SIMD.seq (Gesamt: 2114)  9967 Einträge vorhanden! (Der Prottask wurde aufgrund der Größe des AppTask 8 mal wiederholt!)
In AppTask search/appseq/sobelv.seq(Gesamt: 17432) sind aus ProtTask search/taskseq/shift.seq (Gesamt: 1996)  9967 Einträge vorhanden! (Der Prottask wurde aufgrund der Größe des AppTask 8 mal wiederholt!)
In AppTask search/appseq/sobelv.seq(Gesamt: 17432) sind aus ProtTask search/taskseq/smem32_SIMD.seq (Gesamt: 45)  8623 Einträge vorhanden! (Der Prottask wurde aufgrund der Größe des AppTask 387 mal wiederholt!)

Der ähnlichste ProttypTask für den AppTask search/appseq/sobelv.seq ist search/taskseq/vmov_SIMD.seq(11245.000000 Treffer)

