In AppTask search/appseq/testWithNopAndBitByte.seq(Gesamt: 4036) sind aus ProtTask search/taskseq/nop.seq (Gesamt: 1999)  1999 Einträge vorhanden! (Der Prottask wurde aufgrund der Größe des AppTask 1 mal wiederholt!)
In AppTask search/appseq/testWithNopAndBitByte.seq(Gesamt: 4036) sind aus ProtTask search/taskseq/vconvert_SIMD.seq (Gesamt: 2090)  2042 Einträge vorhanden! (Der Prottask wurde aufgrund der Größe des AppTask 1 mal wiederholt!)
In AppTask search/appseq/testWithNopAndBitByte.seq(Gesamt: 4036) sind aus ProtTask search/taskseq/imov.seq (Gesamt: 1996)  1996 Einträge vorhanden! (Der Prottask wurde aufgrund der Größe des AppTask 1 mal wiederholt!)
In AppTask search/appseq/testWithNopAndBitByte.seq(Gesamt: 4036) sind aus ProtTask search/taskseq/imem.seq (Gesamt: 2080)  2048 Einträge vorhanden! (Der Prottask wurde aufgrund der Größe des AppTask 1 mal wiederholt!)
In AppTask search/appseq/testWithNopAndBitByte.seq(Gesamt: 4036) sind aus ProtTask search/taskseq/icompare.seq (Gesamt: 2095)  2077 Einträge vorhanden! (Der Prottask wurde aufgrund der Größe des AppTask 1 mal wiederholt!)
In AppTask search/appseq/testWithNopAndBitByte.seq(Gesamt: 4036) sind aus ProtTask search/taskseq/branch.seq (Gesamt: 1997)  1997 Einträge vorhanden! (Der Prottask wurde aufgrund der Größe des AppTask 1 mal wiederholt!)
In AppTask search/appseq/testWithNopAndBitByte.seq(Gesamt: 4036) sind aus ProtTask search/taskseq/bitbyte.seq (Gesamt: 2037)  2037 Einträge vorhanden! (Der Prottask wurde aufgrund der Größe des AppTask 1 mal wiederholt!)
In AppTask search/appseq/testWithNopAndBitByte.seq(Gesamt: 4036) sind aus ProtTask search/taskseq/v1x4smul_SIMD.seq (Gesamt: 2287)  2035 Einträge vorhanden! (Der Prottask wurde aufgrund der Größe des AppTask 1 mal wiederholt!)
In AppTask search/appseq/testWithNopAndBitByte.seq(Gesamt: 4036) sind aus ProtTask search/taskseq/dmem.seq (Gesamt: 2091)  2050 Einträge vorhanden! (Der Prottask wurde aufgrund der Größe des AppTask 1 mal wiederholt!)
In AppTask search/appseq/testWithNopAndBitByte.seq(Gesamt: 4036) sind aus ProtTask search/taskseq/dsub64_SIMD.seq (Gesamt: 2114)  1974 Einträge vorhanden! (Der Prottask wurde aufgrund der Größe des AppTask 1 mal wiederholt!)
In AppTask search/appseq/testWithNopAndBitByte.seq(Gesamt: 4036) sind aus ProtTask search/taskseq/dadd.seq (Gesamt: 2062)  1981 Einträge vorhanden! (Der Prottask wurde aufgrund der Größe des AppTask 1 mal wiederholt!)
In AppTask search/appseq/testWithNopAndBitByte.seq(Gesamt: 4036) sind aus ProtTask search/taskseq/m4x4smul_SIMD.seq (Gesamt: 2328)  2076 Einträge vorhanden! (Der Prottask wurde aufgrund der Größe des AppTask 1 mal wiederholt!)
In AppTask search/appseq/testWithNopAndBitByte.seq(Gesamt: 4036) sind aus ProtTask search/taskseq/dmul64_SIMD.seq (Gesamt: 2114)  1974 Einträge vorhanden! (Der Prottask wurde aufgrund der Größe des AppTask 1 mal wiederholt!)
In AppTask search/appseq/testWithNopAndBitByte.seq(Gesamt: 4036) sind aus ProtTask search/taskseq/dmul.seq (Gesamt: 2062)  1981 Einträge vorhanden! (Der Prottask wurde aufgrund der Größe des AppTask 1 mal wiederholt!)
In AppTask search/appseq/testWithNopAndBitByte.seq(Gesamt: 4036) sind aus ProtTask search/taskseq/m4x4smul.seq (Gesamt: 1999)  1997 Einträge vorhanden! (Der Prottask wurde aufgrund der Größe des AppTask 1 mal wiederholt!)
In AppTask search/appseq/testWithNopAndBitByte.seq(Gesamt: 4036) sind aus ProtTask search/taskseq/iadd.seq (Gesamt: 2039)  2039 Einträge vorhanden! (Der Prottask wurde aufgrund der Größe des AppTask 1 mal wiederholt!)
In AppTask search/appseq/testWithNopAndBitByte.seq(Gesamt: 4036) sind aus ProtTask search/taskseq/logic.seq (Gesamt: 2036)  2029 Einträge vorhanden! (Der Prottask wurde aufgrund der Größe des AppTask 1 mal wiederholt!)
In AppTask search/appseq/testWithNopAndBitByte.seq(Gesamt: 4036) sind aus ProtTask search/taskseq/imul.seq (Gesamt: 2071)  2071 Einträge vorhanden! (Der Prottask wurde aufgrund der Größe des AppTask 1 mal wiederholt!)
In AppTask search/appseq/testWithNopAndBitByte.seq(Gesamt: 4036) sind aus ProtTask search/taskseq/dmem64_SIMD.seq (Gesamt: 2081)  2047 Einträge vorhanden! (Der Prottask wurde aufgrund der Größe des AppTask 1 mal wiederholt!)
In AppTask search/appseq/testWithNopAndBitByte.seq(Gesamt: 4036) sind aus ProtTask search/taskseq/ssub32_SIMD.seq (Gesamt: 2114)  1974 Einträge vorhanden! (Der Prottask wurde aufgrund der Größe des AppTask 1 mal wiederholt!)
In AppTask search/appseq/testWithNopAndBitByte.seq(Gesamt: 4036) sind aus ProtTask search/taskseq/vmov_SIMD.seq (Gesamt: 2157)  2097 Einträge vorhanden! (Der Prottask wurde aufgrund der Größe des AppTask 1 mal wiederholt!)
In AppTask search/appseq/testWithNopAndBitByte.seq(Gesamt: 4036) sind aus ProtTask search/taskseq/smul32_SIMD.seq (Gesamt: 2114)  1974 Einträge vorhanden! (Der Prottask wurde aufgrund der Größe des AppTask 1 mal wiederholt!)
In AppTask search/appseq/testWithNopAndBitByte.seq(Gesamt: 4036) sind aus ProtTask search/taskseq/shift.seq (Gesamt: 1996)  1981 Einträge vorhanden! (Der Prottask wurde aufgrund der Größe des AppTask 1 mal wiederholt!)
In AppTask search/appseq/testWithNopAndBitByte.seq(Gesamt: 4036) sind aus ProtTask search/taskseq/smem32_SIMD.seq (Gesamt: 45)  41 Einträge vorhanden! (Der Prottask wurde aufgrund der Größe des AppTask 1 mal wiederholt!)
In AppTask search/appseq/testWithNopAndBitByte.seq(Gesamt: 4036) sind aus ProtTask search/taskseq/nop.seq (Gesamt: 1999)  3930 Einträge vorhanden! (Der Prottask wurde aufgrund der Größe des AppTask 1 mal wiederholt!)
In AppTask search/appseq/testWithNopAndBitByte.seq(Gesamt: 4036) sind aus ProtTask search/taskseq/vconvert_SIMD.seq (Gesamt: 2090)  3904 Einträge vorhanden! (Der Prottask wurde aufgrund der Größe des AppTask 1 mal wiederholt!)
In AppTask search/appseq/testWithNopAndBitByte.seq(Gesamt: 4036) sind aus ProtTask search/taskseq/imov.seq (Gesamt: 1996)  3906 Einträge vorhanden! (Der Prottask wurde aufgrund der Größe des AppTask 1 mal wiederholt!)
In AppTask search/appseq/testWithNopAndBitByte.seq(Gesamt: 4036) sind aus ProtTask search/taskseq/imem.seq (Gesamt: 2080)  3907 Einträge vorhanden! (Der Prottask wurde aufgrund der Größe des AppTask 1 mal wiederholt!)
In AppTask search/appseq/testWithNopAndBitByte.seq(Gesamt: 4036) sind aus ProtTask search/taskseq/icompare.seq (Gesamt: 2095)  3907 Einträge vorhanden! (Der Prottask wurde aufgrund der Größe des AppTask 1 mal wiederholt!)
In AppTask search/appseq/testWithNopAndBitByte.seq(Gesamt: 4036) sind aus ProtTask search/taskseq/branch.seq (Gesamt: 1997)  3926 Einträge vorhanden! (Der Prottask wurde aufgrund der Größe des AppTask 1 mal wiederholt!)
In AppTask search/appseq/testWithNopAndBitByte.seq(Gesamt: 4036) sind aus ProtTask search/taskseq/bitbyte.seq (Gesamt: 2037)  3906 Einträge vorhanden! (Der Prottask wurde aufgrund der Größe des AppTask 1 mal wiederholt!)
In AppTask search/appseq/testWithNopAndBitByte.seq(Gesamt: 4036) sind aus ProtTask search/taskseq/v1x4smul_SIMD.seq (Gesamt: 2287)  3918 Einträge vorhanden! (Der Prottask wurde aufgrund der Größe des AppTask 1 mal wiederholt!)
In AppTask search/appseq/testWithNopAndBitByte.seq(Gesamt: 4036) sind aus ProtTask search/taskseq/dmem.seq (Gesamt: 2091)  3914 Einträge vorhanden! (Der Prottask wurde aufgrund der Größe des AppTask 1 mal wiederholt!)
In AppTask search/appseq/testWithNopAndBitByte.seq(Gesamt: 4036) sind aus ProtTask search/taskseq/dsub64_SIMD.seq (Gesamt: 2114)  3914 Einträge vorhanden! (Der Prottask wurde aufgrund der Größe des AppTask 1 mal wiederholt!)
In AppTask search/appseq/testWithNopAndBitByte.seq(Gesamt: 4036) sind aus ProtTask search/taskseq/dadd.seq (Gesamt: 2062)  3914 Einträge vorhanden! (Der Prottask wurde aufgrund der Größe des AppTask 1 mal wiederholt!)
In AppTask search/appseq/testWithNopAndBitByte.seq(Gesamt: 4036) sind aus ProtTask search/taskseq/m4x4smul_SIMD.seq (Gesamt: 2328)  3918 Einträge vorhanden! (Der Prottask wurde aufgrund der Größe des AppTask 1 mal wiederholt!)
In AppTask search/appseq/testWithNopAndBitByte.seq(Gesamt: 4036) sind aus ProtTask search/taskseq/dmul64_SIMD.seq (Gesamt: 2114)  3914 Einträge vorhanden! (Der Prottask wurde aufgrund der Größe des AppTask 1 mal wiederholt!)
In AppTask search/appseq/testWithNopAndBitByte.seq(Gesamt: 4036) sind aus ProtTask search/taskseq/dmul.seq (Gesamt: 2062)  3914 Einträge vorhanden! (Der Prottask wurde aufgrund der Größe des AppTask 1 mal wiederholt!)
In AppTask search/appseq/testWithNopAndBitByte.seq(Gesamt: 4036) sind aus ProtTask search/taskseq/m4x4smul.seq (Gesamt: 1999)  3914 Einträge vorhanden! (Der Prottask wurde aufgrund der Größe des AppTask 1 mal wiederholt!)
In AppTask search/appseq/testWithNopAndBitByte.seq(Gesamt: 4036) sind aus ProtTask search/taskseq/iadd.seq (Gesamt: 2039)  3914 Einträge vorhanden! (Der Prottask wurde aufgrund der Größe des AppTask 1 mal wiederholt!)
In AppTask search/appseq/testWithNopAndBitByte.seq(Gesamt: 4036) sind aus ProtTask search/taskseq/logic.seq (Gesamt: 2036)  3914 Einträge vorhanden! (Der Prottask wurde aufgrund der Größe des AppTask 1 mal wiederholt!)
In AppTask search/appseq/testWithNopAndBitByte.seq(Gesamt: 4036) sind aus ProtTask search/taskseq/imul.seq (Gesamt: 2071)  3914 Einträge vorhanden! (Der Prottask wurde aufgrund der Größe des AppTask 1 mal wiederholt!)
In AppTask search/appseq/testWithNopAndBitByte.seq(Gesamt: 4036) sind aus ProtTask search/taskseq/dmem64_SIMD.seq (Gesamt: 2081)  3914 Einträge vorhanden! (Der Prottask wurde aufgrund der Größe des AppTask 1 mal wiederholt!)
In AppTask search/appseq/testWithNopAndBitByte.seq(Gesamt: 4036) sind aus ProtTask search/taskseq/ssub32_SIMD.seq (Gesamt: 2114)  3914 Einträge vorhanden! (Der Prottask wurde aufgrund der Größe des AppTask 1 mal wiederholt!)
In AppTask search/appseq/testWithNopAndBitByte.seq(Gesamt: 4036) sind aus ProtTask search/taskseq/vmov_SIMD.seq (Gesamt: 2157)  3914 Einträge vorhanden! (Der Prottask wurde aufgrund der Größe des AppTask 1 mal wiederholt!)
In AppTask search/appseq/testWithNopAndBitByte.seq(Gesamt: 4036) sind aus ProtTask search/taskseq/smul32_SIMD.seq (Gesamt: 2114)  3914 Einträge vorhanden! (Der Prottask wurde aufgrund der Größe des AppTask 1 mal wiederholt!)
In AppTask search/appseq/testWithNopAndBitByte.seq(Gesamt: 4036) sind aus ProtTask search/taskseq/shift.seq (Gesamt: 1996)  3914 Einträge vorhanden! (Der Prottask wurde aufgrund der Größe des AppTask 1 mal wiederholt!)
In AppTask search/appseq/testWithNopAndBitByte.seq(Gesamt: 4036) sind aus ProtTask search/taskseq/smem32_SIMD.seq (Gesamt: 45)  3907 Einträge vorhanden! (Der Prottask wurde aufgrund der Größe des AppTask 1 mal wiederholt!)
