
AppTask search/appseq/testWithNopBitByteShiftIMulLogic.seq wird geprüft!
(Durchgang 1 von 5)
In AppTask search/appseq/testWithNopBitByteShiftIMulLogic.seq(Gesamt: 10139) sind aus ProtTask search/taskseq/nop.seq (Gesamt: 1999)  80 Einträge vorhanden!

In AppTask search/appseq/testWithNopBitByteShiftIMulLogic.seq(Gesamt: 10139) sind aus ProtTask search/taskseq/vconvert_SIMD.seq (Gesamt: 2090)  79 Einträge vorhanden!

In AppTask search/appseq/testWithNopBitByteShiftIMulLogic.seq(Gesamt: 10139) sind aus ProtTask search/taskseq/imov.seq (Gesamt: 1996)  79 Einträge vorhanden!

In AppTask search/appseq/testWithNopBitByteShiftIMulLogic.seq(Gesamt: 10139) sind aus ProtTask search/taskseq/imem.seq (Gesamt: 2080)  79 Einträge vorhanden!

In AppTask search/appseq/testWithNopBitByteShiftIMulLogic.seq(Gesamt: 10139) sind aus ProtTask search/taskseq/icompare.seq (Gesamt: 2095)  79 Einträge vorhanden!

In AppTask search/appseq/testWithNopBitByteShiftIMulLogic.seq(Gesamt: 10139) sind aus ProtTask search/taskseq/branch.seq (Gesamt: 1997)  79 Einträge vorhanden!

In AppTask search/appseq/testWithNopBitByteShiftIMulLogic.seq(Gesamt: 10139) sind aus ProtTask search/taskseq/bitbyte.seq (Gesamt: 2037)  79 Einträge vorhanden!

In AppTask search/appseq/testWithNopBitByteShiftIMulLogic.seq(Gesamt: 10139) sind aus ProtTask search/taskseq/v1x4smul_SIMD.seq (Gesamt: 2287)  79 Einträge vorhanden!

In AppTask search/appseq/testWithNopBitByteShiftIMulLogic.seq(Gesamt: 10139) sind aus ProtTask search/taskseq/dmem.seq (Gesamt: 2091)  79 Einträge vorhanden!

In AppTask search/appseq/testWithNopBitByteShiftIMulLogic.seq(Gesamt: 10139) sind aus ProtTask search/taskseq/dsub64_SIMD.seq (Gesamt: 2114)  79 Einträge vorhanden!

In AppTask search/appseq/testWithNopBitByteShiftIMulLogic.seq(Gesamt: 10139) sind aus ProtTask search/taskseq/dadd.seq (Gesamt: 2062)  79 Einträge vorhanden!

In AppTask search/appseq/testWithNopBitByteShiftIMulLogic.seq(Gesamt: 10139) sind aus ProtTask search/taskseq/m4x4smul_SIMD.seq (Gesamt: 2328)  79 Einträge vorhanden!

In AppTask search/appseq/testWithNopBitByteShiftIMulLogic.seq(Gesamt: 10139) sind aus ProtTask search/taskseq/dmul64_SIMD.seq (Gesamt: 2114)  79 Einträge vorhanden!

In AppTask search/appseq/testWithNopBitByteShiftIMulLogic.seq(Gesamt: 10139) sind aus ProtTask search/taskseq/dmul.seq (Gesamt: 2062)  79 Einträge vorhanden!

In AppTask search/appseq/testWithNopBitByteShiftIMulLogic.seq(Gesamt: 10139) sind aus ProtTask search/taskseq/m4x4smul.seq (Gesamt: 1999)  79 Einträge vorhanden!

In AppTask search/appseq/testWithNopBitByteShiftIMulLogic.seq(Gesamt: 10139) sind aus ProtTask search/taskseq/iadd.seq (Gesamt: 2039)  79 Einträge vorhanden!

In AppTask search/appseq/testWithNopBitByteShiftIMulLogic.seq(Gesamt: 10139) sind aus ProtTask search/taskseq/logic.seq (Gesamt: 2036)  79 Einträge vorhanden!

In AppTask search/appseq/testWithNopBitByteShiftIMulLogic.seq(Gesamt: 10139) sind aus ProtTask search/taskseq/imul.seq (Gesamt: 2071)  79 Einträge vorhanden!

In AppTask search/appseq/testWithNopBitByteShiftIMulLogic.seq(Gesamt: 10139) sind aus ProtTask search/taskseq/dmem64_SIMD.seq (Gesamt: 2081)  79 Einträge vorhanden!

In AppTask search/appseq/testWithNopBitByteShiftIMulLogic.seq(Gesamt: 10139) sind aus ProtTask search/taskseq/ssub32_SIMD.seq (Gesamt: 2114)  79 Einträge vorhanden!

In AppTask search/appseq/testWithNopBitByteShiftIMulLogic.seq(Gesamt: 10139) sind aus ProtTask search/taskseq/vmov_SIMD.seq (Gesamt: 2157)  79 Einträge vorhanden!

In AppTask search/appseq/testWithNopBitByteShiftIMulLogic.seq(Gesamt: 10139) sind aus ProtTask search/taskseq/smul32_SIMD.seq (Gesamt: 2114)  79 Einträge vorhanden!

In AppTask search/appseq/testWithNopBitByteShiftIMulLogic.seq(Gesamt: 10139) sind aus ProtTask search/taskseq/shift.seq (Gesamt: 1996)  79 Einträge vorhanden!

In AppTask search/appseq/testWithNopBitByteShiftIMulLogic.seq(Gesamt: 10139) sind aus ProtTask search/taskseq/smem32_SIMD.seq (Gesamt: 45)  18 Einträge vorhanden!

Der ähnlichste ProttypTask für den AppTask search/appseq/testWithNopBitByteShiftIMulLogic.seq ist search/taskseq/smem32_SIMD.seq(40.000000 % Treffer)

(Durchgang 2 von 5)
In AppTask search/appseq/testWithNopBitByteShiftIMulLogic.seq(Gesamt: 10139) sind aus ProtTask search/taskseq/nop.seq (Gesamt: 1999)  1 Einträge vorhanden!

In AppTask search/appseq/testWithNopBitByteShiftIMulLogic.seq(Gesamt: 10139) sind aus ProtTask search/taskseq/vconvert_SIMD.seq (Gesamt: 2090)  1 Einträge vorhanden!

In AppTask search/appseq/testWithNopBitByteShiftIMulLogic.seq(Gesamt: 10139) sind aus ProtTask search/taskseq/imov.seq (Gesamt: 1996)  1 Einträge vorhanden!

In AppTask search/appseq/testWithNopBitByteShiftIMulLogic.seq(Gesamt: 10139) sind aus ProtTask search/taskseq/imem.seq (Gesamt: 2080)  1 Einträge vorhanden!

In AppTask search/appseq/testWithNopBitByteShiftIMulLogic.seq(Gesamt: 10139) sind aus ProtTask search/taskseq/icompare.seq (Gesamt: 2095)  1 Einträge vorhanden!

In AppTask search/appseq/testWithNopBitByteShiftIMulLogic.seq(Gesamt: 10139) sind aus ProtTask search/taskseq/branch.seq (Gesamt: 1997)  1 Einträge vorhanden!

In AppTask search/appseq/testWithNopBitByteShiftIMulLogic.seq(Gesamt: 10139) sind aus ProtTask search/taskseq/bitbyte.seq (Gesamt: 2037)  1 Einträge vorhanden!

In AppTask search/appseq/testWithNopBitByteShiftIMulLogic.seq(Gesamt: 10139) sind aus ProtTask search/taskseq/v1x4smul_SIMD.seq (Gesamt: 2287)  1 Einträge vorhanden!

In AppTask search/appseq/testWithNopBitByteShiftIMulLogic.seq(Gesamt: 10139) sind aus ProtTask search/taskseq/dmem.seq (Gesamt: 2091)  1 Einträge vorhanden!

In AppTask search/appseq/testWithNopBitByteShiftIMulLogic.seq(Gesamt: 10139) sind aus ProtTask search/taskseq/dsub64_SIMD.seq (Gesamt: 2114)  1 Einträge vorhanden!

In AppTask search/appseq/testWithNopBitByteShiftIMulLogic.seq(Gesamt: 10139) sind aus ProtTask search/taskseq/dadd.seq (Gesamt: 2062)  1 Einträge vorhanden!

