In AppTask search/appseq/testWithNopBitByteShiftIMulLogic.seq(Gesamt: 10139) sind aus ProtTask search/taskseq/nop.seq (Gesamt: 1999)  1999 Einträge vorhanden! (Der Prottask wurde aufgrund der Größe des AppTask 1 mal wiederholt!)
In AppTask search/appseq/testWithNopBitByteShiftIMulLogic.seq(Gesamt: 10139) sind aus ProtTask search/taskseq/vconvert_SIMD.seq (Gesamt: 2090)  2023 Einträge vorhanden! (Der Prottask wurde aufgrund der Größe des AppTask 1 mal wiederholt!)
In AppTask search/appseq/testWithNopBitByteShiftIMulLogic.seq(Gesamt: 10139) sind aus ProtTask search/taskseq/imov.seq (Gesamt: 1996)  1972 Einträge vorhanden! (Der Prottask wurde aufgrund der Größe des AppTask 1 mal wiederholt!)
In AppTask search/appseq/testWithNopBitByteShiftIMulLogic.seq(Gesamt: 10139) sind aus ProtTask search/taskseq/imem.seq (Gesamt: 2080)  2000 Einträge vorhanden! (Der Prottask wurde aufgrund der Größe des AppTask 1 mal wiederholt!)
In AppTask search/appseq/testWithNopBitByteShiftIMulLogic.seq(Gesamt: 10139) sind aus ProtTask search/taskseq/icompare.seq (Gesamt: 2095)  2005 Einträge vorhanden! (Der Prottask wurde aufgrund der Größe des AppTask 1 mal wiederholt!)
In AppTask search/appseq/testWithNopBitByteShiftIMulLogic.seq(Gesamt: 10139) sind aus ProtTask search/taskseq/branch.seq (Gesamt: 1997)  1993 Einträge vorhanden! (Der Prottask wurde aufgrund der Größe des AppTask 1 mal wiederholt!)
In AppTask search/appseq/testWithNopBitByteShiftIMulLogic.seq(Gesamt: 10139) sind aus ProtTask search/taskseq/bitbyte.seq (Gesamt: 2037)  1998 Einträge vorhanden! (Der Prottask wurde aufgrund der Größe des AppTask 1 mal wiederholt!)
In AppTask search/appseq/testWithNopBitByteShiftIMulLogic.seq(Gesamt: 10139) sind aus ProtTask search/taskseq/v1x4smul_SIMD.seq (Gesamt: 2287)  2030 Einträge vorhanden! (Der Prottask wurde aufgrund der Größe des AppTask 1 mal wiederholt!)
In AppTask search/appseq/testWithNopBitByteShiftIMulLogic.seq(Gesamt: 10139) sind aus ProtTask search/taskseq/dmem.seq (Gesamt: 2091)  2008 Einträge vorhanden! (Der Prottask wurde aufgrund der Größe des AppTask 1 mal wiederholt!)
In AppTask search/appseq/testWithNopBitByteShiftIMulLogic.seq(Gesamt: 10139) sind aus ProtTask search/taskseq/dsub64_SIMD.seq (Gesamt: 2114)  1973 Einträge vorhanden! (Der Prottask wurde aufgrund der Größe des AppTask 1 mal wiederholt!)
In AppTask search/appseq/testWithNopBitByteShiftIMulLogic.seq(Gesamt: 10139) sind aus ProtTask search/taskseq/dadd.seq (Gesamt: 2062)  1981 Einträge vorhanden! (Der Prottask wurde aufgrund der Größe des AppTask 1 mal wiederholt!)
In AppTask search/appseq/testWithNopBitByteShiftIMulLogic.seq(Gesamt: 10139) sind aus ProtTask search/taskseq/m4x4smul_SIMD.seq (Gesamt: 2328)  2054 Einträge vorhanden! (Der Prottask wurde aufgrund der Größe des AppTask 1 mal wiederholt!)
In AppTask search/appseq/testWithNopBitByteShiftIMulLogic.seq(Gesamt: 10139) sind aus ProtTask search/taskseq/dmul64_SIMD.seq (Gesamt: 2114)  1973 Einträge vorhanden! (Der Prottask wurde aufgrund der Größe des AppTask 1 mal wiederholt!)
In AppTask search/appseq/testWithNopBitByteShiftIMulLogic.seq(Gesamt: 10139) sind aus ProtTask search/taskseq/dmul.seq (Gesamt: 2062)  1981 Einträge vorhanden! (Der Prottask wurde aufgrund der Größe des AppTask 1 mal wiederholt!)
In AppTask search/appseq/testWithNopBitByteShiftIMulLogic.seq(Gesamt: 10139) sind aus ProtTask search/taskseq/m4x4smul.seq (Gesamt: 1999)  1974 Einträge vorhanden! (Der Prottask wurde aufgrund der Größe des AppTask 1 mal wiederholt!)
In AppTask search/appseq/testWithNopBitByteShiftIMulLogic.seq(Gesamt: 10139) sind aus ProtTask search/taskseq/iadd.seq (Gesamt: 2039)  1993 Einträge vorhanden! (Der Prottask wurde aufgrund der Größe des AppTask 1 mal wiederholt!)
In AppTask search/appseq/testWithNopBitByteShiftIMulLogic.seq(Gesamt: 10139) sind aus ProtTask search/taskseq/logic.seq (Gesamt: 2036)  1996 Einträge vorhanden! (Der Prottask wurde aufgrund der Größe des AppTask 1 mal wiederholt!)
In AppTask search/appseq/testWithNopBitByteShiftIMulLogic.seq(Gesamt: 10139) sind aus ProtTask search/taskseq/imul.seq (Gesamt: 2071)  2015 Einträge vorhanden! (Der Prottask wurde aufgrund der Größe des AppTask 1 mal wiederholt!)
In AppTask search/appseq/testWithNopBitByteShiftIMulLogic.seq(Gesamt: 10139) sind aus ProtTask search/taskseq/dmem64_SIMD.seq (Gesamt: 2081)  2020 Einträge vorhanden! (Der Prottask wurde aufgrund der Größe des AppTask 1 mal wiederholt!)
In AppTask search/appseq/testWithNopBitByteShiftIMulLogic.seq(Gesamt: 10139) sind aus ProtTask search/taskseq/ssub32_SIMD.seq (Gesamt: 2114)  1973 Einträge vorhanden! (Der Prottask wurde aufgrund der Größe des AppTask 1 mal wiederholt!)
In AppTask search/appseq/testWithNopBitByteShiftIMulLogic.seq(Gesamt: 10139) sind aus ProtTask search/taskseq/vmov_SIMD.seq (Gesamt: 2157)  2059 Einträge vorhanden! (Der Prottask wurde aufgrund der Größe des AppTask 1 mal wiederholt!)
In AppTask search/appseq/testWithNopBitByteShiftIMulLogic.seq(Gesamt: 10139) sind aus ProtTask search/taskseq/smul32_SIMD.seq (Gesamt: 2114)  1973 Einträge vorhanden! (Der Prottask wurde aufgrund der Größe des AppTask 1 mal wiederholt!)
In AppTask search/appseq/testWithNopBitByteShiftIMulLogic.seq(Gesamt: 10139) sind aus ProtTask search/taskseq/shift.seq (Gesamt: 1996)  1972 Einträge vorhanden! (Der Prottask wurde aufgrund der Größe des AppTask 1 mal wiederholt!)
In AppTask search/appseq/testWithNopBitByteShiftIMulLogic.seq(Gesamt: 10139) sind aus ProtTask search/taskseq/smem32_SIMD.seq (Gesamt: 45)  23 Einträge vorhanden! (Der Prottask wurde aufgrund der Größe des AppTask 1 mal wiederholt!)
In AppTask search/appseq/testWithNopBitByteShiftIMulLogic.seq(Gesamt: 10139) sind aus ProtTask search/taskseq/nop.seq (Gesamt: 1999)  1847 Einträge vorhanden! (Der Prottask wurde aufgrund der Größe des AppTask 1 mal wiederholt!)
In AppTask search/appseq/testWithNopBitByteShiftIMulLogic.seq(Gesamt: 10139) sind aus ProtTask search/taskseq/vconvert_SIMD.seq (Gesamt: 2090)  1918 Einträge vorhanden! (Der Prottask wurde aufgrund der Größe des AppTask 1 mal wiederholt!)
In AppTask search/appseq/testWithNopBitByteShiftIMulLogic.seq(Gesamt: 10139) sind aus ProtTask search/taskseq/imov.seq (Gesamt: 1996)  1846 Einträge vorhanden! (Der Prottask wurde aufgrund der Größe des AppTask 1 mal wiederholt!)
In AppTask search/appseq/testWithNopBitByteShiftIMulLogic.seq(Gesamt: 10139) sind aus ProtTask search/taskseq/imem.seq (Gesamt: 2080)  1893 Einträge vorhanden! (Der Prottask wurde aufgrund der Größe des AppTask 1 mal wiederholt!)
In AppTask search/appseq/testWithNopBitByteShiftIMulLogic.seq(Gesamt: 10139) sind aus ProtTask search/taskseq/icompare.seq (Gesamt: 2095)  1896 Einträge vorhanden! (Der Prottask wurde aufgrund der Größe des AppTask 1 mal wiederholt!)
In AppTask search/appseq/testWithNopBitByteShiftIMulLogic.seq(Gesamt: 10139) sind aus ProtTask search/taskseq/branch.seq (Gesamt: 1997)  1846 Einträge vorhanden! (Der Prottask wurde aufgrund der Größe des AppTask 1 mal wiederholt!)
In AppTask search/appseq/testWithNopBitByteShiftIMulLogic.seq(Gesamt: 10139) sind aus ProtTask search/taskseq/bitbyte.seq (Gesamt: 2037)  1930 Einträge vorhanden! (Der Prottask wurde aufgrund der Größe des AppTask 1 mal wiederholt!)
In AppTask search/appseq/testWithNopBitByteShiftIMulLogic.seq(Gesamt: 10139) sind aus ProtTask search/taskseq/v1x4smul_SIMD.seq (Gesamt: 2287)  1920 Einträge vorhanden! (Der Prottask wurde aufgrund der Größe des AppTask 1 mal wiederholt!)
In AppTask search/appseq/testWithNopBitByteShiftIMulLogic.seq(Gesamt: 10139) sind aus ProtTask search/taskseq/dmem.seq (Gesamt: 2091)  1903 Einträge vorhanden! (Der Prottask wurde aufgrund der Größe des AppTask 1 mal wiederholt!)
In AppTask search/appseq/testWithNopBitByteShiftIMulLogic.seq(Gesamt: 10139) sind aus ProtTask search/taskseq/dsub64_SIMD.seq (Gesamt: 2114)  1866 Einträge vorhanden! (Der Prottask wurde aufgrund der Größe des AppTask 1 mal wiederholt!)
In AppTask search/appseq/testWithNopBitByteShiftIMulLogic.seq(Gesamt: 10139) sind aus ProtTask search/taskseq/dadd.seq (Gesamt: 2062)  1874 Einträge vorhanden! (Der Prottask wurde aufgrund der Größe des AppTask 1 mal wiederholt!)
In AppTask search/appseq/testWithNopBitByteShiftIMulLogic.seq(Gesamt: 10139) sind aus ProtTask search/taskseq/m4x4smul_SIMD.seq (Gesamt: 2328)  1943 Einträge vorhanden! (Der Prottask wurde aufgrund der Größe des AppTask 1 mal wiederholt!)
In AppTask search/appseq/testWithNopBitByteShiftIMulLogic.seq(Gesamt: 10139) sind aus ProtTask search/taskseq/dmul64_SIMD.seq (Gesamt: 2114)  1866 Einträge vorhanden! (Der Prottask wurde aufgrund der Größe des AppTask 1 mal wiederholt!)
In AppTask search/appseq/testWithNopBitByteShiftIMulLogic.seq(Gesamt: 10139) sind aus ProtTask search/taskseq/dmul.seq (Gesamt: 2062)  1874 Einträge vorhanden! (Der Prottask wurde aufgrund der Größe des AppTask 1 mal wiederholt!)
In AppTask search/appseq/testWithNopBitByteShiftIMulLogic.seq(Gesamt: 10139) sind aus ProtTask search/taskseq/m4x4smul.seq (Gesamt: 1999)  1858 Einträge vorhanden! (Der Prottask wurde aufgrund der Größe des AppTask 1 mal wiederholt!)
In AppTask search/appseq/testWithNopBitByteShiftIMulLogic.seq(Gesamt: 10139) sind aus ProtTask search/taskseq/iadd.seq (Gesamt: 2039)  1910 Einträge vorhanden! (Der Prottask wurde aufgrund der Größe des AppTask 1 mal wiederholt!)
In AppTask search/appseq/testWithNopBitByteShiftIMulLogic.seq(Gesamt: 10139) sind aus ProtTask search/taskseq/logic.seq (Gesamt: 2036)  1917 Einträge vorhanden! (Der Prottask wurde aufgrund der Größe des AppTask 1 mal wiederholt!)
In AppTask search/appseq/testWithNopBitByteShiftIMulLogic.seq(Gesamt: 10139) sind aus ProtTask search/taskseq/imul.seq (Gesamt: 2071)  1914 Einträge vorhanden! (Der Prottask wurde aufgrund der Größe des AppTask 1 mal wiederholt!)
In AppTask search/appseq/testWithNopBitByteShiftIMulLogic.seq(Gesamt: 10139) sind aus ProtTask search/taskseq/dmem64_SIMD.seq (Gesamt: 2081)  1916 Einträge vorhanden! (Der Prottask wurde aufgrund der Größe des AppTask 1 mal wiederholt!)
In AppTask search/appseq/testWithNopBitByteShiftIMulLogic.seq(Gesamt: 10139) sind aus ProtTask search/taskseq/ssub32_SIMD.seq (Gesamt: 2114)  1866 Einträge vorhanden! (Der Prottask wurde aufgrund der Größe des AppTask 1 mal wiederholt!)
In AppTask search/appseq/testWithNopBitByteShiftIMulLogic.seq(Gesamt: 10139) sind aus ProtTask search/taskseq/vmov_SIMD.seq (Gesamt: 2157)  1956 Einträge vorhanden! (Der Prottask wurde aufgrund der Größe des AppTask 1 mal wiederholt!)
In AppTask search/appseq/testWithNopBitByteShiftIMulLogic.seq(Gesamt: 10139) sind aus ProtTask search/taskseq/smul32_SIMD.seq (Gesamt: 2114)  1866 Einträge vorhanden! (Der Prottask wurde aufgrund der Größe des AppTask 1 mal wiederholt!)
In AppTask search/appseq/testWithNopBitByteShiftIMulLogic.seq(Gesamt: 10139) sind aus ProtTask search/taskseq/shift.seq (Gesamt: 1996)  1846 Einträge vorhanden! (Der Prottask wurde aufgrund der Größe des AppTask 1 mal wiederholt!)
In AppTask search/appseq/testWithNopBitByteShiftIMulLogic.seq(Gesamt: 10139) sind aus ProtTask search/taskseq/smem32_SIMD.seq (Gesamt: 45)  29 Einträge vorhanden! (Der Prottask wurde aufgrund der Größe des AppTask 1 mal wiederholt!)
In AppTask search/appseq/testWithNopBitByteShiftIMulLogic.seq(Gesamt: 10139) sind aus ProtTask search/taskseq/nop.seq (Gesamt: 1999)  1772 Einträge vorhanden! (Der Prottask wurde aufgrund der Größe des AppTask 1 mal wiederholt!)
In AppTask search/appseq/testWithNopBitByteShiftIMulLogic.seq(Gesamt: 10139) sind aus ProtTask search/taskseq/vconvert_SIMD.seq (Gesamt: 2090)  1857 Einträge vorhanden! (Der Prottask wurde aufgrund der Größe des AppTask 1 mal wiederholt!)
In AppTask search/appseq/testWithNopBitByteShiftIMulLogic.seq(Gesamt: 10139) sind aus ProtTask search/taskseq/imov.seq (Gesamt: 1996)  1769 Einträge vorhanden! (Der Prottask wurde aufgrund der Größe des AppTask 1 mal wiederholt!)
In AppTask search/appseq/testWithNopBitByteShiftIMulLogic.seq(Gesamt: 10139) sind aus ProtTask search/taskseq/imem.seq (Gesamt: 2080)  1849 Einträge vorhanden! (Der Prottask wurde aufgrund der Größe des AppTask 1 mal wiederholt!)
In AppTask search/appseq/testWithNopBitByteShiftIMulLogic.seq(Gesamt: 10139) sind aus ProtTask search/taskseq/icompare.seq (Gesamt: 2095)  1862 Einträge vorhanden! (Der Prottask wurde aufgrund der Größe des AppTask 1 mal wiederholt!)
In AppTask search/appseq/testWithNopBitByteShiftIMulLogic.seq(Gesamt: 10139) sind aus ProtTask search/taskseq/branch.seq (Gesamt: 1997)  1770 Einträge vorhanden! (Der Prottask wurde aufgrund der Größe des AppTask 1 mal wiederholt!)
In AppTask search/appseq/testWithNopBitByteShiftIMulLogic.seq(Gesamt: 10139) sind aus ProtTask search/taskseq/bitbyte.seq (Gesamt: 2037)  1808 Einträge vorhanden! (Der Prottask wurde aufgrund der Größe des AppTask 1 mal wiederholt!)
In AppTask search/appseq/testWithNopBitByteShiftIMulLogic.seq(Gesamt: 10139) sind aus ProtTask search/taskseq/v1x4smul_SIMD.seq (Gesamt: 2287)  1923 Einträge vorhanden! (Der Prottask wurde aufgrund der Größe des AppTask 1 mal wiederholt!)
In AppTask search/appseq/testWithNopBitByteShiftIMulLogic.seq(Gesamt: 10139) sind aus ProtTask search/taskseq/dmem.seq (Gesamt: 2091)  1860 Einträge vorhanden! (Der Prottask wurde aufgrund der Größe des AppTask 1 mal wiederholt!)
In AppTask search/appseq/testWithNopBitByteShiftIMulLogic.seq(Gesamt: 10139) sind aus ProtTask search/taskseq/dsub64_SIMD.seq (Gesamt: 2114)  1866 Einträge vorhanden! (Der Prottask wurde aufgrund der Größe des AppTask 1 mal wiederholt!)
In AppTask search/appseq/testWithNopBitByteShiftIMulLogic.seq(Gesamt: 10139) sind aus ProtTask search/taskseq/dadd.seq (Gesamt: 2062)  1833 Einträge vorhanden! (Der Prottask wurde aufgrund der Größe des AppTask 1 mal wiederholt!)
In AppTask search/appseq/testWithNopBitByteShiftIMulLogic.seq(Gesamt: 10139) sind aus ProtTask search/taskseq/m4x4smul_SIMD.seq (Gesamt: 2328)  1957 Einträge vorhanden! (Der Prottask wurde aufgrund der Größe des AppTask 1 mal wiederholt!)
In AppTask search/appseq/testWithNopBitByteShiftIMulLogic.seq(Gesamt: 10139) sind aus ProtTask search/taskseq/dmul64_SIMD.seq (Gesamt: 2114)  1866 Einträge vorhanden! (Der Prottask wurde aufgrund der Größe des AppTask 1 mal wiederholt!)
In AppTask search/appseq/testWithNopBitByteShiftIMulLogic.seq(Gesamt: 10139) sind aus ProtTask search/taskseq/dmul.seq (Gesamt: 2062)  1833 Einträge vorhanden! (Der Prottask wurde aufgrund der Größe des AppTask 1 mal wiederholt!)
In AppTask search/appseq/testWithNopBitByteShiftIMulLogic.seq(Gesamt: 10139) sind aus ProtTask search/taskseq/m4x4smul.seq (Gesamt: 1999)  1773 Einträge vorhanden! (Der Prottask wurde aufgrund der Größe des AppTask 1 mal wiederholt!)
In AppTask search/appseq/testWithNopBitByteShiftIMulLogic.seq(Gesamt: 10139) sind aus ProtTask search/taskseq/iadd.seq (Gesamt: 2039)  1810 Einträge vorhanden! (Der Prottask wurde aufgrund der Größe des AppTask 1 mal wiederholt!)
In AppTask search/appseq/testWithNopBitByteShiftIMulLogic.seq(Gesamt: 10139) sind aus ProtTask search/taskseq/logic.seq (Gesamt: 2036)  1807 Einträge vorhanden! (Der Prottask wurde aufgrund der Größe des AppTask 1 mal wiederholt!)
In AppTask search/appseq/testWithNopBitByteShiftIMulLogic.seq(Gesamt: 10139) sind aus ProtTask search/taskseq/imul.seq (Gesamt: 2071)  1842 Einträge vorhanden! (Der Prottask wurde aufgrund der Größe des AppTask 1 mal wiederholt!)
In AppTask search/appseq/testWithNopBitByteShiftIMulLogic.seq(Gesamt: 10139) sind aus ProtTask search/taskseq/dmem64_SIMD.seq (Gesamt: 2081)  1850 Einträge vorhanden! (Der Prottask wurde aufgrund der Größe des AppTask 1 mal wiederholt!)
In AppTask search/appseq/testWithNopBitByteShiftIMulLogic.seq(Gesamt: 10139) sind aus ProtTask search/taskseq/ssub32_SIMD.seq (Gesamt: 2114)  1866 Einträge vorhanden! (Der Prottask wurde aufgrund der Größe des AppTask 1 mal wiederholt!)
In AppTask search/appseq/testWithNopBitByteShiftIMulLogic.seq(Gesamt: 10139) sind aus ProtTask search/taskseq/vmov_SIMD.seq (Gesamt: 2157)  1899 Einträge vorhanden! (Der Prottask wurde aufgrund der Größe des AppTask 1 mal wiederholt!)
In AppTask search/appseq/testWithNopBitByteShiftIMulLogic.seq(Gesamt: 10139) sind aus ProtTask search/taskseq/smul32_SIMD.seq (Gesamt: 2114)  1866 Einträge vorhanden! (Der Prottask wurde aufgrund der Größe des AppTask 1 mal wiederholt!)
In AppTask search/appseq/testWithNopBitByteShiftIMulLogic.seq(Gesamt: 10139) sind aus ProtTask search/taskseq/shift.seq (Gesamt: 1996)  1789 Einträge vorhanden! (Der Prottask wurde aufgrund der Größe des AppTask 1 mal wiederholt!)
In AppTask search/appseq/testWithNopBitByteShiftIMulLogic.seq(Gesamt: 10139) sind aus ProtTask search/taskseq/smem32_SIMD.seq (Gesamt: 45)  0 Einträge vorhanden! (Der Prottask wurde aufgrund der Größe des AppTask 1 mal wiederholt!)
In AppTask search/appseq/testWithNopBitByteShiftIMulLogic.seq(Gesamt: 10139) sind aus ProtTask search/taskseq/nop.seq (Gesamt: 1999)  1670 Einträge vorhanden! (Der Prottask wurde aufgrund der Größe des AppTask 1 mal wiederholt!)
In AppTask search/appseq/testWithNopBitByteShiftIMulLogic.seq(Gesamt: 10139) sind aus ProtTask search/taskseq/vconvert_SIMD.seq (Gesamt: 2090)  1753 Einträge vorhanden! (Der Prottask wurde aufgrund der Größe des AppTask 1 mal wiederholt!)
In AppTask search/appseq/testWithNopBitByteShiftIMulLogic.seq(Gesamt: 10139) sind aus ProtTask search/taskseq/imov.seq (Gesamt: 1996)  1667 Einträge vorhanden! (Der Prottask wurde aufgrund der Größe des AppTask 1 mal wiederholt!)
In AppTask search/appseq/testWithNopBitByteShiftIMulLogic.seq(Gesamt: 10139) sind aus ProtTask search/taskseq/imem.seq (Gesamt: 2080)  1746 Einträge vorhanden! (Der Prottask wurde aufgrund der Größe des AppTask 1 mal wiederholt!)
In AppTask search/appseq/testWithNopBitByteShiftIMulLogic.seq(Gesamt: 10139) sind aus ProtTask search/taskseq/icompare.seq (Gesamt: 2095)  1757 Einträge vorhanden! (Der Prottask wurde aufgrund der Größe des AppTask 1 mal wiederholt!)
In AppTask search/appseq/testWithNopBitByteShiftIMulLogic.seq(Gesamt: 10139) sind aus ProtTask search/taskseq/branch.seq (Gesamt: 1997)  1668 Einträge vorhanden! (Der Prottask wurde aufgrund der Größe des AppTask 1 mal wiederholt!)
In AppTask search/appseq/testWithNopBitByteShiftIMulLogic.seq(Gesamt: 10139) sind aus ProtTask search/taskseq/bitbyte.seq (Gesamt: 2037)  1707 Einträge vorhanden! (Der Prottask wurde aufgrund der Größe des AppTask 1 mal wiederholt!)
In AppTask search/appseq/testWithNopBitByteShiftIMulLogic.seq(Gesamt: 10139) sind aus ProtTask search/taskseq/v1x4smul_SIMD.seq (Gesamt: 2287)  1921 Einträge vorhanden! (Der Prottask wurde aufgrund der Größe des AppTask 1 mal wiederholt!)
In AppTask search/appseq/testWithNopBitByteShiftIMulLogic.seq(Gesamt: 10139) sind aus ProtTask search/taskseq/dmem.seq (Gesamt: 2091)  1756 Einträge vorhanden! (Der Prottask wurde aufgrund der Größe des AppTask 1 mal wiederholt!)
In AppTask search/appseq/testWithNopBitByteShiftIMulLogic.seq(Gesamt: 10139) sind aus ProtTask search/taskseq/dsub64_SIMD.seq (Gesamt: 2114)  1774 Einträge vorhanden! (Der Prottask wurde aufgrund der Größe des AppTask 1 mal wiederholt!)
In AppTask search/appseq/testWithNopBitByteShiftIMulLogic.seq(Gesamt: 10139) sind aus ProtTask search/taskseq/dadd.seq (Gesamt: 2062)  1727 Einträge vorhanden! (Der Prottask wurde aufgrund der Größe des AppTask 1 mal wiederholt!)
In AppTask search/appseq/testWithNopBitByteShiftIMulLogic.seq(Gesamt: 10139) sind aus ProtTask search/taskseq/m4x4smul_SIMD.seq (Gesamt: 2328)  1950 Einträge vorhanden! (Der Prottask wurde aufgrund der Größe des AppTask 1 mal wiederholt!)
In AppTask search/appseq/testWithNopBitByteShiftIMulLogic.seq(Gesamt: 10139) sind aus ProtTask search/taskseq/dmul64_SIMD.seq (Gesamt: 2114)  1774 Einträge vorhanden! (Der Prottask wurde aufgrund der Größe des AppTask 1 mal wiederholt!)
In AppTask search/appseq/testWithNopBitByteShiftIMulLogic.seq(Gesamt: 10139) sind aus ProtTask search/taskseq/dmul.seq (Gesamt: 2062)  1727 Einträge vorhanden! (Der Prottask wurde aufgrund der Größe des AppTask 1 mal wiederholt!)
In AppTask search/appseq/testWithNopBitByteShiftIMulLogic.seq(Gesamt: 10139) sind aus ProtTask search/taskseq/m4x4smul.seq (Gesamt: 1999)  1672 Einträge vorhanden! (Der Prottask wurde aufgrund der Größe des AppTask 1 mal wiederholt!)
In AppTask search/appseq/testWithNopBitByteShiftIMulLogic.seq(Gesamt: 10139) sind aus ProtTask search/taskseq/iadd.seq (Gesamt: 2039)  1728 Einträge vorhanden! (Der Prottask wurde aufgrund der Größe des AppTask 1 mal wiederholt!)
In AppTask search/appseq/testWithNopBitByteShiftIMulLogic.seq(Gesamt: 10139) sind aus ProtTask search/taskseq/logic.seq (Gesamt: 2036)  1705 Einträge vorhanden! (Der Prottask wurde aufgrund der Größe des AppTask 1 mal wiederholt!)
In AppTask search/appseq/testWithNopBitByteShiftIMulLogic.seq(Gesamt: 10139) sind aus ProtTask search/taskseq/imul.seq (Gesamt: 2071)  1767 Einträge vorhanden! (Der Prottask wurde aufgrund der Größe des AppTask 1 mal wiederholt!)
In AppTask search/appseq/testWithNopBitByteShiftIMulLogic.seq(Gesamt: 10139) sind aus ProtTask search/taskseq/dmem64_SIMD.seq (Gesamt: 2081)  1756 Einträge vorhanden! (Der Prottask wurde aufgrund der Größe des AppTask 1 mal wiederholt!)
In AppTask search/appseq/testWithNopBitByteShiftIMulLogic.seq(Gesamt: 10139) sind aus ProtTask search/taskseq/ssub32_SIMD.seq (Gesamt: 2114)  1774 Einträge vorhanden! (Der Prottask wurde aufgrund der Größe des AppTask 1 mal wiederholt!)
In AppTask search/appseq/testWithNopBitByteShiftIMulLogic.seq(Gesamt: 10139) sind aus ProtTask search/taskseq/vmov_SIMD.seq (Gesamt: 2157)  1834 Einträge vorhanden! (Der Prottask wurde aufgrund der Größe des AppTask 1 mal wiederholt!)
In AppTask search/appseq/testWithNopBitByteShiftIMulLogic.seq(Gesamt: 10139) sind aus ProtTask search/taskseq/smul32_SIMD.seq (Gesamt: 2114)  1774 Einträge vorhanden! (Der Prottask wurde aufgrund der Größe des AppTask 1 mal wiederholt!)
In AppTask search/appseq/testWithNopBitByteShiftIMulLogic.seq(Gesamt: 10139) sind aus ProtTask search/taskseq/shift.seq (Gesamt: 1996)  1667 Einträge vorhanden! (Der Prottask wurde aufgrund der Größe des AppTask 1 mal wiederholt!)
In AppTask search/appseq/testWithNopBitByteShiftIMulLogic.seq(Gesamt: 10139) sind aus ProtTask search/taskseq/smem32_SIMD.seq (Gesamt: 45)  0 Einträge vorhanden! (Der Prottask wurde aufgrund der Größe des AppTask 1 mal wiederholt!)
In AppTask search/appseq/testWithNopBitByteShiftIMulLogic.seq(Gesamt: 10139) sind aus ProtTask search/taskseq/nop.seq (Gesamt: 1999)  1592 Einträge vorhanden! (Der Prottask wurde aufgrund der Größe des AppTask 1 mal wiederholt!)
In AppTask search/appseq/testWithNopBitByteShiftIMulLogic.seq(Gesamt: 10139) sind aus ProtTask search/taskseq/vconvert_SIMD.seq (Gesamt: 2090)  1672 Einträge vorhanden! (Der Prottask wurde aufgrund der Größe des AppTask 1 mal wiederholt!)
In AppTask search/appseq/testWithNopBitByteShiftIMulLogic.seq(Gesamt: 10139) sind aus ProtTask search/taskseq/imov.seq (Gesamt: 1996)  1589 Einträge vorhanden! (Der Prottask wurde aufgrund der Größe des AppTask 1 mal wiederholt!)
In AppTask search/appseq/testWithNopBitByteShiftIMulLogic.seq(Gesamt: 10139) sind aus ProtTask search/taskseq/imem.seq (Gesamt: 2080)  1666 Einträge vorhanden! (Der Prottask wurde aufgrund der Größe des AppTask 1 mal wiederholt!)
In AppTask search/appseq/testWithNopBitByteShiftIMulLogic.seq(Gesamt: 10139) sind aus ProtTask search/taskseq/icompare.seq (Gesamt: 2095)  1677 Einträge vorhanden! (Der Prottask wurde aufgrund der Größe des AppTask 1 mal wiederholt!)
In AppTask search/appseq/testWithNopBitByteShiftIMulLogic.seq(Gesamt: 10139) sind aus ProtTask search/taskseq/branch.seq (Gesamt: 1997)  1590 Einträge vorhanden! (Der Prottask wurde aufgrund der Größe des AppTask 1 mal wiederholt!)
In AppTask search/appseq/testWithNopBitByteShiftIMulLogic.seq(Gesamt: 10139) sind aus ProtTask search/taskseq/bitbyte.seq (Gesamt: 2037)  1631 Einträge vorhanden! (Der Prottask wurde aufgrund der Größe des AppTask 1 mal wiederholt!)
In AppTask search/appseq/testWithNopBitByteShiftIMulLogic.seq(Gesamt: 10139) sind aus ProtTask search/taskseq/v1x4smul_SIMD.seq (Gesamt: 2287)  1860 Einträge vorhanden! (Der Prottask wurde aufgrund der Größe des AppTask 1 mal wiederholt!)
In AppTask search/appseq/testWithNopBitByteShiftIMulLogic.seq(Gesamt: 10139) sind aus ProtTask search/taskseq/dmem.seq (Gesamt: 2091)  1673 Einträge vorhanden! (Der Prottask wurde aufgrund der Größe des AppTask 1 mal wiederholt!)
In AppTask search/appseq/testWithNopBitByteShiftIMulLogic.seq(Gesamt: 10139) sind aus ProtTask search/taskseq/dsub64_SIMD.seq (Gesamt: 2114)  1695 Einträge vorhanden! (Der Prottask wurde aufgrund der Größe des AppTask 1 mal wiederholt!)
In AppTask search/appseq/testWithNopBitByteShiftIMulLogic.seq(Gesamt: 10139) sind aus ProtTask search/taskseq/dadd.seq (Gesamt: 2062)  1646 Einträge vorhanden! (Der Prottask wurde aufgrund der Größe des AppTask 1 mal wiederholt!)
In AppTask search/appseq/testWithNopBitByteShiftIMulLogic.seq(Gesamt: 10139) sind aus ProtTask search/taskseq/m4x4smul_SIMD.seq (Gesamt: 2328)  1896 Einträge vorhanden! (Der Prottask wurde aufgrund der Größe des AppTask 1 mal wiederholt!)
In AppTask search/appseq/testWithNopBitByteShiftIMulLogic.seq(Gesamt: 10139) sind aus ProtTask search/taskseq/dmul64_SIMD.seq (Gesamt: 2114)  1695 Einträge vorhanden! (Der Prottask wurde aufgrund der Größe des AppTask 1 mal wiederholt!)
In AppTask search/appseq/testWithNopBitByteShiftIMulLogic.seq(Gesamt: 10139) sind aus ProtTask search/taskseq/dmul.seq (Gesamt: 2062)  1646 Einträge vorhanden! (Der Prottask wurde aufgrund der Größe des AppTask 1 mal wiederholt!)
In AppTask search/appseq/testWithNopBitByteShiftIMulLogic.seq(Gesamt: 10139) sind aus ProtTask search/taskseq/m4x4smul.seq (Gesamt: 1999)  1591 Einträge vorhanden! (Der Prottask wurde aufgrund der Größe des AppTask 1 mal wiederholt!)
In AppTask search/appseq/testWithNopBitByteShiftIMulLogic.seq(Gesamt: 10139) sind aus ProtTask search/taskseq/iadd.seq (Gesamt: 2039)  1626 Einträge vorhanden! (Der Prottask wurde aufgrund der Größe des AppTask 1 mal wiederholt!)
In AppTask search/appseq/testWithNopBitByteShiftIMulLogic.seq(Gesamt: 10139) sind aus ProtTask search/taskseq/logic.seq (Gesamt: 2036)  1642 Einträge vorhanden! (Der Prottask wurde aufgrund der Größe des AppTask 1 mal wiederholt!)
In AppTask search/appseq/testWithNopBitByteShiftIMulLogic.seq(Gesamt: 10139) sind aus ProtTask search/taskseq/imul.seq (Gesamt: 2071)  1654 Einträge vorhanden! (Der Prottask wurde aufgrund der Größe des AppTask 1 mal wiederholt!)
In AppTask search/appseq/testWithNopBitByteShiftIMulLogic.seq(Gesamt: 10139) sind aus ProtTask search/taskseq/dmem64_SIMD.seq (Gesamt: 2081)  1664 Einträge vorhanden! (Der Prottask wurde aufgrund der Größe des AppTask 1 mal wiederholt!)
In AppTask search/appseq/testWithNopBitByteShiftIMulLogic.seq(Gesamt: 10139) sind aus ProtTask search/taskseq/ssub32_SIMD.seq (Gesamt: 2114)  1695 Einträge vorhanden! (Der Prottask wurde aufgrund der Größe des AppTask 1 mal wiederholt!)
In AppTask search/appseq/testWithNopBitByteShiftIMulLogic.seq(Gesamt: 10139) sind aus ProtTask search/taskseq/vmov_SIMD.seq (Gesamt: 2157)  1736 Einträge vorhanden! (Der Prottask wurde aufgrund der Größe des AppTask 1 mal wiederholt!)
In AppTask search/appseq/testWithNopBitByteShiftIMulLogic.seq(Gesamt: 10139) sind aus ProtTask search/taskseq/smul32_SIMD.seq (Gesamt: 2114)  1695 Einträge vorhanden! (Der Prottask wurde aufgrund der Größe des AppTask 1 mal wiederholt!)
In AppTask search/appseq/testWithNopBitByteShiftIMulLogic.seq(Gesamt: 10139) sind aus ProtTask search/taskseq/shift.seq (Gesamt: 1996)  1589 Einträge vorhanden! (Der Prottask wurde aufgrund der Größe des AppTask 1 mal wiederholt!)
In AppTask search/appseq/testWithNopBitByteShiftIMulLogic.seq(Gesamt: 10139) sind aus ProtTask search/taskseq/smem32_SIMD.seq (Gesamt: 45)  0 Einträge vorhanden! (Der Prottask wurde aufgrund der Größe des AppTask 1 mal wiederholt!)
Die ähnlichste ProttypTask für den AppTask search/appseq/testWithNopBitByteShiftIMulLogic.seq sind: 
search/taskseq/nop.seq
search/taskseq/bitbyte.seq
search/taskseq/shift.seq
search/taskseq/imul.seq
search/taskseq/m4x4smul_SIMD.seq
