x;y;z
In AppTask search/appseq/sobelv.seq sind aus ProtTask search/taskseq/nop.seq 1824 Einträge vorhanden!
In AppTask search/appseq/sobelv.seq sind aus ProtTask search/taskseq/vconvert_SIMD.seq 1886 Einträge vorhanden!
In AppTask search/appseq/sobelv.seq sind aus ProtTask search/taskseq/imov.seq 1842 Einträge vorhanden!
In AppTask search/appseq/sobelv.seq sind aus ProtTask search/taskseq/imem.seq 1884 Einträge vorhanden!
In AppTask search/appseq/sobelv.seq sind aus ProtTask search/taskseq/icompare.seq 1920 Einträge vorhanden!
In AppTask search/appseq/sobelv.seq sind aus ProtTask search/taskseq/branch.seq 1822 Einträge vorhanden!
In AppTask search/appseq/sobelv.seq sind aus ProtTask search/taskseq/bitbyte.seq 1878 Einträge vorhanden!
In AppTask search/appseq/sobelv.seq sind aus ProtTask search/taskseq/v1x4smul_SIMD.seq 1875 Einträge vorhanden!
In AppTask search/appseq/sobelv.seq sind aus ProtTask search/taskseq/dmem.seq 1890 Einträge vorhanden!
In AppTask search/appseq/sobelv.seq sind aus ProtTask search/taskseq/dsub64_SIMD.seq 1819 Einträge vorhanden!
In AppTask search/appseq/sobelv.seq sind aus ProtTask search/taskseq/dadd.seq 1822 Einträge vorhanden!
In AppTask search/appseq/sobelv.seq sind aus ProtTask search/taskseq/m4x4smul_SIMD.seq 1914 Einträge vorhanden!
In AppTask search/appseq/sobelv.seq sind aus ProtTask search/taskseq/dmul64_SIMD.seq 1819 Einträge vorhanden!
In AppTask search/appseq/sobelv.seq sind aus ProtTask search/taskseq/dmul.seq 1822 Einträge vorhanden!
In AppTask search/appseq/sobelv.seq sind aus ProtTask search/taskseq/m4x4smul.seq 1840 Einträge vorhanden!
In AppTask search/appseq/sobelv.seq sind aus ProtTask search/taskseq/iadd.seq 1884 Einträge vorhanden!
In AppTask search/appseq/sobelv.seq sind aus ProtTask search/taskseq/logic.seq 1878 Einträge vorhanden!
In AppTask search/appseq/sobelv.seq sind aus ProtTask search/taskseq/imul.seq 1908 Einträge vorhanden!
In AppTask search/appseq/sobelv.seq sind aus ProtTask search/taskseq/dmem64_SIMD.seq 1889 Einträge vorhanden!
In AppTask search/appseq/sobelv.seq sind aus ProtTask search/taskseq/ssub32_SIMD.seq 1819 Einträge vorhanden!
In AppTask search/appseq/sobelv.seq sind aus ProtTask search/taskseq/vmov_SIMD.seq 1941 Einträge vorhanden!
In AppTask search/appseq/sobelv.seq sind aus ProtTask search/taskseq/smul32_SIMD.seq 1819 Einträge vorhanden!
In AppTask search/appseq/sobelv.seq sind aus ProtTask search/taskseq/shift.seq 1822 Einträge vorhanden!
In AppTask search/appseq/sobelv.seq sind aus ProtTask search/taskseq/empty.seq 1263 Einträge vorhanden!
In AppTask search/appseq/sobelv.seq sind aus ProtTask search/taskseq/smem32_SIMD.seq 29 Einträge vorhanden!
In AppTask search/appseq/checkcontrast.seq sind aus ProtTask search/taskseq/nop.seq 1980 Einträge vorhanden!
In AppTask search/appseq/checkcontrast.seq sind aus ProtTask search/taskseq/vconvert_SIMD.seq 2024 Einträge vorhanden!
In AppTask search/appseq/checkcontrast.seq sind aus ProtTask search/taskseq/imov.seq 1978 Einträge vorhanden!
In AppTask search/appseq/checkcontrast.seq sind aus ProtTask search/taskseq/imem.seq 2062 Einträge vorhanden!
In AppTask search/appseq/checkcontrast.seq sind aus ProtTask search/taskseq/icompare.seq 2077 Einträge vorhanden!
In AppTask search/appseq/checkcontrast.seq sind aus ProtTask search/taskseq/branch.seq 1979 Einträge vorhanden!
In AppTask search/appseq/checkcontrast.seq sind aus ProtTask search/taskseq/bitbyte.seq 2019 Einträge vorhanden!
In AppTask search/appseq/checkcontrast.seq sind aus ProtTask search/taskseq/v1x4smul_SIMD.seq 2017 Einträge vorhanden!
In AppTask search/appseq/checkcontrast.seq sind aus ProtTask search/taskseq/dmem.seq 2053 Einträge vorhanden!
In AppTask search/appseq/checkcontrast.seq sind aus ProtTask search/taskseq/dsub64_SIMD.seq 1956 Einträge vorhanden!
In AppTask search/appseq/checkcontrast.seq sind aus ProtTask search/taskseq/dadd.seq 1959 Einträge vorhanden!
In AppTask search/appseq/checkcontrast.seq sind aus ProtTask search/taskseq/m4x4smul_SIMD.seq 2074 Einträge vorhanden!
In AppTask search/appseq/checkcontrast.seq sind aus ProtTask search/taskseq/dmul64_SIMD.seq 1956 Einträge vorhanden!
In AppTask search/appseq/checkcontrast.seq sind aus ProtTask search/taskseq/dmul.seq 1959 Einträge vorhanden!
In AppTask search/appseq/checkcontrast.seq sind aus ProtTask search/taskseq/m4x4smul.seq 1981 Einträge vorhanden!
In AppTask search/appseq/checkcontrast.seq sind aus ProtTask search/taskseq/iadd.seq 2021 Einträge vorhanden!
In AppTask search/appseq/checkcontrast.seq sind aus ProtTask search/taskseq/logic.seq 2018 Einträge vorhanden!
In AppTask search/appseq/checkcontrast.seq sind aus ProtTask search/taskseq/imul.seq 2053 Einträge vorhanden!
In AppTask search/appseq/checkcontrast.seq sind aus ProtTask search/taskseq/dmem64_SIMD.seq 2043 Einträge vorhanden!
In AppTask search/appseq/checkcontrast.seq sind aus ProtTask search/taskseq/ssub32_SIMD.seq 1956 Einträge vorhanden!
In AppTask search/appseq/checkcontrast.seq sind aus ProtTask search/taskseq/vmov_SIMD.seq 2099 Einträge vorhanden!
In AppTask search/appseq/checkcontrast.seq sind aus ProtTask search/taskseq/smul32_SIMD.seq 1956 Einträge vorhanden!
In AppTask search/appseq/checkcontrast.seq sind aus ProtTask search/taskseq/shift.seq 1978 Einträge vorhanden!
In AppTask search/appseq/checkcontrast.seq sind aus ProtTask search/taskseq/empty.seq 1373 Einträge vorhanden!
In AppTask search/appseq/checkcontrast.seq sind aus ProtTask search/taskseq/smem32_SIMD.seq 37 Einträge vorhanden!
In AppTask search/appseq/copyimage.seq sind aus ProtTask search/taskseq/nop.seq 1958 Einträge vorhanden!
In AppTask search/appseq/copyimage.seq sind aus ProtTask search/taskseq/vconvert_SIMD.seq 2042 Einträge vorhanden!
In AppTask search/appseq/copyimage.seq sind aus ProtTask search/taskseq/imov.seq 1956 Einträge vorhanden!
In AppTask search/appseq/copyimage.seq sind aus ProtTask search/taskseq/imem.seq 2040 Einträge vorhanden!
In AppTask search/appseq/copyimage.seq sind aus ProtTask search/taskseq/icompare.seq 2055 Einträge vorhanden!
In AppTask search/appseq/copyimage.seq sind aus ProtTask search/taskseq/branch.seq 1957 Einträge vorhanden!
In AppTask search/appseq/copyimage.seq sind aus ProtTask search/taskseq/bitbyte.seq 1997 Einträge vorhanden!
In AppTask search/appseq/copyimage.seq sind aus ProtTask search/taskseq/v1x4smul_SIMD.seq 2187 Einträge vorhanden!
In AppTask search/appseq/copyimage.seq sind aus ProtTask search/taskseq/dmem.seq 2029 Einträge vorhanden!
In AppTask search/appseq/copyimage.seq sind aus ProtTask search/taskseq/dsub64_SIMD.seq 1994 Einträge vorhanden!
In AppTask search/appseq/copyimage.seq sind aus ProtTask search/taskseq/dadd.seq 1937 Einträge vorhanden!
In AppTask search/appseq/copyimage.seq sind aus ProtTask search/taskseq/m4x4smul_SIMD.seq 2242 Einträge vorhanden!
In AppTask search/appseq/copyimage.seq sind aus ProtTask search/taskseq/dmul64_SIMD.seq 1994 Einträge vorhanden!
In AppTask search/appseq/copyimage.seq sind aus ProtTask search/taskseq/dmul.seq 1937 Einträge vorhanden!
In AppTask search/appseq/copyimage.seq sind aus ProtTask search/taskseq/m4x4smul.seq 1959 Einträge vorhanden!
In AppTask search/appseq/copyimage.seq sind aus ProtTask search/taskseq/iadd.seq 1999 Einträge vorhanden!
In AppTask search/appseq/copyimage.seq sind aus ProtTask search/taskseq/logic.seq 1996 Einträge vorhanden!
In AppTask search/appseq/copyimage.seq sind aus ProtTask search/taskseq/imul.seq 2031 Einträge vorhanden!
In AppTask search/appseq/copyimage.seq sind aus ProtTask search/taskseq/dmem64_SIMD.seq 2029 Einträge vorhanden!
In AppTask search/appseq/copyimage.seq sind aus ProtTask search/taskseq/ssub32_SIMD.seq 2054 Einträge vorhanden!
In AppTask search/appseq/copyimage.seq sind aus ProtTask search/taskseq/vmov_SIMD.seq 2117 Einträge vorhanden!
In AppTask search/appseq/copyimage.seq sind aus ProtTask search/taskseq/smul32_SIMD.seq 2054 Einträge vorhanden!
In AppTask search/appseq/copyimage.seq sind aus ProtTask search/taskseq/shift.seq 1956 Einträge vorhanden!
In AppTask search/appseq/copyimage.seq sind aus ProtTask search/taskseq/empty.seq 1373 Einträge vorhanden!
In AppTask search/appseq/copyimage.seq sind aus ProtTask search/taskseq/smem32_SIMD.seq 37 Einträge vorhanden!
In AppTask search/appseq/combineimgs.seq sind aus ProtTask search/taskseq/nop.seq 1981 Einträge vorhanden!
In AppTask search/appseq/combineimgs.seq sind aus ProtTask search/taskseq/vconvert_SIMD.seq 2024 Einträge vorhanden!
In AppTask search/appseq/combineimgs.seq sind aus ProtTask search/taskseq/imov.seq 1978 Einträge vorhanden!
In AppTask search/appseq/combineimgs.seq sind aus ProtTask search/taskseq/imem.seq 2062 Einträge vorhanden!
In AppTask search/appseq/combineimgs.seq sind aus ProtTask search/taskseq/icompare.seq 2077 Einträge vorhanden!
In AppTask search/appseq/combineimgs.seq sind aus ProtTask search/taskseq/branch.seq 1979 Einträge vorhanden!
In AppTask search/appseq/combineimgs.seq sind aus ProtTask search/taskseq/bitbyte.seq 2019 Einträge vorhanden!
In AppTask search/appseq/combineimgs.seq sind aus ProtTask search/taskseq/v1x4smul_SIMD.seq 2017 Einträge vorhanden!
In AppTask search/appseq/combineimgs.seq sind aus ProtTask search/taskseq/dmem.seq 2051 Einträge vorhanden!
In AppTask search/appseq/combineimgs.seq sind aus ProtTask search/taskseq/dsub64_SIMD.seq 1956 Einträge vorhanden!
In AppTask search/appseq/combineimgs.seq sind aus ProtTask search/taskseq/dadd.seq 1959 Einträge vorhanden!
In AppTask search/appseq/combineimgs.seq sind aus ProtTask search/taskseq/m4x4smul_SIMD.seq 2072 Einträge vorhanden!
In AppTask search/appseq/combineimgs.seq sind aus ProtTask search/taskseq/dmul64_SIMD.seq 1956 Einträge vorhanden!
In AppTask search/appseq/combineimgs.seq sind aus ProtTask search/taskseq/dmul.seq 1959 Einträge vorhanden!
In AppTask search/appseq/combineimgs.seq sind aus ProtTask search/taskseq/m4x4smul.seq 1981 Einträge vorhanden!
In AppTask search/appseq/combineimgs.seq sind aus ProtTask search/taskseq/iadd.seq 2021 Einträge vorhanden!
In AppTask search/appseq/combineimgs.seq sind aus ProtTask search/taskseq/logic.seq 2018 Einträge vorhanden!
In AppTask search/appseq/combineimgs.seq sind aus ProtTask search/taskseq/imul.seq 2053 Einträge vorhanden!
In AppTask search/appseq/combineimgs.seq sind aus ProtTask search/taskseq/dmem64_SIMD.seq 2041 Einträge vorhanden!
In AppTask search/appseq/combineimgs.seq sind aus ProtTask search/taskseq/ssub32_SIMD.seq 1956 Einträge vorhanden!
In AppTask search/appseq/combineimgs.seq sind aus ProtTask search/taskseq/vmov_SIMD.seq 2099 Einträge vorhanden!
In AppTask search/appseq/combineimgs.seq sind aus ProtTask search/taskseq/smul32_SIMD.seq 1956 Einträge vorhanden!
In AppTask search/appseq/combineimgs.seq sind aus ProtTask search/taskseq/shift.seq 1978 Einträge vorhanden!
In AppTask search/appseq/combineimgs.seq sind aus ProtTask search/taskseq/empty.seq 1373 Einträge vorhanden!
In AppTask search/appseq/combineimgs.seq sind aus ProtTask search/taskseq/smem32_SIMD.seq 35 Einträge vorhanden!
In AppTask search/appseq/sharpencontrast.seq sind aus ProtTask search/taskseq/nop.seq 1981 Einträge vorhanden!
In AppTask search/appseq/sharpencontrast.seq sind aus ProtTask search/taskseq/vconvert_SIMD.seq 2024 Einträge vorhanden!
In AppTask search/appseq/sharpencontrast.seq sind aus ProtTask search/taskseq/imov.seq 1978 Einträge vorhanden!
In AppTask search/appseq/sharpencontrast.seq sind aus ProtTask search/taskseq/imem.seq 2062 Einträge vorhanden!
In AppTask search/appseq/sharpencontrast.seq sind aus ProtTask search/taskseq/icompare.seq 2077 Einträge vorhanden!
In AppTask search/appseq/sharpencontrast.seq sind aus ProtTask search/taskseq/branch.seq 1979 Einträge vorhanden!
In AppTask search/appseq/sharpencontrast.seq sind aus ProtTask search/taskseq/bitbyte.seq 2019 Einträge vorhanden!
In AppTask search/appseq/sharpencontrast.seq sind aus ProtTask search/taskseq/v1x4smul_SIMD.seq 2017 Einträge vorhanden!
In AppTask search/appseq/sharpencontrast.seq sind aus ProtTask search/taskseq/dmem.seq 2051 Einträge vorhanden!
In AppTask search/appseq/sharpencontrast.seq sind aus ProtTask search/taskseq/dsub64_SIMD.seq 1956 Einträge vorhanden!
In AppTask search/appseq/sharpencontrast.seq sind aus ProtTask search/taskseq/dadd.seq 1959 Einträge vorhanden!
In AppTask search/appseq/sharpencontrast.seq sind aus ProtTask search/taskseq/m4x4smul_SIMD.seq 2072 Einträge vorhanden!
In AppTask search/appseq/sharpencontrast.seq sind aus ProtTask search/taskseq/dmul64_SIMD.seq 1956 Einträge vorhanden!
In AppTask search/appseq/sharpencontrast.seq sind aus ProtTask search/taskseq/dmul.seq 1959 Einträge vorhanden!
In AppTask search/appseq/sharpencontrast.seq sind aus ProtTask search/taskseq/m4x4smul.seq 1981 Einträge vorhanden!
In AppTask search/appseq/sharpencontrast.seq sind aus ProtTask search/taskseq/iadd.seq 2021 Einträge vorhanden!
In AppTask search/appseq/sharpencontrast.seq sind aus ProtTask search/taskseq/logic.seq 2018 Einträge vorhanden!
In AppTask search/appseq/sharpencontrast.seq sind aus ProtTask search/taskseq/imul.seq 2053 Einträge vorhanden!
In AppTask search/appseq/sharpencontrast.seq sind aus ProtTask search/taskseq/dmem64_SIMD.seq 2041 Einträge vorhanden!
In AppTask search/appseq/sharpencontrast.seq sind aus ProtTask search/taskseq/ssub32_SIMD.seq 1956 Einträge vorhanden!
In AppTask search/appseq/sharpencontrast.seq sind aus ProtTask search/taskseq/vmov_SIMD.seq 2099 Einträge vorhanden!
In AppTask search/appseq/sharpencontrast.seq sind aus ProtTask search/taskseq/smul32_SIMD.seq 1956 Einträge vorhanden!
In AppTask search/appseq/sharpencontrast.seq sind aus ProtTask search/taskseq/shift.seq 1978 Einträge vorhanden!
In AppTask search/appseq/sharpencontrast.seq sind aus ProtTask search/taskseq/empty.seq 1373 Einträge vorhanden!
In AppTask search/appseq/sharpencontrast.seq sind aus ProtTask search/taskseq/smem32_SIMD.seq 35 Einträge vorhanden!
In AppTask search/appseq/loadimage.seq sind aus ProtTask search/taskseq/nop.seq 1992 Einträge vorhanden!
In AppTask search/appseq/loadimage.seq sind aus ProtTask search/taskseq/vconvert_SIMD.seq 2076 Einträge vorhanden!
In AppTask search/appseq/loadimage.seq sind aus ProtTask search/taskseq/imov.seq 1990 Einträge vorhanden!
In AppTask search/appseq/loadimage.seq sind aus ProtTask search/taskseq/imem.seq 2074 Einträge vorhanden!
In AppTask search/appseq/loadimage.seq sind aus ProtTask search/taskseq/icompare.seq 2089 Einträge vorhanden!
In AppTask search/appseq/loadimage.seq sind aus ProtTask search/taskseq/branch.seq 1991 Einträge vorhanden!
In AppTask search/appseq/loadimage.seq sind aus ProtTask search/taskseq/bitbyte.seq 2031 Einträge vorhanden!
In AppTask search/appseq/loadimage.seq sind aus ProtTask search/taskseq/v1x4smul_SIMD.seq 2221 Einträge vorhanden!
In AppTask search/appseq/loadimage.seq sind aus ProtTask search/taskseq/dmem.seq 2063 Einträge vorhanden!
In AppTask search/appseq/loadimage.seq sind aus ProtTask search/taskseq/dsub64_SIMD.seq 2028 Einträge vorhanden!
In AppTask search/appseq/loadimage.seq sind aus ProtTask search/taskseq/dadd.seq 1971 Einträge vorhanden!
In AppTask search/appseq/loadimage.seq sind aus ProtTask search/taskseq/m4x4smul_SIMD.seq 2276 Einträge vorhanden!
In AppTask search/appseq/loadimage.seq sind aus ProtTask search/taskseq/dmul64_SIMD.seq 2028 Einträge vorhanden!
In AppTask search/appseq/loadimage.seq sind aus ProtTask search/taskseq/dmul.seq 1971 Einträge vorhanden!
In AppTask search/appseq/loadimage.seq sind aus ProtTask search/taskseq/m4x4smul.seq 1993 Einträge vorhanden!
In AppTask search/appseq/loadimage.seq sind aus ProtTask search/taskseq/iadd.seq 2033 Einträge vorhanden!
In AppTask search/appseq/loadimage.seq sind aus ProtTask search/taskseq/logic.seq 2030 Einträge vorhanden!
In AppTask search/appseq/loadimage.seq sind aus ProtTask search/taskseq/imul.seq 2065 Einträge vorhanden!
In AppTask search/appseq/loadimage.seq sind aus ProtTask search/taskseq/dmem64_SIMD.seq 2063 Einträge vorhanden!
In AppTask search/appseq/loadimage.seq sind aus ProtTask search/taskseq/ssub32_SIMD.seq 2088 Einträge vorhanden!
In AppTask search/appseq/loadimage.seq sind aus ProtTask search/taskseq/vmov_SIMD.seq 2151 Einträge vorhanden!
In AppTask search/appseq/loadimage.seq sind aus ProtTask search/taskseq/smul32_SIMD.seq 2088 Einträge vorhanden!
In AppTask search/appseq/loadimage.seq sind aus ProtTask search/taskseq/shift.seq 1990 Einträge vorhanden!
In AppTask search/appseq/loadimage.seq sind aus ProtTask search/taskseq/empty.seq 1373 Einträge vorhanden!
In AppTask search/appseq/loadimage.seq sind aus ProtTask search/taskseq/smem32_SIMD.seq 37 Einträge vorhanden!
In AppTask search/appseq/sobelh.seq sind aus ProtTask search/taskseq/nop.seq 1986 Einträge vorhanden!
In AppTask search/appseq/sobelh.seq sind aus ProtTask search/taskseq/vconvert_SIMD.seq 2029 Einträge vorhanden!
In AppTask search/appseq/sobelh.seq sind aus ProtTask search/taskseq/imov.seq 1983 Einträge vorhanden!
In AppTask search/appseq/sobelh.seq sind aus ProtTask search/taskseq/imem.seq 2067 Einträge vorhanden!
In AppTask search/appseq/sobelh.seq sind aus ProtTask search/taskseq/icompare.seq 2082 Einträge vorhanden!
In AppTask search/appseq/sobelh.seq sind aus ProtTask search/taskseq/branch.seq 1984 Einträge vorhanden!
In AppTask search/appseq/sobelh.seq sind aus ProtTask search/taskseq/bitbyte.seq 2024 Einträge vorhanden!
In AppTask search/appseq/sobelh.seq sind aus ProtTask search/taskseq/v1x4smul_SIMD.seq 2022 Einträge vorhanden!
In AppTask search/appseq/sobelh.seq sind aus ProtTask search/taskseq/dmem.seq 2076 Einträge vorhanden!
In AppTask search/appseq/sobelh.seq sind aus ProtTask search/taskseq/dsub64_SIMD.seq 1961 Einträge vorhanden!
In AppTask search/appseq/sobelh.seq sind aus ProtTask search/taskseq/dadd.seq 2029 Einträge vorhanden!
In AppTask search/appseq/sobelh.seq sind aus ProtTask search/taskseq/m4x4smul_SIMD.seq 2077 Einträge vorhanden!
In AppTask search/appseq/sobelh.seq sind aus ProtTask search/taskseq/dmul64_SIMD.seq 1961 Einträge vorhanden!
In AppTask search/appseq/sobelh.seq sind aus ProtTask search/taskseq/dmul.seq 2049 Einträge vorhanden!
In AppTask search/appseq/sobelh.seq sind aus ProtTask search/taskseq/m4x4smul.seq 1986 Einträge vorhanden!
In AppTask search/appseq/sobelh.seq sind aus ProtTask search/taskseq/iadd.seq 2026 Einträge vorhanden!
In AppTask search/appseq/sobelh.seq sind aus ProtTask search/taskseq/logic.seq 2023 Einträge vorhanden!
In AppTask search/appseq/sobelh.seq sind aus ProtTask search/taskseq/imul.seq 2058 Einträge vorhanden!
In AppTask search/appseq/sobelh.seq sind aus ProtTask search/taskseq/dmem64_SIMD.seq 2046 Einträge vorhanden!
In AppTask search/appseq/sobelh.seq sind aus ProtTask search/taskseq/ssub32_SIMD.seq 1961 Einträge vorhanden!
In AppTask search/appseq/sobelh.seq sind aus ProtTask search/taskseq/vmov_SIMD.seq 2104 Einträge vorhanden!
In AppTask search/appseq/sobelh.seq sind aus ProtTask search/taskseq/smul32_SIMD.seq 1961 Einträge vorhanden!
In AppTask search/appseq/sobelh.seq sind aus ProtTask search/taskseq/shift.seq 1983 Einträge vorhanden!
In AppTask search/appseq/sobelh.seq sind aus ProtTask search/taskseq/empty.seq 1373 Einträge vorhanden!
In AppTask search/appseq/sobelh.seq sind aus ProtTask search/taskseq/smem32_SIMD.seq 40 Einträge vorhanden!
In AppTask search/appseq/writeimage.seq sind aus ProtTask search/taskseq/nop.seq 1992 Einträge vorhanden!
In AppTask search/appseq/writeimage.seq sind aus ProtTask search/taskseq/vconvert_SIMD.seq 2076 Einträge vorhanden!
In AppTask search/appseq/writeimage.seq sind aus ProtTask search/taskseq/imov.seq 1990 Einträge vorhanden!
In AppTask search/appseq/writeimage.seq sind aus ProtTask search/taskseq/imem.seq 2074 Einträge vorhanden!
In AppTask search/appseq/writeimage.seq sind aus ProtTask search/taskseq/icompare.seq 2089 Einträge vorhanden!
In AppTask search/appseq/writeimage.seq sind aus ProtTask search/taskseq/branch.seq 1991 Einträge vorhanden!
In AppTask search/appseq/writeimage.seq sind aus ProtTask search/taskseq/bitbyte.seq 2031 Einträge vorhanden!
In AppTask search/appseq/writeimage.seq sind aus ProtTask search/taskseq/v1x4smul_SIMD.seq 2221 Einträge vorhanden!
In AppTask search/appseq/writeimage.seq sind aus ProtTask search/taskseq/dmem.seq 2063 Einträge vorhanden!
In AppTask search/appseq/writeimage.seq sind aus ProtTask search/taskseq/dsub64_SIMD.seq 2028 Einträge vorhanden!
In AppTask search/appseq/writeimage.seq sind aus ProtTask search/taskseq/dadd.seq 1971 Einträge vorhanden!
In AppTask search/appseq/writeimage.seq sind aus ProtTask search/taskseq/m4x4smul_SIMD.seq 2276 Einträge vorhanden!
In AppTask search/appseq/writeimage.seq sind aus ProtTask search/taskseq/dmul64_SIMD.seq 2028 Einträge vorhanden!
In AppTask search/appseq/writeimage.seq sind aus ProtTask search/taskseq/dmul.seq 1971 Einträge vorhanden!
In AppTask search/appseq/writeimage.seq sind aus ProtTask search/taskseq/m4x4smul.seq 1993 Einträge vorhanden!
In AppTask search/appseq/writeimage.seq sind aus ProtTask search/taskseq/iadd.seq 2033 Einträge vorhanden!
In AppTask search/appseq/writeimage.seq sind aus ProtTask search/taskseq/logic.seq 2030 Einträge vorhanden!
In AppTask search/appseq/writeimage.seq sind aus ProtTask search/taskseq/imul.seq 2065 Einträge vorhanden!
In AppTask search/appseq/writeimage.seq sind aus ProtTask search/taskseq/dmem64_SIMD.seq 2063 Einträge vorhanden!
In AppTask search/appseq/writeimage.seq sind aus ProtTask search/taskseq/ssub32_SIMD.seq 2088 Einträge vorhanden!
In AppTask search/appseq/writeimage.seq sind aus ProtTask search/taskseq/vmov_SIMD.seq 2151 Einträge vorhanden!
In AppTask search/appseq/writeimage.seq sind aus ProtTask search/taskseq/smul32_SIMD.seq 2088 Einträge vorhanden!
In AppTask search/appseq/writeimage.seq sind aus ProtTask search/taskseq/shift.seq 1990 Einträge vorhanden!
In AppTask search/appseq/writeimage.seq sind aus ProtTask search/taskseq/empty.seq 1373 Einträge vorhanden!
In AppTask search/appseq/writeimage.seq sind aus ProtTask search/taskseq/smem32_SIMD.seq 37 Einträge vorhanden!
In AppTask search/appseq/greyscale.seq sind aus ProtTask search/taskseq/nop.seq 1987 Einträge vorhanden!
In AppTask search/appseq/greyscale.seq sind aus ProtTask search/taskseq/vconvert_SIMD.seq 2030 Einträge vorhanden!
In AppTask search/appseq/greyscale.seq sind aus ProtTask search/taskseq/imov.seq 1984 Einträge vorhanden!
In AppTask search/appseq/greyscale.seq sind aus ProtTask search/taskseq/imem.seq 2068 Einträge vorhanden!
In AppTask search/appseq/greyscale.seq sind aus ProtTask search/taskseq/icompare.seq 2083 Einträge vorhanden!
In AppTask search/appseq/greyscale.seq sind aus ProtTask search/taskseq/branch.seq 1985 Einträge vorhanden!
In AppTask search/appseq/greyscale.seq sind aus ProtTask search/taskseq/bitbyte.seq 2025 Einträge vorhanden!
In AppTask search/appseq/greyscale.seq sind aus ProtTask search/taskseq/v1x4smul_SIMD.seq 2023 Einträge vorhanden!
In AppTask search/appseq/greyscale.seq sind aus ProtTask search/taskseq/dmem.seq 2077 Einträge vorhanden!
In AppTask search/appseq/greyscale.seq sind aus ProtTask search/taskseq/dsub64_SIMD.seq 1962 Einträge vorhanden!
In AppTask search/appseq/greyscale.seq sind aus ProtTask search/taskseq/dadd.seq 2050 Einträge vorhanden!
In AppTask search/appseq/greyscale.seq sind aus ProtTask search/taskseq/m4x4smul_SIMD.seq 2078 Einträge vorhanden!
In AppTask search/appseq/greyscale.seq sind aus ProtTask search/taskseq/dmul64_SIMD.seq 1962 Einträge vorhanden!
In AppTask search/appseq/greyscale.seq sind aus ProtTask search/taskseq/dmul.seq 2050 Einträge vorhanden!
In AppTask search/appseq/greyscale.seq sind aus ProtTask search/taskseq/m4x4smul.seq 1987 Einträge vorhanden!
In AppTask search/appseq/greyscale.seq sind aus ProtTask search/taskseq/iadd.seq 2027 Einträge vorhanden!
In AppTask search/appseq/greyscale.seq sind aus ProtTask search/taskseq/logic.seq 2024 Einträge vorhanden!
In AppTask search/appseq/greyscale.seq sind aus ProtTask search/taskseq/imul.seq 2059 Einträge vorhanden!
In AppTask search/appseq/greyscale.seq sind aus ProtTask search/taskseq/dmem64_SIMD.seq 2047 Einträge vorhanden!
In AppTask search/appseq/greyscale.seq sind aus ProtTask search/taskseq/ssub32_SIMD.seq 1962 Einträge vorhanden!
In AppTask search/appseq/greyscale.seq sind aus ProtTask search/taskseq/vmov_SIMD.seq 2105 Einträge vorhanden!
In AppTask search/appseq/greyscale.seq sind aus ProtTask search/taskseq/smul32_SIMD.seq 1962 Einträge vorhanden!
In AppTask search/appseq/greyscale.seq sind aus ProtTask search/taskseq/shift.seq 1984 Einträge vorhanden!
In AppTask search/appseq/greyscale.seq sind aus ProtTask search/taskseq/empty.seq 1373 Einträge vorhanden!
In AppTask search/appseq/greyscale.seq sind aus ProtTask search/taskseq/smem32_SIMD.seq 41 Einträge vorhanden!
