x;y;z
In AppTask search/appseq/sobelv.seq sind aus ProtTask search/taskseq/nop.seq 222 Einträge vorhanden!
In AppTask search/appseq/sobelv.seq sind aus ProtTask search/taskseq/vconvert_SIMD.seq 221 Einträge vorhanden!
In AppTask search/appseq/sobelv.seq sind aus ProtTask search/taskseq/imov.seq 221 Einträge vorhanden!
In AppTask search/appseq/sobelv.seq sind aus ProtTask search/taskseq/imem.seq 221 Einträge vorhanden!
In AppTask search/appseq/sobelv.seq sind aus ProtTask search/taskseq/icompare.seq 221 Einträge vorhanden!
In AppTask search/appseq/sobelv.seq sind aus ProtTask search/taskseq/branch.seq 221 Einträge vorhanden!
In AppTask search/appseq/sobelv.seq sind aus ProtTask search/taskseq/bitbyte.seq 221 Einträge vorhanden!
In AppTask search/appseq/sobelv.seq sind aus ProtTask search/taskseq/v1x4smul_SIMD.seq 221 Einträge vorhanden!
In AppTask search/appseq/sobelv.seq sind aus ProtTask search/taskseq/dmem.seq 221 Einträge vorhanden!
In AppTask search/appseq/sobelv.seq sind aus ProtTask search/taskseq/dsub64_SIMD.seq 221 Einträge vorhanden!
In AppTask search/appseq/sobelv.seq sind aus ProtTask search/taskseq/dadd.seq 221 Einträge vorhanden!
In AppTask search/appseq/sobelv.seq sind aus ProtTask search/taskseq/m4x4smul_SIMD.seq 221 Einträge vorhanden!
In AppTask search/appseq/sobelv.seq sind aus ProtTask search/taskseq/dmul64_SIMD.seq 221 Einträge vorhanden!
In AppTask search/appseq/sobelv.seq sind aus ProtTask search/taskseq/dmul.seq 221 Einträge vorhanden!
In AppTask search/appseq/sobelv.seq sind aus ProtTask search/taskseq/m4x4smul.seq 221 Einträge vorhanden!
In AppTask search/appseq/sobelv.seq sind aus ProtTask search/taskseq/iadd.seq 221 Einträge vorhanden!
In AppTask search/appseq/sobelv.seq sind aus ProtTask search/taskseq/logic.seq 221 Einträge vorhanden!
In AppTask search/appseq/sobelv.seq sind aus ProtTask search/taskseq/imul.seq 221 Einträge vorhanden!
In AppTask search/appseq/sobelv.seq sind aus ProtTask search/taskseq/dmem64_SIMD.seq 221 Einträge vorhanden!
In AppTask search/appseq/sobelv.seq sind aus ProtTask search/taskseq/ssub32_SIMD.seq 221 Einträge vorhanden!
In AppTask search/appseq/sobelv.seq sind aus ProtTask search/taskseq/vmov_SIMD.seq 221 Einträge vorhanden!
In AppTask search/appseq/sobelv.seq sind aus ProtTask search/taskseq/smul32_SIMD.seq 221 Einträge vorhanden!
In AppTask search/appseq/sobelv.seq sind aus ProtTask search/taskseq/shift.seq 221 Einträge vorhanden!
In AppTask search/appseq/sobelv.seq sind aus ProtTask search/taskseq/empty.seq 206 Einträge vorhanden!
In AppTask search/appseq/sobelv.seq sind aus ProtTask search/taskseq/smem32_SIMD.seq 29 Einträge vorhanden!

In AppTask search/appseq/checkcontrast.seq sind aus ProtTask search/taskseq/nop.seq 1847 Einträge vorhanden!
In AppTask search/appseq/checkcontrast.seq sind aus ProtTask search/taskseq/vconvert_SIMD.seq 1847 Einträge vorhanden!
In AppTask search/appseq/checkcontrast.seq sind aus ProtTask search/taskseq/imov.seq 1847 Einträge vorhanden!
In AppTask search/appseq/checkcontrast.seq sind aus ProtTask search/taskseq/imem.seq 1851 Einträge vorhanden!
In AppTask search/appseq/checkcontrast.seq sind aus ProtTask search/taskseq/icompare.seq 1849 Einträge vorhanden!
In AppTask search/appseq/checkcontrast.seq sind aus ProtTask search/taskseq/branch.seq 1848 Einträge vorhanden!
In AppTask search/appseq/checkcontrast.seq sind aus ProtTask search/taskseq/bitbyte.seq 1851 Einträge vorhanden!
In AppTask search/appseq/checkcontrast.seq sind aus ProtTask search/taskseq/v1x4smul_SIMD.seq 1857 Einträge vorhanden!
In AppTask search/appseq/checkcontrast.seq sind aus ProtTask search/taskseq/dmem.seq 1856 Einträge vorhanden!
In AppTask search/appseq/checkcontrast.seq sind aus ProtTask search/taskseq/dsub64_SIMD.seq 1847 Einträge vorhanden!
In AppTask search/appseq/checkcontrast.seq sind aus ProtTask search/taskseq/dadd.seq 1847 Einträge vorhanden!
In AppTask search/appseq/checkcontrast.seq sind aus ProtTask search/taskseq/m4x4smul_SIMD.seq 1868 Einträge vorhanden!
In AppTask search/appseq/checkcontrast.seq sind aus ProtTask search/taskseq/dmul64_SIMD.seq 1847 Einträge vorhanden!
In AppTask search/appseq/checkcontrast.seq sind aus ProtTask search/taskseq/dmul.seq 1847 Einträge vorhanden!
In AppTask search/appseq/checkcontrast.seq sind aus ProtTask search/taskseq/m4x4smul.seq 1851 Einträge vorhanden!
In AppTask search/appseq/checkcontrast.seq sind aus ProtTask search/taskseq/iadd.seq 1859 Einträge vorhanden!
In AppTask search/appseq/checkcontrast.seq sind aus ProtTask search/taskseq/logic.seq 1847 Einträge vorhanden!
In AppTask search/appseq/checkcontrast.seq sind aus ProtTask search/taskseq/imul.seq 1861 Einträge vorhanden!
In AppTask search/appseq/checkcontrast.seq sind aus ProtTask search/taskseq/dmem64_SIMD.seq 1866 Einträge vorhanden!
In AppTask search/appseq/checkcontrast.seq sind aus ProtTask search/taskseq/ssub32_SIMD.seq 1847 Einträge vorhanden!
In AppTask search/appseq/checkcontrast.seq sind aus ProtTask search/taskseq/vmov_SIMD.seq 1862 Einträge vorhanden!
In AppTask search/appseq/checkcontrast.seq sind aus ProtTask search/taskseq/smul32_SIMD.seq 1847 Einträge vorhanden!
In AppTask search/appseq/checkcontrast.seq sind aus ProtTask search/taskseq/shift.seq 1848 Einträge vorhanden!
In AppTask search/appseq/checkcontrast.seq sind aus ProtTask search/taskseq/empty.seq 1373 Einträge vorhanden!
In AppTask search/appseq/checkcontrast.seq sind aus ProtTask search/taskseq/smem32_SIMD.seq 37 Einträge vorhanden!

In AppTask search/appseq/copyimage.seq sind aus ProtTask search/taskseq/nop.seq 1889 Einträge vorhanden!
In AppTask search/appseq/copyimage.seq sind aus ProtTask search/taskseq/vconvert_SIMD.seq 1948 Einträge vorhanden!
In AppTask search/appseq/copyimage.seq sind aus ProtTask search/taskseq/imov.seq 1884 Einträge vorhanden!
In AppTask search/appseq/copyimage.seq sind aus ProtTask search/taskseq/imem.seq 1947 Einträge vorhanden!
In AppTask search/appseq/copyimage.seq sind aus ProtTask search/taskseq/icompare.seq 1957 Einträge vorhanden!
In AppTask search/appseq/copyimage.seq sind aus ProtTask search/taskseq/branch.seq 1887 Einträge vorhanden!
In AppTask search/appseq/copyimage.seq sind aus ProtTask search/taskseq/bitbyte.seq 1928 Einträge vorhanden!
In AppTask search/appseq/copyimage.seq sind aus ProtTask search/taskseq/v1x4smul_SIMD.seq 1932 Einträge vorhanden!
In AppTask search/appseq/copyimage.seq sind aus ProtTask search/taskseq/dmem.seq 1952 Einträge vorhanden!
In AppTask search/appseq/copyimage.seq sind aus ProtTask search/taskseq/dsub64_SIMD.seq 1883 Einträge vorhanden!
In AppTask search/appseq/copyimage.seq sind aus ProtTask search/taskseq/dadd.seq 1884 Einträge vorhanden!
In AppTask search/appseq/copyimage.seq sind aus ProtTask search/taskseq/m4x4smul_SIMD.seq 1959 Einträge vorhanden!
In AppTask search/appseq/copyimage.seq sind aus ProtTask search/taskseq/dmul64_SIMD.seq 1883 Einträge vorhanden!
In AppTask search/appseq/copyimage.seq sind aus ProtTask search/taskseq/dmul.seq 1884 Einträge vorhanden!
In AppTask search/appseq/copyimage.seq sind aus ProtTask search/taskseq/m4x4smul.seq 1903 Einträge vorhanden!
In AppTask search/appseq/copyimage.seq sind aus ProtTask search/taskseq/iadd.seq 1925 Einträge vorhanden!
In AppTask search/appseq/copyimage.seq sind aus ProtTask search/taskseq/logic.seq 1930 Einträge vorhanden!
In AppTask search/appseq/copyimage.seq sind aus ProtTask search/taskseq/imul.seq 1945 Einträge vorhanden!
In AppTask search/appseq/copyimage.seq sind aus ProtTask search/taskseq/dmem64_SIMD.seq 1942 Einträge vorhanden!
In AppTask search/appseq/copyimage.seq sind aus ProtTask search/taskseq/ssub32_SIMD.seq 1883 Einträge vorhanden!
In AppTask search/appseq/copyimage.seq sind aus ProtTask search/taskseq/vmov_SIMD.seq 1985 Einträge vorhanden!
In AppTask search/appseq/copyimage.seq sind aus ProtTask search/taskseq/smul32_SIMD.seq 1883 Einträge vorhanden!
In AppTask search/appseq/copyimage.seq sind aus ProtTask search/taskseq/shift.seq 1899 Einträge vorhanden!
In AppTask search/appseq/copyimage.seq sind aus ProtTask search/taskseq/empty.seq 1373 Einträge vorhanden!
In AppTask search/appseq/copyimage.seq sind aus ProtTask search/taskseq/smem32_SIMD.seq 35 Einträge vorhanden!

In AppTask search/appseq/combineimgs.seq sind aus ProtTask search/taskseq/nop.seq 1912 Einträge vorhanden!
In AppTask search/appseq/combineimgs.seq sind aus ProtTask search/taskseq/vconvert_SIMD.seq 1954 Einträge vorhanden!
In AppTask search/appseq/combineimgs.seq sind aus ProtTask search/taskseq/imov.seq 1911 Einträge vorhanden!
In AppTask search/appseq/combineimgs.seq sind aus ProtTask search/taskseq/imem.seq 1933 Einträge vorhanden!
In AppTask search/appseq/combineimgs.seq sind aus ProtTask search/taskseq/icompare.seq 1950 Einträge vorhanden!
In AppTask search/appseq/combineimgs.seq sind aus ProtTask search/taskseq/branch.seq 1912 Einträge vorhanden!
In AppTask search/appseq/combineimgs.seq sind aus ProtTask search/taskseq/bitbyte.seq 1935 Einträge vorhanden!
In AppTask search/appseq/combineimgs.seq sind aus ProtTask search/taskseq/v1x4smul_SIMD.seq 1945 Einträge vorhanden!
In AppTask search/appseq/combineimgs.seq sind aus ProtTask search/taskseq/dmem.seq 1942 Einträge vorhanden!
In AppTask search/appseq/combineimgs.seq sind aus ProtTask search/taskseq/dsub64_SIMD.seq 1890 Einträge vorhanden!
In AppTask search/appseq/combineimgs.seq sind aus ProtTask search/taskseq/dadd.seq 1891 Einträge vorhanden!
In AppTask search/appseq/combineimgs.seq sind aus ProtTask search/taskseq/m4x4smul_SIMD.seq 1990 Einträge vorhanden!
In AppTask search/appseq/combineimgs.seq sind aus ProtTask search/taskseq/dmul64_SIMD.seq 1890 Einträge vorhanden!
In AppTask search/appseq/combineimgs.seq sind aus ProtTask search/taskseq/dmul.seq 1891 Einträge vorhanden!
In AppTask search/appseq/combineimgs.seq sind aus ProtTask search/taskseq/m4x4smul.seq 1908 Einträge vorhanden!
In AppTask search/appseq/combineimgs.seq sind aus ProtTask search/taskseq/iadd.seq 1953 Einträge vorhanden!
In AppTask search/appseq/combineimgs.seq sind aus ProtTask search/taskseq/logic.seq 1931 Einträge vorhanden!
In AppTask search/appseq/combineimgs.seq sind aus ProtTask search/taskseq/imul.seq 1979 Einträge vorhanden!
In AppTask search/appseq/combineimgs.seq sind aus ProtTask search/taskseq/dmem64_SIMD.seq 1963 Einträge vorhanden!
In AppTask search/appseq/combineimgs.seq sind aus ProtTask search/taskseq/ssub32_SIMD.seq 1890 Einträge vorhanden!
In AppTask search/appseq/combineimgs.seq sind aus ProtTask search/taskseq/vmov_SIMD.seq 2012 Einträge vorhanden!
In AppTask search/appseq/combineimgs.seq sind aus ProtTask search/taskseq/smul32_SIMD.seq 1890 Einträge vorhanden!
In AppTask search/appseq/combineimgs.seq sind aus ProtTask search/taskseq/shift.seq 1891 Einträge vorhanden!
In AppTask search/appseq/combineimgs.seq sind aus ProtTask search/taskseq/empty.seq 1373 Einträge vorhanden!
In AppTask search/appseq/combineimgs.seq sind aus ProtTask search/taskseq/smem32_SIMD.seq 35 Einträge vorhanden!

In AppTask search/appseq/sharpencontrast.seq sind aus ProtTask search/taskseq/nop.seq 1913 Einträge vorhanden!
In AppTask search/appseq/sharpencontrast.seq sind aus ProtTask search/taskseq/vconvert_SIMD.seq 1955 Einträge vorhanden!
In AppTask search/appseq/sharpencontrast.seq sind aus ProtTask search/taskseq/imov.seq 1906 Einträge vorhanden!
In AppTask search/appseq/sharpencontrast.seq sind aus ProtTask search/taskseq/imem.seq 1934 Einträge vorhanden!
In AppTask search/appseq/sharpencontrast.seq sind aus ProtTask search/taskseq/icompare.seq 1945 Einträge vorhanden!
In AppTask search/appseq/sharpencontrast.seq sind aus ProtTask search/taskseq/branch.seq 1913 Einträge vorhanden!
In AppTask search/appseq/sharpencontrast.seq sind aus ProtTask search/taskseq/bitbyte.seq 1936 Einträge vorhanden!
In AppTask search/appseq/sharpencontrast.seq sind aus ProtTask search/taskseq/v1x4smul_SIMD.seq 1946 Einträge vorhanden!
In AppTask search/appseq/sharpencontrast.seq sind aus ProtTask search/taskseq/dmem.seq 1943 Einträge vorhanden!
In AppTask search/appseq/sharpencontrast.seq sind aus ProtTask search/taskseq/dsub64_SIMD.seq 1891 Einträge vorhanden!
In AppTask search/appseq/sharpencontrast.seq sind aus ProtTask search/taskseq/dadd.seq 1892 Einträge vorhanden!
In AppTask search/appseq/sharpencontrast.seq sind aus ProtTask search/taskseq/m4x4smul_SIMD.seq 1991 Einträge vorhanden!
In AppTask search/appseq/sharpencontrast.seq sind aus ProtTask search/taskseq/dmul64_SIMD.seq 1891 Einträge vorhanden!
In AppTask search/appseq/sharpencontrast.seq sind aus ProtTask search/taskseq/dmul.seq 1892 Einträge vorhanden!
In AppTask search/appseq/sharpencontrast.seq sind aus ProtTask search/taskseq/m4x4smul.seq 1909 Einträge vorhanden!
In AppTask search/appseq/sharpencontrast.seq sind aus ProtTask search/taskseq/iadd.seq 1954 Einträge vorhanden!
In AppTask search/appseq/sharpencontrast.seq sind aus ProtTask search/taskseq/logic.seq 1932 Einträge vorhanden!
In AppTask search/appseq/sharpencontrast.seq sind aus ProtTask search/taskseq/imul.seq 1986 Einträge vorhanden!
In AppTask search/appseq/sharpencontrast.seq sind aus ProtTask search/taskseq/dmem64_SIMD.seq 1964 Einträge vorhanden!
In AppTask search/appseq/sharpencontrast.seq sind aus ProtTask search/taskseq/ssub32_SIMD.seq 1891 Einträge vorhanden!
In AppTask search/appseq/sharpencontrast.seq sind aus ProtTask search/taskseq/vmov_SIMD.seq 2013 Einträge vorhanden!
In AppTask search/appseq/sharpencontrast.seq sind aus ProtTask search/taskseq/smul32_SIMD.seq 1891 Einträge vorhanden!
In AppTask search/appseq/sharpencontrast.seq sind aus ProtTask search/taskseq/shift.seq 1892 Einträge vorhanden!
In AppTask search/appseq/sharpencontrast.seq sind aus ProtTask search/taskseq/empty.seq 1373 Einträge vorhanden!
In AppTask search/appseq/sharpencontrast.seq sind aus ProtTask search/taskseq/smem32_SIMD.seq 35 Einträge vorhanden!

In AppTask search/appseq/loadimage.seq sind aus ProtTask search/taskseq/nop.seq 1974 Einträge vorhanden!
In AppTask search/appseq/loadimage.seq sind aus ProtTask search/taskseq/vconvert_SIMD.seq 2040 Einträge vorhanden!
In AppTask search/appseq/loadimage.seq sind aus ProtTask search/taskseq/imov.seq 1990 Einträge vorhanden!
In AppTask search/appseq/loadimage.seq sind aus ProtTask search/taskseq/imem.seq 2049 Einträge vorhanden!
In AppTask search/appseq/loadimage.seq sind aus ProtTask search/taskseq/icompare.seq 2071 Einträge vorhanden!
In AppTask search/appseq/loadimage.seq sind aus ProtTask search/taskseq/branch.seq 1972 Einträge vorhanden!
In AppTask search/appseq/loadimage.seq sind aus ProtTask search/taskseq/bitbyte.seq 2031 Einträge vorhanden!
In AppTask search/appseq/loadimage.seq sind aus ProtTask search/taskseq/v1x4smul_SIMD.seq 2031 Einträge vorhanden!
In AppTask search/appseq/loadimage.seq sind aus ProtTask search/taskseq/dmem.seq 2046 Einträge vorhanden!
In AppTask search/appseq/loadimage.seq sind aus ProtTask search/taskseq/dsub64_SIMD.seq 1972 Einträge vorhanden!
In AppTask search/appseq/loadimage.seq sind aus ProtTask search/taskseq/dadd.seq 1971 Einträge vorhanden!
In AppTask search/appseq/loadimage.seq sind aus ProtTask search/taskseq/m4x4smul_SIMD.seq 2077 Einträge vorhanden!
In AppTask search/appseq/loadimage.seq sind aus ProtTask search/taskseq/dmul64_SIMD.seq 1972 Einträge vorhanden!
In AppTask search/appseq/loadimage.seq sind aus ProtTask search/taskseq/dmul.seq 1971 Einträge vorhanden!
In AppTask search/appseq/loadimage.seq sind aus ProtTask search/taskseq/m4x4smul.seq 1993 Einträge vorhanden!
In AppTask search/appseq/loadimage.seq sind aus ProtTask search/taskseq/iadd.seq 2033 Einträge vorhanden!
In AppTask search/appseq/loadimage.seq sind aus ProtTask search/taskseq/logic.seq 2029 Einträge vorhanden!
In AppTask search/appseq/loadimage.seq sind aus ProtTask search/taskseq/imul.seq 2065 Einträge vorhanden!
In AppTask search/appseq/loadimage.seq sind aus ProtTask search/taskseq/dmem64_SIMD.seq 2050 Einträge vorhanden!
In AppTask search/appseq/loadimage.seq sind aus ProtTask search/taskseq/ssub32_SIMD.seq 1972 Einträge vorhanden!
In AppTask search/appseq/loadimage.seq sind aus ProtTask search/taskseq/vmov_SIMD.seq 2098 Einträge vorhanden!
In AppTask search/appseq/loadimage.seq sind aus ProtTask search/taskseq/smul32_SIMD.seq 1972 Einträge vorhanden!
In AppTask search/appseq/loadimage.seq sind aus ProtTask search/taskseq/shift.seq 1990 Einträge vorhanden!
In AppTask search/appseq/loadimage.seq sind aus ProtTask search/taskseq/empty.seq 1373 Einträge vorhanden!
In AppTask search/appseq/loadimage.seq sind aus ProtTask search/taskseq/smem32_SIMD.seq 37 Einträge vorhanden!

In AppTask search/appseq/sobelh.seq sind aus ProtTask search/taskseq/nop.seq 1927 Einträge vorhanden!
In AppTask search/appseq/sobelh.seq sind aus ProtTask search/taskseq/vconvert_SIMD.seq 1971 Einträge vorhanden!
In AppTask search/appseq/sobelh.seq sind aus ProtTask search/taskseq/imov.seq 1915 Einträge vorhanden!
In AppTask search/appseq/sobelh.seq sind aus ProtTask search/taskseq/imem.seq 1989 Einträge vorhanden!
In AppTask search/appseq/sobelh.seq sind aus ProtTask search/taskseq/icompare.seq 1956 Einträge vorhanden!
In AppTask search/appseq/sobelh.seq sind aus ProtTask search/taskseq/branch.seq 1927 Einträge vorhanden!
In AppTask search/appseq/sobelh.seq sind aus ProtTask search/taskseq/bitbyte.seq 1951 Einträge vorhanden!
In AppTask search/appseq/sobelh.seq sind aus ProtTask search/taskseq/v1x4smul_SIMD.seq 1964 Einträge vorhanden!
In AppTask search/appseq/sobelh.seq sind aus ProtTask search/taskseq/dmem.seq 1998 Einträge vorhanden!
In AppTask search/appseq/sobelh.seq sind aus ProtTask search/taskseq/dsub64_SIMD.seq 1905 Einträge vorhanden!
In AppTask search/appseq/sobelh.seq sind aus ProtTask search/taskseq/dadd.seq 1907 Einträge vorhanden!
In AppTask search/appseq/sobelh.seq sind aus ProtTask search/taskseq/m4x4smul_SIMD.seq 2020 Einträge vorhanden!
In AppTask search/appseq/sobelh.seq sind aus ProtTask search/taskseq/dmul64_SIMD.seq 1905 Einträge vorhanden!
In AppTask search/appseq/sobelh.seq sind aus ProtTask search/taskseq/dmul.seq 1927 Einträge vorhanden!
In AppTask search/appseq/sobelh.seq sind aus ProtTask search/taskseq/m4x4smul.seq 1927 Einträge vorhanden!
In AppTask search/appseq/sobelh.seq sind aus ProtTask search/taskseq/iadd.seq 1969 Einträge vorhanden!
In AppTask search/appseq/sobelh.seq sind aus ProtTask search/taskseq/logic.seq 1947 Einträge vorhanden!
In AppTask search/appseq/sobelh.seq sind aus ProtTask search/taskseq/imul.seq 1995 Einträge vorhanden!
In AppTask search/appseq/sobelh.seq sind aus ProtTask search/taskseq/dmem64_SIMD.seq 1989 Einträge vorhanden!
In AppTask search/appseq/sobelh.seq sind aus ProtTask search/taskseq/ssub32_SIMD.seq 1905 Einträge vorhanden!
In AppTask search/appseq/sobelh.seq sind aus ProtTask search/taskseq/vmov_SIMD.seq 2048 Einträge vorhanden!
In AppTask search/appseq/sobelh.seq sind aus ProtTask search/taskseq/smul32_SIMD.seq 1905 Einträge vorhanden!
In AppTask search/appseq/sobelh.seq sind aus ProtTask search/taskseq/shift.seq 1906 Einträge vorhanden!
In AppTask search/appseq/sobelh.seq sind aus ProtTask search/taskseq/empty.seq 1373 Einträge vorhanden!
In AppTask search/appseq/sobelh.seq sind aus ProtTask search/taskseq/smem32_SIMD.seq 39 Einträge vorhanden!

In AppTask search/appseq/writeimage.seq sind aus ProtTask search/taskseq/nop.seq 1974 Einträge vorhanden!
In AppTask search/appseq/writeimage.seq sind aus ProtTask search/taskseq/vconvert_SIMD.seq 2039 Einträge vorhanden!
In AppTask search/appseq/writeimage.seq sind aus ProtTask search/taskseq/imov.seq 1990 Einträge vorhanden!
In AppTask search/appseq/writeimage.seq sind aus ProtTask search/taskseq/imem.seq 2049 Einträge vorhanden!
In AppTask search/appseq/writeimage.seq sind aus ProtTask search/taskseq/icompare.seq 2072 Einträge vorhanden!
In AppTask search/appseq/writeimage.seq sind aus ProtTask search/taskseq/branch.seq 1972 Einträge vorhanden!
In AppTask search/appseq/writeimage.seq sind aus ProtTask search/taskseq/bitbyte.seq 2031 Einträge vorhanden!
In AppTask search/appseq/writeimage.seq sind aus ProtTask search/taskseq/v1x4smul_SIMD.seq 2030 Einträge vorhanden!
In AppTask search/appseq/writeimage.seq sind aus ProtTask search/taskseq/dmem.seq 2045 Einträge vorhanden!
In AppTask search/appseq/writeimage.seq sind aus ProtTask search/taskseq/dsub64_SIMD.seq 1971 Einträge vorhanden!
In AppTask search/appseq/writeimage.seq sind aus ProtTask search/taskseq/dadd.seq 1971 Einträge vorhanden!
In AppTask search/appseq/writeimage.seq sind aus ProtTask search/taskseq/m4x4smul_SIMD.seq 2075 Einträge vorhanden!
In AppTask search/appseq/writeimage.seq sind aus ProtTask search/taskseq/dmul64_SIMD.seq 1971 Einträge vorhanden!
In AppTask search/appseq/writeimage.seq sind aus ProtTask search/taskseq/dmul.seq 1971 Einträge vorhanden!
In AppTask search/appseq/writeimage.seq sind aus ProtTask search/taskseq/m4x4smul.seq 1993 Einträge vorhanden!
In AppTask search/appseq/writeimage.seq sind aus ProtTask search/taskseq/iadd.seq 2033 Einträge vorhanden!
In AppTask search/appseq/writeimage.seq sind aus ProtTask search/taskseq/logic.seq 2030 Einträge vorhanden!
In AppTask search/appseq/writeimage.seq sind aus ProtTask search/taskseq/imul.seq 2065 Einträge vorhanden!
In AppTask search/appseq/writeimage.seq sind aus ProtTask search/taskseq/dmem64_SIMD.seq 2048 Einträge vorhanden!
In AppTask search/appseq/writeimage.seq sind aus ProtTask search/taskseq/ssub32_SIMD.seq 1971 Einträge vorhanden!
In AppTask search/appseq/writeimage.seq sind aus ProtTask search/taskseq/vmov_SIMD.seq 2096 Einträge vorhanden!
In AppTask search/appseq/writeimage.seq sind aus ProtTask search/taskseq/smul32_SIMD.seq 1971 Einträge vorhanden!
In AppTask search/appseq/writeimage.seq sind aus ProtTask search/taskseq/shift.seq 1990 Einträge vorhanden!
In AppTask search/appseq/writeimage.seq sind aus ProtTask search/taskseq/empty.seq 1373 Einträge vorhanden!
In AppTask search/appseq/writeimage.seq sind aus ProtTask search/taskseq/smem32_SIMD.seq 37 Einträge vorhanden!

In AppTask search/appseq/greyscale.seq sind aus ProtTask search/taskseq/nop.seq 1916 Einträge vorhanden!
In AppTask search/appseq/greyscale.seq sind aus ProtTask search/taskseq/vconvert_SIMD.seq 1959 Einträge vorhanden!
In AppTask search/appseq/greyscale.seq sind aus ProtTask search/taskseq/imov.seq 1895 Einträge vorhanden!
In AppTask search/appseq/greyscale.seq sind aus ProtTask search/taskseq/imem.seq 1978 Einträge vorhanden!
In AppTask search/appseq/greyscale.seq sind aus ProtTask search/taskseq/icompare.seq 1935 Einträge vorhanden!
In AppTask search/appseq/greyscale.seq sind aus ProtTask search/taskseq/branch.seq 1916 Einträge vorhanden!
In AppTask search/appseq/greyscale.seq sind aus ProtTask search/taskseq/bitbyte.seq 1940 Einträge vorhanden!
In AppTask search/appseq/greyscale.seq sind aus ProtTask search/taskseq/v1x4smul_SIMD.seq 1952 Einträge vorhanden!
In AppTask search/appseq/greyscale.seq sind aus ProtTask search/taskseq/dmem.seq 2005 Einträge vorhanden!
In AppTask search/appseq/greyscale.seq sind aus ProtTask search/taskseq/dsub64_SIMD.seq 1894 Einträge vorhanden!
In AppTask search/appseq/greyscale.seq sind aus ProtTask search/taskseq/dadd.seq 1981 Einträge vorhanden!
In AppTask search/appseq/greyscale.seq sind aus ProtTask search/taskseq/m4x4smul_SIMD.seq 2006 Einträge vorhanden!
In AppTask search/appseq/greyscale.seq sind aus ProtTask search/taskseq/dmul64_SIMD.seq 1894 Einträge vorhanden!
In AppTask search/appseq/greyscale.seq sind aus ProtTask search/taskseq/dmul.seq 1981 Einträge vorhanden!
In AppTask search/appseq/greyscale.seq sind aus ProtTask search/taskseq/m4x4smul.seq 1913 Einträge vorhanden!
In AppTask search/appseq/greyscale.seq sind aus ProtTask search/taskseq/iadd.seq 1956 Einträge vorhanden!
In AppTask search/appseq/greyscale.seq sind aus ProtTask search/taskseq/logic.seq 1935 Einträge vorhanden!
In AppTask search/appseq/greyscale.seq sind aus ProtTask search/taskseq/imul.seq 1978 Einträge vorhanden!
In AppTask search/appseq/greyscale.seq sind aus ProtTask search/taskseq/dmem64_SIMD.seq 1975 Einträge vorhanden!
In AppTask search/appseq/greyscale.seq sind aus ProtTask search/taskseq/ssub32_SIMD.seq 1894 Einträge vorhanden!
In AppTask search/appseq/greyscale.seq sind aus ProtTask search/taskseq/vmov_SIMD.seq 2036 Einträge vorhanden!
In AppTask search/appseq/greyscale.seq sind aus ProtTask search/taskseq/smul32_SIMD.seq 1894 Einträge vorhanden!
In AppTask search/appseq/greyscale.seq sind aus ProtTask search/taskseq/shift.seq 1895 Einträge vorhanden!
In AppTask search/appseq/greyscale.seq sind aus ProtTask search/taskseq/empty.seq 1373 Einträge vorhanden!
In AppTask search/appseq/greyscale.seq sind aus ProtTask search/taskseq/smem32_SIMD.seq 41 Einträge vorhanden!
