In AppTask search/appseq/testWithNopAndBitByte.seq(Gesamt: 4036) sind aus ProtTask search/taskseq/nop.seq (Gesamt: 1999)  1999 Einträge vorhanden! (Der Prottask wurde aufgrund der Größe des AppTask 1 mal wiederholt!)
In AppTask search/appseq/testWithNopAndBitByte.seq(Gesamt: 4036) sind aus ProtTask search/taskseq/vconvert_SIMD.seq (Gesamt: 2090)  2023 Einträge vorhanden! (Der Prottask wurde aufgrund der Größe des AppTask 1 mal wiederholt!)
In AppTask search/appseq/testWithNopAndBitByte.seq(Gesamt: 4036) sind aus ProtTask search/taskseq/imov.seq (Gesamt: 1996)  1972 Einträge vorhanden! (Der Prottask wurde aufgrund der Größe des AppTask 1 mal wiederholt!)
In AppTask search/appseq/testWithNopAndBitByte.seq(Gesamt: 4036) sind aus ProtTask search/taskseq/imem.seq (Gesamt: 2080)  2000 Einträge vorhanden! (Der Prottask wurde aufgrund der Größe des AppTask 1 mal wiederholt!)
In AppTask search/appseq/testWithNopAndBitByte.seq(Gesamt: 4036) sind aus ProtTask search/taskseq/icompare.seq (Gesamt: 2095)  2005 Einträge vorhanden! (Der Prottask wurde aufgrund der Größe des AppTask 1 mal wiederholt!)
In AppTask search/appseq/testWithNopAndBitByte.seq(Gesamt: 4036) sind aus ProtTask search/taskseq/branch.seq (Gesamt: 1997)  1993 Einträge vorhanden! (Der Prottask wurde aufgrund der Größe des AppTask 1 mal wiederholt!)
In AppTask search/appseq/testWithNopAndBitByte.seq(Gesamt: 4036) sind aus ProtTask search/taskseq/bitbyte.seq (Gesamt: 2037)  1998 Einträge vorhanden! (Der Prottask wurde aufgrund der Größe des AppTask 1 mal wiederholt!)
In AppTask search/appseq/testWithNopAndBitByte.seq(Gesamt: 4036) sind aus ProtTask search/taskseq/v1x4smul_SIMD.seq (Gesamt: 2287)  2030 Einträge vorhanden! (Der Prottask wurde aufgrund der Größe des AppTask 1 mal wiederholt!)
In AppTask search/appseq/testWithNopAndBitByte.seq(Gesamt: 4036) sind aus ProtTask search/taskseq/dmem.seq (Gesamt: 2091)  2008 Einträge vorhanden! (Der Prottask wurde aufgrund der Größe des AppTask 1 mal wiederholt!)
In AppTask search/appseq/testWithNopAndBitByte.seq(Gesamt: 4036) sind aus ProtTask search/taskseq/dsub64_SIMD.seq (Gesamt: 2114)  1973 Einträge vorhanden! (Der Prottask wurde aufgrund der Größe des AppTask 1 mal wiederholt!)
In AppTask search/appseq/testWithNopAndBitByte.seq(Gesamt: 4036) sind aus ProtTask search/taskseq/dadd.seq (Gesamt: 2062)  1981 Einträge vorhanden! (Der Prottask wurde aufgrund der Größe des AppTask 1 mal wiederholt!)
In AppTask search/appseq/testWithNopAndBitByte.seq(Gesamt: 4036) sind aus ProtTask search/taskseq/m4x4smul_SIMD.seq (Gesamt: 2328)  2054 Einträge vorhanden! (Der Prottask wurde aufgrund der Größe des AppTask 1 mal wiederholt!)
In AppTask search/appseq/testWithNopAndBitByte.seq(Gesamt: 4036) sind aus ProtTask search/taskseq/dmul64_SIMD.seq (Gesamt: 2114)  1973 Einträge vorhanden! (Der Prottask wurde aufgrund der Größe des AppTask 1 mal wiederholt!)
In AppTask search/appseq/testWithNopAndBitByte.seq(Gesamt: 4036) sind aus ProtTask search/taskseq/dmul.seq (Gesamt: 2062)  1981 Einträge vorhanden! (Der Prottask wurde aufgrund der Größe des AppTask 1 mal wiederholt!)
In AppTask search/appseq/testWithNopAndBitByte.seq(Gesamt: 4036) sind aus ProtTask search/taskseq/m4x4smul.seq (Gesamt: 1999)  1974 Einträge vorhanden! (Der Prottask wurde aufgrund der Größe des AppTask 1 mal wiederholt!)
In AppTask search/appseq/testWithNopAndBitByte.seq(Gesamt: 4036) sind aus ProtTask search/taskseq/iadd.seq (Gesamt: 2039)  1993 Einträge vorhanden! (Der Prottask wurde aufgrund der Größe des AppTask 1 mal wiederholt!)
In AppTask search/appseq/testWithNopAndBitByte.seq(Gesamt: 4036) sind aus ProtTask search/taskseq/logic.seq (Gesamt: 2036)  1996 Einträge vorhanden! (Der Prottask wurde aufgrund der Größe des AppTask 1 mal wiederholt!)
In AppTask search/appseq/testWithNopAndBitByte.seq(Gesamt: 4036) sind aus ProtTask search/taskseq/imul.seq (Gesamt: 2071)  2015 Einträge vorhanden! (Der Prottask wurde aufgrund der Größe des AppTask 1 mal wiederholt!)
In AppTask search/appseq/testWithNopAndBitByte.seq(Gesamt: 4036) sind aus ProtTask search/taskseq/dmem64_SIMD.seq (Gesamt: 2081)  2020 Einträge vorhanden! (Der Prottask wurde aufgrund der Größe des AppTask 1 mal wiederholt!)
In AppTask search/appseq/testWithNopAndBitByte.seq(Gesamt: 4036) sind aus ProtTask search/taskseq/ssub32_SIMD.seq (Gesamt: 2114)  1973 Einträge vorhanden! (Der Prottask wurde aufgrund der Größe des AppTask 1 mal wiederholt!)
In AppTask search/appseq/testWithNopAndBitByte.seq(Gesamt: 4036) sind aus ProtTask search/taskseq/vmov_SIMD.seq (Gesamt: 2157)  2059 Einträge vorhanden! (Der Prottask wurde aufgrund der Größe des AppTask 1 mal wiederholt!)
In AppTask search/appseq/testWithNopAndBitByte.seq(Gesamt: 4036) sind aus ProtTask search/taskseq/smul32_SIMD.seq (Gesamt: 2114)  1973 Einträge vorhanden! (Der Prottask wurde aufgrund der Größe des AppTask 1 mal wiederholt!)
In AppTask search/appseq/testWithNopAndBitByte.seq(Gesamt: 4036) sind aus ProtTask search/taskseq/shift.seq (Gesamt: 1996)  1972 Einträge vorhanden! (Der Prottask wurde aufgrund der Größe des AppTask 1 mal wiederholt!)
In AppTask search/appseq/testWithNopAndBitByte.seq(Gesamt: 4036) sind aus ProtTask search/taskseq/smem32_SIMD.seq (Gesamt: 45)  23 Einträge vorhanden! (Der Prottask wurde aufgrund der Größe des AppTask 1 mal wiederholt!)
In AppTask search/appseq/testWithNopAndBitByte.seq(Gesamt: 4036) sind aus ProtTask search/taskseq/nop.seq (Gesamt: 1999)  3846 Einträge vorhanden! (Der Prottask wurde aufgrund der Größe des AppTask 1 mal wiederholt!)
In AppTask search/appseq/testWithNopAndBitByte.seq(Gesamt: 4036) sind aus ProtTask search/taskseq/vconvert_SIMD.seq (Gesamt: 2090)  3930 Einträge vorhanden! (Der Prottask wurde aufgrund der Größe des AppTask 1 mal wiederholt!)
In AppTask search/appseq/testWithNopAndBitByte.seq(Gesamt: 4036) sind aus ProtTask search/taskseq/imov.seq (Gesamt: 1996)  3930 Einträge vorhanden! (Der Prottask wurde aufgrund der Größe des AppTask 1 mal wiederholt!)
In AppTask search/appseq/testWithNopAndBitByte.seq(Gesamt: 4036) sind aus ProtTask search/taskseq/imem.seq (Gesamt: 2080)  3930 Einträge vorhanden! (Der Prottask wurde aufgrund der Größe des AppTask 1 mal wiederholt!)
In AppTask search/appseq/testWithNopAndBitByte.seq(Gesamt: 4036) sind aus ProtTask search/taskseq/icompare.seq (Gesamt: 2095)  3930 Einträge vorhanden! (Der Prottask wurde aufgrund der Größe des AppTask 1 mal wiederholt!)
In AppTask search/appseq/testWithNopAndBitByte.seq(Gesamt: 4036) sind aus ProtTask search/taskseq/branch.seq (Gesamt: 1997)  3930 Einträge vorhanden! (Der Prottask wurde aufgrund der Größe des AppTask 1 mal wiederholt!)
In AppTask search/appseq/testWithNopAndBitByte.seq(Gesamt: 4036) sind aus ProtTask search/taskseq/bitbyte.seq (Gesamt: 2037)  3930 Einträge vorhanden! (Der Prottask wurde aufgrund der Größe des AppTask 1 mal wiederholt!)
In AppTask search/appseq/testWithNopAndBitByte.seq(Gesamt: 4036) sind aus ProtTask search/taskseq/v1x4smul_SIMD.seq (Gesamt: 2287)  3930 Einträge vorhanden! (Der Prottask wurde aufgrund der Größe des AppTask 1 mal wiederholt!)
In AppTask search/appseq/testWithNopAndBitByte.seq(Gesamt: 4036) sind aus ProtTask search/taskseq/dmem.seq (Gesamt: 2091)  3930 Einträge vorhanden! (Der Prottask wurde aufgrund der Größe des AppTask 1 mal wiederholt!)
In AppTask search/appseq/testWithNopAndBitByte.seq(Gesamt: 4036) sind aus ProtTask search/taskseq/dsub64_SIMD.seq (Gesamt: 2114)  3930 Einträge vorhanden! (Der Prottask wurde aufgrund der Größe des AppTask 1 mal wiederholt!)
In AppTask search/appseq/testWithNopAndBitByte.seq(Gesamt: 4036) sind aus ProtTask search/taskseq/dadd.seq (Gesamt: 2062)  3930 Einträge vorhanden! (Der Prottask wurde aufgrund der Größe des AppTask 1 mal wiederholt!)
In AppTask search/appseq/testWithNopAndBitByte.seq(Gesamt: 4036) sind aus ProtTask search/taskseq/m4x4smul_SIMD.seq (Gesamt: 2328)  3930 Einträge vorhanden! (Der Prottask wurde aufgrund der Größe des AppTask 1 mal wiederholt!)
In AppTask search/appseq/testWithNopAndBitByte.seq(Gesamt: 4036) sind aus ProtTask search/taskseq/dmul64_SIMD.seq (Gesamt: 2114)  3930 Einträge vorhanden! (Der Prottask wurde aufgrund der Größe des AppTask 1 mal wiederholt!)
In AppTask search/appseq/testWithNopAndBitByte.seq(Gesamt: 4036) sind aus ProtTask search/taskseq/dmul.seq (Gesamt: 2062)  3930 Einträge vorhanden! (Der Prottask wurde aufgrund der Größe des AppTask 1 mal wiederholt!)
In AppTask search/appseq/testWithNopAndBitByte.seq(Gesamt: 4036) sind aus ProtTask search/taskseq/m4x4smul.seq (Gesamt: 1999)  3930 Einträge vorhanden! (Der Prottask wurde aufgrund der Größe des AppTask 1 mal wiederholt!)
In AppTask search/appseq/testWithNopAndBitByte.seq(Gesamt: 4036) sind aus ProtTask search/taskseq/iadd.seq (Gesamt: 2039)  3930 Einträge vorhanden! (Der Prottask wurde aufgrund der Größe des AppTask 1 mal wiederholt!)
In AppTask search/appseq/testWithNopAndBitByte.seq(Gesamt: 4036) sind aus ProtTask search/taskseq/logic.seq (Gesamt: 2036)  3930 Einträge vorhanden! (Der Prottask wurde aufgrund der Größe des AppTask 1 mal wiederholt!)
In AppTask search/appseq/testWithNopAndBitByte.seq(Gesamt: 4036) sind aus ProtTask search/taskseq/imul.seq (Gesamt: 2071)  3930 Einträge vorhanden! (Der Prottask wurde aufgrund der Größe des AppTask 1 mal wiederholt!)
In AppTask search/appseq/testWithNopAndBitByte.seq(Gesamt: 4036) sind aus ProtTask search/taskseq/dmem64_SIMD.seq (Gesamt: 2081)  3930 Einträge vorhanden! (Der Prottask wurde aufgrund der Größe des AppTask 1 mal wiederholt!)
In AppTask search/appseq/testWithNopAndBitByte.seq(Gesamt: 4036) sind aus ProtTask search/taskseq/ssub32_SIMD.seq (Gesamt: 2114)  3930 Einträge vorhanden! (Der Prottask wurde aufgrund der Größe des AppTask 1 mal wiederholt!)
In AppTask search/appseq/testWithNopAndBitByte.seq(Gesamt: 4036) sind aus ProtTask search/taskseq/vmov_SIMD.seq (Gesamt: 2157)  3930 Einträge vorhanden! (Der Prottask wurde aufgrund der Größe des AppTask 1 mal wiederholt!)
In AppTask search/appseq/testWithNopAndBitByte.seq(Gesamt: 4036) sind aus ProtTask search/taskseq/smul32_SIMD.seq (Gesamt: 2114)  3930 Einträge vorhanden! (Der Prottask wurde aufgrund der Größe des AppTask 1 mal wiederholt!)
In AppTask search/appseq/testWithNopAndBitByte.seq(Gesamt: 4036) sind aus ProtTask search/taskseq/shift.seq (Gesamt: 1996)  3930 Einträge vorhanden! (Der Prottask wurde aufgrund der Größe des AppTask 1 mal wiederholt!)
In AppTask search/appseq/testWithNopAndBitByte.seq(Gesamt: 4036) sind aus ProtTask search/taskseq/smem32_SIMD.seq (Gesamt: 45)  3846 Einträge vorhanden! (Der Prottask wurde aufgrund der Größe des AppTask 1 mal wiederholt!)
