
AppTask search/appseq/sobelv_50_50.seq wird geprüft!
(Durchgang 1 von 279)
In AppTask search/appseq/sobelv_50_50.seq(Gesamt: 558193) sind aus ProtTask search/taskseq/nop.seq (Gesamt: 1999)  1090 Einträge vorhanden!

In AppTask search/appseq/sobelv_50_50.seq(Gesamt: 558193) sind aus ProtTask search/taskseq/vconvert_SIMD.seq (Gesamt: 2090)  1161 Einträge vorhanden!

In AppTask search/appseq/sobelv_50_50.seq(Gesamt: 558193) sind aus ProtTask search/taskseq/imov.seq (Gesamt: 1996)  1090 Einträge vorhanden!

In AppTask search/appseq/sobelv_50_50.seq(Gesamt: 558193) sind aus ProtTask search/taskseq/imem.seq (Gesamt: 2080)  1178 Einträge vorhanden!

In AppTask search/appseq/sobelv_50_50.seq(Gesamt: 558193) sind aus ProtTask search/taskseq/icompare.seq (Gesamt: 2095)  1117 Einträge vorhanden!

In AppTask search/appseq/sobelv_50_50.seq(Gesamt: 558193) sind aus ProtTask search/taskseq/branch.seq (Gesamt: 1997)  1090 Einträge vorhanden!

In AppTask search/appseq/sobelv_50_50.seq(Gesamt: 558193) sind aus ProtTask search/taskseq/bitbyte.seq (Gesamt: 2037)  1137 Einträge vorhanden!

In AppTask search/appseq/sobelv_50_50.seq(Gesamt: 558193) sind aus ProtTask search/taskseq/v1x4smul_SIMD.seq (Gesamt: 2287)  1166 Einträge vorhanden!

In AppTask search/appseq/sobelv_50_50.seq(Gesamt: 558193) sind aus ProtTask search/taskseq/dmem.seq (Gesamt: 2091)  1186 Einträge vorhanden!

In AppTask search/appseq/sobelv_50_50.seq(Gesamt: 558193) sind aus ProtTask search/taskseq/dsub64_SIMD.seq (Gesamt: 2114)  1098 Einträge vorhanden!

In AppTask search/appseq/sobelv_50_50.seq(Gesamt: 558193) sind aus ProtTask search/taskseq/dadd.seq (Gesamt: 2062)  1094 Einträge vorhanden!

In AppTask search/appseq/sobelv_50_50.seq(Gesamt: 558193) sind aus ProtTask search/taskseq/m4x4smul_SIMD.seq (Gesamt: 2328)  1222 Einträge vorhanden!

In AppTask search/appseq/sobelv_50_50.seq(Gesamt: 558193) sind aus ProtTask search/taskseq/dmul64_SIMD.seq (Gesamt: 2114)  1098 Einträge vorhanden!

In AppTask search/appseq/sobelv_50_50.seq(Gesamt: 558193) sind aus ProtTask search/taskseq/dmul.seq (Gesamt: 2062)  1094 Einträge vorhanden!

In AppTask search/appseq/sobelv_50_50.seq(Gesamt: 558193) sind aus ProtTask search/taskseq/m4x4smul.seq (Gesamt: 1999)  1106 Einträge vorhanden!

In AppTask search/appseq/sobelv_50_50.seq(Gesamt: 558193) sind aus ProtTask search/taskseq/iadd.seq (Gesamt: 2039)  1153 Einträge vorhanden!

In AppTask search/appseq/sobelv_50_50.seq(Gesamt: 558193) sind aus ProtTask search/taskseq/logic.seq (Gesamt: 2036)  1133 Einträge vorhanden!

In AppTask search/appseq/sobelv_50_50.seq(Gesamt: 558193) sind aus ProtTask search/taskseq/imul.seq (Gesamt: 2071)  1175 Einträge vorhanden!

In AppTask search/appseq/sobelv_50_50.seq(Gesamt: 558193) sind aus ProtTask search/taskseq/dmem64_SIMD.seq (Gesamt: 2081)  1176 Einträge vorhanden!

In AppTask search/appseq/sobelv_50_50.seq(Gesamt: 558193) sind aus ProtTask search/taskseq/ssub32_SIMD.seq (Gesamt: 2114)  1098 Einträge vorhanden!

In AppTask search/appseq/sobelv_50_50.seq(Gesamt: 558193) sind aus ProtTask search/taskseq/vmov_SIMD.seq (Gesamt: 2157)  1243 Einträge vorhanden!

In AppTask search/appseq/sobelv_50_50.seq(Gesamt: 558193) sind aus ProtTask search/taskseq/smul32_SIMD.seq (Gesamt: 2114)  1098 Einträge vorhanden!

In AppTask search/appseq/sobelv_50_50.seq(Gesamt: 558193) sind aus ProtTask search/taskseq/shift.seq (Gesamt: 1996)  1090 Einträge vorhanden!

In AppTask search/appseq/sobelv_50_50.seq(Gesamt: 558193) sind aus ProtTask search/taskseq/smem32_SIMD.seq (Gesamt: 45)  18 Einträge vorhanden!

Der ähnlichste ProttypTask für den AppTask search/appseq/sobelv_50_50.seq ist search/taskseq/vmov_SIMD.seq(57.626331 % Treffer)

(Durchgang 2 von 279)
In AppTask search/appseq/sobelv_50_50.seq(Gesamt: 558193) sind aus ProtTask search/taskseq/nop.seq (Gesamt: 1999)  915 Einträge vorhanden!

In AppTask search/appseq/sobelv_50_50.seq(Gesamt: 558193) sind aus ProtTask search/taskseq/vconvert_SIMD.seq (Gesamt: 2090)  990 Einträge vorhanden!

In AppTask search/appseq/sobelv_50_50.seq(Gesamt: 558193) sind aus ProtTask search/taskseq/imov.seq (Gesamt: 1996)  915 Einträge vorhanden!

In AppTask search/appseq/sobelv_50_50.seq(Gesamt: 558193) sind aus ProtTask search/taskseq/imem.seq (Gesamt: 2080)  1002 Einträge vorhanden!

In AppTask search/appseq/sobelv_50_50.seq(Gesamt: 558193) sind aus ProtTask search/taskseq/icompare.seq (Gesamt: 2095)  948 Einträge vorhanden!

In AppTask search/appseq/sobelv_50_50.seq(Gesamt: 558193) sind aus ProtTask search/taskseq/branch.seq (Gesamt: 1997)  915 Einträge vorhanden!

In AppTask search/appseq/sobelv_50_50.seq(Gesamt: 558193) sind aus ProtTask search/taskseq/bitbyte.seq (Gesamt: 2037)  963 Einträge vorhanden!

In AppTask search/appseq/sobelv_50_50.seq(Gesamt: 558193) sind aus ProtTask search/taskseq/v1x4smul_SIMD.seq (Gesamt: 2287)  996 Einträge vorhanden!

In AppTask search/appseq/sobelv_50_50.seq(Gesamt: 558193) sind aus ProtTask search/taskseq/dmem.seq (Gesamt: 2091)  1013 Einträge vorhanden!

In AppTask search/appseq/sobelv_50_50.seq(Gesamt: 558193) sind aus ProtTask search/taskseq/dsub64_SIMD.seq (Gesamt: 2114)  929 Einträge vorhanden!

In AppTask search/appseq/sobelv_50_50.seq(Gesamt: 558193) sind aus ProtTask search/taskseq/dadd.seq (Gesamt: 2062)  922 Einträge vorhanden!

In AppTask search/appseq/sobelv_50_50.seq(Gesamt: 558193) sind aus ProtTask search/taskseq/m4x4smul_SIMD.seq (Gesamt: 2328)  1053 Einträge vorhanden!

In AppTask search/appseq/sobelv_50_50.seq(Gesamt: 558193) sind aus ProtTask search/taskseq/dmul64_SIMD.seq (Gesamt: 2114)  929 Einträge vorhanden!

In AppTask search/appseq/sobelv_50_50.seq(Gesamt: 558193) sind aus ProtTask search/taskseq/dmul.seq (Gesamt: 2062)  922 Einträge vorhanden!

In AppTask search/appseq/sobelv_50_50.seq(Gesamt: 558193) sind aus ProtTask search/taskseq/m4x4smul.seq (Gesamt: 1999)  931 Einträge vorhanden!

In AppTask search/appseq/sobelv_50_50.seq(Gesamt: 558193) sind aus ProtTask search/taskseq/iadd.seq (Gesamt: 2039)  979 Einträge vorhanden!

In AppTask search/appseq/sobelv_50_50.seq(Gesamt: 558193) sind aus ProtTask search/taskseq/logic.seq (Gesamt: 2036)  959 Einträge vorhanden!

In AppTask search/appseq/sobelv_50_50.seq(Gesamt: 558193) sind aus ProtTask search/taskseq/imul.seq (Gesamt: 2071)  1004 Einträge vorhanden!

In AppTask search/appseq/sobelv_50_50.seq(Gesamt: 558193) sind aus ProtTask search/taskseq/dmem64_SIMD.seq (Gesamt: 2081)  1004 Einträge vorhanden!

In AppTask search/appseq/sobelv_50_50.seq(Gesamt: 558193) sind aus ProtTask search/taskseq/ssub32_SIMD.seq (Gesamt: 2114)  929 Einträge vorhanden!

In AppTask search/appseq/sobelv_50_50.seq(Gesamt: 558193) sind aus ProtTask search/taskseq/vmov_SIMD.seq (Gesamt: 2157)  1073 Einträge vorhanden!

In AppTask search/appseq/sobelv_50_50.seq(Gesamt: 558193) sind aus ProtTask search/taskseq/smul32_SIMD.seq (Gesamt: 2114)  929 Einträge vorhanden!

In AppTask search/appseq/sobelv_50_50.seq(Gesamt: 558193) sind aus ProtTask search/taskseq/shift.seq (Gesamt: 1996)  915 Einträge vorhanden!

In AppTask search/appseq/sobelv_50_50.seq(Gesamt: 558193) sind aus ProtTask search/taskseq/smem32_SIMD.seq (Gesamt: 45)  3 Einträge vorhanden!

Der ähnlichste ProttypTask für den AppTask search/appseq/sobelv_50_50.seq ist search/taskseq/vmov_SIMD.seq(49.745018 % Treffer)

(Durchgang 3 von 279)
In AppTask search/appseq/sobelv_50_50.seq(Gesamt: 558193) sind aus ProtTask search/taskseq/nop.seq (Gesamt: 1999)  862 Einträge vorhanden!

In AppTask search/appseq/sobelv_50_50.seq(Gesamt: 558193) sind aus ProtTask search/taskseq/vconvert_SIMD.seq (Gesamt: 2090)  941 Einträge vorhanden!

In AppTask search/appseq/sobelv_50_50.seq(Gesamt: 558193) sind aus ProtTask search/taskseq/imov.seq (Gesamt: 1996)  861 Einträge vorhanden!

In AppTask search/appseq/sobelv_50_50.seq(Gesamt: 558193) sind aus ProtTask search/taskseq/imem.seq (Gesamt: 2080)  929 Einträge vorhanden!

In AppTask search/appseq/sobelv_50_50.seq(Gesamt: 558193) sind aus ProtTask search/taskseq/icompare.seq (Gesamt: 2095)  897 Einträge vorhanden!

In AppTask search/appseq/sobelv_50_50.seq(Gesamt: 558193) sind aus ProtTask search/taskseq/branch.seq (Gesamt: 1997)  862 Einträge vorhanden!

In AppTask search/appseq/sobelv_50_50.seq(Gesamt: 558193) sind aus ProtTask search/taskseq/bitbyte.seq (Gesamt: 2037)  911 Einträge vorhanden!

In AppTask search/appseq/sobelv_50_50.seq(Gesamt: 558193) sind aus ProtTask search/taskseq/v1x4smul_SIMD.seq (Gesamt: 2287)  964 Einträge vorhanden!

In AppTask search/appseq/sobelv_50_50.seq(Gesamt: 558193) sind aus ProtTask search/taskseq/dmem.seq (Gesamt: 2091)  939 Einträge vorhanden!

In AppTask search/appseq/sobelv_50_50.seq(Gesamt: 558193) sind aus ProtTask search/taskseq/dsub64_SIMD.seq (Gesamt: 2114)  882 Einträge vorhanden!

In AppTask search/appseq/sobelv_50_50.seq(Gesamt: 558193) sind aus ProtTask search/taskseq/dadd.seq (Gesamt: 2062)  872 Einträge vorhanden!

In AppTask search/appseq/sobelv_50_50.seq(Gesamt: 558193) sind aus ProtTask search/taskseq/m4x4smul_SIMD.seq (Gesamt: 2328)  1023 Einträge vorhanden!

In AppTask search/appseq/sobelv_50_50.seq(Gesamt: 558193) sind aus ProtTask search/taskseq/dmul64_SIMD.seq (Gesamt: 2114)  882 Einträge vorhanden!

In AppTask search/appseq/sobelv_50_50.seq(Gesamt: 558193) sind aus ProtTask search/taskseq/dmul.seq (Gesamt: 2062)  872 Einträge vorhanden!

In AppTask search/appseq/sobelv_50_50.seq(Gesamt: 558193) sind aus ProtTask search/taskseq/m4x4smul.seq (Gesamt: 1999)  878 Einträge vorhanden!

In AppTask search/appseq/sobelv_50_50.seq(Gesamt: 558193) sind aus ProtTask search/taskseq/iadd.seq (Gesamt: 2039)  927 Einträge vorhanden!

In AppTask search/appseq/sobelv_50_50.seq(Gesamt: 558193) sind aus ProtTask search/taskseq/logic.seq (Gesamt: 2036)  907 Einträge vorhanden!

In AppTask search/appseq/sobelv_50_50.seq(Gesamt: 558193) sind aus ProtTask search/taskseq/imul.seq (Gesamt: 2071)  954 Einträge vorhanden!

In AppTask search/appseq/sobelv_50_50.seq(Gesamt: 558193) sind aus ProtTask search/taskseq/dmem64_SIMD.seq (Gesamt: 2081)  954 Einträge vorhanden!

In AppTask search/appseq/sobelv_50_50.seq(Gesamt: 558193) sind aus ProtTask search/taskseq/ssub32_SIMD.seq (Gesamt: 2114)  882 Einträge vorhanden!

In AppTask search/appseq/sobelv_50_50.seq(Gesamt: 558193) sind aus ProtTask search/taskseq/vmov_SIMD.seq (Gesamt: 2157)  1025 Einträge vorhanden!

In AppTask search/appseq/sobelv_50_50.seq(Gesamt: 558193) sind aus ProtTask search/taskseq/smul32_SIMD.seq (Gesamt: 2114)  882 Einträge vorhanden!

In AppTask search/appseq/sobelv_50_50.seq(Gesamt: 558193) sind aus ProtTask search/taskseq/shift.seq (Gesamt: 1996)  861 Einträge vorhanden!

In AppTask search/appseq/sobelv_50_50.seq(Gesamt: 558193) sind aus ProtTask search/taskseq/smem32_SIMD.seq (Gesamt: 45)  3 Einträge vorhanden!

Der ähnlichste ProttypTask für den AppTask search/appseq/sobelv_50_50.seq ist search/taskseq/vmov_SIMD.seq(47.519703 % Treffer)

(Durchgang 4 von 279)
In AppTask search/appseq/sobelv_50_50.seq(Gesamt: 558193) sind aus ProtTask search/taskseq/nop.seq (Gesamt: 1999)  816 Einträge vorhanden!

In AppTask search/appseq/sobelv_50_50.seq(Gesamt: 558193) sind aus ProtTask search/taskseq/vconvert_SIMD.seq (Gesamt: 2090)  902 Einträge vorhanden!

In AppTask search/appseq/sobelv_50_50.seq(Gesamt: 558193) sind aus ProtTask search/taskseq/imov.seq (Gesamt: 1996)  815 Einträge vorhanden!

In AppTask search/appseq/sobelv_50_50.seq(Gesamt: 558193) sind aus ProtTask search/taskseq/imem.seq (Gesamt: 2080)  876 Einträge vorhanden!

In AppTask search/appseq/sobelv_50_50.seq(Gesamt: 558193) sind aus ProtTask search/taskseq/icompare.seq (Gesamt: 2095)  859 Einträge vorhanden!

In AppTask search/appseq/sobelv_50_50.seq(Gesamt: 558193) sind aus ProtTask search/taskseq/branch.seq (Gesamt: 1997)  816 Einträge vorhanden!

In AppTask search/appseq/sobelv_50_50.seq(Gesamt: 558193) sind aus ProtTask search/taskseq/bitbyte.seq (Gesamt: 2037)  870 Einträge vorhanden!

In AppTask search/appseq/sobelv_50_50.seq(Gesamt: 558193) sind aus ProtTask search/taskseq/v1x4smul_SIMD.seq (Gesamt: 2287)  936 Einträge vorhanden!

In AppTask search/appseq/sobelv_50_50.seq(Gesamt: 558193) sind aus ProtTask search/taskseq/dmem.seq (Gesamt: 2091)  888 Einträge vorhanden!

In AppTask search/appseq/sobelv_50_50.seq(Gesamt: 558193) sind aus ProtTask search/taskseq/dsub64_SIMD.seq (Gesamt: 2114)  843 Einträge vorhanden!

In AppTask search/appseq/sobelv_50_50.seq(Gesamt: 558193) sind aus ProtTask search/taskseq/dadd.seq (Gesamt: 2062)  832 Einträge vorhanden!

In AppTask search/appseq/sobelv_50_50.seq(Gesamt: 558193) sind aus ProtTask search/taskseq/m4x4smul_SIMD.seq (Gesamt: 2328)  988 Einträge vorhanden!

In AppTask search/appseq/sobelv_50_50.seq(Gesamt: 558193) sind aus ProtTask search/taskseq/dmul64_SIMD.seq (Gesamt: 2114)  843 Einträge vorhanden!

In AppTask search/appseq/sobelv_50_50.seq(Gesamt: 558193) sind aus ProtTask search/taskseq/dmul.seq (Gesamt: 2062)  832 Einträge vorhanden!

In AppTask search/appseq/sobelv_50_50.seq(Gesamt: 558193) sind aus ProtTask search/taskseq/m4x4smul.seq (Gesamt: 1999)  829 Einträge vorhanden!

In AppTask search/appseq/sobelv_50_50.seq(Gesamt: 558193) sind aus ProtTask search/taskseq/iadd.seq (Gesamt: 2039)  886 Einträge vorhanden!

In AppTask search/appseq/sobelv_50_50.seq(Gesamt: 558193) sind aus ProtTask search/taskseq/logic.seq (Gesamt: 2036)  866 Einträge vorhanden!

In AppTask search/appseq/sobelv_50_50.seq(Gesamt: 558193) sind aus ProtTask search/taskseq/imul.seq (Gesamt: 2071)  912 Einträge vorhanden!

In AppTask search/appseq/sobelv_50_50.seq(Gesamt: 558193) sind aus ProtTask search/taskseq/dmem64_SIMD.seq (Gesamt: 2081)  904 Einträge vorhanden!

In AppTask search/appseq/sobelv_50_50.seq(Gesamt: 558193) sind aus ProtTask search/taskseq/ssub32_SIMD.seq (Gesamt: 2114)  843 Einträge vorhanden!

In AppTask search/appseq/sobelv_50_50.seq(Gesamt: 558193) sind aus ProtTask search/taskseq/vmov_SIMD.seq (Gesamt: 2157)  976 Einträge vorhanden!

In AppTask search/appseq/sobelv_50_50.seq(Gesamt: 558193) sind aus ProtTask search/taskseq/smul32_SIMD.seq (Gesamt: 2114)  843 Einträge vorhanden!

In AppTask search/appseq/sobelv_50_50.seq(Gesamt: 558193) sind aus ProtTask search/taskseq/shift.seq (Gesamt: 1996)  815 Einträge vorhanden!

In AppTask search/appseq/sobelv_50_50.seq(Gesamt: 558193) sind aus ProtTask search/taskseq/smem32_SIMD.seq (Gesamt: 45)  3 Einträge vorhanden!

Der ähnlichste ProttypTask für den AppTask search/appseq/sobelv_50_50.seq ist search/taskseq/vmov_SIMD.seq(45.248028 % Treffer)

(Durchgang 5 von 279)
In AppTask search/appseq/sobelv_50_50.seq(Gesamt: 558193) sind aus ProtTask search/taskseq/nop.seq (Gesamt: 1999)  801 Einträge vorhanden!

In AppTask search/appseq/sobelv_50_50.seq(Gesamt: 558193) sind aus ProtTask search/taskseq/vconvert_SIMD.seq (Gesamt: 2090)  886 Einträge vorhanden!

In AppTask search/appseq/sobelv_50_50.seq(Gesamt: 558193) sind aus ProtTask search/taskseq/imov.seq (Gesamt: 1996)  800 Einträge vorhanden!

In AppTask search/appseq/sobelv_50_50.seq(Gesamt: 558193) sind aus ProtTask search/taskseq/imem.seq (Gesamt: 2080)  861 Einträge vorhanden!

In AppTask search/appseq/sobelv_50_50.seq(Gesamt: 558193) sind aus ProtTask search/taskseq/icompare.seq (Gesamt: 2095)  843 Einträge vorhanden!

In AppTask search/appseq/sobelv_50_50.seq(Gesamt: 558193) sind aus ProtTask search/taskseq/branch.seq (Gesamt: 1997)  800 Einträge vorhanden!

In AppTask search/appseq/sobelv_50_50.seq(Gesamt: 558193) sind aus ProtTask search/taskseq/bitbyte.seq (Gesamt: 2037)  853 Einträge vorhanden!

In AppTask search/appseq/sobelv_50_50.seq(Gesamt: 558193) sind aus ProtTask search/taskseq/v1x4smul_SIMD.seq (Gesamt: 2287)  920 Einträge vorhanden!

In AppTask search/appseq/sobelv_50_50.seq(Gesamt: 558193) sind aus ProtTask search/taskseq/dmem.seq (Gesamt: 2091)  872 Einträge vorhanden!

In AppTask search/appseq/sobelv_50_50.seq(Gesamt: 558193) sind aus ProtTask search/taskseq/dsub64_SIMD.seq (Gesamt: 2114)  827 Einträge vorhanden!

In AppTask search/appseq/sobelv_50_50.seq(Gesamt: 558193) sind aus ProtTask search/taskseq/dadd.seq (Gesamt: 2062)  816 Einträge vorhanden!

In AppTask search/appseq/sobelv_50_50.seq(Gesamt: 558193) sind aus ProtTask search/taskseq/m4x4smul_SIMD.seq (Gesamt: 2328)  974 Einträge vorhanden!

In AppTask search/appseq/sobelv_50_50.seq(Gesamt: 558193) sind aus ProtTask search/taskseq/dmul64_SIMD.seq (Gesamt: 2114)  827 Einträge vorhanden!

In AppTask search/appseq/sobelv_50_50.seq(Gesamt: 558193) sind aus ProtTask search/taskseq/dmul.seq (Gesamt: 2062)  816 Einträge vorhanden!

In AppTask search/appseq/sobelv_50_50.seq(Gesamt: 558193) sind aus ProtTask search/taskseq/m4x4smul.seq (Gesamt: 1999)  814 Einträge vorhanden!

In AppTask search/appseq/sobelv_50_50.seq(Gesamt: 558193) sind aus ProtTask search/taskseq/iadd.seq (Gesamt: 2039)  870 Einträge vorhanden!

In AppTask search/appseq/sobelv_50_50.seq(Gesamt: 558193) sind aus ProtTask search/taskseq/logic.seq (Gesamt: 2036)  848 Einträge vorhanden!

In AppTask search/appseq/sobelv_50_50.seq(Gesamt: 558193) sind aus ProtTask search/taskseq/imul.seq (Gesamt: 2071)  896 Einträge vorhanden!

In AppTask search/appseq/sobelv_50_50.seq(Gesamt: 558193) sind aus ProtTask search/taskseq/dmem64_SIMD.seq (Gesamt: 2081)  889 Einträge vorhanden!

In AppTask search/appseq/sobelv_50_50.seq(Gesamt: 558193) sind aus ProtTask search/taskseq/ssub32_SIMD.seq (Gesamt: 2114)  827 Einträge vorhanden!

In AppTask search/appseq/sobelv_50_50.seq(Gesamt: 558193) sind aus ProtTask search/taskseq/vmov_SIMD.seq (Gesamt: 2157)  960 Einträge vorhanden!

In AppTask search/appseq/sobelv_50_50.seq(Gesamt: 558193) sind aus ProtTask search/taskseq/smul32_SIMD.seq (Gesamt: 2114)  827 Einträge vorhanden!

In AppTask search/appseq/sobelv_50_50.seq(Gesamt: 558193) sind aus ProtTask search/taskseq/shift.seq (Gesamt: 1996)  800 Einträge vorhanden!

In AppTask search/appseq/sobelv_50_50.seq(Gesamt: 558193) sind aus ProtTask search/taskseq/smem32_SIMD.seq (Gesamt: 45)  2 Einträge vorhanden!

Der ähnlichste ProttypTask für den AppTask search/appseq/sobelv_50_50.seq ist search/taskseq/vmov_SIMD.seq(44.506260 % Treffer)

(Durchgang 6 von 279)
In AppTask search/appseq/sobelv_50_50.seq(Gesamt: 558193) sind aus ProtTask search/taskseq/nop.seq (Gesamt: 1999)  670 Einträge vorhanden!

In AppTask search/appseq/sobelv_50_50.seq(Gesamt: 558193) sind aus ProtTask search/taskseq/vconvert_SIMD.seq (Gesamt: 2090)  734 Einträge vorhanden!

In AppTask search/appseq/sobelv_50_50.seq(Gesamt: 558193) sind aus ProtTask search/taskseq/imov.seq (Gesamt: 1996)  667 Einträge vorhanden!

In AppTask search/appseq/sobelv_50_50.seq(Gesamt: 558193) sind aus ProtTask search/taskseq/imem.seq (Gesamt: 2080)  751 Einträge vorhanden!

In AppTask search/appseq/sobelv_50_50.seq(Gesamt: 558193) sind aus ProtTask search/taskseq/icompare.seq (Gesamt: 2095)  739 Einträge vorhanden!

In AppTask search/appseq/sobelv_50_50.seq(Gesamt: 558193) sind aus ProtTask search/taskseq/branch.seq (Gesamt: 1997)  668 Einträge vorhanden!

In AppTask search/appseq/sobelv_50_50.seq(Gesamt: 558193) sind aus ProtTask search/taskseq/bitbyte.seq (Gesamt: 2037)  701 Einträge vorhanden!

In AppTask search/appseq/sobelv_50_50.seq(Gesamt: 558193) sind aus ProtTask search/taskseq/v1x4smul_SIMD.seq (Gesamt: 2287)  884 Einträge vorhanden!

