x;y;z
In AppTask search/appseq/sobelv.seq sind aus ProtTask search/taskseq/nop.seq 222 Einträge vorhanden!
In AppTask search/appseq/sobelv.seq sind aus ProtTask search/taskseq/vconvert_SIMD.seq 221 Einträge vorhanden!
In AppTask search/appseq/sobelv.seq sind aus ProtTask search/taskseq/imov.seq 221 Einträge vorhanden!
In AppTask search/appseq/sobelv.seq sind aus ProtTask search/taskseq/imem.seq 221 Einträge vorhanden!
In AppTask search/appseq/sobelv.seq sind aus ProtTask search/taskseq/icompare.seq 221 Einträge vorhanden!
In AppTask search/appseq/sobelv.seq sind aus ProtTask search/taskseq/branch.seq 221 Einträge vorhanden!
In AppTask search/appseq/sobelv.seq sind aus ProtTask search/taskseq/bitbyte.seq 221 Einträge vorhanden!
In AppTask search/appseq/sobelv.seq sind aus ProtTask search/taskseq/v1x4smul_SIMD.seq 221 Einträge vorhanden!
In AppTask search/appseq/sobelv.seq sind aus ProtTask search/taskseq/dmem.seq 221 Einträge vorhanden!
In AppTask search/appseq/sobelv.seq sind aus ProtTask search/taskseq/dsub64_SIMD.seq 221 Einträge vorhanden!
In AppTask search/appseq/sobelv.seq sind aus ProtTask search/taskseq/dadd.seq 221 Einträge vorhanden!
In AppTask search/appseq/sobelv.seq sind aus ProtTask search/taskseq/m4x4smul_SIMD.seq 221 Einträge vorhanden!
In AppTask search/appseq/sobelv.seq sind aus ProtTask search/taskseq/dmul64_SIMD.seq 221 Einträge vorhanden!
In AppTask search/appseq/sobelv.seq sind aus ProtTask search/taskseq/dmul.seq 221 Einträge vorhanden!
In AppTask search/appseq/sobelv.seq sind aus ProtTask search/taskseq/m4x4smul.seq 221 Einträge vorhanden!
In AppTask search/appseq/sobelv.seq sind aus ProtTask search/taskseq/iadd.seq 221 Einträge vorhanden!
In AppTask search/appseq/sobelv.seq sind aus ProtTask search/taskseq/logic.seq 221 Einträge vorhanden!
In AppTask search/appseq/sobelv.seq sind aus ProtTask search/taskseq/imul.seq 221 Einträge vorhanden!
In AppTask search/appseq/sobelv.seq sind aus ProtTask search/taskseq/dmem64_SIMD.seq 221 Einträge vorhanden!
In AppTask search/appseq/sobelv.seq sind aus ProtTask search/taskseq/ssub32_SIMD.seq 221 Einträge vorhanden!
In AppTask search/appseq/sobelv.seq sind aus ProtTask search/taskseq/vmov_SIMD.seq 221 Einträge vorhanden!
In AppTask search/appseq/sobelv.seq sind aus ProtTask search/taskseq/smul32_SIMD.seq 221 Einträge vorhanden!
In AppTask search/appseq/sobelv.seq sind aus ProtTask search/taskseq/shift.seq 221 Einträge vorhanden!
In AppTask search/appseq/sobelv.seq sind aus ProtTask search/taskseq/empty.seq 206 Einträge vorhanden!
In AppTask search/appseq/sobelv.seq sind aus ProtTask search/taskseq/smem32_SIMD.seq 18 Einträge vorhanden!

In AppTask search/appseq/checkcontrast.seq sind aus ProtTask search/taskseq/nop.seq 1847 Einträge vorhanden!
In AppTask search/appseq/checkcontrast.seq sind aus ProtTask search/taskseq/vconvert_SIMD.seq 1847 Einträge vorhanden!
In AppTask search/appseq/checkcontrast.seq sind aus ProtTask search/taskseq/imov.seq 1847 Einträge vorhanden!
In AppTask search/appseq/checkcontrast.seq sind aus ProtTask search/taskseq/imem.seq 1851 Einträge vorhanden!
In AppTask search/appseq/checkcontrast.seq sind aus ProtTask search/taskseq/icompare.seq 1849 Einträge vorhanden!
In AppTask search/appseq/checkcontrast.seq sind aus ProtTask search/taskseq/branch.seq 1848 Einträge vorhanden!
In AppTask search/appseq/checkcontrast.seq sind aus ProtTask search/taskseq/bitbyte.seq 1851 Einträge vorhanden!
In AppTask search/appseq/checkcontrast.seq sind aus ProtTask search/taskseq/v1x4smul_SIMD.seq 1857 Einträge vorhanden!
In AppTask search/appseq/checkcontrast.seq sind aus ProtTask search/taskseq/dmem.seq 1856 Einträge vorhanden!
In AppTask search/appseq/checkcontrast.seq sind aus ProtTask search/taskseq/dsub64_SIMD.seq 1847 Einträge vorhanden!
In AppTask search/appseq/checkcontrast.seq sind aus ProtTask search/taskseq/dadd.seq 1847 Einträge vorhanden!
In AppTask search/appseq/checkcontrast.seq sind aus ProtTask search/taskseq/m4x4smul_SIMD.seq 1868 Einträge vorhanden!
In AppTask search/appseq/checkcontrast.seq sind aus ProtTask search/taskseq/dmul64_SIMD.seq 1847 Einträge vorhanden!
In AppTask search/appseq/checkcontrast.seq sind aus ProtTask search/taskseq/dmul.seq 1847 Einträge vorhanden!
In AppTask search/appseq/checkcontrast.seq sind aus ProtTask search/taskseq/m4x4smul.seq 1851 Einträge vorhanden!
In AppTask search/appseq/checkcontrast.seq sind aus ProtTask search/taskseq/iadd.seq 1859 Einträge vorhanden!
In AppTask search/appseq/checkcontrast.seq sind aus ProtTask search/taskseq/logic.seq 1847 Einträge vorhanden!
In AppTask search/appseq/checkcontrast.seq sind aus ProtTask search/taskseq/imul.seq 1861 Einträge vorhanden!
In AppTask search/appseq/checkcontrast.seq sind aus ProtTask search/taskseq/dmem64_SIMD.seq 1866 Einträge vorhanden!
In AppTask search/appseq/checkcontrast.seq sind aus ProtTask search/taskseq/ssub32_SIMD.seq 1847 Einträge vorhanden!
In AppTask search/appseq/checkcontrast.seq sind aus ProtTask search/taskseq/vmov_SIMD.seq 1862 Einträge vorhanden!
In AppTask search/appseq/checkcontrast.seq sind aus ProtTask search/taskseq/smul32_SIMD.seq 1847 Einträge vorhanden!
In AppTask search/appseq/checkcontrast.seq sind aus ProtTask search/taskseq/shift.seq 1848 Einträge vorhanden!
In AppTask search/appseq/checkcontrast.seq sind aus ProtTask search/taskseq/empty.seq 1254 Einträge vorhanden!
In AppTask search/appseq/checkcontrast.seq sind aus ProtTask search/taskseq/smem32_SIMD.seq 18 Einträge vorhanden!

In AppTask search/appseq/copyimage.seq sind aus ProtTask search/taskseq/nop.seq 1146 Einträge vorhanden!
In AppTask search/appseq/copyimage.seq sind aus ProtTask search/taskseq/vconvert_SIMD.seq 1270 Einträge vorhanden!
In AppTask search/appseq/copyimage.seq sind aus ProtTask search/taskseq/imov.seq 1145 Einträge vorhanden!
In AppTask search/appseq/copyimage.seq sind aus ProtTask search/taskseq/imem.seq 1260 Einträge vorhanden!
In AppTask search/appseq/copyimage.seq sind aus ProtTask search/taskseq/icompare.seq 1236 Einträge vorhanden!
In AppTask search/appseq/copyimage.seq sind aus ProtTask search/taskseq/branch.seq 1145 Einträge vorhanden!
In AppTask search/appseq/copyimage.seq sind aus ProtTask search/taskseq/bitbyte.seq 1214 Einträge vorhanden!
In AppTask search/appseq/copyimage.seq sind aus ProtTask search/taskseq/v1x4smul_SIMD.seq 1339 Einträge vorhanden!
In AppTask search/appseq/copyimage.seq sind aus ProtTask search/taskseq/dmem.seq 1273 Einträge vorhanden!
In AppTask search/appseq/copyimage.seq sind aus ProtTask search/taskseq/dsub64_SIMD.seq 1214 Einträge vorhanden!
