In AppTask search/appseq/testWithNopBitByteShiftIMulLogic.seq(Gesamt: 10139) sind aus ProtTask search/taskseq/nop.seq (Gesamt: 1999)  1999 Einträge vorhanden! (Der Prottask wurde aufgrund der Größe des AppTask 1 mal wiederholt!)
In AppTask search/appseq/testWithNopBitByteShiftIMulLogic.seq(Gesamt: 10139) sind aus ProtTask search/taskseq/vconvert_SIMD.seq (Gesamt: 2090)  2045 Einträge vorhanden! (Der Prottask wurde aufgrund der Größe des AppTask 1 mal wiederholt!)
In AppTask search/appseq/testWithNopBitByteShiftIMulLogic.seq(Gesamt: 10139) sind aus ProtTask search/taskseq/imov.seq (Gesamt: 1996)  1996 Einträge vorhanden! (Der Prottask wurde aufgrund der Größe des AppTask 1 mal wiederholt!)
In AppTask search/appseq/testWithNopBitByteShiftIMulLogic.seq(Gesamt: 10139) sind aus ProtTask search/taskseq/imem.seq (Gesamt: 2080)  2058 Einträge vorhanden! (Der Prottask wurde aufgrund der Größe des AppTask 1 mal wiederholt!)
In AppTask search/appseq/testWithNopBitByteShiftIMulLogic.seq(Gesamt: 10139) sind aus ProtTask search/taskseq/icompare.seq (Gesamt: 2095)  2083 Einträge vorhanden! (Der Prottask wurde aufgrund der Größe des AppTask 1 mal wiederholt!)
In AppTask search/appseq/testWithNopBitByteShiftIMulLogic.seq(Gesamt: 10139) sind aus ProtTask search/taskseq/branch.seq (Gesamt: 1997)  1997 Einträge vorhanden! (Der Prottask wurde aufgrund der Größe des AppTask 1 mal wiederholt!)
In AppTask search/appseq/testWithNopBitByteShiftIMulLogic.seq(Gesamt: 10139) sind aus ProtTask search/taskseq/bitbyte.seq (Gesamt: 2037)  2037 Einträge vorhanden! (Der Prottask wurde aufgrund der Größe des AppTask 1 mal wiederholt!)
In AppTask search/appseq/testWithNopBitByteShiftIMulLogic.seq(Gesamt: 10139) sind aus ProtTask search/taskseq/v1x4smul_SIMD.seq (Gesamt: 2287)  2038 Einträge vorhanden! (Der Prottask wurde aufgrund der Größe des AppTask 1 mal wiederholt!)
In AppTask search/appseq/testWithNopBitByteShiftIMulLogic.seq(Gesamt: 10139) sind aus ProtTask search/taskseq/dmem.seq (Gesamt: 2091)  2059 Einträge vorhanden! (Der Prottask wurde aufgrund der Größe des AppTask 1 mal wiederholt!)
In AppTask search/appseq/testWithNopBitByteShiftIMulLogic.seq(Gesamt: 10139) sind aus ProtTask search/taskseq/dsub64_SIMD.seq (Gesamt: 2114)  1977 Einträge vorhanden! (Der Prottask wurde aufgrund der Größe des AppTask 1 mal wiederholt!)
In AppTask search/appseq/testWithNopBitByteShiftIMulLogic.seq(Gesamt: 10139) sind aus ProtTask search/taskseq/dadd.seq (Gesamt: 2062)  1993 Einträge vorhanden! (Der Prottask wurde aufgrund der Größe des AppTask 1 mal wiederholt!)
In AppTask search/appseq/testWithNopBitByteShiftIMulLogic.seq(Gesamt: 10139) sind aus ProtTask search/taskseq/m4x4smul_SIMD.seq (Gesamt: 2328)  2079 Einträge vorhanden! (Der Prottask wurde aufgrund der Größe des AppTask 1 mal wiederholt!)
In AppTask search/appseq/testWithNopBitByteShiftIMulLogic.seq(Gesamt: 10139) sind aus ProtTask search/taskseq/dmul64_SIMD.seq (Gesamt: 2114)  1977 Einträge vorhanden! (Der Prottask wurde aufgrund der Größe des AppTask 1 mal wiederholt!)
In AppTask search/appseq/testWithNopBitByteShiftIMulLogic.seq(Gesamt: 10139) sind aus ProtTask search/taskseq/dmul.seq (Gesamt: 2062)  1993 Einträge vorhanden! (Der Prottask wurde aufgrund der Größe des AppTask 1 mal wiederholt!)
In AppTask search/appseq/testWithNopBitByteShiftIMulLogic.seq(Gesamt: 10139) sind aus ProtTask search/taskseq/m4x4smul.seq (Gesamt: 1999)  1997 Einträge vorhanden! (Der Prottask wurde aufgrund der Größe des AppTask 1 mal wiederholt!)
In AppTask search/appseq/testWithNopBitByteShiftIMulLogic.seq(Gesamt: 10139) sind aus ProtTask search/taskseq/iadd.seq (Gesamt: 2039)  2039 Einträge vorhanden! (Der Prottask wurde aufgrund der Größe des AppTask 1 mal wiederholt!)
In AppTask search/appseq/testWithNopBitByteShiftIMulLogic.seq(Gesamt: 10139) sind aus ProtTask search/taskseq/logic.seq (Gesamt: 2036)  2036 Einträge vorhanden! (Der Prottask wurde aufgrund der Größe des AppTask 1 mal wiederholt!)
In AppTask search/appseq/testWithNopBitByteShiftIMulLogic.seq(Gesamt: 10139) sind aus ProtTask search/taskseq/imul.seq (Gesamt: 2071)  2071 Einträge vorhanden! (Der Prottask wurde aufgrund der Größe des AppTask 1 mal wiederholt!)
In AppTask search/appseq/testWithNopBitByteShiftIMulLogic.seq(Gesamt: 10139) sind aus ProtTask search/taskseq/dmem64_SIMD.seq (Gesamt: 2081)  2050 Einträge vorhanden! (Der Prottask wurde aufgrund der Größe des AppTask 1 mal wiederholt!)
In AppTask search/appseq/testWithNopBitByteShiftIMulLogic.seq(Gesamt: 10139) sind aus ProtTask search/taskseq/ssub32_SIMD.seq (Gesamt: 2114)  1977 Einträge vorhanden! (Der Prottask wurde aufgrund der Größe des AppTask 1 mal wiederholt!)
In AppTask search/appseq/testWithNopBitByteShiftIMulLogic.seq(Gesamt: 10139) sind aus ProtTask search/taskseq/vmov_SIMD.seq (Gesamt: 2157)  2100 Einträge vorhanden! (Der Prottask wurde aufgrund der Größe des AppTask 1 mal wiederholt!)
In AppTask search/appseq/testWithNopBitByteShiftIMulLogic.seq(Gesamt: 10139) sind aus ProtTask search/taskseq/smul32_SIMD.seq (Gesamt: 2114)  1977 Einträge vorhanden! (Der Prottask wurde aufgrund der Größe des AppTask 1 mal wiederholt!)
In AppTask search/appseq/testWithNopBitByteShiftIMulLogic.seq(Gesamt: 10139) sind aus ProtTask search/taskseq/shift.seq (Gesamt: 1996)  1996 Einträge vorhanden! (Der Prottask wurde aufgrund der Größe des AppTask 1 mal wiederholt!)
In AppTask search/appseq/testWithNopBitByteShiftIMulLogic.seq(Gesamt: 10139) sind aus ProtTask search/taskseq/smem32_SIMD.seq (Gesamt: 45)  41 Einträge vorhanden! (Der Prottask wurde aufgrund der Größe des AppTask 1 mal wiederholt!)
In AppTask search/appseq/testWithNopBitByteShiftIMulLogic.seq(Gesamt: 10139) sind aus ProtTask search/taskseq/nop.seq (Gesamt: 1999)  1887 Einträge vorhanden! (Der Prottask wurde aufgrund der Größe des AppTask 1 mal wiederholt!)
In AppTask search/appseq/testWithNopBitByteShiftIMulLogic.seq(Gesamt: 10139) sind aus ProtTask search/taskseq/vconvert_SIMD.seq (Gesamt: 2090)  1938 Einträge vorhanden! (Der Prottask wurde aufgrund der Größe des AppTask 1 mal wiederholt!)
In AppTask search/appseq/testWithNopBitByteShiftIMulLogic.seq(Gesamt: 10139) sind aus ProtTask search/taskseq/imov.seq (Gesamt: 1996)  1890 Einträge vorhanden! (Der Prottask wurde aufgrund der Größe des AppTask 1 mal wiederholt!)
In AppTask search/appseq/testWithNopBitByteShiftIMulLogic.seq(Gesamt: 10139) sind aus ProtTask search/taskseq/imem.seq (Gesamt: 2080)  1950 Einträge vorhanden! (Der Prottask wurde aufgrund der Größe des AppTask 1 mal wiederholt!)
In AppTask search/appseq/testWithNopBitByteShiftIMulLogic.seq(Gesamt: 10139) sind aus ProtTask search/taskseq/icompare.seq (Gesamt: 2095)  1975 Einträge vorhanden! (Der Prottask wurde aufgrund der Größe des AppTask 1 mal wiederholt!)
In AppTask search/appseq/testWithNopBitByteShiftIMulLogic.seq(Gesamt: 10139) sind aus ProtTask search/taskseq/branch.seq (Gesamt: 1997)  1885 Einträge vorhanden! (Der Prottask wurde aufgrund der Größe des AppTask 1 mal wiederholt!)
In AppTask search/appseq/testWithNopBitByteShiftIMulLogic.seq(Gesamt: 10139) sind aus ProtTask search/taskseq/bitbyte.seq (Gesamt: 2037)  1931 Einträge vorhanden! (Der Prottask wurde aufgrund der Größe des AppTask 1 mal wiederholt!)
In AppTask search/appseq/testWithNopBitByteShiftIMulLogic.seq(Gesamt: 10139) sind aus ProtTask search/taskseq/v1x4smul_SIMD.seq (Gesamt: 2287)  1931 Einträge vorhanden! (Der Prottask wurde aufgrund der Größe des AppTask 1 mal wiederholt!)
In AppTask search/appseq/testWithNopBitByteShiftIMulLogic.seq(Gesamt: 10139) sind aus ProtTask search/taskseq/dmem.seq (Gesamt: 2091)  1950 Einträge vorhanden! (Der Prottask wurde aufgrund der Größe des AppTask 1 mal wiederholt!)
In AppTask search/appseq/testWithNopBitByteShiftIMulLogic.seq(Gesamt: 10139) sind aus ProtTask search/taskseq/dsub64_SIMD.seq (Gesamt: 2114)  1870 Einträge vorhanden! (Der Prottask wurde aufgrund der Größe des AppTask 1 mal wiederholt!)
In AppTask search/appseq/testWithNopBitByteShiftIMulLogic.seq(Gesamt: 10139) sind aus ProtTask search/taskseq/dadd.seq (Gesamt: 2062)  1883 Einträge vorhanden! (Der Prottask wurde aufgrund der Größe des AppTask 1 mal wiederholt!)
In AppTask search/appseq/testWithNopBitByteShiftIMulLogic.seq(Gesamt: 10139) sind aus ProtTask search/taskseq/m4x4smul_SIMD.seq (Gesamt: 2328)  1972 Einträge vorhanden! (Der Prottask wurde aufgrund der Größe des AppTask 1 mal wiederholt!)
In AppTask search/appseq/testWithNopBitByteShiftIMulLogic.seq(Gesamt: 10139) sind aus ProtTask search/taskseq/dmul64_SIMD.seq (Gesamt: 2114)  1870 Einträge vorhanden! (Der Prottask wurde aufgrund der Größe des AppTask 1 mal wiederholt!)
In AppTask search/appseq/testWithNopBitByteShiftIMulLogic.seq(Gesamt: 10139) sind aus ProtTask search/taskseq/dmul.seq (Gesamt: 2062)  1883 Einträge vorhanden! (Der Prottask wurde aufgrund der Größe des AppTask 1 mal wiederholt!)
In AppTask search/appseq/testWithNopBitByteShiftIMulLogic.seq(Gesamt: 10139) sind aus ProtTask search/taskseq/m4x4smul.seq (Gesamt: 1999)  1891 Einträge vorhanden! (Der Prottask wurde aufgrund der Größe des AppTask 1 mal wiederholt!)
In AppTask search/appseq/testWithNopBitByteShiftIMulLogic.seq(Gesamt: 10139) sind aus ProtTask search/taskseq/iadd.seq (Gesamt: 2039)  1933 Einträge vorhanden! (Der Prottask wurde aufgrund der Größe des AppTask 1 mal wiederholt!)
In AppTask search/appseq/testWithNopBitByteShiftIMulLogic.seq(Gesamt: 10139) sind aus ProtTask search/taskseq/logic.seq (Gesamt: 2036)  1930 Einträge vorhanden! (Der Prottask wurde aufgrund der Größe des AppTask 1 mal wiederholt!)
In AppTask search/appseq/testWithNopBitByteShiftIMulLogic.seq(Gesamt: 10139) sind aus ProtTask search/taskseq/imul.seq (Gesamt: 2071)  1965 Einträge vorhanden! (Der Prottask wurde aufgrund der Größe des AppTask 1 mal wiederholt!)
In AppTask search/appseq/testWithNopBitByteShiftIMulLogic.seq(Gesamt: 10139) sind aus ProtTask search/taskseq/dmem64_SIMD.seq (Gesamt: 2081)  1943 Einträge vorhanden! (Der Prottask wurde aufgrund der Größe des AppTask 1 mal wiederholt!)
In AppTask search/appseq/testWithNopBitByteShiftIMulLogic.seq(Gesamt: 10139) sind aus ProtTask search/taskseq/ssub32_SIMD.seq (Gesamt: 2114)  1870 Einträge vorhanden! (Der Prottask wurde aufgrund der Größe des AppTask 1 mal wiederholt!)
In AppTask search/appseq/testWithNopBitByteShiftIMulLogic.seq(Gesamt: 10139) sind aus ProtTask search/taskseq/vmov_SIMD.seq (Gesamt: 2157)  1993 Einträge vorhanden! (Der Prottask wurde aufgrund der Größe des AppTask 1 mal wiederholt!)
In AppTask search/appseq/testWithNopBitByteShiftIMulLogic.seq(Gesamt: 10139) sind aus ProtTask search/taskseq/smul32_SIMD.seq (Gesamt: 2114)  1870 Einträge vorhanden! (Der Prottask wurde aufgrund der Größe des AppTask 1 mal wiederholt!)
In AppTask search/appseq/testWithNopBitByteShiftIMulLogic.seq(Gesamt: 10139) sind aus ProtTask search/taskseq/shift.seq (Gesamt: 1996)  1890 Einträge vorhanden! (Der Prottask wurde aufgrund der Größe des AppTask 1 mal wiederholt!)
In AppTask search/appseq/testWithNopBitByteShiftIMulLogic.seq(Gesamt: 10139) sind aus ProtTask search/taskseq/smem32_SIMD.seq (Gesamt: 45)  40 Einträge vorhanden! (Der Prottask wurde aufgrund der Größe des AppTask 1 mal wiederholt!)
In AppTask search/appseq/testWithNopBitByteShiftIMulLogic.seq(Gesamt: 10139) sind aus ProtTask search/taskseq/nop.seq (Gesamt: 1999)  1881 Einträge vorhanden! (Der Prottask wurde aufgrund der Größe des AppTask 1 mal wiederholt!)
In AppTask search/appseq/testWithNopBitByteShiftIMulLogic.seq(Gesamt: 10139) sind aus ProtTask search/taskseq/vconvert_SIMD.seq (Gesamt: 2090)  1936 Einträge vorhanden! (Der Prottask wurde aufgrund der Größe des AppTask 1 mal wiederholt!)
In AppTask search/appseq/testWithNopBitByteShiftIMulLogic.seq(Gesamt: 10139) sind aus ProtTask search/taskseq/imov.seq (Gesamt: 1996)  1889 Einträge vorhanden! (Der Prottask wurde aufgrund der Größe des AppTask 1 mal wiederholt!)
In AppTask search/appseq/testWithNopBitByteShiftIMulLogic.seq(Gesamt: 10139) sind aus ProtTask search/taskseq/imem.seq (Gesamt: 2080)  1948 Einträge vorhanden! (Der Prottask wurde aufgrund der Größe des AppTask 1 mal wiederholt!)
In AppTask search/appseq/testWithNopBitByteShiftIMulLogic.seq(Gesamt: 10139) sind aus ProtTask search/taskseq/icompare.seq (Gesamt: 2095)  1972 Einträge vorhanden! (Der Prottask wurde aufgrund der Größe des AppTask 1 mal wiederholt!)
In AppTask search/appseq/testWithNopBitByteShiftIMulLogic.seq(Gesamt: 10139) sind aus ProtTask search/taskseq/branch.seq (Gesamt: 1997)  1879 Einträge vorhanden! (Der Prottask wurde aufgrund der Größe des AppTask 1 mal wiederholt!)
In AppTask search/appseq/testWithNopBitByteShiftIMulLogic.seq(Gesamt: 10139) sind aus ProtTask search/taskseq/bitbyte.seq (Gesamt: 2037)  1930 Einträge vorhanden! (Der Prottask wurde aufgrund der Größe des AppTask 1 mal wiederholt!)
In AppTask search/appseq/testWithNopBitByteShiftIMulLogic.seq(Gesamt: 10139) sind aus ProtTask search/taskseq/v1x4smul_SIMD.seq (Gesamt: 2287)  1929 Einträge vorhanden! (Der Prottask wurde aufgrund der Größe des AppTask 1 mal wiederholt!)
In AppTask search/appseq/testWithNopBitByteShiftIMulLogic.seq(Gesamt: 10139) sind aus ProtTask search/taskseq/dmem.seq (Gesamt: 2091)  1946 Einträge vorhanden! (Der Prottask wurde aufgrund der Größe des AppTask 1 mal wiederholt!)
In AppTask search/appseq/testWithNopBitByteShiftIMulLogic.seq(Gesamt: 10139) sind aus ProtTask search/taskseq/dsub64_SIMD.seq (Gesamt: 2114)  1868 Einträge vorhanden! (Der Prottask wurde aufgrund der Größe des AppTask 1 mal wiederholt!)
In AppTask search/appseq/testWithNopBitByteShiftIMulLogic.seq(Gesamt: 10139) sind aus ProtTask search/taskseq/dadd.seq (Gesamt: 2062)  1878 Einträge vorhanden! (Der Prottask wurde aufgrund der Größe des AppTask 1 mal wiederholt!)
In AppTask search/appseq/testWithNopBitByteShiftIMulLogic.seq(Gesamt: 10139) sind aus ProtTask search/taskseq/m4x4smul_SIMD.seq (Gesamt: 2328)  1970 Einträge vorhanden! (Der Prottask wurde aufgrund der Größe des AppTask 1 mal wiederholt!)
In AppTask search/appseq/testWithNopBitByteShiftIMulLogic.seq(Gesamt: 10139) sind aus ProtTask search/taskseq/dmul64_SIMD.seq (Gesamt: 2114)  1868 Einträge vorhanden! (Der Prottask wurde aufgrund der Größe des AppTask 1 mal wiederholt!)
In AppTask search/appseq/testWithNopBitByteShiftIMulLogic.seq(Gesamt: 10139) sind aus ProtTask search/taskseq/dmul.seq (Gesamt: 2062)  1878 Einträge vorhanden! (Der Prottask wurde aufgrund der Größe des AppTask 1 mal wiederholt!)
In AppTask search/appseq/testWithNopBitByteShiftIMulLogic.seq(Gesamt: 10139) sind aus ProtTask search/taskseq/m4x4smul.seq (Gesamt: 1999)  1890 Einträge vorhanden! (Der Prottask wurde aufgrund der Größe des AppTask 1 mal wiederholt!)
In AppTask search/appseq/testWithNopBitByteShiftIMulLogic.seq(Gesamt: 10139) sind aus ProtTask search/taskseq/iadd.seq (Gesamt: 2039)  1932 Einträge vorhanden! (Der Prottask wurde aufgrund der Größe des AppTask 1 mal wiederholt!)
In AppTask search/appseq/testWithNopBitByteShiftIMulLogic.seq(Gesamt: 10139) sind aus ProtTask search/taskseq/logic.seq (Gesamt: 2036)  1929 Einträge vorhanden! (Der Prottask wurde aufgrund der Größe des AppTask 1 mal wiederholt!)
In AppTask search/appseq/testWithNopBitByteShiftIMulLogic.seq(Gesamt: 10139) sind aus ProtTask search/taskseq/imul.seq (Gesamt: 2071)  1964 Einträge vorhanden! (Der Prottask wurde aufgrund der Größe des AppTask 1 mal wiederholt!)
In AppTask search/appseq/testWithNopBitByteShiftIMulLogic.seq(Gesamt: 10139) sind aus ProtTask search/taskseq/dmem64_SIMD.seq (Gesamt: 2081)  1941 Einträge vorhanden! (Der Prottask wurde aufgrund der Größe des AppTask 1 mal wiederholt!)
In AppTask search/appseq/testWithNopBitByteShiftIMulLogic.seq(Gesamt: 10139) sind aus ProtTask search/taskseq/ssub32_SIMD.seq (Gesamt: 2114)  1868 Einträge vorhanden! (Der Prottask wurde aufgrund der Größe des AppTask 1 mal wiederholt!)
In AppTask search/appseq/testWithNopBitByteShiftIMulLogic.seq(Gesamt: 10139) sind aus ProtTask search/taskseq/vmov_SIMD.seq (Gesamt: 2157)  1991 Einträge vorhanden! (Der Prottask wurde aufgrund der Größe des AppTask 1 mal wiederholt!)
In AppTask search/appseq/testWithNopBitByteShiftIMulLogic.seq(Gesamt: 10139) sind aus ProtTask search/taskseq/smul32_SIMD.seq (Gesamt: 2114)  1868 Einträge vorhanden! (Der Prottask wurde aufgrund der Größe des AppTask 1 mal wiederholt!)
In AppTask search/appseq/testWithNopBitByteShiftIMulLogic.seq(Gesamt: 10139) sind aus ProtTask search/taskseq/shift.seq (Gesamt: 1996)  1889 Einträge vorhanden! (Der Prottask wurde aufgrund der Größe des AppTask 1 mal wiederholt!)
In AppTask search/appseq/testWithNopBitByteShiftIMulLogic.seq(Gesamt: 10139) sind aus ProtTask search/taskseq/smem32_SIMD.seq (Gesamt: 45)  40 Einträge vorhanden! (Der Prottask wurde aufgrund der Größe des AppTask 1 mal wiederholt!)
In AppTask search/appseq/testWithNopBitByteShiftIMulLogic.seq(Gesamt: 10139) sind aus ProtTask search/taskseq/nop.seq (Gesamt: 1999)  1876 Einträge vorhanden! (Der Prottask wurde aufgrund der Größe des AppTask 1 mal wiederholt!)
In AppTask search/appseq/testWithNopBitByteShiftIMulLogic.seq(Gesamt: 10139) sind aus ProtTask search/taskseq/vconvert_SIMD.seq (Gesamt: 2090)  1935 Einträge vorhanden! (Der Prottask wurde aufgrund der Größe des AppTask 1 mal wiederholt!)
In AppTask search/appseq/testWithNopBitByteShiftIMulLogic.seq(Gesamt: 10139) sind aus ProtTask search/taskseq/imov.seq (Gesamt: 1996)  1887 Einträge vorhanden! (Der Prottask wurde aufgrund der Größe des AppTask 1 mal wiederholt!)
In AppTask search/appseq/testWithNopBitByteShiftIMulLogic.seq(Gesamt: 10139) sind aus ProtTask search/taskseq/imem.seq (Gesamt: 2080)  1944 Einträge vorhanden! (Der Prottask wurde aufgrund der Größe des AppTask 1 mal wiederholt!)
In AppTask search/appseq/testWithNopBitByteShiftIMulLogic.seq(Gesamt: 10139) sind aus ProtTask search/taskseq/icompare.seq (Gesamt: 2095)  1968 Einträge vorhanden! (Der Prottask wurde aufgrund der Größe des AppTask 1 mal wiederholt!)
In AppTask search/appseq/testWithNopBitByteShiftIMulLogic.seq(Gesamt: 10139) sind aus ProtTask search/taskseq/branch.seq (Gesamt: 1997)  1874 Einträge vorhanden! (Der Prottask wurde aufgrund der Größe des AppTask 1 mal wiederholt!)
In AppTask search/appseq/testWithNopBitByteShiftIMulLogic.seq(Gesamt: 10139) sind aus ProtTask search/taskseq/bitbyte.seq (Gesamt: 2037)  1930 Einträge vorhanden! (Der Prottask wurde aufgrund der Größe des AppTask 1 mal wiederholt!)
In AppTask search/appseq/testWithNopBitByteShiftIMulLogic.seq(Gesamt: 10139) sind aus ProtTask search/taskseq/v1x4smul_SIMD.seq (Gesamt: 2287)  1928 Einträge vorhanden! (Der Prottask wurde aufgrund der Größe des AppTask 1 mal wiederholt!)
In AppTask search/appseq/testWithNopBitByteShiftIMulLogic.seq(Gesamt: 10139) sind aus ProtTask search/taskseq/dmem.seq (Gesamt: 2091)  1943 Einträge vorhanden! (Der Prottask wurde aufgrund der Größe des AppTask 1 mal wiederholt!)
In AppTask search/appseq/testWithNopBitByteShiftIMulLogic.seq(Gesamt: 10139) sind aus ProtTask search/taskseq/dsub64_SIMD.seq (Gesamt: 2114)  1867 Einträge vorhanden! (Der Prottask wurde aufgrund der Größe des AppTask 1 mal wiederholt!)
In AppTask search/appseq/testWithNopBitByteShiftIMulLogic.seq(Gesamt: 10139) sind aus ProtTask search/taskseq/dadd.seq (Gesamt: 2062)  1874 Einträge vorhanden! (Der Prottask wurde aufgrund der Größe des AppTask 1 mal wiederholt!)
In AppTask search/appseq/testWithNopBitByteShiftIMulLogic.seq(Gesamt: 10139) sind aus ProtTask search/taskseq/m4x4smul_SIMD.seq (Gesamt: 2328)  1969 Einträge vorhanden! (Der Prottask wurde aufgrund der Größe des AppTask 1 mal wiederholt!)
In AppTask search/appseq/testWithNopBitByteShiftIMulLogic.seq(Gesamt: 10139) sind aus ProtTask search/taskseq/dmul64_SIMD.seq (Gesamt: 2114)  1867 Einträge vorhanden! (Der Prottask wurde aufgrund der Größe des AppTask 1 mal wiederholt!)
In AppTask search/appseq/testWithNopBitByteShiftIMulLogic.seq(Gesamt: 10139) sind aus ProtTask search/taskseq/dmul.seq (Gesamt: 2062)  1874 Einträge vorhanden! (Der Prottask wurde aufgrund der Größe des AppTask 1 mal wiederholt!)
In AppTask search/appseq/testWithNopBitByteShiftIMulLogic.seq(Gesamt: 10139) sind aus ProtTask search/taskseq/m4x4smul.seq (Gesamt: 1999)  1890 Einträge vorhanden! (Der Prottask wurde aufgrund der Größe des AppTask 1 mal wiederholt!)
In AppTask search/appseq/testWithNopBitByteShiftIMulLogic.seq(Gesamt: 10139) sind aus ProtTask search/taskseq/iadd.seq (Gesamt: 2039)  1932 Einträge vorhanden! (Der Prottask wurde aufgrund der Größe des AppTask 1 mal wiederholt!)
In AppTask search/appseq/testWithNopBitByteShiftIMulLogic.seq(Gesamt: 10139) sind aus ProtTask search/taskseq/logic.seq (Gesamt: 2036)  1929 Einträge vorhanden! (Der Prottask wurde aufgrund der Größe des AppTask 1 mal wiederholt!)
In AppTask search/appseq/testWithNopBitByteShiftIMulLogic.seq(Gesamt: 10139) sind aus ProtTask search/taskseq/imul.seq (Gesamt: 2071)  1957 Einträge vorhanden! (Der Prottask wurde aufgrund der Größe des AppTask 1 mal wiederholt!)
In AppTask search/appseq/testWithNopBitByteShiftIMulLogic.seq(Gesamt: 10139) sind aus ProtTask search/taskseq/dmem64_SIMD.seq (Gesamt: 2081)  1940 Einträge vorhanden! (Der Prottask wurde aufgrund der Größe des AppTask 1 mal wiederholt!)
In AppTask search/appseq/testWithNopBitByteShiftIMulLogic.seq(Gesamt: 10139) sind aus ProtTask search/taskseq/ssub32_SIMD.seq (Gesamt: 2114)  1867 Einträge vorhanden! (Der Prottask wurde aufgrund der Größe des AppTask 1 mal wiederholt!)
In AppTask search/appseq/testWithNopBitByteShiftIMulLogic.seq(Gesamt: 10139) sind aus ProtTask search/taskseq/vmov_SIMD.seq (Gesamt: 2157)  1990 Einträge vorhanden! (Der Prottask wurde aufgrund der Größe des AppTask 1 mal wiederholt!)
In AppTask search/appseq/testWithNopBitByteShiftIMulLogic.seq(Gesamt: 10139) sind aus ProtTask search/taskseq/smul32_SIMD.seq (Gesamt: 2114)  1867 Einträge vorhanden! (Der Prottask wurde aufgrund der Größe des AppTask 1 mal wiederholt!)
In AppTask search/appseq/testWithNopBitByteShiftIMulLogic.seq(Gesamt: 10139) sind aus ProtTask search/taskseq/shift.seq (Gesamt: 1996)  1889 Einträge vorhanden! (Der Prottask wurde aufgrund der Größe des AppTask 1 mal wiederholt!)
In AppTask search/appseq/testWithNopBitByteShiftIMulLogic.seq(Gesamt: 10139) sind aus ProtTask search/taskseq/smem32_SIMD.seq (Gesamt: 45)  40 Einträge vorhanden! (Der Prottask wurde aufgrund der Größe des AppTask 1 mal wiederholt!)
In AppTask search/appseq/testWithNopBitByteShiftIMulLogic.seq(Gesamt: 10139) sind aus ProtTask search/taskseq/nop.seq (Gesamt: 1999)  1793 Einträge vorhanden! (Der Prottask wurde aufgrund der Größe des AppTask 1 mal wiederholt!)
In AppTask search/appseq/testWithNopBitByteShiftIMulLogic.seq(Gesamt: 10139) sind aus ProtTask search/taskseq/vconvert_SIMD.seq (Gesamt: 2090)  1789 Einträge vorhanden! (Der Prottask wurde aufgrund der Größe des AppTask 1 mal wiederholt!)
In AppTask search/appseq/testWithNopBitByteShiftIMulLogic.seq(Gesamt: 10139) sind aus ProtTask search/taskseq/imov.seq (Gesamt: 1996)  1792 Einträge vorhanden! (Der Prottask wurde aufgrund der Größe des AppTask 1 mal wiederholt!)
In AppTask search/appseq/testWithNopBitByteShiftIMulLogic.seq(Gesamt: 10139) sind aus ProtTask search/taskseq/imem.seq (Gesamt: 2080)  1796 Einträge vorhanden! (Der Prottask wurde aufgrund der Größe des AppTask 1 mal wiederholt!)
In AppTask search/appseq/testWithNopBitByteShiftIMulLogic.seq(Gesamt: 10139) sind aus ProtTask search/taskseq/icompare.seq (Gesamt: 2095)  1791 Einträge vorhanden! (Der Prottask wurde aufgrund der Größe des AppTask 1 mal wiederholt!)
In AppTask search/appseq/testWithNopBitByteShiftIMulLogic.seq(Gesamt: 10139) sind aus ProtTask search/taskseq/branch.seq (Gesamt: 1997)  1792 Einträge vorhanden! (Der Prottask wurde aufgrund der Größe des AppTask 1 mal wiederholt!)
In AppTask search/appseq/testWithNopBitByteShiftIMulLogic.seq(Gesamt: 10139) sind aus ProtTask search/taskseq/bitbyte.seq (Gesamt: 2037)  1812 Einträge vorhanden! (Der Prottask wurde aufgrund der Größe des AppTask 1 mal wiederholt!)
In AppTask search/appseq/testWithNopBitByteShiftIMulLogic.seq(Gesamt: 10139) sind aus ProtTask search/taskseq/v1x4smul_SIMD.seq (Gesamt: 2287)  1789 Einträge vorhanden! (Der Prottask wurde aufgrund der Größe des AppTask 1 mal wiederholt!)
In AppTask search/appseq/testWithNopBitByteShiftIMulLogic.seq(Gesamt: 10139) sind aus ProtTask search/taskseq/dmem.seq (Gesamt: 2091)  1793 Einträge vorhanden! (Der Prottask wurde aufgrund der Größe des AppTask 1 mal wiederholt!)
In AppTask search/appseq/testWithNopBitByteShiftIMulLogic.seq(Gesamt: 10139) sind aus ProtTask search/taskseq/dsub64_SIMD.seq (Gesamt: 2114)  1789 Einträge vorhanden! (Der Prottask wurde aufgrund der Größe des AppTask 1 mal wiederholt!)
In AppTask search/appseq/testWithNopBitByteShiftIMulLogic.seq(Gesamt: 10139) sind aus ProtTask search/taskseq/dadd.seq (Gesamt: 2062)  1792 Einträge vorhanden! (Der Prottask wurde aufgrund der Größe des AppTask 1 mal wiederholt!)
In AppTask search/appseq/testWithNopBitByteShiftIMulLogic.seq(Gesamt: 10139) sind aus ProtTask search/taskseq/m4x4smul_SIMD.seq (Gesamt: 2328)  1790 Einträge vorhanden! (Der Prottask wurde aufgrund der Größe des AppTask 1 mal wiederholt!)
In AppTask search/appseq/testWithNopBitByteShiftIMulLogic.seq(Gesamt: 10139) sind aus ProtTask search/taskseq/dmul64_SIMD.seq (Gesamt: 2114)  1789 Einträge vorhanden! (Der Prottask wurde aufgrund der Größe des AppTask 1 mal wiederholt!)
In AppTask search/appseq/testWithNopBitByteShiftIMulLogic.seq(Gesamt: 10139) sind aus ProtTask search/taskseq/dmul.seq (Gesamt: 2062)  1792 Einträge vorhanden! (Der Prottask wurde aufgrund der Größe des AppTask 1 mal wiederholt!)
In AppTask search/appseq/testWithNopBitByteShiftIMulLogic.seq(Gesamt: 10139) sind aus ProtTask search/taskseq/m4x4smul.seq (Gesamt: 1999)  1793 Einträge vorhanden! (Der Prottask wurde aufgrund der Größe des AppTask 1 mal wiederholt!)
In AppTask search/appseq/testWithNopBitByteShiftIMulLogic.seq(Gesamt: 10139) sind aus ProtTask search/taskseq/iadd.seq (Gesamt: 2039)  1792 Einträge vorhanden! (Der Prottask wurde aufgrund der Größe des AppTask 1 mal wiederholt!)
In AppTask search/appseq/testWithNopBitByteShiftIMulLogic.seq(Gesamt: 10139) sind aus ProtTask search/taskseq/logic.seq (Gesamt: 2036)  1812 Einträge vorhanden! (Der Prottask wurde aufgrund der Größe des AppTask 1 mal wiederholt!)
In AppTask search/appseq/testWithNopBitByteShiftIMulLogic.seq(Gesamt: 10139) sind aus ProtTask search/taskseq/imul.seq (Gesamt: 2071)  1792 Einträge vorhanden! (Der Prottask wurde aufgrund der Größe des AppTask 1 mal wiederholt!)
In AppTask search/appseq/testWithNopBitByteShiftIMulLogic.seq(Gesamt: 10139) sind aus ProtTask search/taskseq/dmem64_SIMD.seq (Gesamt: 2081)  1790 Einträge vorhanden! (Der Prottask wurde aufgrund der Größe des AppTask 1 mal wiederholt!)
In AppTask search/appseq/testWithNopBitByteShiftIMulLogic.seq(Gesamt: 10139) sind aus ProtTask search/taskseq/ssub32_SIMD.seq (Gesamt: 2114)  1789 Einträge vorhanden! (Der Prottask wurde aufgrund der Größe des AppTask 1 mal wiederholt!)
In AppTask search/appseq/testWithNopBitByteShiftIMulLogic.seq(Gesamt: 10139) sind aus ProtTask search/taskseq/vmov_SIMD.seq (Gesamt: 2157)  1789 Einträge vorhanden! (Der Prottask wurde aufgrund der Größe des AppTask 1 mal wiederholt!)
In AppTask search/appseq/testWithNopBitByteShiftIMulLogic.seq(Gesamt: 10139) sind aus ProtTask search/taskseq/smul32_SIMD.seq (Gesamt: 2114)  1789 Einträge vorhanden! (Der Prottask wurde aufgrund der Größe des AppTask 1 mal wiederholt!)
In AppTask search/appseq/testWithNopBitByteShiftIMulLogic.seq(Gesamt: 10139) sind aus ProtTask search/taskseq/shift.seq (Gesamt: 1996)  1812 Einträge vorhanden! (Der Prottask wurde aufgrund der Größe des AppTask 1 mal wiederholt!)
In AppTask search/appseq/testWithNopBitByteShiftIMulLogic.seq(Gesamt: 10139) sind aus ProtTask search/taskseq/smem32_SIMD.seq (Gesamt: 45)  38 Einträge vorhanden! (Der Prottask wurde aufgrund der Größe des AppTask 1 mal wiederholt!)
Die ähnlichste ProttypTask für den AppTask search/appseq/testWithNopBitByteShiftIMulLogic.seq sind: 
search/taskseq/nop.seq
search/taskseq/imul.seq
search/taskseq/imul.seq
search/taskseq/iadd.seq
search/taskseq/shift.seq
