In AppTask search/appseq/sobelv.seq(228) sind aus ProtTask search/taskseq/nop.seq (1999)  0 Einträge vorhanden! (Prottask wurde0 mal ausgeführt!)
In AppTask search/appseq/sobelv.seq(228) sind aus ProtTask search/taskseq/vconvert_SIMD.seq (2090)  0 Einträge vorhanden! (Prottask wurde0 mal ausgeführt!)
In AppTask search/appseq/sobelv.seq(228) sind aus ProtTask search/taskseq/imov.seq (1996)  0 Einträge vorhanden! (Prottask wurde0 mal ausgeführt!)
In AppTask search/appseq/sobelv.seq(228) sind aus ProtTask search/taskseq/imem.seq (2080)  0 Einträge vorhanden! (Prottask wurde0 mal ausgeführt!)
In AppTask search/appseq/sobelv.seq(228) sind aus ProtTask search/taskseq/icompare.seq (2095)  0 Einträge vorhanden! (Prottask wurde0 mal ausgeführt!)
In AppTask search/appseq/sobelv.seq(228) sind aus ProtTask search/taskseq/branch.seq (1997)  0 Einträge vorhanden! (Prottask wurde0 mal ausgeführt!)
In AppTask search/appseq/sobelv.seq(228) sind aus ProtTask search/taskseq/bitbyte.seq (2037)  0 Einträge vorhanden! (Prottask wurde0 mal ausgeführt!)
In AppTask search/appseq/sobelv.seq(228) sind aus ProtTask search/taskseq/v1x4smul_SIMD.seq (2287)  0 Einträge vorhanden! (Prottask wurde0 mal ausgeführt!)
In AppTask search/appseq/sobelv.seq(228) sind aus ProtTask search/taskseq/dmem.seq (2091)  0 Einträge vorhanden! (Prottask wurde0 mal ausgeführt!)
In AppTask search/appseq/sobelv.seq(228) sind aus ProtTask search/taskseq/dsub64_SIMD.seq (2114)  0 Einträge vorhanden! (Prottask wurde0 mal ausgeführt!)
In AppTask search/appseq/sobelv.seq(228) sind aus ProtTask search/taskseq/dadd.seq (2062)  0 Einträge vorhanden! (Prottask wurde0 mal ausgeführt!)
In AppTask search/appseq/sobelv.seq(228) sind aus ProtTask search/taskseq/m4x4smul_SIMD.seq (2328)  0 Einträge vorhanden! (Prottask wurde0 mal ausgeführt!)
In AppTask search/appseq/sobelv.seq(228) sind aus ProtTask search/taskseq/dmul64_SIMD.seq (2114)  0 Einträge vorhanden! (Prottask wurde0 mal ausgeführt!)
In AppTask search/appseq/sobelv.seq(228) sind aus ProtTask search/taskseq/dmul.seq (2062)  0 Einträge vorhanden! (Prottask wurde0 mal ausgeführt!)
In AppTask search/appseq/sobelv.seq(228) sind aus ProtTask search/taskseq/m4x4smul.seq (1999)  0 Einträge vorhanden! (Prottask wurde0 mal ausgeführt!)
In AppTask search/appseq/sobelv.seq(228) sind aus ProtTask search/taskseq/iadd.seq (2039)  0 Einträge vorhanden! (Prottask wurde0 mal ausgeführt!)
In AppTask search/appseq/sobelv.seq(228) sind aus ProtTask search/taskseq/logic.seq (2036)  0 Einträge vorhanden! (Prottask wurde0 mal ausgeführt!)
In AppTask search/appseq/sobelv.seq(228) sind aus ProtTask search/taskseq/imul.seq (2071)  0 Einträge vorhanden! (Prottask wurde0 mal ausgeführt!)
In AppTask search/appseq/sobelv.seq(228) sind aus ProtTask search/taskseq/dmem64_SIMD.seq (2081)  0 Einträge vorhanden! (Prottask wurde0 mal ausgeführt!)
In AppTask search/appseq/sobelv.seq(228) sind aus ProtTask search/taskseq/ssub32_SIMD.seq (2114)  0 Einträge vorhanden! (Prottask wurde0 mal ausgeführt!)
In AppTask search/appseq/sobelv.seq(228) sind aus ProtTask search/taskseq/vmov_SIMD.seq (2157)  0 Einträge vorhanden! (Prottask wurde0 mal ausgeführt!)
In AppTask search/appseq/sobelv.seq(228) sind aus ProtTask search/taskseq/smul32_SIMD.seq (2114)  0 Einträge vorhanden! (Prottask wurde0 mal ausgeführt!)
In AppTask search/appseq/sobelv.seq(228) sind aus ProtTask search/taskseq/shift.seq (1996)  0 Einträge vorhanden! (Prottask wurde0 mal ausgeführt!)
In AppTask search/appseq/sobelv.seq(228) sind aus ProtTask search/taskseq/empty.seq (1373)  0 Einträge vorhanden! (Prottask wurde0 mal ausgeführt!)
In AppTask search/appseq/sobelv.seq(228) sind aus ProtTask search/taskseq/smem32_SIMD.seq (45)  114 Einträge vorhanden! (Prottask wurde5 mal ausgeführt!)

Der ähnlichste ProttypTask für search/appseq/sobelv.seq ist search/taskseq/smem32_SIMD.seq

In AppTask search/appseq/checkcontrast.seq(1922) sind aus ProtTask search/taskseq/nop.seq (1999)  0 Einträge vorhanden! (Prottask wurde0 mal ausgeführt!)
In AppTask search/appseq/checkcontrast.seq(1922) sind aus ProtTask search/taskseq/vconvert_SIMD.seq (2090)  0 Einträge vorhanden! (Prottask wurde0 mal ausgeführt!)
In AppTask search/appseq/checkcontrast.seq(1922) sind aus ProtTask search/taskseq/imov.seq (1996)  0 Einträge vorhanden! (Prottask wurde0 mal ausgeführt!)
In AppTask search/appseq/checkcontrast.seq(1922) sind aus ProtTask search/taskseq/imem.seq (2080)  0 Einträge vorhanden! (Prottask wurde0 mal ausgeführt!)
In AppTask search/appseq/checkcontrast.seq(1922) sind aus ProtTask search/taskseq/icompare.seq (2095)  0 Einträge vorhanden! (Prottask wurde0 mal ausgeführt!)
In AppTask search/appseq/checkcontrast.seq(1922) sind aus ProtTask search/taskseq/branch.seq (1997)  0 Einträge vorhanden! (Prottask wurde0 mal ausgeführt!)
In AppTask search/appseq/checkcontrast.seq(1922) sind aus ProtTask search/taskseq/bitbyte.seq (2037)  0 Einträge vorhanden! (Prottask wurde0 mal ausgeführt!)
In AppTask search/appseq/checkcontrast.seq(1922) sind aus ProtTask search/taskseq/v1x4smul_SIMD.seq (2287)  0 Einträge vorhanden! (Prottask wurde0 mal ausgeführt!)
In AppTask search/appseq/checkcontrast.seq(1922) sind aus ProtTask search/taskseq/dmem.seq (2091)  0 Einträge vorhanden! (Prottask wurde0 mal ausgeführt!)
In AppTask search/appseq/checkcontrast.seq(1922) sind aus ProtTask search/taskseq/dsub64_SIMD.seq (2114)  0 Einträge vorhanden! (Prottask wurde0 mal ausgeführt!)
In AppTask search/appseq/checkcontrast.seq(1922) sind aus ProtTask search/taskseq/dadd.seq (2062)  0 Einträge vorhanden! (Prottask wurde0 mal ausgeführt!)
In AppTask search/appseq/checkcontrast.seq(1922) sind aus ProtTask search/taskseq/m4x4smul_SIMD.seq (2328)  0 Einträge vorhanden! (Prottask wurde0 mal ausgeführt!)
In AppTask search/appseq/checkcontrast.seq(1922) sind aus ProtTask search/taskseq/dmul64_SIMD.seq (2114)  0 Einträge vorhanden! (Prottask wurde0 mal ausgeführt!)
In AppTask search/appseq/checkcontrast.seq(1922) sind aus ProtTask search/taskseq/dmul.seq (2062)  0 Einträge vorhanden! (Prottask wurde0 mal ausgeführt!)
In AppTask search/appseq/checkcontrast.seq(1922) sind aus ProtTask search/taskseq/m4x4smul.seq (1999)  0 Einträge vorhanden! (Prottask wurde0 mal ausgeführt!)
In AppTask search/appseq/checkcontrast.seq(1922) sind aus ProtTask search/taskseq/iadd.seq (2039)  0 Einträge vorhanden! (Prottask wurde0 mal ausgeführt!)
In AppTask search/appseq/checkcontrast.seq(1922) sind aus ProtTask search/taskseq/logic.seq (2036)  0 Einträge vorhanden! (Prottask wurde0 mal ausgeführt!)
In AppTask search/appseq/checkcontrast.seq(1922) sind aus ProtTask search/taskseq/imul.seq (2071)  0 Einträge vorhanden! (Prottask wurde0 mal ausgeführt!)
In AppTask search/appseq/checkcontrast.seq(1922) sind aus ProtTask search/taskseq/dmem64_SIMD.seq (2081)  0 Einträge vorhanden! (Prottask wurde0 mal ausgeführt!)
In AppTask search/appseq/checkcontrast.seq(1922) sind aus ProtTask search/taskseq/ssub32_SIMD.seq (2114)  0 Einträge vorhanden! (Prottask wurde0 mal ausgeführt!)
In AppTask search/appseq/checkcontrast.seq(1922) sind aus ProtTask search/taskseq/vmov_SIMD.seq (2157)  0 Einträge vorhanden! (Prottask wurde0 mal ausgeführt!)
In AppTask search/appseq/checkcontrast.seq(1922) sind aus ProtTask search/taskseq/smul32_SIMD.seq (2114)  0 Einträge vorhanden! (Prottask wurde0 mal ausgeführt!)
In AppTask search/appseq/checkcontrast.seq(1922) sind aus ProtTask search/taskseq/shift.seq (1996)  0 Einträge vorhanden! (Prottask wurde0 mal ausgeführt!)
In AppTask search/appseq/checkcontrast.seq(1922) sind aus ProtTask search/taskseq/empty.seq (1373)  1373 Einträge vorhanden! (Prottask wurde1 mal ausgeführt!)
In AppTask search/appseq/checkcontrast.seq(1922) sind aus ProtTask search/taskseq/smem32_SIMD.seq (45)  1010 Einträge vorhanden! (Prottask wurde42 mal ausgeführt!)

Der ähnlichste ProttypTask für search/appseq/checkcontrast.seq ist search/taskseq/empty.seq

In AppTask search/appseq/copyimage.seq(3590) sind aus ProtTask search/taskseq/nop.seq (1999)  1889 Einträge vorhanden! (Prottask wurde1 mal ausgeführt!)
In AppTask search/appseq/copyimage.seq(3590) sind aus ProtTask search/taskseq/vconvert_SIMD.seq (2090)  1948 Einträge vorhanden! (Prottask wurde1 mal ausgeführt!)
In AppTask search/appseq/copyimage.seq(3590) sind aus ProtTask search/taskseq/imov.seq (1996)  1884 Einträge vorhanden! (Prottask wurde1 mal ausgeführt!)
In AppTask search/appseq/copyimage.seq(3590) sind aus ProtTask search/taskseq/imem.seq (2080)  1947 Einträge vorhanden! (Prottask wurde1 mal ausgeführt!)
In AppTask search/appseq/copyimage.seq(3590) sind aus ProtTask search/taskseq/icompare.seq (2095)  1957 Einträge vorhanden! (Prottask wurde1 mal ausgeführt!)
In AppTask search/appseq/copyimage.seq(3590) sind aus ProtTask search/taskseq/branch.seq (1997)  1887 Einträge vorhanden! (Prottask wurde1 mal ausgeführt!)
In AppTask search/appseq/copyimage.seq(3590) sind aus ProtTask search/taskseq/bitbyte.seq (2037)  1928 Einträge vorhanden! (Prottask wurde1 mal ausgeführt!)
In AppTask search/appseq/copyimage.seq(3590) sind aus ProtTask search/taskseq/v1x4smul_SIMD.seq (2287)  1932 Einträge vorhanden! (Prottask wurde1 mal ausgeführt!)
In AppTask search/appseq/copyimage.seq(3590) sind aus ProtTask search/taskseq/dmem.seq (2091)  1952 Einträge vorhanden! (Prottask wurde1 mal ausgeführt!)
In AppTask search/appseq/copyimage.seq(3590) sind aus ProtTask search/taskseq/dsub64_SIMD.seq (2114)  1883 Einträge vorhanden! (Prottask wurde1 mal ausgeführt!)
In AppTask search/appseq/copyimage.seq(3590) sind aus ProtTask search/taskseq/dadd.seq (2062)  1884 Einträge vorhanden! (Prottask wurde1 mal ausgeführt!)
In AppTask search/appseq/copyimage.seq(3590) sind aus ProtTask search/taskseq/m4x4smul_SIMD.seq (2328)  1959 Einträge vorhanden! (Prottask wurde1 mal ausgeführt!)
In AppTask search/appseq/copyimage.seq(3590) sind aus ProtTask search/taskseq/dmul64_SIMD.seq (2114)  1883 Einträge vorhanden! (Prottask wurde1 mal ausgeführt!)
In AppTask search/appseq/copyimage.seq(3590) sind aus ProtTask search/taskseq/dmul.seq (2062)  1884 Einträge vorhanden! (Prottask wurde1 mal ausgeführt!)
In AppTask search/appseq/copyimage.seq(3590) sind aus ProtTask search/taskseq/m4x4smul.seq (1999)  1903 Einträge vorhanden! (Prottask wurde1 mal ausgeführt!)
In AppTask search/appseq/copyimage.seq(3590) sind aus ProtTask search/taskseq/iadd.seq (2039)  1925 Einträge vorhanden! (Prottask wurde1 mal ausgeführt!)
In AppTask search/appseq/copyimage.seq(3590) sind aus ProtTask search/taskseq/logic.seq (2036)  1930 Einträge vorhanden! (Prottask wurde1 mal ausgeführt!)
In AppTask search/appseq/copyimage.seq(3590) sind aus ProtTask search/taskseq/imul.seq (2071)  1945 Einträge vorhanden! (Prottask wurde1 mal ausgeführt!)
In AppTask search/appseq/copyimage.seq(3590) sind aus ProtTask search/taskseq/dmem64_SIMD.seq (2081)  1942 Einträge vorhanden! (Prottask wurde1 mal ausgeführt!)
In AppTask search/appseq/copyimage.seq(3590) sind aus ProtTask search/taskseq/ssub32_SIMD.seq (2114)  1883 Einträge vorhanden! (Prottask wurde1 mal ausgeführt!)
In AppTask search/appseq/copyimage.seq(3590) sind aus ProtTask search/taskseq/vmov_SIMD.seq (2157)  1985 Einträge vorhanden! (Prottask wurde1 mal ausgeführt!)
In AppTask search/appseq/copyimage.seq(3590) sind aus ProtTask search/taskseq/smul32_SIMD.seq (2114)  1883 Einträge vorhanden! (Prottask wurde1 mal ausgeführt!)
In AppTask search/appseq/copyimage.seq(3590) sind aus ProtTask search/taskseq/shift.seq (1996)  1899 Einträge vorhanden! (Prottask wurde1 mal ausgeführt!)
In AppTask search/appseq/copyimage.seq(3590) sind aus ProtTask search/taskseq/empty.seq (1373)  2374 Einträge vorhanden! (Prottask wurde2 mal ausgeführt!)
In AppTask search/appseq/copyimage.seq(3590) sind aus ProtTask search/taskseq/smem32_SIMD.seq (45)  1940 Einträge vorhanden! (Prottask wurde79 mal ausgeführt!)

Der ähnlichste ProttypTask für search/appseq/copyimage.seq ist search/taskseq/empty.seq

In AppTask search/appseq/combineimgs.seq(8295) sind aus ProtTask search/taskseq/nop.seq (1999)  4898 Einträge vorhanden! (Prottask wurde4 mal ausgeführt!)
In AppTask search/appseq/combineimgs.seq(8295) sind aus ProtTask search/taskseq/vconvert_SIMD.seq (2090)  4249 Einträge vorhanden! (Prottask wurde3 mal ausgeführt!)
In AppTask search/appseq/combineimgs.seq(8295) sind aus ProtTask search/taskseq/imov.seq (1996)  4848 Einträge vorhanden! (Prottask wurde4 mal ausgeführt!)
In AppTask search/appseq/combineimgs.seq(8295) sind aus ProtTask search/taskseq/imem.seq (2080)  4186 Einträge vorhanden! (Prottask wurde3 mal ausgeführt!)
In AppTask search/appseq/combineimgs.seq(8295) sind aus ProtTask search/taskseq/icompare.seq (2095)  4142 Einträge vorhanden! (Prottask wurde3 mal ausgeführt!)
In AppTask search/appseq/combineimgs.seq(8295) sind aus ProtTask search/taskseq/branch.seq (1997)  4898 Einträge vorhanden! (Prottask wurde4 mal ausgeführt!)
In AppTask search/appseq/combineimgs.seq(8295) sind aus ProtTask search/taskseq/bitbyte.seq (2037)  5022 Einträge vorhanden! (Prottask wurde4 mal ausgeführt!)
In AppTask search/appseq/combineimgs.seq(8295) sind aus ProtTask search/taskseq/v1x4smul_SIMD.seq (2287)  4222 Einträge vorhanden! (Prottask wurde3 mal ausgeführt!)
In AppTask search/appseq/combineimgs.seq(8295) sind aus ProtTask search/taskseq/dmem.seq (2091)  4207 Einträge vorhanden! (Prottask wurde3 mal ausgeführt!)
In AppTask search/appseq/combineimgs.seq(8295) sind aus ProtTask search/taskseq/dsub64_SIMD.seq (2114)  4060 Einträge vorhanden! (Prottask wurde3 mal ausgeführt!)
In AppTask search/appseq/combineimgs.seq(8295) sind aus ProtTask search/taskseq/dadd.seq (2062)  4846 Einträge vorhanden! (Prottask wurde4 mal ausgeführt!)
In AppTask search/appseq/combineimgs.seq(8295) sind aus ProtTask search/taskseq/m4x4smul_SIMD.seq (2328)  4354 Einträge vorhanden! (Prottask wurde3 mal ausgeführt!)
In AppTask search/appseq/combineimgs.seq(8295) sind aus ProtTask search/taskseq/dmul64_SIMD.seq (2114)  4060 Einträge vorhanden! (Prottask wurde3 mal ausgeführt!)
In AppTask search/appseq/combineimgs.seq(8295) sind aus ProtTask search/taskseq/dmul.seq (2062)  4846 Einträge vorhanden! (Prottask wurde4 mal ausgeführt!)
In AppTask search/appseq/combineimgs.seq(8295) sind aus ProtTask search/taskseq/m4x4smul.seq (1999)  4900 Einträge vorhanden! (Prottask wurde4 mal ausgeführt!)
In AppTask search/appseq/combineimgs.seq(8295) sind aus ProtTask search/taskseq/iadd.seq (2039)  5088 Einträge vorhanden! (Prottask wurde4 mal ausgeführt!)
In AppTask search/appseq/combineimgs.seq(8295) sind aus ProtTask search/taskseq/logic.seq (2036)  5006 Einträge vorhanden! (Prottask wurde4 mal ausgeführt!)
In AppTask search/appseq/combineimgs.seq(8295) sind aus ProtTask search/taskseq/imul.seq (2071)  5168 Einträge vorhanden! (Prottask wurde4 mal ausgeführt!)
In AppTask search/appseq/combineimgs.seq(8295) sind aus ProtTask search/taskseq/dmem64_SIMD.seq (2081)  4273 Einträge vorhanden! (Prottask wurde3 mal ausgeführt!)
In AppTask search/appseq/combineimgs.seq(8295) sind aus ProtTask search/taskseq/ssub32_SIMD.seq (2114)  4060 Einträge vorhanden! (Prottask wurde3 mal ausgeführt!)
In AppTask search/appseq/combineimgs.seq(8295) sind aus ProtTask search/taskseq/vmov_SIMD.seq (2157)  4426 Einträge vorhanden! (Prottask wurde3 mal ausgeführt!)
In AppTask search/appseq/combineimgs.seq(8295) sind aus ProtTask search/taskseq/smul32_SIMD.seq (2114)  4060 Einträge vorhanden! (Prottask wurde3 mal ausgeführt!)
In AppTask search/appseq/combineimgs.seq(8295) sind aus ProtTask search/taskseq/shift.seq (1996)  4846 Einträge vorhanden! (Prottask wurde4 mal ausgeführt!)
In AppTask search/appseq/combineimgs.seq(8295) sind aus ProtTask search/taskseq/empty.seq (1373)  4858 Einträge vorhanden! (Prottask wurde6 mal ausgeführt!)
In AppTask search/appseq/combineimgs.seq(8295) sind aus ProtTask search/taskseq/smem32_SIMD.seq (45)  4034 Einträge vorhanden! (Prottask wurde184 mal ausgeführt!)

Der ähnlichste ProttypTask für search/appseq/combineimgs.seq ist search/taskseq/imul.seq

In AppTask search/appseq/sharpencontrast.seq(17599) sind aus ProtTask search/taskseq/nop.seq (1999)  9207 Einträge vorhanden! (Prottask wurde8 mal ausgeführt!)
In AppTask search/appseq/sharpencontrast.seq(17599) sind aus ProtTask search/taskseq/vconvert_SIMD.seq (2090)  9643 Einträge vorhanden! (Prottask wurde8 mal ausgeführt!)
In AppTask search/appseq/sharpencontrast.seq(17599) sind aus ProtTask search/taskseq/imov.seq (1996)  9139 Einträge vorhanden! (Prottask wurde8 mal ausgeführt!)
In AppTask search/appseq/sharpencontrast.seq(17599) sind aus ProtTask search/taskseq/imem.seq (2080)  9475 Einträge vorhanden! (Prottask wurde8 mal ausgeführt!)
In AppTask search/appseq/sharpencontrast.seq(17599) sind aus ProtTask search/taskseq/icompare.seq (2095)  9299 Einträge vorhanden! (Prottask wurde8 mal ausgeführt!)
In AppTask search/appseq/sharpencontrast.seq(17599) sind aus ProtTask search/taskseq/branch.seq (1997)  9207 Einträge vorhanden! (Prottask wurde8 mal ausgeführt!)
In AppTask search/appseq/sharpencontrast.seq(17599) sind aus ProtTask search/taskseq/bitbyte.seq (2037)  9491 Einträge vorhanden! (Prottask wurde8 mal ausgeführt!)
In AppTask search/appseq/sharpencontrast.seq(17599) sind aus ProtTask search/taskseq/v1x4smul_SIMD.seq (2287)  8749 Einträge vorhanden! (Prottask wurde7 mal ausgeführt!)
In AppTask search/appseq/sharpencontrast.seq(17599) sind aus ProtTask search/taskseq/dmem.seq (2091)  9531 Einträge vorhanden! (Prottask wurde8 mal ausgeführt!)
In AppTask search/appseq/sharpencontrast.seq(17599) sind aus ProtTask search/taskseq/dsub64_SIMD.seq (2114)  9139 Einträge vorhanden! (Prottask wurde8 mal ausgeführt!)
In AppTask search/appseq/sharpencontrast.seq(17599) sind aus ProtTask search/taskseq/dadd.seq (2062)  9139 Einträge vorhanden! (Prottask wurde8 mal ausgeführt!)
In AppTask search/appseq/sharpencontrast.seq(17599) sind aus ProtTask search/taskseq/m4x4smul_SIMD.seq (2328)  9050 Einträge vorhanden! (Prottask wurde7 mal ausgeführt!)
In AppTask search/appseq/sharpencontrast.seq(17599) sind aus ProtTask search/taskseq/dmul64_SIMD.seq (2114)  9139 Einträge vorhanden! (Prottask wurde8 mal ausgeführt!)
In AppTask search/appseq/sharpencontrast.seq(17599) sind aus ProtTask search/taskseq/dmul.seq (2062)  9139 Einträge vorhanden! (Prottask wurde8 mal ausgeführt!)
In AppTask search/appseq/sharpencontrast.seq(17599) sind aus ProtTask search/taskseq/m4x4smul.seq (1999)  9243 Einträge vorhanden! (Prottask wurde8 mal ausgeführt!)
In AppTask search/appseq/sharpencontrast.seq(17599) sind aus ProtTask search/taskseq/iadd.seq (2039)  9619 Einträge vorhanden! (Prottask wurde8 mal ausgeführt!)
In AppTask search/appseq/sharpencontrast.seq(17599) sind aus ProtTask search/taskseq/logic.seq (2036)  9459 Einträge vorhanden! (Prottask wurde8 mal ausgeführt!)
In AppTask search/appseq/sharpencontrast.seq(17599) sind aus ProtTask search/taskseq/imul.seq (2071)  9818 Einträge vorhanden! (Prottask wurde8 mal ausgeführt!)
In AppTask search/appseq/sharpencontrast.seq(17599) sind aus ProtTask search/taskseq/dmem64_SIMD.seq (2081)  9699 Einträge vorhanden! (Prottask wurde8 mal ausgeführt!)
In AppTask search/appseq/sharpencontrast.seq(17599) sind aus ProtTask search/taskseq/ssub32_SIMD.seq (2114)  9139 Einträge vorhanden! (Prottask wurde8 mal ausgeführt!)
In AppTask search/appseq/sharpencontrast.seq(17599) sind aus ProtTask search/taskseq/vmov_SIMD.seq (2157)  10107 Einträge vorhanden! (Prottask wurde8 mal ausgeführt!)
In AppTask search/appseq/sharpencontrast.seq(17599) sind aus ProtTask search/taskseq/smul32_SIMD.seq (2114)  9139 Einträge vorhanden! (Prottask wurde8 mal ausgeführt!)
In AppTask search/appseq/sharpencontrast.seq(17599) sind aus ProtTask search/taskseq/shift.seq (1996)  9139 Einträge vorhanden! (Prottask wurde8 mal ausgeführt!)
In AppTask search/appseq/sharpencontrast.seq(17599) sind aus ProtTask search/taskseq/empty.seq (1373)  9237 Einträge vorhanden! (Prottask wurde12 mal ausgeführt!)
In AppTask search/appseq/sharpencontrast.seq(17599) sind aus ProtTask search/taskseq/smem32_SIMD.seq (45)  7448 Einträge vorhanden! (Prottask wurde391 mal ausgeführt!)

Der ähnlichste ProttypTask für search/appseq/sharpencontrast.seq ist search/taskseq/vmov_SIMD.seq

In AppTask search/appseq/loadimage.seq(35140) sind aus ProtTask search/taskseq/nop.seq (1999)  17717 Einträge vorhanden! (Prottask wurde17 mal ausgeführt!)
In AppTask search/appseq/loadimage.seq(35140) sind aus ProtTask search/taskseq/vconvert_SIMD.seq (2090)  17902 Einträge vorhanden! (Prottask wurde16 mal ausgeführt!)
In AppTask search/appseq/loadimage.seq(35140) sind aus ProtTask search/taskseq/imov.seq (1996)  17734 Einträge vorhanden! (Prottask wurde17 mal ausgeführt!)
In AppTask search/appseq/loadimage.seq(35140) sind aus ProtTask search/taskseq/imem.seq (2080)  17854 Einträge vorhanden! (Prottask wurde16 mal ausgeführt!)
In AppTask search/appseq/loadimage.seq(35140) sind aus ProtTask search/taskseq/icompare.seq (2095)  17494 Einträge vorhanden! (Prottask wurde16 mal ausgeführt!)
In AppTask search/appseq/loadimage.seq(35140) sind aus ProtTask search/taskseq/branch.seq (1997)  17734 Einträge vorhanden! (Prottask wurde17 mal ausgeführt!)
In AppTask search/appseq/loadimage.seq(35140) sind aus ProtTask search/taskseq/bitbyte.seq (2037)  18482 Einträge vorhanden! (Prottask wurde17 mal ausgeführt!)
In AppTask search/appseq/loadimage.seq(35140) sind aus ProtTask search/taskseq/v1x4smul_SIMD.seq (2287)  16682 Einträge vorhanden! (Prottask wurde15 mal ausgeführt!)
In AppTask search/appseq/loadimage.seq(35140) sind aus ProtTask search/taskseq/dmem.seq (2091)  17920 Einträge vorhanden! (Prottask wurde16 mal ausgeführt!)
In AppTask search/appseq/loadimage.seq(35140) sind aus ProtTask search/taskseq/dsub64_SIMD.seq (2114)  16878 Einträge vorhanden! (Prottask wurde16 mal ausgeführt!)
In AppTask search/appseq/loadimage.seq(35140) sind aus ProtTask search/taskseq/dadd.seq (2062)  17734 Einträge vorhanden! (Prottask wurde17 mal ausgeführt!)
In AppTask search/appseq/loadimage.seq(35140) sind aus ProtTask search/taskseq/m4x4smul_SIMD.seq (2328)  17074 Einträge vorhanden! (Prottask wurde15 mal ausgeführt!)
In AppTask search/appseq/loadimage.seq(35140) sind aus ProtTask search/taskseq/dmul64_SIMD.seq (2114)  16878 Einträge vorhanden! (Prottask wurde16 mal ausgeführt!)
In AppTask search/appseq/loadimage.seq(35140) sind aus ProtTask search/taskseq/dmul.seq (2062)  17734 Einträge vorhanden! (Prottask wurde17 mal ausgeführt!)
In AppTask search/appseq/loadimage.seq(35140) sind aus ProtTask search/taskseq/m4x4smul.seq (1999)  17957 Einträge vorhanden! (Prottask wurde17 mal ausgeführt!)
In AppTask search/appseq/loadimage.seq(35140) sind aus ProtTask search/taskseq/iadd.seq (2039)  18414 Einträge vorhanden! (Prottask wurde17 mal ausgeführt!)
In AppTask search/appseq/loadimage.seq(35140) sind aus ProtTask search/taskseq/logic.seq (2036)  18414 Einträge vorhanden! (Prottask wurde17 mal ausgeführt!)
In AppTask search/appseq/loadimage.seq(35140) sind aus ProtTask search/taskseq/imul.seq (2071)  17742 Einträge vorhanden! (Prottask wurde16 mal ausgeführt!)
In AppTask search/appseq/loadimage.seq(35140) sind aus ProtTask search/taskseq/dmem64_SIMD.seq (2081)  17776 Einträge vorhanden! (Prottask wurde16 mal ausgeführt!)
In AppTask search/appseq/loadimage.seq(35140) sind aus ProtTask search/taskseq/ssub32_SIMD.seq (2114)  16878 Einträge vorhanden! (Prottask wurde16 mal ausgeführt!)
In AppTask search/appseq/loadimage.seq(35140) sind aus ProtTask search/taskseq/vmov_SIMD.seq (2157)  18494 Einträge vorhanden! (Prottask wurde16 mal ausgeführt!)
In AppTask search/appseq/loadimage.seq(35140) sind aus ProtTask search/taskseq/smul32_SIMD.seq (2114)  16878 Einträge vorhanden! (Prottask wurde16 mal ausgeführt!)
In AppTask search/appseq/loadimage.seq(35140) sind aus ProtTask search/taskseq/shift.seq (1996)  17734 Einträge vorhanden! (Prottask wurde17 mal ausgeführt!)
In AppTask search/appseq/loadimage.seq(35140) sind aus ProtTask search/taskseq/empty.seq (1373)  18027 Einträge vorhanden! (Prottask wurde25 mal ausgeführt!)
In AppTask search/appseq/loadimage.seq(35140) sind aus ProtTask search/taskseq/smem32_SIMD.seq (45)  17242 Einträge vorhanden! (Prottask wurde780 mal ausgeführt!)

Der ähnlichste ProttypTask für search/appseq/loadimage.seq ist search/taskseq/vmov_SIMD.seq

In AppTask search/appseq/sobelh.seq(17432) sind aus ProtTask search/taskseq/nop.seq (1999)  9163 Einträge vorhanden! (Prottask wurde8 mal ausgeführt!)
In AppTask search/appseq/sobelh.seq(17432) sind aus ProtTask search/taskseq/vconvert_SIMD.seq (2090)  9651 Einträge vorhanden! (Prottask wurde8 mal ausgeführt!)
In AppTask search/appseq/sobelh.seq(17432) sind aus ProtTask search/taskseq/imov.seq (1996)  9131 Einträge vorhanden! (Prottask wurde8 mal ausgeführt!)
In AppTask search/appseq/sobelh.seq(17432) sind aus ProtTask search/taskseq/imem.seq (2080)  9795 Einträge vorhanden! (Prottask wurde8 mal ausgeführt!)
In AppTask search/appseq/sobelh.seq(17432) sind aus ProtTask search/taskseq/icompare.seq (2095)  9299 Einträge vorhanden! (Prottask wurde8 mal ausgeführt!)
In AppTask search/appseq/sobelh.seq(17432) sind aus ProtTask search/taskseq/branch.seq (1997)  9163 Einträge vorhanden! (Prottask wurde8 mal ausgeführt!)
In AppTask search/appseq/sobelh.seq(17432) sind aus ProtTask search/taskseq/bitbyte.seq (2037)  9491 Einträge vorhanden! (Prottask wurde8 mal ausgeführt!)
In AppTask search/appseq/sobelh.seq(17432) sind aus ProtTask search/taskseq/v1x4smul_SIMD.seq (2287)  8701 Einträge vorhanden! (Prottask wurde7 mal ausgeführt!)
In AppTask search/appseq/sobelh.seq(17432) sind aus ProtTask search/taskseq/dmem.seq (2091)  9851 Einträge vorhanden! (Prottask wurde8 mal ausgeführt!)
In AppTask search/appseq/sobelh.seq(17432) sind aus ProtTask search/taskseq/dsub64_SIMD.seq (2114)  9131 Einträge vorhanden! (Prottask wurde8 mal ausgeführt!)
In AppTask search/appseq/sobelh.seq(17432) sind aus ProtTask search/taskseq/dadd.seq (2062)  9139 Einträge vorhanden! (Prottask wurde8 mal ausgeführt!)
In AppTask search/appseq/sobelh.seq(17432) sind aus ProtTask search/taskseq/m4x4smul_SIMD.seq (2328)  9079 Einträge vorhanden! (Prottask wurde7 mal ausgeführt!)
In AppTask search/appseq/sobelh.seq(17432) sind aus ProtTask search/taskseq/dmul64_SIMD.seq (2114)  9131 Einträge vorhanden! (Prottask wurde8 mal ausgeführt!)
In AppTask search/appseq/sobelh.seq(17432) sind aus ProtTask search/taskseq/dmul.seq (2062)  9195 Einträge vorhanden! (Prottask wurde8 mal ausgeführt!)
In AppTask search/appseq/sobelh.seq(17432) sind aus ProtTask search/taskseq/m4x4smul.seq (1999)  9267 Einträge vorhanden! (Prottask wurde8 mal ausgeführt!)
In AppTask search/appseq/sobelh.seq(17432) sind aus ProtTask search/taskseq/iadd.seq (2039)  9619 Einträge vorhanden! (Prottask wurde8 mal ausgeführt!)
In AppTask search/appseq/sobelh.seq(17432) sind aus ProtTask search/taskseq/logic.seq (2036)  9451 Einträge vorhanden! (Prottask wurde8 mal ausgeführt!)
In AppTask search/appseq/sobelh.seq(17432) sind aus ProtTask search/taskseq/imul.seq (2071)  9779 Einträge vorhanden! (Prottask wurde8 mal ausgeführt!)
In AppTask search/appseq/sobelh.seq(17432) sind aus ProtTask search/taskseq/dmem64_SIMD.seq (2081)  9779 Einträge vorhanden! (Prottask wurde8 mal ausgeführt!)
In AppTask search/appseq/sobelh.seq(17432) sind aus ProtTask search/taskseq/ssub32_SIMD.seq (2114)  9131 Einträge vorhanden! (Prottask wurde8 mal ausgeführt!)
In AppTask search/appseq/sobelh.seq(17432) sind aus ProtTask search/taskseq/vmov_SIMD.seq (2157)  10267 Einträge vorhanden! (Prottask wurde8 mal ausgeführt!)
In AppTask search/appseq/sobelh.seq(17432) sind aus ProtTask search/taskseq/smul32_SIMD.seq (2114)  9131 Einträge vorhanden! (Prottask wurde8 mal ausgeführt!)
In AppTask search/appseq/sobelh.seq(17432) sind aus ProtTask search/taskseq/shift.seq (1996)  9131 Einträge vorhanden! (Prottask wurde8 mal ausgeführt!)
In AppTask search/appseq/sobelh.seq(17432) sind aus ProtTask search/taskseq/empty.seq (1373)  9219 Einträge vorhanden! (Prottask wurde12 mal ausgeführt!)
In AppTask search/appseq/sobelh.seq(17432) sind aus ProtTask search/taskseq/smem32_SIMD.seq (45)  8607 Einträge vorhanden! (Prottask wurde387 mal ausgeführt!)

Der ähnlichste ProttypTask für search/appseq/sobelh.seq ist search/taskseq/vmov_SIMD.seq

In AppTask search/appseq/writeimage.seq(5340) sind aus ProtTask search/taskseq/nop.seq (1999)  3916 Einträge vorhanden! (Prottask wurde2 mal ausgeführt!)
In AppTask search/appseq/writeimage.seq(5340) sind aus ProtTask search/taskseq/vconvert_SIMD.seq (2090)  4046 Einträge vorhanden! (Prottask wurde2 mal ausgeführt!)
In AppTask search/appseq/writeimage.seq(5340) sind aus ProtTask search/taskseq/imov.seq (1996)  3919 Einträge vorhanden! (Prottask wurde2 mal ausgeführt!)
In AppTask search/appseq/writeimage.seq(5340) sind aus ProtTask search/taskseq/imem.seq (2080)  4046 Einträge vorhanden! (Prottask wurde2 mal ausgeführt!)
In AppTask search/appseq/writeimage.seq(5340) sind aus ProtTask search/taskseq/icompare.seq (2095)  4064 Einträge vorhanden! (Prottask wurde2 mal ausgeführt!)
In AppTask search/appseq/writeimage.seq(5340) sind aus ProtTask search/taskseq/branch.seq (1997)  3912 Einträge vorhanden! (Prottask wurde2 mal ausgeführt!)
In AppTask search/appseq/writeimage.seq(5340) sind aus ProtTask search/taskseq/bitbyte.seq (2037)  4018 Einträge vorhanden! (Prottask wurde2 mal ausgeführt!)
In AppTask search/appseq/writeimage.seq(5340) sind aus ProtTask search/taskseq/v1x4smul_SIMD.seq (2287)  4024 Einträge vorhanden! (Prottask wurde2 mal ausgeführt!)
In AppTask search/appseq/writeimage.seq(5340) sind aus ProtTask search/taskseq/dmem.seq (2091)  4056 Einträge vorhanden! (Prottask wurde2 mal ausgeführt!)
In AppTask search/appseq/writeimage.seq(5340) sind aus ProtTask search/taskseq/dsub64_SIMD.seq (2114)  3910 Einträge vorhanden! (Prottask wurde2 mal ausgeführt!)
In AppTask search/appseq/writeimage.seq(5340) sind aus ProtTask search/taskseq/dadd.seq (2062)  3914 Einträge vorhanden! (Prottask wurde2 mal ausgeführt!)
In AppTask search/appseq/writeimage.seq(5340) sind aus ProtTask search/taskseq/m4x4smul_SIMD.seq (2328)  4090 Einträge vorhanden! (Prottask wurde2 mal ausgeführt!)
In AppTask search/appseq/writeimage.seq(5340) sind aus ProtTask search/taskseq/dmul64_SIMD.seq (2114)  3910 Einträge vorhanden! (Prottask wurde2 mal ausgeführt!)
In AppTask search/appseq/writeimage.seq(5340) sind aus ProtTask search/taskseq/dmul.seq (2062)  3914 Einträge vorhanden! (Prottask wurde2 mal ausgeführt!)
In AppTask search/appseq/writeimage.seq(5340) sind aus ProtTask search/taskseq/m4x4smul.seq (1999)  3958 Einträge vorhanden! (Prottask wurde2 mal ausgeführt!)
In AppTask search/appseq/writeimage.seq(5340) sind aus ProtTask search/taskseq/iadd.seq (2039)  4023 Einträge vorhanden! (Prottask wurde2 mal ausgeführt!)
In AppTask search/appseq/writeimage.seq(5340) sind aus ProtTask search/taskseq/logic.seq (2036)  4027 Einträge vorhanden! (Prottask wurde2 mal ausgeführt!)
In AppTask search/appseq/writeimage.seq(5340) sind aus ProtTask search/taskseq/imul.seq (2071)  4059 Einträge vorhanden! (Prottask wurde2 mal ausgeführt!)
In AppTask search/appseq/writeimage.seq(5340) sind aus ProtTask search/taskseq/dmem64_SIMD.seq (2081)  4059 Einträge vorhanden! (Prottask wurde2 mal ausgeführt!)
In AppTask search/appseq/writeimage.seq(5340) sind aus ProtTask search/taskseq/ssub32_SIMD.seq (2114)  3910 Einträge vorhanden! (Prottask wurde2 mal ausgeführt!)
In AppTask search/appseq/writeimage.seq(5340) sind aus ProtTask search/taskseq/vmov_SIMD.seq (2157)  4142 Einträge vorhanden! (Prottask wurde2 mal ausgeführt!)
In AppTask search/appseq/writeimage.seq(5340) sind aus ProtTask search/taskseq/smul32_SIMD.seq (2114)  3910 Einträge vorhanden! (Prottask wurde2 mal ausgeführt!)
In AppTask search/appseq/writeimage.seq(5340) sind aus ProtTask search/taskseq/shift.seq (1996)  3928 Einträge vorhanden! (Prottask wurde2 mal ausgeführt!)
In AppTask search/appseq/writeimage.seq(5340) sind aus ProtTask search/taskseq/empty.seq (1373)  3966 Einträge vorhanden! (Prottask wurde3 mal ausgeführt!)
In AppTask search/appseq/writeimage.seq(5340) sind aus ProtTask search/taskseq/smem32_SIMD.seq (45)  2741 Einträge vorhanden! (Prottask wurde118 mal ausgeführt!)

Der ähnlichste ProttypTask für search/appseq/writeimage.seq ist search/taskseq/vmov_SIMD.seq

In AppTask search/appseq/greyscale.seq(18296) sind aus ProtTask search/taskseq/nop.seq (1999)  9235 Einträge vorhanden! (Prottask wurde9 mal ausgeführt!)
In AppTask search/appseq/greyscale.seq(18296) sind aus ProtTask search/taskseq/vconvert_SIMD.seq (2090)  8954 Einträge vorhanden! (Prottask wurde8 mal ausgeführt!)
In AppTask search/appseq/greyscale.seq(18296) sind aus ProtTask search/taskseq/imov.seq (1996)  9172 Einträge vorhanden! (Prottask wurde9 mal ausgeführt!)
In AppTask search/appseq/greyscale.seq(18296) sind aus ProtTask search/taskseq/imem.seq (2080)  8786 Einträge vorhanden! (Prottask wurde8 mal ausgeführt!)
In AppTask search/appseq/greyscale.seq(18296) sind aus ProtTask search/taskseq/icompare.seq (2095)  8610 Einträge vorhanden! (Prottask wurde8 mal ausgeführt!)
In AppTask search/appseq/greyscale.seq(18296) sind aus ProtTask search/taskseq/branch.seq (1997)  9235 Einträge vorhanden! (Prottask wurde9 mal ausgeführt!)
In AppTask search/appseq/greyscale.seq(18296) sind aus ProtTask search/taskseq/bitbyte.seq (2037)  8802 Einträge vorhanden! (Prottask wurde8 mal ausgeführt!)
In AppTask search/appseq/greyscale.seq(18296) sind aus ProtTask search/taskseq/v1x4smul_SIMD.seq (2287)  8882 Einträge vorhanden! (Prottask wurde8 mal ausgeführt!)
In AppTask search/appseq/greyscale.seq(18296) sind aus ProtTask search/taskseq/dmem.seq (2091)  9002 Einträge vorhanden! (Prottask wurde8 mal ausgeführt!)
In AppTask search/appseq/greyscale.seq(18296) sind aus ProtTask search/taskseq/dsub64_SIMD.seq (2114)  8442 Einträge vorhanden! (Prottask wurde8 mal ausgeführt!)
In AppTask search/appseq/greyscale.seq(18296) sind aus ProtTask search/taskseq/dadd.seq (2062)  8886 Einträge vorhanden! (Prottask wurde8 mal ausgeführt!)
In AppTask search/appseq/greyscale.seq(18296) sind aus ProtTask search/taskseq/m4x4smul_SIMD.seq (2328)  8368 Einträge vorhanden! (Prottask wurde7 mal ausgeführt!)
In AppTask search/appseq/greyscale.seq(18296) sind aus ProtTask search/taskseq/dmul64_SIMD.seq (2114)  8442 Einträge vorhanden! (Prottask wurde8 mal ausgeführt!)
In AppTask search/appseq/greyscale.seq(18296) sind aus ProtTask search/taskseq/dmul.seq (2062)  8886 Einträge vorhanden! (Prottask wurde8 mal ausgeführt!)
In AppTask search/appseq/greyscale.seq(18296) sind aus ProtTask search/taskseq/m4x4smul.seq (1999)  9298 Einträge vorhanden! (Prottask wurde9 mal ausgeführt!)
In AppTask search/appseq/greyscale.seq(18296) sind aus ProtTask search/taskseq/iadd.seq (2039)  8930 Einträge vorhanden! (Prottask wurde8 mal ausgeführt!)
In AppTask search/appseq/greyscale.seq(18296) sind aus ProtTask search/taskseq/logic.seq (2036)  8762 Einträge vorhanden! (Prottask wurde8 mal ausgeführt!)
In AppTask search/appseq/greyscale.seq(18296) sind aus ProtTask search/taskseq/imul.seq (2071)  9090 Einträge vorhanden! (Prottask wurde8 mal ausgeführt!)
In AppTask search/appseq/greyscale.seq(18296) sind aus ProtTask search/taskseq/dmem64_SIMD.seq (2081)  9010 Einträge vorhanden! (Prottask wurde8 mal ausgeführt!)
In AppTask search/appseq/greyscale.seq(18296) sind aus ProtTask search/taskseq/ssub32_SIMD.seq (2114)  8442 Einträge vorhanden! (Prottask wurde8 mal ausgeführt!)
In AppTask search/appseq/greyscale.seq(18296) sind aus ProtTask search/taskseq/vmov_SIMD.seq (2157)  9418 Einträge vorhanden! (Prottask wurde8 mal ausgeführt!)
In AppTask search/appseq/greyscale.seq(18296) sind aus ProtTask search/taskseq/smul32_SIMD.seq (2114)  8442 Einträge vorhanden! (Prottask wurde8 mal ausgeführt!)
In AppTask search/appseq/greyscale.seq(18296) sind aus ProtTask search/taskseq/shift.seq (1996)  9172 Einträge vorhanden! (Prottask wurde9 mal ausgeführt!)
In AppTask search/appseq/greyscale.seq(18296) sind aus ProtTask search/taskseq/empty.seq (1373)  8949 Einträge vorhanden! (Prottask wurde13 mal ausgeführt!)
In AppTask search/appseq/greyscale.seq(18296) sind aus ProtTask search/taskseq/smem32_SIMD.seq (45)  9156 Einträge vorhanden! (Prottask wurde406 mal ausgeführt!)

Der ähnlichste ProttypTask für search/appseq/greyscale.seq ist search/taskseq/vmov_SIMD.seq

In AppTask search/appseq/testWithNop.seq(1999) sind aus ProtTask search/taskseq/nop.seq (1999)  1999 Einträge vorhanden! (Prottask wurde1 mal ausgeführt!)
In AppTask search/appseq/testWithNop.seq(1999) sind aus ProtTask search/taskseq/vconvert_SIMD.seq (2090)  0 Einträge vorhanden! (Prottask wurde0 mal ausgeführt!)
In AppTask search/appseq/testWithNop.seq(1999) sind aus ProtTask search/taskseq/imov.seq (1996)  1975 Einträge vorhanden! (Prottask wurde1 mal ausgeführt!)
In AppTask search/appseq/testWithNop.seq(1999) sind aus ProtTask search/taskseq/imem.seq (2080)  0 Einträge vorhanden! (Prottask wurde0 mal ausgeführt!)
In AppTask search/appseq/testWithNop.seq(1999) sind aus ProtTask search/taskseq/icompare.seq (2095)  0 Einträge vorhanden! (Prottask wurde0 mal ausgeführt!)
In AppTask search/appseq/testWithNop.seq(1999) sind aus ProtTask search/taskseq/branch.seq (1997)  1995 Einträge vorhanden! (Prottask wurde1 mal ausgeführt!)
In AppTask search/appseq/testWithNop.seq(1999) sind aus ProtTask search/taskseq/bitbyte.seq (2037)  0 Einträge vorhanden! (Prottask wurde0 mal ausgeführt!)
In AppTask search/appseq/testWithNop.seq(1999) sind aus ProtTask search/taskseq/v1x4smul_SIMD.seq (2287)  0 Einträge vorhanden! (Prottask wurde0 mal ausgeführt!)
In AppTask search/appseq/testWithNop.seq(1999) sind aus ProtTask search/taskseq/dmem.seq (2091)  0 Einträge vorhanden! (Prottask wurde0 mal ausgeführt!)
In AppTask search/appseq/testWithNop.seq(1999) sind aus ProtTask search/taskseq/dsub64_SIMD.seq (2114)  0 Einträge vorhanden! (Prottask wurde0 mal ausgeführt!)
In AppTask search/appseq/testWithNop.seq(1999) sind aus ProtTask search/taskseq/dadd.seq (2062)  0 Einträge vorhanden! (Prottask wurde0 mal ausgeführt!)
In AppTask search/appseq/testWithNop.seq(1999) sind aus ProtTask search/taskseq/m4x4smul_SIMD.seq (2328)  0 Einträge vorhanden! (Prottask wurde0 mal ausgeführt!)
In AppTask search/appseq/testWithNop.seq(1999) sind aus ProtTask search/taskseq/dmul64_SIMD.seq (2114)  0 Einträge vorhanden! (Prottask wurde0 mal ausgeführt!)
In AppTask search/appseq/testWithNop.seq(1999) sind aus ProtTask search/taskseq/dmul.seq (2062)  0 Einträge vorhanden! (Prottask wurde0 mal ausgeführt!)
In AppTask search/appseq/testWithNop.seq(1999) sind aus ProtTask search/taskseq/m4x4smul.seq (1999)  1974 Einträge vorhanden! (Prottask wurde1 mal ausgeführt!)
In AppTask search/appseq/testWithNop.seq(1999) sind aus ProtTask search/taskseq/iadd.seq (2039)  0 Einträge vorhanden! (Prottask wurde0 mal ausgeführt!)
In AppTask search/appseq/testWithNop.seq(1999) sind aus ProtTask search/taskseq/logic.seq (2036)  0 Einträge vorhanden! (Prottask wurde0 mal ausgeführt!)
In AppTask search/appseq/testWithNop.seq(1999) sind aus ProtTask search/taskseq/imul.seq (2071)  0 Einträge vorhanden! (Prottask wurde0 mal ausgeführt!)
In AppTask search/appseq/testWithNop.seq(1999) sind aus ProtTask search/taskseq/dmem64_SIMD.seq (2081)  0 Einträge vorhanden! (Prottask wurde0 mal ausgeführt!)
In AppTask search/appseq/testWithNop.seq(1999) sind aus ProtTask search/taskseq/ssub32_SIMD.seq (2114)  0 Einträge vorhanden! (Prottask wurde0 mal ausgeführt!)
In AppTask search/appseq/testWithNop.seq(1999) sind aus ProtTask search/taskseq/vmov_SIMD.seq (2157)  0 Einträge vorhanden! (Prottask wurde0 mal ausgeführt!)
In AppTask search/appseq/testWithNop.seq(1999) sind aus ProtTask search/taskseq/smul32_SIMD.seq (2114)  0 Einträge vorhanden! (Prottask wurde0 mal ausgeführt!)
In AppTask search/appseq/testWithNop.seq(1999) sind aus ProtTask search/taskseq/shift.seq (1996)  1975 Einträge vorhanden! (Prottask wurde1 mal ausgeführt!)
In AppTask search/appseq/testWithNop.seq(1999) sind aus ProtTask search/taskseq/empty.seq (1373)  1373 Einträge vorhanden! (Prottask wurde1 mal ausgeführt!)
In AppTask search/appseq/testWithNop.seq(1999) sind aus ProtTask search/taskseq/smem32_SIMD.seq (45)  1042 Einträge vorhanden! (Prottask wurde44 mal ausgeführt!)

Der ähnlichste ProttypTask für search/appseq/testWithNop.seq ist search/taskseq/nop.seq

