Im Tasktyp nop sind insgesamt 183 Kombinationen eindeutig,  nicht eindeutig sind: 922
Im Tasktyp vconvert_SIMD sind insgesamt 173 Kombinationen eindeutig,  nicht eindeutig sind: 903
Im Tasktyp imov sind insgesamt 150 Kombinationen eindeutig,  nicht eindeutig sind: 1011
Im Tasktyp imem sind insgesamt 169 Kombinationen eindeutig,  nicht eindeutig sind: 946
Im Tasktyp icompare sind insgesamt 150 Kombinationen eindeutig,  nicht eindeutig sind: 1011
Im Tasktyp branch sind insgesamt 150 Kombinationen eindeutig,  nicht eindeutig sind: 1011
Im Tasktyp bitbyte sind insgesamt 150 Kombinationen eindeutig,  nicht eindeutig sind: 1011
Im Tasktyp v1x4smul_SIMD sind insgesamt 180 Kombinationen eindeutig,  nicht eindeutig sind: 900
Im Tasktyp dmem sind insgesamt 154 Kombinationen eindeutig,  nicht eindeutig sind: 1022
Im Tasktyp dsub64_SIMD sind insgesamt 156 Kombinationen eindeutig,  nicht eindeutig sind: 1010
Im Tasktyp dadd sind insgesamt 152 Kombinationen eindeutig,  nicht eindeutig sind: 937
Im Tasktyp m4x4smul_SIMD sind insgesamt 179 Kombinationen eindeutig,  nicht eindeutig sind: 933
Im Tasktyp dmul64_SIMD sind insgesamt 156 Kombinationen eindeutig,  nicht eindeutig sind: 1010
Im Tasktyp dmul sind insgesamt 152 Kombinationen eindeutig,  nicht eindeutig sind: 937
Im Tasktyp m4x4smul sind insgesamt 179 Kombinationen eindeutig,  nicht eindeutig sind: 924
Im Tasktyp iadd sind insgesamt 142 Kombinationen eindeutig,  nicht eindeutig sind: 985
Im Tasktyp logic sind insgesamt 152 Kombinationen eindeutig,  nicht eindeutig sind: 1011
Im Tasktyp imul sind insgesamt 142 Kombinationen eindeutig,  nicht eindeutig sind: 985
Im Tasktyp dmem64_SIMD sind insgesamt 172 Kombinationen eindeutig,  nicht eindeutig sind: 917
Im Tasktyp ssub32_SIMD sind insgesamt 153 Kombinationen eindeutig,  nicht eindeutig sind: 1010
Im Tasktyp vmov_SIMD sind insgesamt 169 Kombinationen eindeutig,  nicht eindeutig sind: 909
Im Tasktyp smul32_SIMD sind insgesamt 153 Kombinationen eindeutig,  nicht eindeutig sind: 1010
Im Tasktyp shift sind insgesamt 162 Kombinationen eindeutig,  nicht eindeutig sind: 932
Im Anwendungstask sobelv sind aus nop 306 eindeutige Kombinationen enthalten
Im Anwendungstask sobelv sind aus vconvert_SIMD 306 eindeutige Kombinationen enthalten
Im Anwendungstask sobelv sind aus imov 303 eindeutige Kombinationen enthalten
Im Anwendungstask sobelv sind aus imem 305 eindeutige Kombinationen enthalten
Im Anwendungstask sobelv sind aus icompare 304 eindeutige Kombinationen enthalten
Im Anwendungstask sobelv sind aus branch 304 eindeutige Kombinationen enthalten
Im Anwendungstask sobelv sind aus bitbyte 304 eindeutige Kombinationen enthalten
Im Anwendungstask sobelv sind aus v1x4smul_SIMD 306 eindeutige Kombinationen enthalten
Im Anwendungstask sobelv sind aus dmem 306 eindeutige Kombinationen enthalten
Im Anwendungstask sobelv sind aus dsub64_SIMD 303 eindeutige Kombinationen enthalten
Im Anwendungstask sobelv sind aus dadd 304 eindeutige Kombinationen enthalten
Im Anwendungstask sobelv sind aus m4x4smul_SIMD 309 eindeutige Kombinationen enthalten
Im Anwendungstask sobelv sind aus dmul64_SIMD 303 eindeutige Kombinationen enthalten
Im Anwendungstask sobelv sind aus dmul 304 eindeutige Kombinationen enthalten
Im Anwendungstask sobelv sind aus m4x4smul 306 eindeutige Kombinationen enthalten
Im Anwendungstask sobelv sind aus iadd 305 eindeutige Kombinationen enthalten
Im Anwendungstask sobelv sind aus logic 303 eindeutige Kombinationen enthalten
Im Anwendungstask sobelv sind aus imul 305 eindeutige Kombinationen enthalten
Im Anwendungstask sobelv sind aus dmem64_SIMD 307 eindeutige Kombinationen enthalten
Im Anwendungstask sobelv sind aus ssub32_SIMD 303 eindeutige Kombinationen enthalten
Im Anwendungstask sobelv sind aus vmov_SIMD 306 eindeutige Kombinationen enthalten
Im Anwendungstask sobelv sind aus smul32_SIMD 303 eindeutige Kombinationen enthalten
Im Anwendungstask sobelv sind aus shift 303 eindeutige Kombinationen enthalten
Für den Anwendungstask sobelv ist der Tasktyp m4x4smul_SIMD bei Paarsuche am ähnlichsten: 309.000000Treffer!

Im Anwendungstask checkcontrast sind aus nop 305 eindeutige Kombinationen enthalten
Im Anwendungstask checkcontrast sind aus vconvert_SIMD 306 eindeutige Kombinationen enthalten
Im Anwendungstask checkcontrast sind aus imov 305 eindeutige Kombinationen enthalten
Im Anwendungstask checkcontrast sind aus imem 305 eindeutige Kombinationen enthalten
Im Anwendungstask checkcontrast sind aus icompare 305 eindeutige Kombinationen enthalten
Im Anwendungstask checkcontrast sind aus branch 305 eindeutige Kombinationen enthalten
Im Anwendungstask checkcontrast sind aus bitbyte 305 eindeutige Kombinationen enthalten
Im Anwendungstask checkcontrast sind aus v1x4smul_SIMD 306 eindeutige Kombinationen enthalten
Im Anwendungstask checkcontrast sind aus dmem 311 eindeutige Kombinationen enthalten
Im Anwendungstask checkcontrast sind aus dsub64_SIMD 305 eindeutige Kombinationen enthalten
Im Anwendungstask checkcontrast sind aus dadd 305 eindeutige Kombinationen enthalten
Im Anwendungstask checkcontrast sind aus m4x4smul_SIMD 312 eindeutige Kombinationen enthalten
Im Anwendungstask checkcontrast sind aus dmul64_SIMD 305 eindeutige Kombinationen enthalten
Im Anwendungstask checkcontrast sind aus dmul 305 eindeutige Kombinationen enthalten
Im Anwendungstask checkcontrast sind aus m4x4smul 307 eindeutige Kombinationen enthalten
Im Anwendungstask checkcontrast sind aus iadd 305 eindeutige Kombinationen enthalten
Im Anwendungstask checkcontrast sind aus logic 305 eindeutige Kombinationen enthalten
Im Anwendungstask checkcontrast sind aus imul 305 eindeutige Kombinationen enthalten
Im Anwendungstask checkcontrast sind aus dmem64_SIMD 311 eindeutige Kombinationen enthalten
Im Anwendungstask checkcontrast sind aus ssub32_SIMD 305 eindeutige Kombinationen enthalten
Im Anwendungstask checkcontrast sind aus vmov_SIMD 306 eindeutige Kombinationen enthalten
Im Anwendungstask checkcontrast sind aus smul32_SIMD 305 eindeutige Kombinationen enthalten
Im Anwendungstask checkcontrast sind aus shift 305 eindeutige Kombinationen enthalten
Für den Anwendungstask checkcontrast ist der Tasktyp m4x4smul_SIMD bei Paarsuche am ähnlichsten: 312.000000Treffer!

Im Anwendungstask copyimage sind aus nop 292 eindeutige Kombinationen enthalten
Im Anwendungstask copyimage sind aus vconvert_SIMD 292 eindeutige Kombinationen enthalten
Im Anwendungstask copyimage sind aus imov 291 eindeutige Kombinationen enthalten
Im Anwendungstask copyimage sind aus imem 291 eindeutige Kombinationen enthalten
Im Anwendungstask copyimage sind aus icompare 291 eindeutige Kombinationen enthalten
Im Anwendungstask copyimage sind aus branch 292 eindeutige Kombinationen enthalten
Im Anwendungstask copyimage sind aus bitbyte 291 eindeutige Kombinationen enthalten
Im Anwendungstask copyimage sind aus v1x4smul_SIMD 292 eindeutige Kombinationen enthalten
Im Anwendungstask copyimage sind aus dmem 292 eindeutige Kombinationen enthalten
Im Anwendungstask copyimage sind aus dsub64_SIMD 291 eindeutige Kombinationen enthalten
Im Anwendungstask copyimage sind aus dadd 291 eindeutige Kombinationen enthalten
Im Anwendungstask copyimage sind aus m4x4smul_SIMD 292 eindeutige Kombinationen enthalten
Im Anwendungstask copyimage sind aus dmul64_SIMD 291 eindeutige Kombinationen enthalten
Im Anwendungstask copyimage sind aus dmul 291 eindeutige Kombinationen enthalten
Im Anwendungstask copyimage sind aus m4x4smul 294 eindeutige Kombinationen enthalten
Im Anwendungstask copyimage sind aus iadd 291 eindeutige Kombinationen enthalten
Im Anwendungstask copyimage sind aus logic 292 eindeutige Kombinationen enthalten
Im Anwendungstask copyimage sind aus imul 291 eindeutige Kombinationen enthalten
Im Anwendungstask copyimage sind aus dmem64_SIMD 292 eindeutige Kombinationen enthalten
Im Anwendungstask copyimage sind aus ssub32_SIMD 291 eindeutige Kombinationen enthalten
Im Anwendungstask copyimage sind aus vmov_SIMD 291 eindeutige Kombinationen enthalten
Im Anwendungstask copyimage sind aus smul32_SIMD 291 eindeutige Kombinationen enthalten
Im Anwendungstask copyimage sind aus shift 293 eindeutige Kombinationen enthalten
Für den Anwendungstask copyimage ist der Tasktyp m4x4smul bei Paarsuche am ähnlichsten: 294.000000Treffer!

Im Anwendungstask testWithNopBitByteShiftIMulLogic sind aus nop 370 eindeutige Kombinationen enthalten
Im Anwendungstask testWithNopBitByteShiftIMulLogic sind aus vconvert_SIMD 366 eindeutige Kombinationen enthalten
Im Anwendungstask testWithNopBitByteShiftIMulLogic sind aus imov 365 eindeutige Kombinationen enthalten
Im Anwendungstask testWithNopBitByteShiftIMulLogic sind aus imem 366 eindeutige Kombinationen enthalten
Im Anwendungstask testWithNopBitByteShiftIMulLogic sind aus icompare 366 eindeutige Kombinationen enthalten
Im Anwendungstask testWithNopBitByteShiftIMulLogic sind aus branch 366 eindeutige Kombinationen enthalten
Im Anwendungstask testWithNopBitByteShiftIMulLogic sind aus bitbyte 366 eindeutige Kombinationen enthalten
Im Anwendungstask testWithNopBitByteShiftIMulLogic sind aus v1x4smul_SIMD 366 eindeutige Kombinationen enthalten
Im Anwendungstask testWithNopBitByteShiftIMulLogic sind aus dmem 366 eindeutige Kombinationen enthalten
Im Anwendungstask testWithNopBitByteShiftIMulLogic sind aus dsub64_SIMD 365 eindeutige Kombinationen enthalten
Im Anwendungstask testWithNopBitByteShiftIMulLogic sind aus dadd 366 eindeutige Kombinationen enthalten
Im Anwendungstask testWithNopBitByteShiftIMulLogic sind aus m4x4smul_SIMD 367 eindeutige Kombinationen enthalten
Im Anwendungstask testWithNopBitByteShiftIMulLogic sind aus dmul64_SIMD 365 eindeutige Kombinationen enthalten
Im Anwendungstask testWithNopBitByteShiftIMulLogic sind aus dmul 366 eindeutige Kombinationen enthalten
Im Anwendungstask testWithNopBitByteShiftIMulLogic sind aus m4x4smul 369 eindeutige Kombinationen enthalten
Im Anwendungstask testWithNopBitByteShiftIMulLogic sind aus iadd 367 eindeutige Kombinationen enthalten
Im Anwendungstask testWithNopBitByteShiftIMulLogic sind aus logic 367 eindeutige Kombinationen enthalten
Im Anwendungstask testWithNopBitByteShiftIMulLogic sind aus imul 367 eindeutige Kombinationen enthalten
Im Anwendungstask testWithNopBitByteShiftIMulLogic sind aus dmem64_SIMD 367 eindeutige Kombinationen enthalten
Im Anwendungstask testWithNopBitByteShiftIMulLogic sind aus ssub32_SIMD 365 eindeutige Kombinationen enthalten
Im Anwendungstask testWithNopBitByteShiftIMulLogic sind aus vmov_SIMD 367 eindeutige Kombinationen enthalten
Im Anwendungstask testWithNopBitByteShiftIMulLogic sind aus smul32_SIMD 365 eindeutige Kombinationen enthalten
Im Anwendungstask testWithNopBitByteShiftIMulLogic sind aus shift 368 eindeutige Kombinationen enthalten
Für den Anwendungstask testWithNopBitByteShiftIMulLogic ist der Tasktyp nop bei Paarsuche am ähnlichsten: 370.000000Treffer!

Im Anwendungstask testWithNopAndBitByteAndShift sind aus nop 370 eindeutige Kombinationen enthalten
Im Anwendungstask testWithNopAndBitByteAndShift sind aus vconvert_SIMD 366 eindeutige Kombinationen enthalten
Im Anwendungstask testWithNopAndBitByteAndShift sind aus imov 365 eindeutige Kombinationen enthalten
Im Anwendungstask testWithNopAndBitByteAndShift sind aus imem 366 eindeutige Kombinationen enthalten
Im Anwendungstask testWithNopAndBitByteAndShift sind aus icompare 366 eindeutige Kombinationen enthalten
Im Anwendungstask testWithNopAndBitByteAndShift sind aus branch 366 eindeutige Kombinationen enthalten
Im Anwendungstask testWithNopAndBitByteAndShift sind aus bitbyte 366 eindeutige Kombinationen enthalten
Im Anwendungstask testWithNopAndBitByteAndShift sind aus v1x4smul_SIMD 366 eindeutige Kombinationen enthalten
Im Anwendungstask testWithNopAndBitByteAndShift sind aus dmem 366 eindeutige Kombinationen enthalten
Im Anwendungstask testWithNopAndBitByteAndShift sind aus dsub64_SIMD 365 eindeutige Kombinationen enthalten
Im Anwendungstask testWithNopAndBitByteAndShift sind aus dadd 366 eindeutige Kombinationen enthalten
Im Anwendungstask testWithNopAndBitByteAndShift sind aus m4x4smul_SIMD 366 eindeutige Kombinationen enthalten
Im Anwendungstask testWithNopAndBitByteAndShift sind aus dmul64_SIMD 365 eindeutige Kombinationen enthalten
Im Anwendungstask testWithNopAndBitByteAndShift sind aus dmul 366 eindeutige Kombinationen enthalten
Im Anwendungstask testWithNopAndBitByteAndShift sind aus m4x4smul 368 eindeutige Kombinationen enthalten
Im Anwendungstask testWithNopAndBitByteAndShift sind aus iadd 366 eindeutige Kombinationen enthalten
Im Anwendungstask testWithNopAndBitByteAndShift sind aus logic 366 eindeutige Kombinationen enthalten
Im Anwendungstask testWithNopAndBitByteAndShift sind aus imul 366 eindeutige Kombinationen enthalten
Im Anwendungstask testWithNopAndBitByteAndShift sind aus dmem64_SIMD 366 eindeutige Kombinationen enthalten
Im Anwendungstask testWithNopAndBitByteAndShift sind aus ssub32_SIMD 365 eindeutige Kombinationen enthalten
Im Anwendungstask testWithNopAndBitByteAndShift sind aus vmov_SIMD 366 eindeutige Kombinationen enthalten
Im Anwendungstask testWithNopAndBitByteAndShift sind aus smul32_SIMD 365 eindeutige Kombinationen enthalten
Im Anwendungstask testWithNopAndBitByteAndShift sind aus shift 368 eindeutige Kombinationen enthalten
Für den Anwendungstask testWithNopAndBitByteAndShift ist der Tasktyp nop bei Paarsuche am ähnlichsten: 370.000000Treffer!

Im Anwendungstask testWithNopAndBitByte sind aus nop 370 eindeutige Kombinationen enthalten
Im Anwendungstask testWithNopAndBitByte sind aus vconvert_SIMD 366 eindeutige Kombinationen enthalten
Im Anwendungstask testWithNopAndBitByte sind aus imov 365 eindeutige Kombinationen enthalten
Im Anwendungstask testWithNopAndBitByte sind aus imem 366 eindeutige Kombinationen enthalten
Im Anwendungstask testWithNopAndBitByte sind aus icompare 366 eindeutige Kombinationen enthalten
Im Anwendungstask testWithNopAndBitByte sind aus branch 366 eindeutige Kombinationen enthalten
Im Anwendungstask testWithNopAndBitByte sind aus bitbyte 366 eindeutige Kombinationen enthalten
Im Anwendungstask testWithNopAndBitByte sind aus v1x4smul_SIMD 366 eindeutige Kombinationen enthalten
Im Anwendungstask testWithNopAndBitByte sind aus dmem 366 eindeutige Kombinationen enthalten
Im Anwendungstask testWithNopAndBitByte sind aus dsub64_SIMD 365 eindeutige Kombinationen enthalten
Im Anwendungstask testWithNopAndBitByte sind aus dadd 366 eindeutige Kombinationen enthalten
Im Anwendungstask testWithNopAndBitByte sind aus m4x4smul_SIMD 366 eindeutige Kombinationen enthalten
Im Anwendungstask testWithNopAndBitByte sind aus dmul64_SIMD 365 eindeutige Kombinationen enthalten
Im Anwendungstask testWithNopAndBitByte sind aus dmul 366 eindeutige Kombinationen enthalten
Im Anwendungstask testWithNopAndBitByte sind aus m4x4smul 366 eindeutige Kombinationen enthalten
Im Anwendungstask testWithNopAndBitByte sind aus iadd 366 eindeutige Kombinationen enthalten
Im Anwendungstask testWithNopAndBitByte sind aus logic 366 eindeutige Kombinationen enthalten
Im Anwendungstask testWithNopAndBitByte sind aus imul 366 eindeutige Kombinationen enthalten
Im Anwendungstask testWithNopAndBitByte sind aus dmem64_SIMD 366 eindeutige Kombinationen enthalten
Im Anwendungstask testWithNopAndBitByte sind aus ssub32_SIMD 365 eindeutige Kombinationen enthalten
Im Anwendungstask testWithNopAndBitByte sind aus vmov_SIMD 366 eindeutige Kombinationen enthalten
Im Anwendungstask testWithNopAndBitByte sind aus smul32_SIMD 365 eindeutige Kombinationen enthalten
Im Anwendungstask testWithNopAndBitByte sind aus shift 365 eindeutige Kombinationen enthalten
Für den Anwendungstask testWithNopAndBitByte ist der Tasktyp nop bei Paarsuche am ähnlichsten: 370.000000Treffer!

Im Anwendungstask combineimgs sind aus nop 306 eindeutige Kombinationen enthalten
Im Anwendungstask combineimgs sind aus vconvert_SIMD 304 eindeutige Kombinationen enthalten
Im Anwendungstask combineimgs sind aus imov 303 eindeutige Kombinationen enthalten
Im Anwendungstask combineimgs sind aus imem 303 eindeutige Kombinationen enthalten
Im Anwendungstask combineimgs sind aus icompare 303 eindeutige Kombinationen enthalten
Im Anwendungstask combineimgs sind aus branch 304 eindeutige Kombinationen enthalten
Im Anwendungstask combineimgs sind aus bitbyte 303 eindeutige Kombinationen enthalten
Im Anwendungstask combineimgs sind aus v1x4smul_SIMD 304 eindeutige Kombinationen enthalten
Im Anwendungstask combineimgs sind aus dmem 305 eindeutige Kombinationen enthalten
Im Anwendungstask combineimgs sind aus dsub64_SIMD 303 eindeutige Kombinationen enthalten
Im Anwendungstask combineimgs sind aus dadd 303 eindeutige Kombinationen enthalten
Im Anwendungstask combineimgs sind aus m4x4smul_SIMD 306 eindeutige Kombinationen enthalten
Im Anwendungstask combineimgs sind aus dmul64_SIMD 303 eindeutige Kombinationen enthalten
Im Anwendungstask combineimgs sind aus dmul 303 eindeutige Kombinationen enthalten
Im Anwendungstask combineimgs sind aus m4x4smul 304 eindeutige Kombinationen enthalten
Im Anwendungstask combineimgs sind aus iadd 303 eindeutige Kombinationen enthalten
Im Anwendungstask combineimgs sind aus logic 303 eindeutige Kombinationen enthalten
Im Anwendungstask combineimgs sind aus imul 303 eindeutige Kombinationen enthalten
Im Anwendungstask combineimgs sind aus dmem64_SIMD 305 eindeutige Kombinationen enthalten
Im Anwendungstask combineimgs sind aus ssub32_SIMD 303 eindeutige Kombinationen enthalten
Im Anwendungstask combineimgs sind aus vmov_SIMD 304 eindeutige Kombinationen enthalten
Im Anwendungstask combineimgs sind aus smul32_SIMD 303 eindeutige Kombinationen enthalten
Im Anwendungstask combineimgs sind aus shift 303 eindeutige Kombinationen enthalten
Für den Anwendungstask combineimgs ist der Tasktyp nop bei Paarsuche am ähnlichsten: 306.000000Treffer!

Im Anwendungstask sharpencontrast sind aus nop 307 eindeutige Kombinationen enthalten
Im Anwendungstask sharpencontrast sind aus vconvert_SIMD 305 eindeutige Kombinationen enthalten
Im Anwendungstask sharpencontrast sind aus imov 304 eindeutige Kombinationen enthalten
Im Anwendungstask sharpencontrast sind aus imem 304 eindeutige Kombinationen enthalten
Im Anwendungstask sharpencontrast sind aus icompare 304 eindeutige Kombinationen enthalten
Im Anwendungstask sharpencontrast sind aus branch 305 eindeutige Kombinationen enthalten
Im Anwendungstask sharpencontrast sind aus bitbyte 304 eindeutige Kombinationen enthalten
Im Anwendungstask sharpencontrast sind aus v1x4smul_SIMD 305 eindeutige Kombinationen enthalten
Im Anwendungstask sharpencontrast sind aus dmem 306 eindeutige Kombinationen enthalten
Im Anwendungstask sharpencontrast sind aus dsub64_SIMD 304 eindeutige Kombinationen enthalten
Im Anwendungstask sharpencontrast sind aus dadd 304 eindeutige Kombinationen enthalten
Im Anwendungstask sharpencontrast sind aus m4x4smul_SIMD 307 eindeutige Kombinationen enthalten
Im Anwendungstask sharpencontrast sind aus dmul64_SIMD 304 eindeutige Kombinationen enthalten
Im Anwendungstask sharpencontrast sind aus dmul 304 eindeutige Kombinationen enthalten
Im Anwendungstask sharpencontrast sind aus m4x4smul 305 eindeutige Kombinationen enthalten
Im Anwendungstask sharpencontrast sind aus iadd 304 eindeutige Kombinationen enthalten
Im Anwendungstask sharpencontrast sind aus logic 304 eindeutige Kombinationen enthalten
Im Anwendungstask sharpencontrast sind aus imul 304 eindeutige Kombinationen enthalten
Im Anwendungstask sharpencontrast sind aus dmem64_SIMD 306 eindeutige Kombinationen enthalten
Im Anwendungstask sharpencontrast sind aus ssub32_SIMD 304 eindeutige Kombinationen enthalten
Im Anwendungstask sharpencontrast sind aus vmov_SIMD 305 eindeutige Kombinationen enthalten
Im Anwendungstask sharpencontrast sind aus smul32_SIMD 304 eindeutige Kombinationen enthalten
Im Anwendungstask sharpencontrast sind aus shift 304 eindeutige Kombinationen enthalten
Für den Anwendungstask sharpencontrast ist der Tasktyp nop bei Paarsuche am ähnlichsten: 307.000000Treffer!

Im Anwendungstask loadimage sind aus nop 360 eindeutige Kombinationen enthalten
Im Anwendungstask loadimage sind aus vconvert_SIMD 360 eindeutige Kombinationen enthalten
Im Anwendungstask loadimage sind aus imov 358 eindeutige Kombinationen enthalten
Im Anwendungstask loadimage sind aus imem 358 eindeutige Kombinationen enthalten
Im Anwendungstask loadimage sind aus icompare 358 eindeutige Kombinationen enthalten
Im Anwendungstask loadimage sind aus branch 358 eindeutige Kombinationen enthalten
Im Anwendungstask loadimage sind aus bitbyte 358 eindeutige Kombinationen enthalten
Im Anwendungstask loadimage sind aus v1x4smul_SIMD 360 eindeutige Kombinationen enthalten
Im Anwendungstask loadimage sind aus dmem 358 eindeutige Kombinationen enthalten
Im Anwendungstask loadimage sind aus dsub64_SIMD 358 eindeutige Kombinationen enthalten
Im Anwendungstask loadimage sind aus dadd 358 eindeutige Kombinationen enthalten
Im Anwendungstask loadimage sind aus m4x4smul_SIMD 359 eindeutige Kombinationen enthalten
Im Anwendungstask loadimage sind aus dmul64_SIMD 358 eindeutige Kombinationen enthalten
Im Anwendungstask loadimage sind aus dmul 358 eindeutige Kombinationen enthalten
Im Anwendungstask loadimage sind aus m4x4smul 360 eindeutige Kombinationen enthalten
Im Anwendungstask loadimage sind aus iadd 358 eindeutige Kombinationen enthalten
Im Anwendungstask loadimage sind aus logic 360 eindeutige Kombinationen enthalten
Im Anwendungstask loadimage sind aus imul 358 eindeutige Kombinationen enthalten
Im Anwendungstask loadimage sind aus dmem64_SIMD 358 eindeutige Kombinationen enthalten
Im Anwendungstask loadimage sind aus ssub32_SIMD 358 eindeutige Kombinationen enthalten
Im Anwendungstask loadimage sind aus vmov_SIMD 358 eindeutige Kombinationen enthalten
Im Anwendungstask loadimage sind aus smul32_SIMD 358 eindeutige Kombinationen enthalten
Im Anwendungstask loadimage sind aus shift 360 eindeutige Kombinationen enthalten
Für den Anwendungstask loadimage ist der Tasktyp nop bei Paarsuche am ähnlichsten: 360.000000Treffer!

Im Anwendungstask sobelh sind aus nop 306 eindeutige Kombinationen enthalten
Im Anwendungstask sobelh sind aus vconvert_SIMD 306 eindeutige Kombinationen enthalten
Im Anwendungstask sobelh sind aus imov 303 eindeutige Kombinationen enthalten
Im Anwendungstask sobelh sind aus imem 305 eindeutige Kombinationen enthalten
Im Anwendungstask sobelh sind aus icompare 304 eindeutige Kombinationen enthalten
Im Anwendungstask sobelh sind aus branch 304 eindeutige Kombinationen enthalten
Im Anwendungstask sobelh sind aus bitbyte 304 eindeutige Kombinationen enthalten
Im Anwendungstask sobelh sind aus v1x4smul_SIMD 306 eindeutige Kombinationen enthalten
Im Anwendungstask sobelh sind aus dmem 306 eindeutige Kombinationen enthalten
Im Anwendungstask sobelh sind aus dsub64_SIMD 303 eindeutige Kombinationen enthalten
Im Anwendungstask sobelh sind aus dadd 304 eindeutige Kombinationen enthalten
Im Anwendungstask sobelh sind aus m4x4smul_SIMD 309 eindeutige Kombinationen enthalten
Im Anwendungstask sobelh sind aus dmul64_SIMD 303 eindeutige Kombinationen enthalten
Im Anwendungstask sobelh sind aus dmul 304 eindeutige Kombinationen enthalten
Im Anwendungstask sobelh sind aus m4x4smul 306 eindeutige Kombinationen enthalten
Im Anwendungstask sobelh sind aus iadd 305 eindeutige Kombinationen enthalten
Im Anwendungstask sobelh sind aus logic 303 eindeutige Kombinationen enthalten
Im Anwendungstask sobelh sind aus imul 305 eindeutige Kombinationen enthalten
Im Anwendungstask sobelh sind aus dmem64_SIMD 307 eindeutige Kombinationen enthalten
Im Anwendungstask sobelh sind aus ssub32_SIMD 303 eindeutige Kombinationen enthalten
Im Anwendungstask sobelh sind aus vmov_SIMD 306 eindeutige Kombinationen enthalten
Im Anwendungstask sobelh sind aus smul32_SIMD 303 eindeutige Kombinationen enthalten
Im Anwendungstask sobelh sind aus shift 303 eindeutige Kombinationen enthalten
Für den Anwendungstask sobelh ist der Tasktyp m4x4smul_SIMD bei Paarsuche am ähnlichsten: 309.000000Treffer!

Im Anwendungstask writeimage sind aus nop 358 eindeutige Kombinationen enthalten
Im Anwendungstask writeimage sind aus vconvert_SIMD 358 eindeutige Kombinationen enthalten
Im Anwendungstask writeimage sind aus imov 356 eindeutige Kombinationen enthalten
Im Anwendungstask writeimage sind aus imem 356 eindeutige Kombinationen enthalten
Im Anwendungstask writeimage sind aus icompare 356 eindeutige Kombinationen enthalten
Im Anwendungstask writeimage sind aus branch 356 eindeutige Kombinationen enthalten
Im Anwendungstask writeimage sind aus bitbyte 356 eindeutige Kombinationen enthalten
Im Anwendungstask writeimage sind aus v1x4smul_SIMD 358 eindeutige Kombinationen enthalten
Im Anwendungstask writeimage sind aus dmem 357 eindeutige Kombinationen enthalten
Im Anwendungstask writeimage sind aus dsub64_SIMD 356 eindeutige Kombinationen enthalten
Im Anwendungstask writeimage sind aus dadd 356 eindeutige Kombinationen enthalten
Im Anwendungstask writeimage sind aus m4x4smul_SIMD 358 eindeutige Kombinationen enthalten
Im Anwendungstask writeimage sind aus dmul64_SIMD 356 eindeutige Kombinationen enthalten
Im Anwendungstask writeimage sind aus dmul 356 eindeutige Kombinationen enthalten
Im Anwendungstask writeimage sind aus m4x4smul 359 eindeutige Kombinationen enthalten
Im Anwendungstask writeimage sind aus iadd 356 eindeutige Kombinationen enthalten
Im Anwendungstask writeimage sind aus logic 358 eindeutige Kombinationen enthalten
Im Anwendungstask writeimage sind aus imul 356 eindeutige Kombinationen enthalten
Im Anwendungstask writeimage sind aus dmem64_SIMD 357 eindeutige Kombinationen enthalten
Im Anwendungstask writeimage sind aus ssub32_SIMD 356 eindeutige Kombinationen enthalten
Im Anwendungstask writeimage sind aus vmov_SIMD 356 eindeutige Kombinationen enthalten
Im Anwendungstask writeimage sind aus smul32_SIMD 356 eindeutige Kombinationen enthalten
Im Anwendungstask writeimage sind aus shift 358 eindeutige Kombinationen enthalten
Für den Anwendungstask writeimage ist der Tasktyp m4x4smul bei Paarsuche am ähnlichsten: 359.000000Treffer!

Im Anwendungstask greyscale sind aus nop 308 eindeutige Kombinationen enthalten
Im Anwendungstask greyscale sind aus vconvert_SIMD 308 eindeutige Kombinationen enthalten
Im Anwendungstask greyscale sind aus imov 305 eindeutige Kombinationen enthalten
Im Anwendungstask greyscale sind aus imem 307 eindeutige Kombinationen enthalten
Im Anwendungstask greyscale sind aus icompare 306 eindeutige Kombinationen enthalten
Im Anwendungstask greyscale sind aus branch 306 eindeutige Kombinationen enthalten
Im Anwendungstask greyscale sind aus bitbyte 306 eindeutige Kombinationen enthalten
Im Anwendungstask greyscale sind aus v1x4smul_SIMD 308 eindeutige Kombinationen enthalten
Im Anwendungstask greyscale sind aus dmem 310 eindeutige Kombinationen enthalten
Im Anwendungstask greyscale sind aus dsub64_SIMD 305 eindeutige Kombinationen enthalten
Im Anwendungstask greyscale sind aus dadd 306 eindeutige Kombinationen enthalten
Im Anwendungstask greyscale sind aus m4x4smul_SIMD 311 eindeutige Kombinationen enthalten
Im Anwendungstask greyscale sind aus dmul64_SIMD 305 eindeutige Kombinationen enthalten
Im Anwendungstask greyscale sind aus dmul 306 eindeutige Kombinationen enthalten
Im Anwendungstask greyscale sind aus m4x4smul 307 eindeutige Kombinationen enthalten
Im Anwendungstask greyscale sind aus iadd 306 eindeutige Kombinationen enthalten
Im Anwendungstask greyscale sind aus logic 305 eindeutige Kombinationen enthalten
Im Anwendungstask greyscale sind aus imul 306 eindeutige Kombinationen enthalten
Im Anwendungstask greyscale sind aus dmem64_SIMD 310 eindeutige Kombinationen enthalten
Im Anwendungstask greyscale sind aus ssub32_SIMD 305 eindeutige Kombinationen enthalten
Im Anwendungstask greyscale sind aus vmov_SIMD 308 eindeutige Kombinationen enthalten
Im Anwendungstask greyscale sind aus smul32_SIMD 305 eindeutige Kombinationen enthalten
Im Anwendungstask greyscale sind aus shift 305 eindeutige Kombinationen enthalten
Für den Anwendungstask greyscale ist der Tasktyp m4x4smul_SIMD bei Paarsuche am ähnlichsten: 311.000000Treffer!

Im Anwendungstask testWithNop sind aus nop 370 eindeutige Kombinationen enthalten
Im Anwendungstask testWithNop sind aus vconvert_SIMD 365 eindeutige Kombinationen enthalten
Im Anwendungstask testWithNop sind aus imov 365 eindeutige Kombinationen enthalten
Im Anwendungstask testWithNop sind aus imem 365 eindeutige Kombinationen enthalten
Im Anwendungstask testWithNop sind aus icompare 365 eindeutige Kombinationen enthalten
Im Anwendungstask testWithNop sind aus branch 366 eindeutige Kombinationen enthalten
Im Anwendungstask testWithNop sind aus bitbyte 365 eindeutige Kombinationen enthalten
Im Anwendungstask testWithNop sind aus v1x4smul_SIMD 365 eindeutige Kombinationen enthalten
Im Anwendungstask testWithNop sind aus dmem 365 eindeutige Kombinationen enthalten
Im Anwendungstask testWithNop sind aus dsub64_SIMD 365 eindeutige Kombinationen enthalten
Im Anwendungstask testWithNop sind aus dadd 365 eindeutige Kombinationen enthalten
Im Anwendungstask testWithNop sind aus m4x4smul_SIMD 365 eindeutige Kombinationen enthalten
Im Anwendungstask testWithNop sind aus dmul64_SIMD 365 eindeutige Kombinationen enthalten
Im Anwendungstask testWithNop sind aus dmul 365 eindeutige Kombinationen enthalten
Im Anwendungstask testWithNop sind aus m4x4smul 365 eindeutige Kombinationen enthalten
Im Anwendungstask testWithNop sind aus iadd 365 eindeutige Kombinationen enthalten
Im Anwendungstask testWithNop sind aus logic 366 eindeutige Kombinationen enthalten
Im Anwendungstask testWithNop sind aus imul 365 eindeutige Kombinationen enthalten
Im Anwendungstask testWithNop sind aus dmem64_SIMD 365 eindeutige Kombinationen enthalten
Im Anwendungstask testWithNop sind aus ssub32_SIMD 365 eindeutige Kombinationen enthalten
Im Anwendungstask testWithNop sind aus vmov_SIMD 365 eindeutige Kombinationen enthalten
Im Anwendungstask testWithNop sind aus smul32_SIMD 365 eindeutige Kombinationen enthalten
Im Anwendungstask testWithNop sind aus shift 365 eindeutige Kombinationen enthalten
Für den Anwendungstask testWithNop ist der Tasktyp nop bei Paarsuche am ähnlichsten: 370.000000Treffer!

