Im Tasktyp nop sind insgesamt 183 Kombinationen eindeutig,  nicht eindeutig sind: 922
Im Tasktyp vconvert_SIMD sind insgesamt 173 Kombinationen eindeutig,  nicht eindeutig sind: 903
Im Tasktyp imov sind insgesamt 150 Kombinationen eindeutig,  nicht eindeutig sind: 1011
Im Tasktyp imem sind insgesamt 169 Kombinationen eindeutig,  nicht eindeutig sind: 946
Im Tasktyp icompare sind insgesamt 150 Kombinationen eindeutig,  nicht eindeutig sind: 1011
Im Tasktyp branch sind insgesamt 150 Kombinationen eindeutig,  nicht eindeutig sind: 1011
Im Tasktyp bitbyte sind insgesamt 150 Kombinationen eindeutig,  nicht eindeutig sind: 1011
Im Tasktyp v1x4smul_SIMD sind insgesamt 180 Kombinationen eindeutig,  nicht eindeutig sind: 900
Im Tasktyp dmem sind insgesamt 154 Kombinationen eindeutig,  nicht eindeutig sind: 1022
Im Tasktyp dsub64_SIMD sind insgesamt 156 Kombinationen eindeutig,  nicht eindeutig sind: 1010
Im Tasktyp dadd sind insgesamt 152 Kombinationen eindeutig,  nicht eindeutig sind: 937
Im Tasktyp m4x4smul_SIMD sind insgesamt 179 Kombinationen eindeutig,  nicht eindeutig sind: 933
Im Tasktyp dmul64_SIMD sind insgesamt 156 Kombinationen eindeutig,  nicht eindeutig sind: 1010
Im Tasktyp dmul sind insgesamt 152 Kombinationen eindeutig,  nicht eindeutig sind: 937
Im Tasktyp m4x4smul sind insgesamt 179 Kombinationen eindeutig,  nicht eindeutig sind: 924
Im Tasktyp iadd sind insgesamt 142 Kombinationen eindeutig,  nicht eindeutig sind: 985
Im Tasktyp logic sind insgesamt 152 Kombinationen eindeutig,  nicht eindeutig sind: 1011
Im Tasktyp imul sind insgesamt 142 Kombinationen eindeutig,  nicht eindeutig sind: 985
Im Tasktyp dmem64_SIMD sind insgesamt 172 Kombinationen eindeutig,  nicht eindeutig sind: 917
Im Tasktyp ssub32_SIMD sind insgesamt 153 Kombinationen eindeutig,  nicht eindeutig sind: 1010
Im Tasktyp vmov_SIMD sind insgesamt 169 Kombinationen eindeutig,  nicht eindeutig sind: 909
Im Tasktyp smul32_SIMD sind insgesamt 153 Kombinationen eindeutig,  nicht eindeutig sind: 1010
Im Tasktyp shift sind insgesamt 162 Kombinationen eindeutig,  nicht eindeutig sind: 932
Im Anwendungstask sobelv sind aus nop 151 eindeutige Kombinationen enthalten
Im Anwendungstask sobelv sind aus vconvert_SIMD 140 eindeutige Kombinationen enthalten
Im Anwendungstask sobelv sind aus imov 124 eindeutige Kombinationen enthalten
Im Anwendungstask sobelv sind aus imem 136 eindeutige Kombinationen enthalten
Im Anwendungstask sobelv sind aus icompare 124 eindeutige Kombinationen enthalten
Im Anwendungstask sobelv sind aus branch 124 eindeutige Kombinationen enthalten
Im Anwendungstask sobelv sind aus bitbyte 124 eindeutige Kombinationen enthalten
Im Anwendungstask sobelv sind aus v1x4smul_SIMD 140 eindeutige Kombinationen enthalten
Im Anwendungstask sobelv sind aus dmem 124 eindeutige Kombinationen enthalten
Im Anwendungstask sobelv sind aus dsub64_SIMD 124 eindeutige Kombinationen enthalten
Im Anwendungstask sobelv sind aus dadd 124 eindeutige Kombinationen enthalten
Im Anwendungstask sobelv sind aus m4x4smul_SIMD 138 eindeutige Kombinationen enthalten
Im Anwendungstask sobelv sind aus dmul64_SIMD 124 eindeutige Kombinationen enthalten
Im Anwendungstask sobelv sind aus dmul 124 eindeutige Kombinationen enthalten
Im Anwendungstask sobelv sind aus m4x4smul 137 eindeutige Kombinationen enthalten
Im Anwendungstask sobelv sind aus iadd 117 eindeutige Kombinationen enthalten
Im Anwendungstask sobelv sind aus logic 124 eindeutige Kombinationen enthalten
Im Anwendungstask sobelv sind aus imul 117 eindeutige Kombinationen enthalten
Im Anwendungstask sobelv sind aus dmem64_SIMD 138 eindeutige Kombinationen enthalten
Im Anwendungstask sobelv sind aus ssub32_SIMD 124 eindeutige Kombinationen enthalten
Im Anwendungstask sobelv sind aus vmov_SIMD 140 eindeutige Kombinationen enthalten
Im Anwendungstask sobelv sind aus smul32_SIMD 124 eindeutige Kombinationen enthalten
Im Anwendungstask sobelv sind aus shift 132 eindeutige Kombinationen enthalten
Für den Anwendungstask sobelv ist der Tasktyp nop bei Paarsuche am ähnlichsten: 151.000000Treffer!

Im Anwendungstask checkcontrast sind aus nop 150 eindeutige Kombinationen enthalten
Im Anwendungstask checkcontrast sind aus vconvert_SIMD 144 eindeutige Kombinationen enthalten
Im Anwendungstask checkcontrast sind aus imov 128 eindeutige Kombinationen enthalten
Im Anwendungstask checkcontrast sind aus imem 138 eindeutige Kombinationen enthalten
Im Anwendungstask checkcontrast sind aus icompare 128 eindeutige Kombinationen enthalten
Im Anwendungstask checkcontrast sind aus branch 128 eindeutige Kombinationen enthalten
Im Anwendungstask checkcontrast sind aus bitbyte 128 eindeutige Kombinationen enthalten
Im Anwendungstask checkcontrast sind aus v1x4smul_SIMD 144 eindeutige Kombinationen enthalten
Im Anwendungstask checkcontrast sind aus dmem 129 eindeutige Kombinationen enthalten
Im Anwendungstask checkcontrast sind aus dsub64_SIMD 128 eindeutige Kombinationen enthalten
Im Anwendungstask checkcontrast sind aus dadd 128 eindeutige Kombinationen enthalten
Im Anwendungstask checkcontrast sind aus m4x4smul_SIMD 143 eindeutige Kombinationen enthalten
Im Anwendungstask checkcontrast sind aus dmul64_SIMD 128 eindeutige Kombinationen enthalten
Im Anwendungstask checkcontrast sind aus dmul 128 eindeutige Kombinationen enthalten
Im Anwendungstask checkcontrast sind aus m4x4smul 140 eindeutige Kombinationen enthalten
Im Anwendungstask checkcontrast sind aus iadd 121 eindeutige Kombinationen enthalten
Im Anwendungstask checkcontrast sind aus logic 128 eindeutige Kombinationen enthalten
Im Anwendungstask checkcontrast sind aus imul 121 eindeutige Kombinationen enthalten
Im Anwendungstask checkcontrast sind aus dmem64_SIMD 143 eindeutige Kombinationen enthalten
Im Anwendungstask checkcontrast sind aus ssub32_SIMD 128 eindeutige Kombinationen enthalten
Im Anwendungstask checkcontrast sind aus vmov_SIMD 144 eindeutige Kombinationen enthalten
Im Anwendungstask checkcontrast sind aus smul32_SIMD 128 eindeutige Kombinationen enthalten
Im Anwendungstask checkcontrast sind aus shift 135 eindeutige Kombinationen enthalten
Für den Anwendungstask checkcontrast ist der Tasktyp nop bei Paarsuche am ähnlichsten: 150.000000Treffer!

Im Anwendungstask copyimage sind aus nop 140 eindeutige Kombinationen enthalten
Im Anwendungstask copyimage sind aus vconvert_SIMD 131 eindeutige Kombinationen enthalten
Im Anwendungstask copyimage sind aus imov 115 eindeutige Kombinationen enthalten
Im Anwendungstask copyimage sind aus imem 126 eindeutige Kombinationen enthalten
Im Anwendungstask copyimage sind aus icompare 115 eindeutige Kombinationen enthalten
Im Anwendungstask copyimage sind aus branch 115 eindeutige Kombinationen enthalten
Im Anwendungstask copyimage sind aus bitbyte 115 eindeutige Kombinationen enthalten
Im Anwendungstask copyimage sind aus v1x4smul_SIMD 131 eindeutige Kombinationen enthalten
Im Anwendungstask copyimage sind aus dmem 115 eindeutige Kombinationen enthalten
Im Anwendungstask copyimage sind aus dsub64_SIMD 115 eindeutige Kombinationen enthalten
Im Anwendungstask copyimage sind aus dadd 115 eindeutige Kombinationen enthalten
Im Anwendungstask copyimage sind aus m4x4smul_SIMD 127 eindeutige Kombinationen enthalten
Im Anwendungstask copyimage sind aus dmul64_SIMD 115 eindeutige Kombinationen enthalten
Im Anwendungstask copyimage sind aus dmul 115 eindeutige Kombinationen enthalten
Im Anwendungstask copyimage sind aus m4x4smul 128 eindeutige Kombinationen enthalten
Im Anwendungstask copyimage sind aus iadd 108 eindeutige Kombinationen enthalten
Im Anwendungstask copyimage sind aus logic 116 eindeutige Kombinationen enthalten
Im Anwendungstask copyimage sind aus imul 108 eindeutige Kombinationen enthalten
Im Anwendungstask copyimage sind aus dmem64_SIMD 129 eindeutige Kombinationen enthalten
Im Anwendungstask copyimage sind aus ssub32_SIMD 115 eindeutige Kombinationen enthalten
Im Anwendungstask copyimage sind aus vmov_SIMD 131 eindeutige Kombinationen enthalten
Im Anwendungstask copyimage sind aus smul32_SIMD 115 eindeutige Kombinationen enthalten
Im Anwendungstask copyimage sind aus shift 123 eindeutige Kombinationen enthalten
Für den Anwendungstask copyimage ist der Tasktyp nop bei Paarsuche am ähnlichsten: 140.000000Treffer!

Im Anwendungstask testWithNopBitByteShiftIMulLogic sind aus nop 183 eindeutige Kombinationen enthalten
Im Anwendungstask testWithNopBitByteShiftIMulLogic sind aus vconvert_SIMD 168 eindeutige Kombinationen enthalten
Im Anwendungstask testWithNopBitByteShiftIMulLogic sind aus imov 150 eindeutige Kombinationen enthalten
Im Anwendungstask testWithNopBitByteShiftIMulLogic sind aus imem 164 eindeutige Kombinationen enthalten
Im Anwendungstask testWithNopBitByteShiftIMulLogic sind aus icompare 150 eindeutige Kombinationen enthalten
Im Anwendungstask testWithNopBitByteShiftIMulLogic sind aus branch 150 eindeutige Kombinationen enthalten
Im Anwendungstask testWithNopBitByteShiftIMulLogic sind aus bitbyte 150 eindeutige Kombinationen enthalten
Im Anwendungstask testWithNopBitByteShiftIMulLogic sind aus v1x4smul_SIMD 168 eindeutige Kombinationen enthalten
Im Anwendungstask testWithNopBitByteShiftIMulLogic sind aus dmem 150 eindeutige Kombinationen enthalten
Im Anwendungstask testWithNopBitByteShiftIMulLogic sind aus dsub64_SIMD 150 eindeutige Kombinationen enthalten
Im Anwendungstask testWithNopBitByteShiftIMulLogic sind aus dadd 150 eindeutige Kombinationen enthalten
Im Anwendungstask testWithNopBitByteShiftIMulLogic sind aus m4x4smul_SIMD 165 eindeutige Kombinationen enthalten
Im Anwendungstask testWithNopBitByteShiftIMulLogic sind aus dmul64_SIMD 150 eindeutige Kombinationen enthalten
Im Anwendungstask testWithNopBitByteShiftIMulLogic sind aus dmul 150 eindeutige Kombinationen enthalten
Im Anwendungstask testWithNopBitByteShiftIMulLogic sind aus m4x4smul 168 eindeutige Kombinationen enthalten
Im Anwendungstask testWithNopBitByteShiftIMulLogic sind aus iadd 142 eindeutige Kombinationen enthalten
Im Anwendungstask testWithNopBitByteShiftIMulLogic sind aus logic 152 eindeutige Kombinationen enthalten
Im Anwendungstask testWithNopBitByteShiftIMulLogic sind aus imul 142 eindeutige Kombinationen enthalten
Im Anwendungstask testWithNopBitByteShiftIMulLogic sind aus dmem64_SIMD 167 eindeutige Kombinationen enthalten
Im Anwendungstask testWithNopBitByteShiftIMulLogic sind aus ssub32_SIMD 150 eindeutige Kombinationen enthalten
Im Anwendungstask testWithNopBitByteShiftIMulLogic sind aus vmov_SIMD 169 eindeutige Kombinationen enthalten
Im Anwendungstask testWithNopBitByteShiftIMulLogic sind aus smul32_SIMD 150 eindeutige Kombinationen enthalten
Im Anwendungstask testWithNopBitByteShiftIMulLogic sind aus shift 162 eindeutige Kombinationen enthalten
Für den Anwendungstask testWithNopBitByteShiftIMulLogic ist der Tasktyp nop bei Paarsuche am ähnlichsten: 183.000000Treffer!

Im Anwendungstask testWithNopAndBitByteAndShift sind aus nop 183 eindeutige Kombinationen enthalten
Im Anwendungstask testWithNopAndBitByteAndShift sind aus vconvert_SIMD 168 eindeutige Kombinationen enthalten
Im Anwendungstask testWithNopAndBitByteAndShift sind aus imov 150 eindeutige Kombinationen enthalten
Im Anwendungstask testWithNopAndBitByteAndShift sind aus imem 164 eindeutige Kombinationen enthalten
Im Anwendungstask testWithNopAndBitByteAndShift sind aus icompare 150 eindeutige Kombinationen enthalten
Im Anwendungstask testWithNopAndBitByteAndShift sind aus branch 150 eindeutige Kombinationen enthalten
Im Anwendungstask testWithNopAndBitByteAndShift sind aus bitbyte 150 eindeutige Kombinationen enthalten
Im Anwendungstask testWithNopAndBitByteAndShift sind aus v1x4smul_SIMD 168 eindeutige Kombinationen enthalten
Im Anwendungstask testWithNopAndBitByteAndShift sind aus dmem 150 eindeutige Kombinationen enthalten
Im Anwendungstask testWithNopAndBitByteAndShift sind aus dsub64_SIMD 150 eindeutige Kombinationen enthalten
Im Anwendungstask testWithNopAndBitByteAndShift sind aus dadd 150 eindeutige Kombinationen enthalten
Im Anwendungstask testWithNopAndBitByteAndShift sind aus m4x4smul_SIMD 165 eindeutige Kombinationen enthalten
Im Anwendungstask testWithNopAndBitByteAndShift sind aus dmul64_SIMD 150 eindeutige Kombinationen enthalten
Im Anwendungstask testWithNopAndBitByteAndShift sind aus dmul 150 eindeutige Kombinationen enthalten
Im Anwendungstask testWithNopAndBitByteAndShift sind aus m4x4smul 168 eindeutige Kombinationen enthalten
Im Anwendungstask testWithNopAndBitByteAndShift sind aus iadd 142 eindeutige Kombinationen enthalten
Im Anwendungstask testWithNopAndBitByteAndShift sind aus logic 151 eindeutige Kombinationen enthalten
Im Anwendungstask testWithNopAndBitByteAndShift sind aus imul 142 eindeutige Kombinationen enthalten
Im Anwendungstask testWithNopAndBitByteAndShift sind aus dmem64_SIMD 167 eindeutige Kombinationen enthalten
Im Anwendungstask testWithNopAndBitByteAndShift sind aus ssub32_SIMD 150 eindeutige Kombinationen enthalten
Im Anwendungstask testWithNopAndBitByteAndShift sind aus vmov_SIMD 169 eindeutige Kombinationen enthalten
Im Anwendungstask testWithNopAndBitByteAndShift sind aus smul32_SIMD 150 eindeutige Kombinationen enthalten
Im Anwendungstask testWithNopAndBitByteAndShift sind aus shift 162 eindeutige Kombinationen enthalten
Für den Anwendungstask testWithNopAndBitByteAndShift ist der Tasktyp nop bei Paarsuche am ähnlichsten: 183.000000Treffer!

Im Anwendungstask testWithNopAndBitByte sind aus nop 183 eindeutige Kombinationen enthalten
Im Anwendungstask testWithNopAndBitByte sind aus vconvert_SIMD 168 eindeutige Kombinationen enthalten
Im Anwendungstask testWithNopAndBitByte sind aus imov 150 eindeutige Kombinationen enthalten
Im Anwendungstask testWithNopAndBitByte sind aus imem 164 eindeutige Kombinationen enthalten
Im Anwendungstask testWithNopAndBitByte sind aus icompare 150 eindeutige Kombinationen enthalten
Im Anwendungstask testWithNopAndBitByte sind aus branch 150 eindeutige Kombinationen enthalten
Im Anwendungstask testWithNopAndBitByte sind aus bitbyte 150 eindeutige Kombinationen enthalten
Im Anwendungstask testWithNopAndBitByte sind aus v1x4smul_SIMD 168 eindeutige Kombinationen enthalten
Im Anwendungstask testWithNopAndBitByte sind aus dmem 150 eindeutige Kombinationen enthalten
Im Anwendungstask testWithNopAndBitByte sind aus dsub64_SIMD 150 eindeutige Kombinationen enthalten
Im Anwendungstask testWithNopAndBitByte sind aus dadd 150 eindeutige Kombinationen enthalten
Im Anwendungstask testWithNopAndBitByte sind aus m4x4smul_SIMD 165 eindeutige Kombinationen enthalten
Im Anwendungstask testWithNopAndBitByte sind aus dmul64_SIMD 150 eindeutige Kombinationen enthalten
Im Anwendungstask testWithNopAndBitByte sind aus dmul 150 eindeutige Kombinationen enthalten
Im Anwendungstask testWithNopAndBitByte sind aus m4x4smul 167 eindeutige Kombinationen enthalten
Im Anwendungstask testWithNopAndBitByte sind aus iadd 142 eindeutige Kombinationen enthalten
Im Anwendungstask testWithNopAndBitByte sind aus logic 151 eindeutige Kombinationen enthalten
Im Anwendungstask testWithNopAndBitByte sind aus imul 142 eindeutige Kombinationen enthalten
Im Anwendungstask testWithNopAndBitByte sind aus dmem64_SIMD 167 eindeutige Kombinationen enthalten
Im Anwendungstask testWithNopAndBitByte sind aus ssub32_SIMD 150 eindeutige Kombinationen enthalten
Im Anwendungstask testWithNopAndBitByte sind aus vmov_SIMD 169 eindeutige Kombinationen enthalten
Im Anwendungstask testWithNopAndBitByte sind aus smul32_SIMD 150 eindeutige Kombinationen enthalten
Im Anwendungstask testWithNopAndBitByte sind aus shift 160 eindeutige Kombinationen enthalten
Für den Anwendungstask testWithNopAndBitByte ist der Tasktyp nop bei Paarsuche am ähnlichsten: 183.000000Treffer!

Im Anwendungstask combineimgs sind aus nop 153 eindeutige Kombinationen enthalten
Im Anwendungstask combineimgs sind aus vconvert_SIMD 144 eindeutige Kombinationen enthalten
Im Anwendungstask combineimgs sind aus imov 128 eindeutige Kombinationen enthalten
Im Anwendungstask combineimgs sind aus imem 138 eindeutige Kombinationen enthalten
Im Anwendungstask combineimgs sind aus icompare 128 eindeutige Kombinationen enthalten
Im Anwendungstask combineimgs sind aus branch 128 eindeutige Kombinationen enthalten
Im Anwendungstask combineimgs sind aus bitbyte 128 eindeutige Kombinationen enthalten
Im Anwendungstask combineimgs sind aus v1x4smul_SIMD 144 eindeutige Kombinationen enthalten
Im Anwendungstask combineimgs sind aus dmem 128 eindeutige Kombinationen enthalten
Im Anwendungstask combineimgs sind aus dsub64_SIMD 128 eindeutige Kombinationen enthalten
Im Anwendungstask combineimgs sind aus dadd 128 eindeutige Kombinationen enthalten
Im Anwendungstask combineimgs sind aus m4x4smul_SIMD 141 eindeutige Kombinationen enthalten
Im Anwendungstask combineimgs sind aus dmul64_SIMD 128 eindeutige Kombinationen enthalten
Im Anwendungstask combineimgs sind aus dmul 128 eindeutige Kombinationen enthalten
Im Anwendungstask combineimgs sind aus m4x4smul 140 eindeutige Kombinationen enthalten
Im Anwendungstask combineimgs sind aus iadd 121 eindeutige Kombinationen enthalten
Im Anwendungstask combineimgs sind aus logic 128 eindeutige Kombinationen enthalten
Im Anwendungstask combineimgs sind aus imul 121 eindeutige Kombinationen enthalten
Im Anwendungstask combineimgs sind aus dmem64_SIMD 142 eindeutige Kombinationen enthalten
Im Anwendungstask combineimgs sind aus ssub32_SIMD 128 eindeutige Kombinationen enthalten
Im Anwendungstask combineimgs sind aus vmov_SIMD 144 eindeutige Kombinationen enthalten
Im Anwendungstask combineimgs sind aus smul32_SIMD 128 eindeutige Kombinationen enthalten
Im Anwendungstask combineimgs sind aus shift 135 eindeutige Kombinationen enthalten
Für den Anwendungstask combineimgs ist der Tasktyp nop bei Paarsuche am ähnlichsten: 153.000000Treffer!

Im Anwendungstask sharpencontrast sind aus nop 153 eindeutige Kombinationen enthalten
Im Anwendungstask sharpencontrast sind aus vconvert_SIMD 144 eindeutige Kombinationen enthalten
Im Anwendungstask sharpencontrast sind aus imov 128 eindeutige Kombinationen enthalten
Im Anwendungstask sharpencontrast sind aus imem 138 eindeutige Kombinationen enthalten
Im Anwendungstask sharpencontrast sind aus icompare 128 eindeutige Kombinationen enthalten
Im Anwendungstask sharpencontrast sind aus branch 128 eindeutige Kombinationen enthalten
Im Anwendungstask sharpencontrast sind aus bitbyte 128 eindeutige Kombinationen enthalten
Im Anwendungstask sharpencontrast sind aus v1x4smul_SIMD 144 eindeutige Kombinationen enthalten
Im Anwendungstask sharpencontrast sind aus dmem 128 eindeutige Kombinationen enthalten
Im Anwendungstask sharpencontrast sind aus dsub64_SIMD 128 eindeutige Kombinationen enthalten
Im Anwendungstask sharpencontrast sind aus dadd 128 eindeutige Kombinationen enthalten
Im Anwendungstask sharpencontrast sind aus m4x4smul_SIMD 141 eindeutige Kombinationen enthalten
Im Anwendungstask sharpencontrast sind aus dmul64_SIMD 128 eindeutige Kombinationen enthalten
Im Anwendungstask sharpencontrast sind aus dmul 128 eindeutige Kombinationen enthalten
Im Anwendungstask sharpencontrast sind aus m4x4smul 140 eindeutige Kombinationen enthalten
Im Anwendungstask sharpencontrast sind aus iadd 121 eindeutige Kombinationen enthalten
Im Anwendungstask sharpencontrast sind aus logic 128 eindeutige Kombinationen enthalten
Im Anwendungstask sharpencontrast sind aus imul 121 eindeutige Kombinationen enthalten
Im Anwendungstask sharpencontrast sind aus dmem64_SIMD 142 eindeutige Kombinationen enthalten
Im Anwendungstask sharpencontrast sind aus ssub32_SIMD 128 eindeutige Kombinationen enthalten
Im Anwendungstask sharpencontrast sind aus vmov_SIMD 144 eindeutige Kombinationen enthalten
Im Anwendungstask sharpencontrast sind aus smul32_SIMD 128 eindeutige Kombinationen enthalten
Im Anwendungstask sharpencontrast sind aus shift 135 eindeutige Kombinationen enthalten
Für den Anwendungstask sharpencontrast ist der Tasktyp nop bei Paarsuche am ähnlichsten: 153.000000Treffer!

Im Anwendungstask loadimage sind aus nop 180 eindeutige Kombinationen enthalten
Im Anwendungstask loadimage sind aus vconvert_SIMD 169 eindeutige Kombinationen enthalten
Im Anwendungstask loadimage sind aus imov 150 eindeutige Kombinationen enthalten
Im Anwendungstask loadimage sind aus imem 164 eindeutige Kombinationen enthalten
Im Anwendungstask loadimage sind aus icompare 150 eindeutige Kombinationen enthalten
Im Anwendungstask loadimage sind aus branch 150 eindeutige Kombinationen enthalten
Im Anwendungstask loadimage sind aus bitbyte 150 eindeutige Kombinationen enthalten
Im Anwendungstask loadimage sind aus v1x4smul_SIMD 169 eindeutige Kombinationen enthalten
Im Anwendungstask loadimage sind aus dmem 150 eindeutige Kombinationen enthalten
Im Anwendungstask loadimage sind aus dsub64_SIMD 150 eindeutige Kombinationen enthalten
Im Anwendungstask loadimage sind aus dadd 150 eindeutige Kombinationen enthalten
Im Anwendungstask loadimage sind aus m4x4smul_SIMD 166 eindeutige Kombinationen enthalten
Im Anwendungstask loadimage sind aus dmul64_SIMD 150 eindeutige Kombinationen enthalten
Im Anwendungstask loadimage sind aus dmul 150 eindeutige Kombinationen enthalten
Im Anwendungstask loadimage sind aus m4x4smul 168 eindeutige Kombinationen enthalten
Im Anwendungstask loadimage sind aus iadd 142 eindeutige Kombinationen enthalten
Im Anwendungstask loadimage sind aus logic 152 eindeutige Kombinationen enthalten
Im Anwendungstask loadimage sind aus imul 142 eindeutige Kombinationen enthalten
Im Anwendungstask loadimage sind aus dmem64_SIMD 167 eindeutige Kombinationen enthalten
Im Anwendungstask loadimage sind aus ssub32_SIMD 150 eindeutige Kombinationen enthalten
Im Anwendungstask loadimage sind aus vmov_SIMD 169 eindeutige Kombinationen enthalten
Im Anwendungstask loadimage sind aus smul32_SIMD 150 eindeutige Kombinationen enthalten
Im Anwendungstask loadimage sind aus shift 161 eindeutige Kombinationen enthalten
Für den Anwendungstask loadimage ist der Tasktyp nop bei Paarsuche am ähnlichsten: 180.000000Treffer!

Im Anwendungstask sobelh sind aus nop 151 eindeutige Kombinationen enthalten
Im Anwendungstask sobelh sind aus vconvert_SIMD 140 eindeutige Kombinationen enthalten
Im Anwendungstask sobelh sind aus imov 124 eindeutige Kombinationen enthalten
Im Anwendungstask sobelh sind aus imem 136 eindeutige Kombinationen enthalten
Im Anwendungstask sobelh sind aus icompare 124 eindeutige Kombinationen enthalten
Im Anwendungstask sobelh sind aus branch 124 eindeutige Kombinationen enthalten
Im Anwendungstask sobelh sind aus bitbyte 124 eindeutige Kombinationen enthalten
Im Anwendungstask sobelh sind aus v1x4smul_SIMD 140 eindeutige Kombinationen enthalten
Im Anwendungstask sobelh sind aus dmem 124 eindeutige Kombinationen enthalten
Im Anwendungstask sobelh sind aus dsub64_SIMD 124 eindeutige Kombinationen enthalten
Im Anwendungstask sobelh sind aus dadd 124 eindeutige Kombinationen enthalten
Im Anwendungstask sobelh sind aus m4x4smul_SIMD 138 eindeutige Kombinationen enthalten
Im Anwendungstask sobelh sind aus dmul64_SIMD 124 eindeutige Kombinationen enthalten
Im Anwendungstask sobelh sind aus dmul 124 eindeutige Kombinationen enthalten
Im Anwendungstask sobelh sind aus m4x4smul 137 eindeutige Kombinationen enthalten
Im Anwendungstask sobelh sind aus iadd 117 eindeutige Kombinationen enthalten
Im Anwendungstask sobelh sind aus logic 124 eindeutige Kombinationen enthalten
Im Anwendungstask sobelh sind aus imul 117 eindeutige Kombinationen enthalten
Im Anwendungstask sobelh sind aus dmem64_SIMD 138 eindeutige Kombinationen enthalten
Im Anwendungstask sobelh sind aus ssub32_SIMD 124 eindeutige Kombinationen enthalten
Im Anwendungstask sobelh sind aus vmov_SIMD 140 eindeutige Kombinationen enthalten
Im Anwendungstask sobelh sind aus smul32_SIMD 124 eindeutige Kombinationen enthalten
Im Anwendungstask sobelh sind aus shift 132 eindeutige Kombinationen enthalten
Für den Anwendungstask sobelh ist der Tasktyp nop bei Paarsuche am ähnlichsten: 151.000000Treffer!

Im Anwendungstask writeimage sind aus nop 178 eindeutige Kombinationen enthalten
Im Anwendungstask writeimage sind aus vconvert_SIMD 167 eindeutige Kombinationen enthalten
Im Anwendungstask writeimage sind aus imov 148 eindeutige Kombinationen enthalten
Im Anwendungstask writeimage sind aus imem 162 eindeutige Kombinationen enthalten
Im Anwendungstask writeimage sind aus icompare 148 eindeutige Kombinationen enthalten
Im Anwendungstask writeimage sind aus branch 148 eindeutige Kombinationen enthalten
Im Anwendungstask writeimage sind aus bitbyte 148 eindeutige Kombinationen enthalten
Im Anwendungstask writeimage sind aus v1x4smul_SIMD 167 eindeutige Kombinationen enthalten
Im Anwendungstask writeimage sind aus dmem 148 eindeutige Kombinationen enthalten
Im Anwendungstask writeimage sind aus dsub64_SIMD 148 eindeutige Kombinationen enthalten
Im Anwendungstask writeimage sind aus dadd 148 eindeutige Kombinationen enthalten
Im Anwendungstask writeimage sind aus m4x4smul_SIMD 164 eindeutige Kombinationen enthalten
Im Anwendungstask writeimage sind aus dmul64_SIMD 148 eindeutige Kombinationen enthalten
Im Anwendungstask writeimage sind aus dmul 148 eindeutige Kombinationen enthalten
Im Anwendungstask writeimage sind aus m4x4smul 166 eindeutige Kombinationen enthalten
Im Anwendungstask writeimage sind aus iadd 140 eindeutige Kombinationen enthalten
Im Anwendungstask writeimage sind aus logic 150 eindeutige Kombinationen enthalten
Im Anwendungstask writeimage sind aus imul 140 eindeutige Kombinationen enthalten
Im Anwendungstask writeimage sind aus dmem64_SIMD 165 eindeutige Kombinationen enthalten
Im Anwendungstask writeimage sind aus ssub32_SIMD 148 eindeutige Kombinationen enthalten
Im Anwendungstask writeimage sind aus vmov_SIMD 167 eindeutige Kombinationen enthalten
Im Anwendungstask writeimage sind aus smul32_SIMD 148 eindeutige Kombinationen enthalten
Im Anwendungstask writeimage sind aus shift 159 eindeutige Kombinationen enthalten
Für den Anwendungstask writeimage ist der Tasktyp nop bei Paarsuche am ähnlichsten: 178.000000Treffer!

Im Anwendungstask greyscale sind aus nop 153 eindeutige Kombinationen enthalten
Im Anwendungstask greyscale sind aus vconvert_SIMD 144 eindeutige Kombinationen enthalten
Im Anwendungstask greyscale sind aus imov 128 eindeutige Kombinationen enthalten
Im Anwendungstask greyscale sind aus imem 139 eindeutige Kombinationen enthalten
Im Anwendungstask greyscale sind aus icompare 128 eindeutige Kombinationen enthalten
Im Anwendungstask greyscale sind aus branch 128 eindeutige Kombinationen enthalten
Im Anwendungstask greyscale sind aus bitbyte 128 eindeutige Kombinationen enthalten
Im Anwendungstask greyscale sind aus v1x4smul_SIMD 144 eindeutige Kombinationen enthalten
Im Anwendungstask greyscale sind aus dmem 129 eindeutige Kombinationen enthalten
Im Anwendungstask greyscale sind aus dsub64_SIMD 128 eindeutige Kombinationen enthalten
Im Anwendungstask greyscale sind aus dadd 128 eindeutige Kombinationen enthalten
Im Anwendungstask greyscale sind aus m4x4smul_SIMD 142 eindeutige Kombinationen enthalten
Im Anwendungstask greyscale sind aus dmul64_SIMD 128 eindeutige Kombinationen enthalten
Im Anwendungstask greyscale sind aus dmul 128 eindeutige Kombinationen enthalten
Im Anwendungstask greyscale sind aus m4x4smul 140 eindeutige Kombinationen enthalten
Im Anwendungstask greyscale sind aus iadd 121 eindeutige Kombinationen enthalten
Im Anwendungstask greyscale sind aus logic 128 eindeutige Kombinationen enthalten
Im Anwendungstask greyscale sind aus imul 121 eindeutige Kombinationen enthalten
Im Anwendungstask greyscale sind aus dmem64_SIMD 143 eindeutige Kombinationen enthalten
Im Anwendungstask greyscale sind aus ssub32_SIMD 128 eindeutige Kombinationen enthalten
Im Anwendungstask greyscale sind aus vmov_SIMD 144 eindeutige Kombinationen enthalten
Im Anwendungstask greyscale sind aus smul32_SIMD 128 eindeutige Kombinationen enthalten
Im Anwendungstask greyscale sind aus shift 135 eindeutige Kombinationen enthalten
Für den Anwendungstask greyscale ist der Tasktyp nop bei Paarsuche am ähnlichsten: 153.000000Treffer!

Im Anwendungstask testWithNop sind aus nop 183 eindeutige Kombinationen enthalten
Im Anwendungstask testWithNop sind aus vconvert_SIMD 168 eindeutige Kombinationen enthalten
Im Anwendungstask testWithNop sind aus imov 150 eindeutige Kombinationen enthalten
Im Anwendungstask testWithNop sind aus imem 164 eindeutige Kombinationen enthalten
Im Anwendungstask testWithNop sind aus icompare 150 eindeutige Kombinationen enthalten
Im Anwendungstask testWithNop sind aus branch 150 eindeutige Kombinationen enthalten
Im Anwendungstask testWithNop sind aus bitbyte 150 eindeutige Kombinationen enthalten
Im Anwendungstask testWithNop sind aus v1x4smul_SIMD 168 eindeutige Kombinationen enthalten
Im Anwendungstask testWithNop sind aus dmem 150 eindeutige Kombinationen enthalten
Im Anwendungstask testWithNop sind aus dsub64_SIMD 150 eindeutige Kombinationen enthalten
Im Anwendungstask testWithNop sind aus dadd 150 eindeutige Kombinationen enthalten
Im Anwendungstask testWithNop sind aus m4x4smul_SIMD 165 eindeutige Kombinationen enthalten
Im Anwendungstask testWithNop sind aus dmul64_SIMD 150 eindeutige Kombinationen enthalten
Im Anwendungstask testWithNop sind aus dmul 150 eindeutige Kombinationen enthalten
Im Anwendungstask testWithNop sind aus m4x4smul 167 eindeutige Kombinationen enthalten
Im Anwendungstask testWithNop sind aus iadd 142 eindeutige Kombinationen enthalten
Im Anwendungstask testWithNop sind aus logic 151 eindeutige Kombinationen enthalten
Im Anwendungstask testWithNop sind aus imul 142 eindeutige Kombinationen enthalten
Im Anwendungstask testWithNop sind aus dmem64_SIMD 167 eindeutige Kombinationen enthalten
Im Anwendungstask testWithNop sind aus ssub32_SIMD 150 eindeutige Kombinationen enthalten
Im Anwendungstask testWithNop sind aus vmov_SIMD 169 eindeutige Kombinationen enthalten
Im Anwendungstask testWithNop sind aus smul32_SIMD 150 eindeutige Kombinationen enthalten
Im Anwendungstask testWithNop sind aus shift 160 eindeutige Kombinationen enthalten
Für den Anwendungstask testWithNop ist der Tasktyp nop bei Paarsuche am ähnlichsten: 183.000000Treffer!

