
AppTask sobelv wird geprüft!
(Durchgang 1 von 10)
In AppTask sobelv(Gesamt: 17432) sind aus ProtTask branch (Gesamt: 1997)  1096 Einträge vorhanden!

In AppTask sobelv(Gesamt: 17432) sind aus ProtTask imul (Gesamt: 2071)  1181 Einträge vorhanden!

In AppTask sobelv(Gesamt: 17432) sind aus ProtTask icompare (Gesamt: 2095)  1123 Einträge vorhanden!

In AppTask sobelv(Gesamt: 17432) sind aus ProtTask iadd (Gesamt: 2039)  1159 Einträge vorhanden!

In AppTask sobelv(Gesamt: 17432) sind aus ProtTask dmul64_SIMD (Gesamt: 2114)  1104 Einträge vorhanden!

In AppTask sobelv(Gesamt: 17432) sind aus ProtTask imov (Gesamt: 1996)  1096 Einträge vorhanden!

In AppTask sobelv(Gesamt: 17432) sind aus ProtTask dmul (Gesamt: 2062)  1100 Einträge vorhanden!

In AppTask sobelv(Gesamt: 17432) sind aus ProtTask dadd (Gesamt: 2062)  1100 Einträge vorhanden!

In AppTask sobelv(Gesamt: 17432) sind aus ProtTask shift (Gesamt: 1996)  1096 Einträge vorhanden!

In AppTask sobelv(Gesamt: 17432) sind aus ProtTask nop (Gesamt: 1999)  1096 Einträge vorhanden!

In AppTask sobelv(Gesamt: 17432) sind aus ProtTask m4x4smul (Gesamt: 1999)  1112 Einträge vorhanden!

In AppTask sobelv(Gesamt: 17432) sind aus ProtTask bitbyte (Gesamt: 2037)  1143 Einträge vorhanden!

In AppTask sobelv(Gesamt: 17432) sind aus ProtTask dsub64_SIMD (Gesamt: 2114)  1104 Einträge vorhanden!

In AppTask sobelv(Gesamt: 17432) sind aus ProtTask logic (Gesamt: 2036)  1139 Einträge vorhanden!

In AppTask sobelv(Gesamt: 17432) sind aus ProtTask ssub32_SIMD (Gesamt: 2114)  1104 Einträge vorhanden!

In AppTask sobelv(Gesamt: 17432) sind aus ProtTask ssub32_SIMD (Gesamt: 2114)  1104 Einträge vorhanden!

In AppTask sobelv(Gesamt: 17432) sind aus ProtTask vmov_SIMD (Gesamt: 2157)  1249 Einträge vorhanden!

In AppTask sobelv(Gesamt: 17432) sind aus ProtTask imem (Gesamt: 2080)  1184 Einträge vorhanden!

In AppTask sobelv(Gesamt: 17432) sind aus ProtTask smul32_SIMD (Gesamt: 2114)  1104 Einträge vorhanden!

In AppTask sobelv(Gesamt: 17432) sind aus ProtTask dmem64_SIMD (Gesamt: 2081)  1182 Einträge vorhanden!

In AppTask sobelv(Gesamt: 17432) sind aus ProtTask dmem (Gesamt: 2091)  1192 Einträge vorhanden!

In AppTask sobelv(Gesamt: 17432) sind aus ProtTask vconvert_SIMD (Gesamt: 2090)  1166 Einträge vorhanden!

In AppTask sobelv(Gesamt: 17432) sind aus ProtTask v1x4smul_SIMD (Gesamt: 2287)  1172 Einträge vorhanden!

In AppTask sobelv(Gesamt: 17432) sind aus ProtTask m4x4smul_SIMD (Gesamt: 2328)  1228 Einträge vorhanden!

