
AppTask sobelv wird geprüft!
In AppTask sobelv(Gesamt: 17432) sind aus ProtTask v1x4smul_SIMD (Gesamt: 2287)  9595 Einträge vorhanden! (Der Prottask wurde aufgrund der Größe des AppTask 7 mal wiederholt!)
In AppTask sobelv(Gesamt: 17432) sind aus ProtTask bitbyte (Gesamt: 2037)  10372 Einträge vorhanden! (Der Prottask wurde aufgrund der Größe des AppTask 8 mal wiederholt!)
In AppTask sobelv(Gesamt: 17432) sind aus ProtTask imov (Gesamt: 1996)  9967 Einträge vorhanden! (Der Prottask wurde aufgrund der Größe des AppTask 8 mal wiederholt!)
In AppTask sobelv(Gesamt: 17432) sind aus ProtTask vmov_SIMD (Gesamt: 2157)  11245 Einträge vorhanden! (Der Prottask wurde aufgrund der Größe des AppTask 8 mal wiederholt!)
In AppTask sobelv(Gesamt: 17432) sind aus ProtTask dadd (Gesamt: 2062)  9976 Einträge vorhanden! (Der Prottask wurde aufgrund der Größe des AppTask 8 mal wiederholt!)
In AppTask sobelv(Gesamt: 17432) sind aus ProtTask m4x4smul (Gesamt: 1999)  10120 Einträge vorhanden! (Der Prottask wurde aufgrund der Größe des AppTask 8 mal wiederholt!)
In AppTask sobelv(Gesamt: 17432) sind aus ProtTask logic (Gesamt: 2036)  10327 Einträge vorhanden! (Der Prottask wurde aufgrund der Größe des AppTask 8 mal wiederholt!)
In AppTask sobelv(Gesamt: 17432) sind aus ProtTask dmul (Gesamt: 2062)  10031 Einträge vorhanden! (Der Prottask wurde aufgrund der Größe des AppTask 8 mal wiederholt!)
In AppTask sobelv(Gesamt: 17432) sind aus ProtTask shift (Gesamt: 1996)  9967 Einträge vorhanden! (Der Prottask wurde aufgrund der Größe des AppTask 8 mal wiederholt!)
In AppTask sobelv(Gesamt: 17432) sind aus ProtTask branch (Gesamt: 1997)  9994 Einträge vorhanden! (Der Prottask wurde aufgrund der Größe des AppTask 8 mal wiederholt!)
In AppTask sobelv(Gesamt: 17432) sind aus ProtTask dsub64_SIMD (Gesamt: 2114)  9967 Einträge vorhanden! (Der Prottask wurde aufgrund der Größe des AppTask 8 mal wiederholt!)
In AppTask sobelv(Gesamt: 17432) sind aus ProtTask iadd (Gesamt: 2039)  10516 Einträge vorhanden! (Der Prottask wurde aufgrund der Größe des AppTask 8 mal wiederholt!)
In AppTask sobelv(Gesamt: 17432) sind aus ProtTask imul (Gesamt: 2071)  10696 Einträge vorhanden! (Der Prottask wurde aufgrund der Größe des AppTask 8 mal wiederholt!)
In AppTask sobelv(Gesamt: 17432) sind aus ProtTask nop (Gesamt: 1999)  9994 Einträge vorhanden! (Der Prottask wurde aufgrund der Größe des AppTask 8 mal wiederholt!)
In AppTask sobelv(Gesamt: 17432) sind aus ProtTask dmem (Gesamt: 2091)  10746 Einträge vorhanden! (Der Prottask wurde aufgrund der Größe des AppTask 8 mal wiederholt!)
In AppTask sobelv(Gesamt: 17432) sind aus ProtTask dmul64_SIMD (Gesamt: 2114)  9967 Einträge vorhanden! (Der Prottask wurde aufgrund der Größe des AppTask 8 mal wiederholt!)
In AppTask sobelv(Gesamt: 17432) sind aus ProtTask imem (Gesamt: 2080)  10683 Einträge vorhanden! (Der Prottask wurde aufgrund der Größe des AppTask 8 mal wiederholt!)
In AppTask sobelv(Gesamt: 17432) sind aus ProtTask ssub32_SIMD (Gesamt: 2114)  9967 Einträge vorhanden! (Der Prottask wurde aufgrund der Größe des AppTask 8 mal wiederholt!)
In AppTask sobelv(Gesamt: 17432) sind aus ProtTask vconvert_SIMD (Gesamt: 2090)  10552 Einträge vorhanden! (Der Prottask wurde aufgrund der Größe des AppTask 8 mal wiederholt!)
In AppTask sobelv(Gesamt: 17432) sind aus ProtTask m4x4smul_SIMD (Gesamt: 2328)  10027 Einträge vorhanden! (Der Prottask wurde aufgrund der Größe des AppTask 7 mal wiederholt!)
In AppTask sobelv(Gesamt: 17432) sind aus ProtTask dmem64_SIMD (Gesamt: 2081)  10696 Einträge vorhanden! (Der Prottask wurde aufgrund der Größe des AppTask 8 mal wiederholt!)
In AppTask sobelv(Gesamt: 17432) sind aus ProtTask icompare (Gesamt: 2095)  10156 Einträge vorhanden! (Der Prottask wurde aufgrund der Größe des AppTask 8 mal wiederholt!)
In AppTask sobelv(Gesamt: 17432) sind aus ProtTask smul32_SIMD (Gesamt: 2114)  9967 Einträge vorhanden! (Der Prottask wurde aufgrund der Größe des AppTask 8 mal wiederholt!)

Der ähnlichste ProttypTask für den AppTask sobelv ist vmov_SIMD(11245.000000  Treffer)


AppTask checkcontrast wird geprüft!
In AppTask checkcontrast(Gesamt: 1922) sind aus ProtTask nop (Gesamt: 1999)  1847 Einträge vorhanden! (Der Prottask wurde aufgrund der Größe des AppTask 0 mal wiederholt!)
In AppTask checkcontrast(Gesamt: 1922) sind aus ProtTask iadd (Gesamt: 2039)  1859 Einträge vorhanden! (Der Prottask wurde aufgrund der Größe des AppTask 0 mal wiederholt!)
In AppTask checkcontrast(Gesamt: 1922) sind aus ProtTask icompare (Gesamt: 2095)  1849 Einträge vorhanden! (Der Prottask wurde aufgrund der Größe des AppTask 0 mal wiederholt!)
In AppTask checkcontrast(Gesamt: 1922) sind aus ProtTask vmov_SIMD (Gesamt: 2157)  1862 Einträge vorhanden! (Der Prottask wurde aufgrund der Größe des AppTask 0 mal wiederholt!)
In AppTask checkcontrast(Gesamt: 1922) sind aus ProtTask ssub32_SIMD (Gesamt: 2114)  1847 Einträge vorhanden! (Der Prottask wurde aufgrund der Größe des AppTask 0 mal wiederholt!)
In AppTask checkcontrast(Gesamt: 1922) sind aus ProtTask shift (Gesamt: 1996)  1848 Einträge vorhanden! (Der Prottask wurde aufgrund der Größe des AppTask 0 mal wiederholt!)
In AppTask checkcontrast(Gesamt: 1922) sind aus ProtTask branch (Gesamt: 1997)  1848 Einträge vorhanden! (Der Prottask wurde aufgrund der Größe des AppTask 0 mal wiederholt!)
In AppTask checkcontrast(Gesamt: 1922) sind aus ProtTask bitbyte (Gesamt: 2037)  1851 Einträge vorhanden! (Der Prottask wurde aufgrund der Größe des AppTask 0 mal wiederholt!)
In AppTask checkcontrast(Gesamt: 1922) sind aus ProtTask dmem64_SIMD (Gesamt: 2081)  1866 Einträge vorhanden! (Der Prottask wurde aufgrund der Größe des AppTask 0 mal wiederholt!)
In AppTask checkcontrast(Gesamt: 1922) sind aus ProtTask dadd (Gesamt: 2062)  1847 Einträge vorhanden! (Der Prottask wurde aufgrund der Größe des AppTask 0 mal wiederholt!)
In AppTask checkcontrast(Gesamt: 1922) sind aus ProtTask m4x4smul (Gesamt: 1999)  1851 Einträge vorhanden! (Der Prottask wurde aufgrund der Größe des AppTask 0 mal wiederholt!)
In AppTask checkcontrast(Gesamt: 1922) sind aus ProtTask imov (Gesamt: 1996)  1847 Einträge vorhanden! (Der Prottask wurde aufgrund der Größe des AppTask 0 mal wiederholt!)
In AppTask checkcontrast(Gesamt: 1922) sind aus ProtTask vconvert_SIMD (Gesamt: 2090)  1847 Einträge vorhanden! (Der Prottask wurde aufgrund der Größe des AppTask 0 mal wiederholt!)
In AppTask checkcontrast(Gesamt: 1922) sind aus ProtTask logic (Gesamt: 2036)  1847 Einträge vorhanden! (Der Prottask wurde aufgrund der Größe des AppTask 0 mal wiederholt!)
In AppTask checkcontrast(Gesamt: 1922) sind aus ProtTask dmem (Gesamt: 2091)  1856 Einträge vorhanden! (Der Prottask wurde aufgrund der Größe des AppTask 0 mal wiederholt!)
In AppTask checkcontrast(Gesamt: 1922) sind aus ProtTask smul32_SIMD (Gesamt: 2114)  1847 Einträge vorhanden! (Der Prottask wurde aufgrund der Größe des AppTask 0 mal wiederholt!)
In AppTask checkcontrast(Gesamt: 1922) sind aus ProtTask imem (Gesamt: 2080)  1851 Einträge vorhanden! (Der Prottask wurde aufgrund der Größe des AppTask 0 mal wiederholt!)
In AppTask checkcontrast(Gesamt: 1922) sind aus ProtTask dmul (Gesamt: 2062)  1847 Einträge vorhanden! (Der Prottask wurde aufgrund der Größe des AppTask 0 mal wiederholt!)
In AppTask checkcontrast(Gesamt: 1922) sind aus ProtTask imul (Gesamt: 2071)  1861 Einträge vorhanden! (Der Prottask wurde aufgrund der Größe des AppTask 0 mal wiederholt!)
In AppTask checkcontrast(Gesamt: 1922) sind aus ProtTask dmul64_SIMD (Gesamt: 2114)  1847 Einträge vorhanden! (Der Prottask wurde aufgrund der Größe des AppTask 0 mal wiederholt!)
In AppTask checkcontrast(Gesamt: 1922) sind aus ProtTask dsub64_SIMD (Gesamt: 2114)  1847 Einträge vorhanden! (Der Prottask wurde aufgrund der Größe des AppTask 0 mal wiederholt!)
In AppTask checkcontrast(Gesamt: 1922) sind aus ProtTask v1x4smul_SIMD (Gesamt: 2287)  1857 Einträge vorhanden! (Der Prottask wurde aufgrund der Größe des AppTask 0 mal wiederholt!)
In AppTask checkcontrast(Gesamt: 1922) sind aus ProtTask m4x4smul_SIMD (Gesamt: 2328)  1868 Einträge vorhanden! (Der Prottask wurde aufgrund der Größe des AppTask 0 mal wiederholt!)

Der ähnlichste ProttypTask für den AppTask checkcontrast ist m4x4smul_SIMD(1868.000000  Treffer)


AppTask copyimage wird geprüft!
In AppTask copyimage(Gesamt: 3590) sind aus ProtTask v1x4smul_SIMD (Gesamt: 2287)  2971 Einträge vorhanden! (Der Prottask wurde aufgrund der Größe des AppTask 1 mal wiederholt!)
In AppTask copyimage(Gesamt: 3590) sind aus ProtTask vconvert_SIMD (Gesamt: 2090)  3011 Einträge vorhanden! (Der Prottask wurde aufgrund der Größe des AppTask 1 mal wiederholt!)
In AppTask copyimage(Gesamt: 3590) sind aus ProtTask icompare (Gesamt: 2095)  2922 Einträge vorhanden! (Der Prottask wurde aufgrund der Größe des AppTask 1 mal wiederholt!)
In AppTask copyimage(Gesamt: 3590) sind aus ProtTask nop (Gesamt: 1999)  2880 Einträge vorhanden! (Der Prottask wurde aufgrund der Größe des AppTask 1 mal wiederholt!)
In AppTask copyimage(Gesamt: 3590) sind aus ProtTask dadd (Gesamt: 2062)  2882 Einträge vorhanden! (Der Prottask wurde aufgrund der Größe des AppTask 1 mal wiederholt!)
In AppTask copyimage(Gesamt: 3590) sind aus ProtTask imov (Gesamt: 1996)  2882 Einträge vorhanden! (Der Prottask wurde aufgrund der Größe des AppTask 1 mal wiederholt!)
In AppTask copyimage(Gesamt: 3590) sind aus ProtTask imem (Gesamt: 2080)  3004 Einträge vorhanden! (Der Prottask wurde aufgrund der Größe des AppTask 1 mal wiederholt!)
In AppTask copyimage(Gesamt: 3590) sind aus ProtTask branch (Gesamt: 1997)  2882 Einträge vorhanden! (Der Prottask wurde aufgrund der Größe des AppTask 1 mal wiederholt!)
In AppTask copyimage(Gesamt: 3590) sind aus ProtTask bitbyte (Gesamt: 2037)  2970 Einträge vorhanden! (Der Prottask wurde aufgrund der Größe des AppTask 1 mal wiederholt!)
In AppTask copyimage(Gesamt: 3590) sind aus ProtTask m4x4smul (Gesamt: 1999)  2913 Einträge vorhanden! (Der Prottask wurde aufgrund der Größe des AppTask 1 mal wiederholt!)
In AppTask copyimage(Gesamt: 3590) sind aus ProtTask dmul64_SIMD (Gesamt: 2114)  2883 Einträge vorhanden! (Der Prottask wurde aufgrund der Größe des AppTask 1 mal wiederholt!)
In AppTask copyimage(Gesamt: 3590) sind aus ProtTask smul32_SIMD (Gesamt: 2114)  2883 Einträge vorhanden! (Der Prottask wurde aufgrund der Größe des AppTask 1 mal wiederholt!)
In AppTask copyimage(Gesamt: 3590) sind aus ProtTask dmem64_SIMD (Gesamt: 2081)  2998 Einträge vorhanden! (Der Prottask wurde aufgrund der Größe des AppTask 1 mal wiederholt!)
In AppTask copyimage(Gesamt: 3590) sind aus ProtTask vmov_SIMD (Gesamt: 2157)  3085 Einträge vorhanden! (Der Prottask wurde aufgrund der Größe des AppTask 1 mal wiederholt!)
In AppTask copyimage(Gesamt: 3590) sind aus ProtTask dmem (Gesamt: 2091)  3015 Einträge vorhanden! (Der Prottask wurde aufgrund der Größe des AppTask 1 mal wiederholt!)
In AppTask copyimage(Gesamt: 3590) sind aus ProtTask shift (Gesamt: 1996)  2892 Einträge vorhanden! (Der Prottask wurde aufgrund der Größe des AppTask 1 mal wiederholt!)
In AppTask copyimage(Gesamt: 3590) sind aus ProtTask logic (Gesamt: 2036)  2964 Einträge vorhanden! (Der Prottask wurde aufgrund der Größe des AppTask 1 mal wiederholt!)
In AppTask copyimage(Gesamt: 3590) sind aus ProtTask iadd (Gesamt: 2039)  2962 Einträge vorhanden! (Der Prottask wurde aufgrund der Größe des AppTask 1 mal wiederholt!)
In AppTask copyimage(Gesamt: 3590) sind aus ProtTask dmul (Gesamt: 2062)  2882 Einträge vorhanden! (Der Prottask wurde aufgrund der Größe des AppTask 1 mal wiederholt!)
In AppTask copyimage(Gesamt: 3590) sind aus ProtTask imul (Gesamt: 2071)  2990 Einträge vorhanden! (Der Prottask wurde aufgrund der Größe des AppTask 1 mal wiederholt!)
In AppTask copyimage(Gesamt: 3590) sind aus ProtTask ssub32_SIMD (Gesamt: 2114)  2883 Einträge vorhanden! (Der Prottask wurde aufgrund der Größe des AppTask 1 mal wiederholt!)
In AppTask copyimage(Gesamt: 3590) sind aus ProtTask dsub64_SIMD (Gesamt: 2114)  2883 Einträge vorhanden! (Der Prottask wurde aufgrund der Größe des AppTask 1 mal wiederholt!)
In AppTask copyimage(Gesamt: 3590) sind aus ProtTask m4x4smul_SIMD (Gesamt: 2328)  3026 Einträge vorhanden! (Der Prottask wurde aufgrund der Größe des AppTask 1 mal wiederholt!)

Der ähnlichste ProttypTask für den AppTask copyimage ist vmov_SIMD(3085.000000  Treffer)


AppTask testWithNopBitByteShiftIMulLogic wird geprüft!
In AppTask testWithNopBitByteShiftIMulLogic(Gesamt: 10139) sind aus ProtTask vconvert_SIMD (Gesamt: 2090)  10005 Einträge vorhanden! (Der Prottask wurde aufgrund der Größe des AppTask 4 mal wiederholt!)
In AppTask testWithNopBitByteShiftIMulLogic(Gesamt: 10139) sind aus ProtTask dadd (Gesamt: 2062)  9882 Einträge vorhanden! (Der Prottask wurde aufgrund der Größe des AppTask 4 mal wiederholt!)
In AppTask testWithNopBitByteShiftIMulLogic(Gesamt: 10139) sind aus ProtTask dsub64_SIMD (Gesamt: 2114)  9865 Einträge vorhanden! (Der Prottask wurde aufgrund der Größe des AppTask 4 mal wiederholt!)
In AppTask testWithNopBitByteShiftIMulLogic(Gesamt: 10139) sind aus ProtTask imul (Gesamt: 2071)  10055 Einträge vorhanden! (Der Prottask wurde aufgrund der Größe des AppTask 4 mal wiederholt!)
In AppTask testWithNopBitByteShiftIMulLogic(Gesamt: 10139) sind aus ProtTask logic (Gesamt: 2036)  10050 Einträge vorhanden! (Der Prottask wurde aufgrund der Größe des AppTask 4 mal wiederholt!)
In AppTask testWithNopBitByteShiftIMulLogic(Gesamt: 10139) sind aus ProtTask smul32_SIMD (Gesamt: 2114)  9865 Einträge vorhanden! (Der Prottask wurde aufgrund der Größe des AppTask 4 mal wiederholt!)
In AppTask testWithNopBitByteShiftIMulLogic(Gesamt: 10139) sind aus ProtTask iadd (Gesamt: 2039)  10043 Einträge vorhanden! (Der Prottask wurde aufgrund der Größe des AppTask 4 mal wiederholt!)
In AppTask testWithNopBitByteShiftIMulLogic(Gesamt: 10139) sind aus ProtTask dmem64_SIMD (Gesamt: 2081)  10037 Einträge vorhanden! (Der Prottask wurde aufgrund der Größe des AppTask 4 mal wiederholt!)
In AppTask testWithNopBitByteShiftIMulLogic(Gesamt: 10139) sind aus ProtTask bitbyte (Gesamt: 2037)  10043 Einträge vorhanden! (Der Prottask wurde aufgrund der Größe des AppTask 4 mal wiederholt!)
In AppTask testWithNopBitByteShiftIMulLogic(Gesamt: 10139) sind aus ProtTask dmul (Gesamt: 2062)  9882 Einträge vorhanden! (Der Prottask wurde aufgrund der Größe des AppTask 4 mal wiederholt!)
In AppTask testWithNopBitByteShiftIMulLogic(Gesamt: 10139) sind aus ProtTask dmul64_SIMD (Gesamt: 2114)  9865 Einträge vorhanden! (Der Prottask wurde aufgrund der Größe des AppTask 4 mal wiederholt!)
In AppTask testWithNopBitByteShiftIMulLogic(Gesamt: 10139) sind aus ProtTask icompare (Gesamt: 2095)  9981 Einträge vorhanden! (Der Prottask wurde aufgrund der Größe des AppTask 4 mal wiederholt!)
In AppTask testWithNopBitByteShiftIMulLogic(Gesamt: 10139) sind aus ProtTask imem (Gesamt: 2080)  9997 Einträge vorhanden! (Der Prottask wurde aufgrund der Größe des AppTask 4 mal wiederholt!)
In AppTask testWithNopBitByteShiftIMulLogic(Gesamt: 10139) sind aus ProtTask dmem (Gesamt: 2091)  10021 Einträge vorhanden! (Der Prottask wurde aufgrund der Größe des AppTask 4 mal wiederholt!)
In AppTask testWithNopBitByteShiftIMulLogic(Gesamt: 10139) sind aus ProtTask ssub32_SIMD (Gesamt: 2114)  9865 Einträge vorhanden! (Der Prottask wurde aufgrund der Größe des AppTask 4 mal wiederholt!)
In AppTask testWithNopBitByteShiftIMulLogic(Gesamt: 10139) sind aus ProtTask vmov_SIMD (Gesamt: 2157)  10028 Einträge vorhanden! (Der Prottask wurde aufgrund der Größe des AppTask 4 mal wiederholt!)
In AppTask testWithNopBitByteShiftIMulLogic(Gesamt: 10139) sind aus ProtTask v1x4smul_SIMD (Gesamt: 2287)  10051 Einträge vorhanden! (Der Prottask wurde aufgrund der Größe des AppTask 4 mal wiederholt!)
In AppTask testWithNopBitByteShiftIMulLogic(Gesamt: 10139) sind aus ProtTask m4x4smul_SIMD (Gesamt: 2328)  10057 Einträge vorhanden! (Der Prottask wurde aufgrund der Größe des AppTask 4 mal wiederholt!)
In AppTask testWithNopBitByteShiftIMulLogic(Gesamt: 10139) sind aus ProtTask imov (Gesamt: 1996)  10098 Einträge vorhanden! (Der Prottask wurde aufgrund der Größe des AppTask 5 mal wiederholt!)
In AppTask testWithNopBitByteShiftIMulLogic(Gesamt: 10139) sind aus ProtTask nop (Gesamt: 1999)  10118 Einträge vorhanden! (Der Prottask wurde aufgrund der Größe des AppTask 5 mal wiederholt!)
In AppTask testWithNopBitByteShiftIMulLogic(Gesamt: 10139) sind aus ProtTask m4x4smul (Gesamt: 1999)  10111 Einträge vorhanden! (Der Prottask wurde aufgrund der Größe des AppTask 5 mal wiederholt!)
In AppTask testWithNopBitByteShiftIMulLogic(Gesamt: 10139) sind aus ProtTask branch (Gesamt: 1997)  10113 Einträge vorhanden! (Der Prottask wurde aufgrund der Größe des AppTask 5 mal wiederholt!)
In AppTask testWithNopBitByteShiftIMulLogic(Gesamt: 10139) sind aus ProtTask shift (Gesamt: 1996)  10113 Einträge vorhanden! (Der Prottask wurde aufgrund der Größe des AppTask 5 mal wiederholt!)

Der ähnlichste ProttypTask für den AppTask testWithNopBitByteShiftIMulLogic ist nop(10118.000000  Treffer)


AppTask testWithNopAndBitByteAndShift wird geprüft!
In AppTask testWithNopAndBitByteAndShift(Gesamt: 6032) sind aus ProtTask imul (Gesamt: 2071)  5968 Einträge vorhanden! (Der Prottask wurde aufgrund der Größe des AppTask 2 mal wiederholt!)
In AppTask testWithNopAndBitByteAndShift(Gesamt: 6032) sind aus ProtTask dmem64_SIMD (Gesamt: 2081)  5962 Einträge vorhanden! (Der Prottask wurde aufgrund der Größe des AppTask 2 mal wiederholt!)
In AppTask testWithNopAndBitByteAndShift(Gesamt: 6032) sind aus ProtTask icompare (Gesamt: 2095)  5967 Einträge vorhanden! (Der Prottask wurde aufgrund der Größe des AppTask 2 mal wiederholt!)
In AppTask testWithNopAndBitByteAndShift(Gesamt: 6032) sind aus ProtTask vconvert_SIMD (Gesamt: 2090)  5960 Einträge vorhanden! (Der Prottask wurde aufgrund der Größe des AppTask 2 mal wiederholt!)
In AppTask testWithNopAndBitByteAndShift(Gesamt: 6032) sind aus ProtTask dadd (Gesamt: 2062)  5929 Einträge vorhanden! (Der Prottask wurde aufgrund der Größe des AppTask 2 mal wiederholt!)
In AppTask testWithNopAndBitByteAndShift(Gesamt: 6032) sind aus ProtTask dadd (Gesamt: 2062)  5929 Einträge vorhanden! (Der Prottask wurde aufgrund der Größe des AppTask 2 mal wiederholt!)
In AppTask testWithNopAndBitByteAndShift(Gesamt: 6032) sind aus ProtTask m4x4smul_SIMD (Gesamt: 2328)  5974 Einträge vorhanden! (Der Prottask wurde aufgrund der Größe des AppTask 2 mal wiederholt!)
In AppTask testWithNopAndBitByteAndShift(Gesamt: 6032) sind aus ProtTask dmul64_SIMD (Gesamt: 2114)  5919 Einträge vorhanden! (Der Prottask wurde aufgrund der Größe des AppTask 2 mal wiederholt!)
In AppTask testWithNopAndBitByteAndShift(Gesamt: 6032) sind aus ProtTask dmul64_SIMD (Gesamt: 2114)  5919 Einträge vorhanden! (Der Prottask wurde aufgrund der Größe des AppTask 2 mal wiederholt!)
In AppTask testWithNopAndBitByteAndShift(Gesamt: 6032) sind aus ProtTask iadd (Gesamt: 2039)  5968 Einträge vorhanden! (Der Prottask wurde aufgrund der Größe des AppTask 2 mal wiederholt!)
In AppTask testWithNopAndBitByteAndShift(Gesamt: 6032) sind aus ProtTask dmem (Gesamt: 2091)  5971 Einträge vorhanden! (Der Prottask wurde aufgrund der Größe des AppTask 2 mal wiederholt!)
In AppTask testWithNopAndBitByteAndShift(Gesamt: 6032) sind aus ProtTask bitbyte (Gesamt: 2037)  5988 Einträge vorhanden! (Der Prottask wurde aufgrund der Größe des AppTask 2 mal wiederholt!)
In AppTask testWithNopAndBitByteAndShift(Gesamt: 6032) sind aus ProtTask imem (Gesamt: 2080)  5969 Einträge vorhanden! (Der Prottask wurde aufgrund der Größe des AppTask 2 mal wiederholt!)
In AppTask testWithNopAndBitByteAndShift(Gesamt: 6032) sind aus ProtTask vmov_SIMD (Gesamt: 2157)  5959 Einträge vorhanden! (Der Prottask wurde aufgrund der Größe des AppTask 2 mal wiederholt!)
In AppTask testWithNopAndBitByteAndShift(Gesamt: 6032) sind aus ProtTask logic (Gesamt: 2036)  5984 Einträge vorhanden! (Der Prottask wurde aufgrund der Größe des AppTask 2 mal wiederholt!)
In AppTask testWithNopAndBitByteAndShift(Gesamt: 6032) sind aus ProtTask dmul (Gesamt: 2062)  5929 Einträge vorhanden! (Der Prottask wurde aufgrund der Größe des AppTask 2 mal wiederholt!)
In AppTask testWithNopAndBitByteAndShift(Gesamt: 6032) sind aus ProtTask smul32_SIMD (Gesamt: 2114)  5919 Einträge vorhanden! (Der Prottask wurde aufgrund der Größe des AppTask 2 mal wiederholt!)
In AppTask testWithNopAndBitByteAndShift(Gesamt: 6032) sind aus ProtTask dsub64_SIMD (Gesamt: 2114)  5919 Einträge vorhanden! (Der Prottask wurde aufgrund der Größe des AppTask 2 mal wiederholt!)
In AppTask testWithNopAndBitByteAndShift(Gesamt: 6032) sind aus ProtTask ssub32_SIMD (Gesamt: 2114)  5919 Einträge vorhanden! (Der Prottask wurde aufgrund der Größe des AppTask 2 mal wiederholt!)
In AppTask testWithNopAndBitByteAndShift(Gesamt: 6032) sind aus ProtTask v1x4smul_SIMD (Gesamt: 2287)  5972 Einträge vorhanden! (Der Prottask wurde aufgrund der Größe des AppTask 2 mal wiederholt!)
In AppTask testWithNopAndBitByteAndShift(Gesamt: 6032) sind aus ProtTask shift (Gesamt: 1996)  6016 Einträge vorhanden! (Der Prottask wurde aufgrund der Größe des AppTask 3 mal wiederholt!)
In AppTask testWithNopAndBitByteAndShift(Gesamt: 6032) sind aus ProtTask nop (Gesamt: 1999)  6017 Einträge vorhanden! (Der Prottask wurde aufgrund der Größe des AppTask 3 mal wiederholt!)
In AppTask testWithNopAndBitByteAndShift(Gesamt: 6032) sind aus ProtTask imov (Gesamt: 1996)  6001 Einträge vorhanden! (Der Prottask wurde aufgrund der Größe des AppTask 3 mal wiederholt!)
In AppTask testWithNopAndBitByteAndShift(Gesamt: 6032) sind aus ProtTask branch (Gesamt: 1997)  6016 Einträge vorhanden! (Der Prottask wurde aufgrund der Größe des AppTask 3 mal wiederholt!)
In AppTask testWithNopAndBitByteAndShift(Gesamt: 6032) sind aus ProtTask m4x4smul (Gesamt: 1999)  6009 Einträge vorhanden! (Der Prottask wurde aufgrund der Größe des AppTask 3 mal wiederholt!)

Der ähnlichste ProttypTask für den AppTask testWithNopAndBitByteAndShift ist nop(6017.000000  Treffer)


AppTask testWithNopAndBitByte wird geprüft!
In AppTask testWithNopAndBitByte(Gesamt: 4036) sind aus ProtTask imul (Gesamt: 2071)  3992 Einträge vorhanden! (Der Prottask wurde aufgrund der Größe des AppTask 1 mal wiederholt!)
In AppTask testWithNopAndBitByte(Gesamt: 4036) sind aus ProtTask ssub32_SIMD (Gesamt: 2114)  3946 Einträge vorhanden! (Der Prottask wurde aufgrund der Größe des AppTask 1 mal wiederholt!)
In AppTask testWithNopAndBitByte(Gesamt: 4036) sind aus ProtTask vmov_SIMD (Gesamt: 2157)  3986 Einträge vorhanden! (Der Prottask wurde aufgrund der Größe des AppTask 1 mal wiederholt!)
In AppTask testWithNopAndBitByte(Gesamt: 4036) sind aus ProtTask dadd (Gesamt: 2062)  3953 Einträge vorhanden! (Der Prottask wurde aufgrund der Größe des AppTask 1 mal wiederholt!)
In AppTask testWithNopAndBitByte(Gesamt: 4036) sind aus ProtTask dmul (Gesamt: 2062)  3953 Einträge vorhanden! (Der Prottask wurde aufgrund der Größe des AppTask 1 mal wiederholt!)
In AppTask testWithNopAndBitByte(Gesamt: 4036) sind aus ProtTask iadd (Gesamt: 2039)  3992 Einträge vorhanden! (Der Prottask wurde aufgrund der Größe des AppTask 1 mal wiederholt!)
In AppTask testWithNopAndBitByte(Gesamt: 4036) sind aus ProtTask vconvert_SIMD (Gesamt: 2090)  3987 Einträge vorhanden! (Der Prottask wurde aufgrund der Größe des AppTask 1 mal wiederholt!)
In AppTask testWithNopAndBitByte(Gesamt: 4036) sind aus ProtTask imem (Gesamt: 2080)  3993 Einträge vorhanden! (Der Prottask wurde aufgrund der Größe des AppTask 1 mal wiederholt!)
In AppTask testWithNopAndBitByte(Gesamt: 4036) sind aus ProtTask bitbyte (Gesamt: 2037)  4012 Einträge vorhanden! (Der Prottask wurde aufgrund der Größe des AppTask 1 mal wiederholt!)
In AppTask testWithNopAndBitByte(Gesamt: 4036) sind aus ProtTask logic (Gesamt: 2036)  4008 Einträge vorhanden! (Der Prottask wurde aufgrund der Größe des AppTask 1 mal wiederholt!)
In AppTask testWithNopAndBitByte(Gesamt: 4036) sind aus ProtTask dsub64_SIMD (Gesamt: 2114)  3946 Einträge vorhanden! (Der Prottask wurde aufgrund der Größe des AppTask 1 mal wiederholt!)
In AppTask testWithNopAndBitByte(Gesamt: 4036) sind aus ProtTask dmem64_SIMD (Gesamt: 2081)  3986 Einträge vorhanden! (Der Prottask wurde aufgrund der Größe des AppTask 1 mal wiederholt!)
In AppTask testWithNopAndBitByte(Gesamt: 4036) sind aus ProtTask m4x4smul_SIMD (Gesamt: 2328)  3994 Einträge vorhanden! (Der Prottask wurde aufgrund der Größe des AppTask 1 mal wiederholt!)
In AppTask testWithNopAndBitByte(Gesamt: 4036) sind aus ProtTask dmem (Gesamt: 2091)  3992 Einträge vorhanden! (Der Prottask wurde aufgrund der Größe des AppTask 1 mal wiederholt!)
In AppTask testWithNopAndBitByte(Gesamt: 4036) sind aus ProtTask m4x4smul (Gesamt: 1999)  4020 Einträge vorhanden! (Der Prottask wurde aufgrund der Größe des AppTask 2 mal wiederholt!)
In AppTask testWithNopAndBitByte(Gesamt: 4036) sind aus ProtTask smul32_SIMD (Gesamt: 2114)  3946 Einträge vorhanden! (Der Prottask wurde aufgrund der Größe des AppTask 1 mal wiederholt!)
In AppTask testWithNopAndBitByte(Gesamt: 4036) sind aus ProtTask icompare (Gesamt: 2095)  3992 Einträge vorhanden! (Der Prottask wurde aufgrund der Größe des AppTask 1 mal wiederholt!)
In AppTask testWithNopAndBitByte(Gesamt: 4036) sind aus ProtTask dmul64_SIMD (Gesamt: 2114)  3946 Einträge vorhanden! (Der Prottask wurde aufgrund der Größe des AppTask 1 mal wiederholt!)
In AppTask testWithNopAndBitByte(Gesamt: 4036) sind aus ProtTask v1x4smul_SIMD (Gesamt: 2287)  3995 Einträge vorhanden! (Der Prottask wurde aufgrund der Größe des AppTask 1 mal wiederholt!)
In AppTask testWithNopAndBitByte(Gesamt: 4036) sind aus ProtTask imov (Gesamt: 1996)  4020 Einträge vorhanden! (Der Prottask wurde aufgrund der Größe des AppTask 2 mal wiederholt!)
In AppTask testWithNopAndBitByte(Gesamt: 4036) sind aus ProtTask nop (Gesamt: 1999)  4036 Einträge vorhanden! (Der Prottask wurde aufgrund der Größe des AppTask 2 mal wiederholt!)
In AppTask testWithNopAndBitByte(Gesamt: 4036) sind aus ProtTask branch (Gesamt: 1997)  4035 Einträge vorhanden! (Der Prottask wurde aufgrund der Größe des AppTask 2 mal wiederholt!)
In AppTask testWithNopAndBitByte(Gesamt: 4036) sind aus ProtTask shift (Gesamt: 1996)  4020 Einträge vorhanden! (Der Prottask wurde aufgrund der Größe des AppTask 2 mal wiederholt!)

Der ähnlichste ProttypTask für den AppTask testWithNopAndBitByte ist nop(4036.000000  Treffer)


AppTask combineimgs wird geprüft!
In AppTask combineimgs(Gesamt: 8295) sind aus ProtTask vconvert_SIMD (Gesamt: 2090)  5098 Einträge vorhanden! (Der Prottask wurde aufgrund der Größe des AppTask 3 mal wiederholt!)
In AppTask combineimgs(Gesamt: 8295) sind aus ProtTask ssub32_SIMD (Gesamt: 2114)  4846 Einträge vorhanden! (Der Prottask wurde aufgrund der Größe des AppTask 3 mal wiederholt!)
In AppTask combineimgs(Gesamt: 8295) sind aus ProtTask dmem64_SIMD (Gesamt: 2081)  5128 Einträge vorhanden! (Der Prottask wurde aufgrund der Größe des AppTask 3 mal wiederholt!)
In AppTask combineimgs(Gesamt: 8295) sind aus ProtTask smul32_SIMD (Gesamt: 2114)  4846 Einträge vorhanden! (Der Prottask wurde aufgrund der Größe des AppTask 3 mal wiederholt!)
In AppTask combineimgs(Gesamt: 8295) sind aus ProtTask icompare (Gesamt: 2095)  4928 Einträge vorhanden! (Der Prottask wurde aufgrund der Größe des AppTask 3 mal wiederholt!)
In AppTask combineimgs(Gesamt: 8295) sind aus ProtTask dsub64_SIMD (Gesamt: 2114)  4846 Einträge vorhanden! (Der Prottask wurde aufgrund der Größe des AppTask 3 mal wiederholt!)
In AppTask combineimgs(Gesamt: 8295) sind aus ProtTask dmem (Gesamt: 2091)  5042 Einträge vorhanden! (Der Prottask wurde aufgrund der Größe des AppTask 3 mal wiederholt!)
In AppTask combineimgs(Gesamt: 8295) sind aus ProtTask imem (Gesamt: 2080)  5014 Einträge vorhanden! (Der Prottask wurde aufgrund der Größe des AppTask 3 mal wiederholt!)
In AppTask combineimgs(Gesamt: 8295) sind aus ProtTask branch (Gesamt: 1997)  5631 Einträge vorhanden! (Der Prottask wurde aufgrund der Größe des AppTask 4 mal wiederholt!)
In AppTask combineimgs(Gesamt: 8295) sind aus ProtTask vmov_SIMD (Gesamt: 2157)  5332 Einträge vorhanden! (Der Prottask wurde aufgrund der Größe des AppTask 3 mal wiederholt!)
In AppTask combineimgs(Gesamt: 8295) sind aus ProtTask dmul64_SIMD (Gesamt: 2114)  4846 Einträge vorhanden! (Der Prottask wurde aufgrund der Größe des AppTask 3 mal wiederholt!)
In AppTask combineimgs(Gesamt: 8295) sind aus ProtTask iadd (Gesamt: 2039)  5884 Einträge vorhanden! (Der Prottask wurde aufgrund der Größe des AppTask 4 mal wiederholt!)
In AppTask combineimgs(Gesamt: 8295) sind aus ProtTask m4x4smul_SIMD (Gesamt: 2328)  5236 Einträge vorhanden! (Der Prottask wurde aufgrund der Größe des AppTask 3 mal wiederholt!)
In AppTask combineimgs(Gesamt: 8295) sind aus ProtTask nop (Gesamt: 1999)  5631 Einträge vorhanden! (Der Prottask wurde aufgrund der Größe des AppTask 4 mal wiederholt!)
In AppTask combineimgs(Gesamt: 8295) sind aus ProtTask shift (Gesamt: 1996)  5584 Einträge vorhanden! (Der Prottask wurde aufgrund der Größe des AppTask 4 mal wiederholt!)
In AppTask combineimgs(Gesamt: 8295) sind aus ProtTask v1x4smul_SIMD (Gesamt: 2287)  5062 Einträge vorhanden! (Der Prottask wurde aufgrund der Größe des AppTask 3 mal wiederholt!)
In AppTask combineimgs(Gesamt: 8295) sind aus ProtTask bitbyte (Gesamt: 2037)  5804 Einträge vorhanden! (Der Prottask wurde aufgrund der Größe des AppTask 4 mal wiederholt!)
In AppTask combineimgs(Gesamt: 8295) sind aus ProtTask imov (Gesamt: 1996)  5584 Einträge vorhanden! (Der Prottask wurde aufgrund der Größe des AppTask 4 mal wiederholt!)
In AppTask combineimgs(Gesamt: 8295) sind aus ProtTask m4x4smul (Gesamt: 1999)  5649 Einträge vorhanden! (Der Prottask wurde aufgrund der Größe des AppTask 4 mal wiederholt!)
In AppTask combineimgs(Gesamt: 8295) sind aus ProtTask logic (Gesamt: 2036)  5784 Einträge vorhanden! (Der Prottask wurde aufgrund der Größe des AppTask 4 mal wiederholt!)
In AppTask combineimgs(Gesamt: 8295) sind aus ProtTask imul (Gesamt: 2071)  5984 Einträge vorhanden! (Der Prottask wurde aufgrund der Größe des AppTask 4 mal wiederholt!)
In AppTask combineimgs(Gesamt: 8295) sind aus ProtTask dmul (Gesamt: 2062)  5584 Einträge vorhanden! (Der Prottask wurde aufgrund der Größe des AppTask 4 mal wiederholt!)
In AppTask combineimgs(Gesamt: 8295) sind aus ProtTask dadd (Gesamt: 2062)  5584 Einträge vorhanden! (Der Prottask wurde aufgrund der Größe des AppTask 4 mal wiederholt!)

Der ähnlichste ProttypTask für den AppTask combineimgs ist imul(5984.000000  Treffer)


AppTask sharpencontrast wird geprüft!
In AppTask sharpencontrast(Gesamt: 17599) sind aus ProtTask iadd (Gesamt: 2039)  10447 Einträge vorhanden! (Der Prottask wurde aufgrund der Größe des AppTask 8 mal wiederholt!)
In AppTask sharpencontrast(Gesamt: 17599) sind aus ProtTask bitbyte (Gesamt: 2037)  10303 Einträge vorhanden! (Der Prottask wurde aufgrund der Größe des AppTask 8 mal wiederholt!)
In AppTask sharpencontrast(Gesamt: 17599) sind aus ProtTask imul (Gesamt: 2071)  10657 Einträge vorhanden! (Der Prottask wurde aufgrund der Größe des AppTask 8 mal wiederholt!)
In AppTask sharpencontrast(Gesamt: 17599) sind aus ProtTask nop (Gesamt: 1999)  9970 Einträge vorhanden! (Der Prottask wurde aufgrund der Größe des AppTask 8 mal wiederholt!)
In AppTask sharpencontrast(Gesamt: 17599) sind aus ProtTask shift (Gesamt: 1996)  9907 Einträge vorhanden! (Der Prottask wurde aufgrund der Größe des AppTask 8 mal wiederholt!)
In AppTask sharpencontrast(Gesamt: 17599) sind aus ProtTask branch (Gesamt: 1997)  9970 Einträge vorhanden! (Der Prottask wurde aufgrund der Größe des AppTask 8 mal wiederholt!)
In AppTask sharpencontrast(Gesamt: 17599) sind aus ProtTask m4x4smul (Gesamt: 1999)  10024 Einträge vorhanden! (Der Prottask wurde aufgrund der Größe des AppTask 8 mal wiederholt!)
In AppTask sharpencontrast(Gesamt: 17599) sind aus ProtTask dadd (Gesamt: 2062)  9907 Einträge vorhanden! (Der Prottask wurde aufgrund der Größe des AppTask 8 mal wiederholt!)
In AppTask sharpencontrast(Gesamt: 17599) sind aus ProtTask imem (Gesamt: 2080)  10285 Einträge vorhanden! (Der Prottask wurde aufgrund der Größe des AppTask 8 mal wiederholt!)
In AppTask sharpencontrast(Gesamt: 17599) sind aus ProtTask imov (Gesamt: 1996)  9907 Einträge vorhanden! (Der Prottask wurde aufgrund der Größe des AppTask 8 mal wiederholt!)
In AppTask sharpencontrast(Gesamt: 17599) sind aus ProtTask dsub64_SIMD (Gesamt: 2114)  9907 Einträge vorhanden! (Der Prottask wurde aufgrund der Größe des AppTask 8 mal wiederholt!)
In AppTask sharpencontrast(Gesamt: 17599) sind aus ProtTask dmul (Gesamt: 2062)  9907 Einträge vorhanden! (Der Prottask wurde aufgrund der Größe des AppTask 8 mal wiederholt!)
In AppTask sharpencontrast(Gesamt: 17599) sind aus ProtTask logic (Gesamt: 2036)  10267 Einträge vorhanden! (Der Prottask wurde aufgrund der Größe des AppTask 8 mal wiederholt!)
In AppTask sharpencontrast(Gesamt: 17599) sind aus ProtTask m4x4smul_SIMD (Gesamt: 2328)  9915 Einträge vorhanden! (Der Prottask wurde aufgrund der Größe des AppTask 7 mal wiederholt!)
In AppTask sharpencontrast(Gesamt: 17599) sind aus ProtTask vmov_SIMD (Gesamt: 2157)  10996 Einträge vorhanden! (Der Prottask wurde aufgrund der Größe des AppTask 8 mal wiederholt!)
In AppTask sharpencontrast(Gesamt: 17599) sind aus ProtTask dmem64_SIMD (Gesamt: 2081)  10537 Einträge vorhanden! (Der Prottask wurde aufgrund der Größe des AppTask 8 mal wiederholt!)
In AppTask sharpencontrast(Gesamt: 17599) sind aus ProtTask v1x4smul_SIMD (Gesamt: 2287)  9571 Einträge vorhanden! (Der Prottask wurde aufgrund der Größe des AppTask 7 mal wiederholt!)
In AppTask sharpencontrast(Gesamt: 17599) sind aus ProtTask icompare (Gesamt: 2095)  10087 Einträge vorhanden! (Der Prottask wurde aufgrund der Größe des AppTask 8 mal wiederholt!)
In AppTask sharpencontrast(Gesamt: 17599) sind aus ProtTask dmem (Gesamt: 2091)  10348 Einträge vorhanden! (Der Prottask wurde aufgrund der Größe des AppTask 8 mal wiederholt!)
In AppTask sharpencontrast(Gesamt: 17599) sind aus ProtTask ssub32_SIMD (Gesamt: 2114)  9907 Einträge vorhanden! (Der Prottask wurde aufgrund der Größe des AppTask 8 mal wiederholt!)
In AppTask sharpencontrast(Gesamt: 17599) sind aus ProtTask dmul64_SIMD (Gesamt: 2114)  9907 Einträge vorhanden! (Der Prottask wurde aufgrund der Größe des AppTask 8 mal wiederholt!)
In AppTask sharpencontrast(Gesamt: 17599) sind aus ProtTask vconvert_SIMD (Gesamt: 2090)  10474 Einträge vorhanden! (Der Prottask wurde aufgrund der Größe des AppTask 8 mal wiederholt!)
In AppTask sharpencontrast(Gesamt: 17599) sind aus ProtTask smul32_SIMD (Gesamt: 2114)  9907 Einträge vorhanden! (Der Prottask wurde aufgrund der Größe des AppTask 8 mal wiederholt!)

Der ähnlichste ProttypTask für den AppTask sharpencontrast ist vmov_SIMD(10996.000000  Treffer)


AppTask loadimage wird geprüft!
In AppTask loadimage(Gesamt: 35140) sind aus ProtTask dmem (Gesamt: 2091)  18841 Einträge vorhanden! (Der Prottask wurde aufgrund der Größe des AppTask 16 mal wiederholt!)
In AppTask loadimage(Gesamt: 35140) sind aus ProtTask imem (Gesamt: 2080)  18771 Einträge vorhanden! (Der Prottask wurde aufgrund der Größe des AppTask 16 mal wiederholt!)
In AppTask loadimage(Gesamt: 35140) sind aus ProtTask shift (Gesamt: 1996)  18590 Einträge vorhanden! (Der Prottask wurde aufgrund der Größe des AppTask 17 mal wiederholt!)
In AppTask loadimage(Gesamt: 35140) sind aus ProtTask dmem64_SIMD (Gesamt: 2081)  18688 Einträge vorhanden! (Der Prottask wurde aufgrund der Größe des AppTask 16 mal wiederholt!)
In AppTask loadimage(Gesamt: 35140) sind aus ProtTask imul (Gesamt: 2071)  18652 Einträge vorhanden! (Der Prottask wurde aufgrund der Größe des AppTask 16 mal wiederholt!)
In AppTask loadimage(Gesamt: 35140) sind aus ProtTask m4x4smul (Gesamt: 1999)  18826 Einträge vorhanden! (Der Prottask wurde aufgrund der Größe des AppTask 17 mal wiederholt!)
In AppTask loadimage(Gesamt: 35140) sind aus ProtTask icompare (Gesamt: 2095)  18224 Einträge vorhanden! (Der Prottask wurde aufgrund der Größe des AppTask 16 mal wiederholt!)
In AppTask loadimage(Gesamt: 35140) sind aus ProtTask dmul64_SIMD (Gesamt: 2114)  17734 Einträge vorhanden! (Der Prottask wurde aufgrund der Größe des AppTask 16 mal wiederholt!)
In AppTask loadimage(Gesamt: 35140) sind aus ProtTask ssub32_SIMD (Gesamt: 2114)  17734 Einträge vorhanden! (Der Prottask wurde aufgrund der Größe des AppTask 16 mal wiederholt!)
In AppTask loadimage(Gesamt: 35140) sind aus ProtTask vconvert_SIMD (Gesamt: 2090)  18822 Einträge vorhanden! (Der Prottask wurde aufgrund der Größe des AppTask 16 mal wiederholt!)
In AppTask loadimage(Gesamt: 35140) sind aus ProtTask imov (Gesamt: 1996)  18590 Einträge vorhanden! (Der Prottask wurde aufgrund der Größe des AppTask 17 mal wiederholt!)
In AppTask loadimage(Gesamt: 35140) sind aus ProtTask v1x4smul_SIMD (Gesamt: 2287)  17582 Einträge vorhanden! (Der Prottask wurde aufgrund der Größe des AppTask 15 mal wiederholt!)
In AppTask loadimage(Gesamt: 35140) sind aus ProtTask vmov_SIMD (Gesamt: 2157)  19451 Einträge vorhanden! (Der Prottask wurde aufgrund der Größe des AppTask 16 mal wiederholt!)
In AppTask loadimage(Gesamt: 35140) sind aus ProtTask branch (Gesamt: 1997)  18590 Einträge vorhanden! (Der Prottask wurde aufgrund der Größe des AppTask 17 mal wiederholt!)
In AppTask loadimage(Gesamt: 35140) sind aus ProtTask nop (Gesamt: 1999)  18572 Einträge vorhanden! (Der Prottask wurde aufgrund der Größe des AppTask 17 mal wiederholt!)
In AppTask loadimage(Gesamt: 35140) sind aus ProtTask logic (Gesamt: 2036)  19310 Einträge vorhanden! (Der Prottask wurde aufgrund der Größe des AppTask 17 mal wiederholt!)
In AppTask loadimage(Gesamt: 35140) sind aus ProtTask smul32_SIMD (Gesamt: 2114)  17734 Einträge vorhanden! (Der Prottask wurde aufgrund der Größe des AppTask 16 mal wiederholt!)
In AppTask loadimage(Gesamt: 35140) sind aus ProtTask dsub64_SIMD (Gesamt: 2114)  17734 Einträge vorhanden! (Der Prottask wurde aufgrund der Größe des AppTask 16 mal wiederholt!)
In AppTask loadimage(Gesamt: 35140) sind aus ProtTask bitbyte (Gesamt: 2037)  19382 Einträge vorhanden! (Der Prottask wurde aufgrund der Größe des AppTask 17 mal wiederholt!)
In AppTask loadimage(Gesamt: 35140) sind aus ProtTask dmul (Gesamt: 2062)  18590 Einträge vorhanden! (Der Prottask wurde aufgrund der Größe des AppTask 17 mal wiederholt!)
In AppTask loadimage(Gesamt: 35140) sind aus ProtTask iadd (Gesamt: 2039)  19310 Einträge vorhanden! (Der Prottask wurde aufgrund der Größe des AppTask 17 mal wiederholt!)
In AppTask loadimage(Gesamt: 35140) sind aus ProtTask dadd (Gesamt: 2062)  18590 Einträge vorhanden! (Der Prottask wurde aufgrund der Größe des AppTask 17 mal wiederholt!)
In AppTask loadimage(Gesamt: 35140) sind aus ProtTask m4x4smul_SIMD (Gesamt: 2328)  18000 Einträge vorhanden! (Der Prottask wurde aufgrund der Größe des AppTask 15 mal wiederholt!)

Der ähnlichste ProttypTask für den AppTask loadimage ist vmov_SIMD(19451.000000  Treffer)


AppTask sobelh wird geprüft!
In AppTask sobelh(Gesamt: 17432) sind aus ProtTask m4x4smul (Gesamt: 1999)  10120 Einträge vorhanden! (Der Prottask wurde aufgrund der Größe des AppTask 8 mal wiederholt!)
In AppTask sobelh(Gesamt: 17432) sind aus ProtTask branch (Gesamt: 1997)  9994 Einträge vorhanden! (Der Prottask wurde aufgrund der Größe des AppTask 8 mal wiederholt!)
In AppTask sobelh(Gesamt: 17432) sind aus ProtTask shift (Gesamt: 1996)  9967 Einträge vorhanden! (Der Prottask wurde aufgrund der Größe des AppTask 8 mal wiederholt!)
In AppTask sobelh(Gesamt: 17432) sind aus ProtTask imul (Gesamt: 2071)  10696 Einträge vorhanden! (Der Prottask wurde aufgrund der Größe des AppTask 8 mal wiederholt!)
In AppTask sobelh(Gesamt: 17432) sind aus ProtTask bitbyte (Gesamt: 2037)  10372 Einträge vorhanden! (Der Prottask wurde aufgrund der Größe des AppTask 8 mal wiederholt!)
In AppTask sobelh(Gesamt: 17432) sind aus ProtTask imov (Gesamt: 1996)  9967 Einträge vorhanden! (Der Prottask wurde aufgrund der Größe des AppTask 8 mal wiederholt!)
In AppTask sobelh(Gesamt: 17432) sind aus ProtTask iadd (Gesamt: 2039)  10516 Einträge vorhanden! (Der Prottask wurde aufgrund der Größe des AppTask 8 mal wiederholt!)
In AppTask sobelh(Gesamt: 17432) sind aus ProtTask nop (Gesamt: 1999)  9994 Einträge vorhanden! (Der Prottask wurde aufgrund der Größe des AppTask 8 mal wiederholt!)
In AppTask sobelh(Gesamt: 17432) sind aus ProtTask dmul (Gesamt: 2062)  10031 Einträge vorhanden! (Der Prottask wurde aufgrund der Größe des AppTask 8 mal wiederholt!)
In AppTask sobelh(Gesamt: 17432) sind aus ProtTask dmul64_SIMD (Gesamt: 2114)  9967 Einträge vorhanden! (Der Prottask wurde aufgrund der Größe des AppTask 8 mal wiederholt!)
In AppTask sobelh(Gesamt: 17432) sind aus ProtTask vmov_SIMD (Gesamt: 2157)  11245 Einträge vorhanden! (Der Prottask wurde aufgrund der Größe des AppTask 8 mal wiederholt!)
In AppTask sobelh(Gesamt: 17432) sind aus ProtTask logic (Gesamt: 2036)  10327 Einträge vorhanden! (Der Prottask wurde aufgrund der Größe des AppTask 8 mal wiederholt!)
In AppTask sobelh(Gesamt: 17432) sind aus ProtTask imem (Gesamt: 2080)  10683 Einträge vorhanden! (Der Prottask wurde aufgrund der Größe des AppTask 8 mal wiederholt!)
In AppTask sobelh(Gesamt: 17432) sind aus ProtTask m4x4smul_SIMD (Gesamt: 2328)  10027 Einträge vorhanden! (Der Prottask wurde aufgrund der Größe des AppTask 7 mal wiederholt!)
In AppTask sobelh(Gesamt: 17432) sind aus ProtTask dmem64_SIMD (Gesamt: 2081)  10696 Einträge vorhanden! (Der Prottask wurde aufgrund der Größe des AppTask 8 mal wiederholt!)
In AppTask sobelh(Gesamt: 17432) sind aus ProtTask dadd (Gesamt: 2062)  9976 Einträge vorhanden! (Der Prottask wurde aufgrund der Größe des AppTask 8 mal wiederholt!)
In AppTask sobelh(Gesamt: 17432) sind aus ProtTask icompare (Gesamt: 2095)  10156 Einträge vorhanden! (Der Prottask wurde aufgrund der Größe des AppTask 8 mal wiederholt!)
In AppTask sobelh(Gesamt: 17432) sind aus ProtTask dsub64_SIMD (Gesamt: 2114)  9967 Einträge vorhanden! (Der Prottask wurde aufgrund der Größe des AppTask 8 mal wiederholt!)
In AppTask sobelh(Gesamt: 17432) sind aus ProtTask vconvert_SIMD (Gesamt: 2090)  10552 Einträge vorhanden! (Der Prottask wurde aufgrund der Größe des AppTask 8 mal wiederholt!)
In AppTask sobelh(Gesamt: 17432) sind aus ProtTask ssub32_SIMD (Gesamt: 2114)  9967 Einträge vorhanden! (Der Prottask wurde aufgrund der Größe des AppTask 8 mal wiederholt!)
In AppTask sobelh(Gesamt: 17432) sind aus ProtTask v1x4smul_SIMD (Gesamt: 2287)  9595 Einträge vorhanden! (Der Prottask wurde aufgrund der Größe des AppTask 7 mal wiederholt!)
In AppTask sobelh(Gesamt: 17432) sind aus ProtTask dmem (Gesamt: 2091)  10746 Einträge vorhanden! (Der Prottask wurde aufgrund der Größe des AppTask 8 mal wiederholt!)
In AppTask sobelh(Gesamt: 17432) sind aus ProtTask smul32_SIMD (Gesamt: 2114)  9967 Einträge vorhanden! (Der Prottask wurde aufgrund der Größe des AppTask 8 mal wiederholt!)

Der ähnlichste ProttypTask für den AppTask sobelh ist vmov_SIMD(11245.000000  Treffer)


AppTask writeimage wird geprüft!
In AppTask writeimage(Gesamt: 5340) sind aus ProtTask m4x4smul (Gesamt: 1999)  5045 Einträge vorhanden! (Der Prottask wurde aufgrund der Größe des AppTask 2 mal wiederholt!)
In AppTask writeimage(Gesamt: 5340) sind aus ProtTask imul (Gesamt: 2071)  5028 Einträge vorhanden! (Der Prottask wurde aufgrund der Größe des AppTask 2 mal wiederholt!)
In AppTask writeimage(Gesamt: 5340) sind aus ProtTask imem (Gesamt: 2080)  5033 Einträge vorhanden! (Der Prottask wurde aufgrund der Größe des AppTask 2 mal wiederholt!)
In AppTask writeimage(Gesamt: 5340) sind aus ProtTask dmul64_SIMD (Gesamt: 2114)  5018 Einträge vorhanden! (Der Prottask wurde aufgrund der Größe des AppTask 2 mal wiederholt!)
In AppTask writeimage(Gesamt: 5340) sind aus ProtTask dmem64_SIMD (Gesamt: 2081)  5040 Einträge vorhanden! (Der Prottask wurde aufgrund der Größe des AppTask 2 mal wiederholt!)
In AppTask writeimage(Gesamt: 5340) sind aus ProtTask shift (Gesamt: 1996)  5031 Einträge vorhanden! (Der Prottask wurde aufgrund der Größe des AppTask 2 mal wiederholt!)
In AppTask writeimage(Gesamt: 5340) sind aus ProtTask ssub32_SIMD (Gesamt: 2114)  5018 Einträge vorhanden! (Der Prottask wurde aufgrund der Größe des AppTask 2 mal wiederholt!)
In AppTask writeimage(Gesamt: 5340) sind aus ProtTask branch (Gesamt: 1997)  5020 Einträge vorhanden! (Der Prottask wurde aufgrund der Größe des AppTask 2 mal wiederholt!)
In AppTask writeimage(Gesamt: 5340) sind aus ProtTask nop (Gesamt: 1999)  5022 Einträge vorhanden! (Der Prottask wurde aufgrund der Größe des AppTask 2 mal wiederholt!)
In AppTask writeimage(Gesamt: 5340) sind aus ProtTask imov (Gesamt: 1996)  5020 Einträge vorhanden! (Der Prottask wurde aufgrund der Größe des AppTask 2 mal wiederholt!)
In AppTask writeimage(Gesamt: 5340) sind aus ProtTask logic (Gesamt: 2036)  5035 Einträge vorhanden! (Der Prottask wurde aufgrund der Größe des AppTask 2 mal wiederholt!)
In AppTask writeimage(Gesamt: 5340) sind aus ProtTask iadd (Gesamt: 2039)  5022 Einträge vorhanden! (Der Prottask wurde aufgrund der Größe des AppTask 2 mal wiederholt!)
In AppTask writeimage(Gesamt: 5340) sind aus ProtTask dadd (Gesamt: 2062)  5022 Einträge vorhanden! (Der Prottask wurde aufgrund der Größe des AppTask 2 mal wiederholt!)
In AppTask writeimage(Gesamt: 5340) sind aus ProtTask bitbyte (Gesamt: 2037)  5022 Einträge vorhanden! (Der Prottask wurde aufgrund der Größe des AppTask 2 mal wiederholt!)
In AppTask writeimage(Gesamt: 5340) sind aus ProtTask smul32_SIMD (Gesamt: 2114)  5018 Einträge vorhanden! (Der Prottask wurde aufgrund der Größe des AppTask 2 mal wiederholt!)
In AppTask writeimage(Gesamt: 5340) sind aus ProtTask dmul (Gesamt: 2062)  5022 Einträge vorhanden! (Der Prottask wurde aufgrund der Größe des AppTask 2 mal wiederholt!)
In AppTask writeimage(Gesamt: 5340) sind aus ProtTask v1x4smul_SIMD (Gesamt: 2287)  5032 Einträge vorhanden! (Der Prottask wurde aufgrund der Größe des AppTask 2 mal wiederholt!)
In AppTask writeimage(Gesamt: 5340) sind aus ProtTask dmem (Gesamt: 2091)  5042 Einträge vorhanden! (Der Prottask wurde aufgrund der Größe des AppTask 2 mal wiederholt!)
In AppTask writeimage(Gesamt: 5340) sind aus ProtTask vconvert_SIMD (Gesamt: 2090)  5026 Einträge vorhanden! (Der Prottask wurde aufgrund der Größe des AppTask 2 mal wiederholt!)
In AppTask writeimage(Gesamt: 5340) sind aus ProtTask icompare (Gesamt: 2095)  5022 Einträge vorhanden! (Der Prottask wurde aufgrund der Größe des AppTask 2 mal wiederholt!)
In AppTask writeimage(Gesamt: 5340) sind aus ProtTask dsub64_SIMD (Gesamt: 2114)  5018 Einträge vorhanden! (Der Prottask wurde aufgrund der Größe des AppTask 2 mal wiederholt!)
In AppTask writeimage(Gesamt: 5340) sind aus ProtTask vmov_SIMD (Gesamt: 2157)  5029 Einträge vorhanden! (Der Prottask wurde aufgrund der Größe des AppTask 2 mal wiederholt!)
In AppTask writeimage(Gesamt: 5340) sind aus ProtTask m4x4smul_SIMD (Gesamt: 2328)  5040 Einträge vorhanden! (Der Prottask wurde aufgrund der Größe des AppTask 2 mal wiederholt!)

Der ähnlichste ProttypTask für den AppTask writeimage ist m4x4smul(5045.000000  Treffer)


AppTask greyscale wird geprüft!
In AppTask greyscale(Gesamt: 18296) sind aus ProtTask logic (Gesamt: 2036)  9532 Einträge vorhanden! (Der Prottask wurde aufgrund der Größe des AppTask 8 mal wiederholt!)
In AppTask greyscale(Gesamt: 18296) sind aus ProtTask vconvert_SIMD (Gesamt: 2090)  9748 Einträge vorhanden! (Der Prottask wurde aufgrund der Größe des AppTask 8 mal wiederholt!)
In AppTask greyscale(Gesamt: 18296) sind aus ProtTask iadd (Gesamt: 2039)  9721 Einträge vorhanden! (Der Prottask wurde aufgrund der Größe des AppTask 8 mal wiederholt!)
In AppTask greyscale(Gesamt: 18296) sind aus ProtTask dmem (Gesamt: 2091)  9802 Einträge vorhanden! (Der Prottask wurde aufgrund der Größe des AppTask 8 mal wiederholt!)
In AppTask greyscale(Gesamt: 18296) sind aus ProtTask imul (Gesamt: 2071)  9901 Einträge vorhanden! (Der Prottask wurde aufgrund der Größe des AppTask 8 mal wiederholt!)
In AppTask greyscale(Gesamt: 18296) sind aus ProtTask dadd (Gesamt: 2062)  9634 Einträge vorhanden! (Der Prottask wurde aufgrund der Größe des AppTask 8 mal wiederholt!)
In AppTask greyscale(Gesamt: 18296) sind aus ProtTask dmul (Gesamt: 2062)  9634 Einträge vorhanden! (Der Prottask wurde aufgrund der Größe des AppTask 8 mal wiederholt!)
In AppTask greyscale(Gesamt: 18296) sind aus ProtTask dmem64_SIMD (Gesamt: 2081)  9811 Einträge vorhanden! (Der Prottask wurde aufgrund der Größe des AppTask 8 mal wiederholt!)
In AppTask greyscale(Gesamt: 18296) sind aus ProtTask icompare (Gesamt: 2095)  9361 Einträge vorhanden! (Der Prottask wurde aufgrund der Größe des AppTask 8 mal wiederholt!)
In AppTask greyscale(Gesamt: 18296) sind aus ProtTask vmov_SIMD (Gesamt: 2157)  10270 Einträge vorhanden! (Der Prottask wurde aufgrund der Größe des AppTask 8 mal wiederholt!)
In AppTask greyscale(Gesamt: 18296) sind aus ProtTask v1x4smul_SIMD (Gesamt: 2287)  8882 Einträge vorhanden! (Der Prottask wurde aufgrund der Größe des AppTask 8 mal wiederholt!)
In AppTask greyscale(Gesamt: 18296) sind aus ProtTask bitbyte (Gesamt: 2037)  9577 Einträge vorhanden! (Der Prottask wurde aufgrund der Größe des AppTask 8 mal wiederholt!)
In AppTask greyscale(Gesamt: 18296) sind aus ProtTask smul32_SIMD (Gesamt: 2114)  9172 Einträge vorhanden! (Der Prottask wurde aufgrund der Größe des AppTask 8 mal wiederholt!)
In AppTask greyscale(Gesamt: 18296) sind aus ProtTask m4x4smul_SIMD (Gesamt: 2328)  9226 Einträge vorhanden! (Der Prottask wurde aufgrund der Größe des AppTask 7 mal wiederholt!)
In AppTask greyscale(Gesamt: 18296) sind aus ProtTask imem (Gesamt: 2080)  9559 Einträge vorhanden! (Der Prottask wurde aufgrund der Größe des AppTask 8 mal wiederholt!)
In AppTask greyscale(Gesamt: 18296) sind aus ProtTask nop (Gesamt: 1999)  9882 Einträge vorhanden! (Der Prottask wurde aufgrund der Größe des AppTask 9 mal wiederholt!)
In AppTask greyscale(Gesamt: 18296) sind aus ProtTask dsub64_SIMD (Gesamt: 2114)  9172 Einträge vorhanden! (Der Prottask wurde aufgrund der Größe des AppTask 8 mal wiederholt!)
In AppTask greyscale(Gesamt: 18296) sind aus ProtTask m4x4smul (Gesamt: 1999)  9964 Einträge vorhanden! (Der Prottask wurde aufgrund der Größe des AppTask 9 mal wiederholt!)
In AppTask greyscale(Gesamt: 18296) sind aus ProtTask ssub32_SIMD (Gesamt: 2114)  9172 Einträge vorhanden! (Der Prottask wurde aufgrund der Größe des AppTask 8 mal wiederholt!)
In AppTask greyscale(Gesamt: 18296) sind aus ProtTask dmul64_SIMD (Gesamt: 2114)  9172 Einträge vorhanden! (Der Prottask wurde aufgrund der Größe des AppTask 8 mal wiederholt!)
In AppTask greyscale(Gesamt: 18296) sind aus ProtTask imov (Gesamt: 1996)  9824 Einträge vorhanden! (Der Prottask wurde aufgrund der Größe des AppTask 9 mal wiederholt!)
In AppTask greyscale(Gesamt: 18296) sind aus ProtTask branch (Gesamt: 1997)  9882 Einträge vorhanden! (Der Prottask wurde aufgrund der Größe des AppTask 9 mal wiederholt!)
In AppTask greyscale(Gesamt: 18296) sind aus ProtTask shift (Gesamt: 1996)  9824 Einträge vorhanden! (Der Prottask wurde aufgrund der Größe des AppTask 9 mal wiederholt!)

Der ähnlichste ProttypTask für den AppTask greyscale ist vmov_SIMD(10270.000000  Treffer)


AppTask testWithNop wird geprüft!
In AppTask testWithNop(Gesamt: 1999) sind aus ProtTask ssub32_SIMD (Gesamt: 2114)  1972 Einträge vorhanden! (Der Prottask wurde aufgrund der Größe des AppTask 0 mal wiederholt!)
In AppTask testWithNop(Gesamt: 1999) sind aus ProtTask bitbyte (Gesamt: 2037)  1975 Einträge vorhanden! (Der Prottask wurde aufgrund der Größe des AppTask 0 mal wiederholt!)
In AppTask testWithNop(Gesamt: 1999) sind aus ProtTask nop (Gesamt: 1999)  1999 Einträge vorhanden! (Der Prottask wurde aufgrund der Größe des AppTask 1 mal wiederholt!)
In AppTask testWithNop(Gesamt: 1999) sind aus ProtTask dadd (Gesamt: 2062)  1975 Einträge vorhanden! (Der Prottask wurde aufgrund der Größe des AppTask 0 mal wiederholt!)
In AppTask testWithNop(Gesamt: 1999) sind aus ProtTask icompare (Gesamt: 2095)  1976 Einträge vorhanden! (Der Prottask wurde aufgrund der Größe des AppTask 0 mal wiederholt!)
In AppTask testWithNop(Gesamt: 1999) sind aus ProtTask imem (Gesamt: 2080)  1976 Einträge vorhanden! (Der Prottask wurde aufgrund der Größe des AppTask 0 mal wiederholt!)
In AppTask testWithNop(Gesamt: 1999) sind aus ProtTask vconvert_SIMD (Gesamt: 2090)  1973 Einträge vorhanden! (Der Prottask wurde aufgrund der Größe des AppTask 0 mal wiederholt!)
In AppTask testWithNop(Gesamt: 1999) sind aus ProtTask dmem (Gesamt: 2091)  1975 Einträge vorhanden! (Der Prottask wurde aufgrund der Größe des AppTask 0 mal wiederholt!)
In AppTask testWithNop(Gesamt: 1999) sind aus ProtTask dsub64_SIMD (Gesamt: 2114)  1972 Einträge vorhanden! (Der Prottask wurde aufgrund der Größe des AppTask 0 mal wiederholt!)
In AppTask testWithNop(Gesamt: 1999) sind aus ProtTask m4x4smul (Gesamt: 1999)  1974 Einträge vorhanden! (Der Prottask wurde aufgrund der Größe des AppTask 1 mal wiederholt!)
In AppTask testWithNop(Gesamt: 1999) sind aus ProtTask logic (Gesamt: 2036)  1976 Einträge vorhanden! (Der Prottask wurde aufgrund der Größe des AppTask 0 mal wiederholt!)
In AppTask testWithNop(Gesamt: 1999) sind aus ProtTask dmul (Gesamt: 2062)  1975 Einträge vorhanden! (Der Prottask wurde aufgrund der Größe des AppTask 0 mal wiederholt!)
In AppTask testWithNop(Gesamt: 1999) sind aus ProtTask imul (Gesamt: 2071)  1975 Einträge vorhanden! (Der Prottask wurde aufgrund der Größe des AppTask 0 mal wiederholt!)
In AppTask testWithNop(Gesamt: 1999) sind aus ProtTask v1x4smul_SIMD (Gesamt: 2287)  1977 Einträge vorhanden! (Der Prottask wurde aufgrund der Größe des AppTask 0 mal wiederholt!)
In AppTask testWithNop(Gesamt: 1999) sind aus ProtTask smul32_SIMD (Gesamt: 2114)  1972 Einträge vorhanden! (Der Prottask wurde aufgrund der Größe des AppTask 0 mal wiederholt!)
In AppTask testWithNop(Gesamt: 1999) sind aus ProtTask iadd (Gesamt: 2039)  1975 Einträge vorhanden! (Der Prottask wurde aufgrund der Größe des AppTask 0 mal wiederholt!)
In AppTask testWithNop(Gesamt: 1999) sind aus ProtTask m4x4smul_SIMD (Gesamt: 2328)  1976 Einträge vorhanden! (Der Prottask wurde aufgrund der Größe des AppTask 0 mal wiederholt!)
In AppTask testWithNop(Gesamt: 1999) sind aus ProtTask dmem64_SIMD (Gesamt: 2081)  1972 Einträge vorhanden! (Der Prottask wurde aufgrund der Größe des AppTask 0 mal wiederholt!)
In AppTask testWithNop(Gesamt: 1999) sind aus ProtTask dmul64_SIMD (Gesamt: 2114)  1972 Einträge vorhanden! (Der Prottask wurde aufgrund der Größe des AppTask 0 mal wiederholt!)
In AppTask testWithNop(Gesamt: 1999) sind aus ProtTask vmov_SIMD (Gesamt: 2157)  1972 Einträge vorhanden! (Der Prottask wurde aufgrund der Größe des AppTask 0 mal wiederholt!)
In AppTask testWithNop(Gesamt: 1999) sind aus ProtTask imov (Gesamt: 1996)  1983 Einträge vorhanden! (Der Prottask wurde aufgrund der Größe des AppTask 1 mal wiederholt!)
In AppTask testWithNop(Gesamt: 1999) sind aus ProtTask branch (Gesamt: 1997)  1998 Einträge vorhanden! (Der Prottask wurde aufgrund der Größe des AppTask 1 mal wiederholt!)
In AppTask testWithNop(Gesamt: 1999) sind aus ProtTask shift (Gesamt: 1996)  1983 Einträge vorhanden! (Der Prottask wurde aufgrund der Größe des AppTask 1 mal wiederholt!)

Der ähnlichste ProttypTask für den AppTask testWithNop ist nop(1999.000000  Treffer)

