Im Tasktyp nop sind insgesamt 183 Kombinationen eindeutig,  nicht eindeutig sind: 922
Im Tasktyp vconvert_SIMD sind insgesamt 173 Kombinationen eindeutig,  nicht eindeutig sind: 903
Im Tasktyp imov sind insgesamt 150 Kombinationen eindeutig,  nicht eindeutig sind: 1011
Im Tasktyp imem sind insgesamt 169 Kombinationen eindeutig,  nicht eindeutig sind: 946
Im Tasktyp icompare sind insgesamt 150 Kombinationen eindeutig,  nicht eindeutig sind: 1011
Im Tasktyp branch sind insgesamt 150 Kombinationen eindeutig,  nicht eindeutig sind: 1011
Im Tasktyp bitbyte sind insgesamt 150 Kombinationen eindeutig,  nicht eindeutig sind: 1011
Im Tasktyp v1x4smul_SIMD sind insgesamt 180 Kombinationen eindeutig,  nicht eindeutig sind: 900
Im Tasktyp dmem sind insgesamt 154 Kombinationen eindeutig,  nicht eindeutig sind: 1022
Im Tasktyp dsub64_SIMD sind insgesamt 156 Kombinationen eindeutig,  nicht eindeutig sind: 1010
Im Tasktyp dadd sind insgesamt 152 Kombinationen eindeutig,  nicht eindeutig sind: 937
Im Tasktyp m4x4smul_SIMD sind insgesamt 179 Kombinationen eindeutig,  nicht eindeutig sind: 933
Im Tasktyp dmul64_SIMD sind insgesamt 156 Kombinationen eindeutig,  nicht eindeutig sind: 1010
Im Tasktyp dmul sind insgesamt 152 Kombinationen eindeutig,  nicht eindeutig sind: 937
Im Tasktyp m4x4smul sind insgesamt 179 Kombinationen eindeutig,  nicht eindeutig sind: 924
Im Tasktyp iadd sind insgesamt 142 Kombinationen eindeutig,  nicht eindeutig sind: 985
Im Tasktyp logic sind insgesamt 152 Kombinationen eindeutig,  nicht eindeutig sind: 1011
Im Tasktyp imul sind insgesamt 142 Kombinationen eindeutig,  nicht eindeutig sind: 985
Im Tasktyp dmem64_SIMD sind insgesamt 172 Kombinationen eindeutig,  nicht eindeutig sind: 917
Im Tasktyp ssub32_SIMD sind insgesamt 153 Kombinationen eindeutig,  nicht eindeutig sind: 1010
Im Tasktyp vmov_SIMD sind insgesamt 169 Kombinationen eindeutig,  nicht eindeutig sind: 909
Im Tasktyp smul32_SIMD sind insgesamt 153 Kombinationen eindeutig,  nicht eindeutig sind: 1010
Im Tasktyp shift sind insgesamt 162 Kombinationen eindeutig,  nicht eindeutig sind: 932
